======== /tmp/agentic-sift-evidence-mhmhnwjl/mnt/vol0/My Documents/ARCHIVE/Arj/AGENTS.TXT
File Name                       : AGENTS.TXT
File Type                       : TXT
======== /tmp/agentic-sift-evidence-mhmhnwjl/mnt/vol0/My Documents/ARCHIVE/Arj/ARJ.EXE
File Name                       : ARJ.EXE
File Type                       : DOS EXE
======== /tmp/agentic-sift-evidence-mhmhnwjl/mnt/vol0/My Documents/ARCHIVE/Arj/ARJ.TXT
File Name                       : ARJ.TXT
File Type                       : TXT
======== /tmp/agentic-sift-evidence-mhmhnwjl/mnt/vol0/My Documents/ARCHIVE/Arj/ARJSORT.TXT
File Name                       : ARJSORT.TXT
File Type                       : TXT
======== /tmp/agentic-sift-evidence-mhmhnwjl/mnt/vol0/My Documents/ARCHIVE/Arj/ARJTEST.EXE
File Name                       : ARJTEST.EXE
File Type                       : DOS EXE
======== /tmp/agentic-sift-evidence-mhmhnwjl/mnt/vol0/My Documents/ARCHIVE/Arj/ARJ_BBS.TXT
File Name                       : ARJ_BBS.TXT
File Type                       : TXT
======== /tmp/agentic-sift-evidence-mhmhnwjl/mnt/vol0/My Documents/ARCHIVE/Arj/CREDIT.TXT
File Name                       : CREDIT.TXT
File Type                       : TXT
======== /tmp/agentic-sift-evidence-mhmhnwjl/mnt/vol0/My Documents/ARCHIVE/Arj/DEARJ.EXE
File Name                       : DEARJ.EXE
File Type                       : DOS EXE
======== /tmp/agentic-sift-evidence-mhmhnwjl/mnt/vol0/My Documents/ARCHIVE/Arj/ERRORS.TXT
File Name                       : ERRORS.TXT
File Type                       : TXT
======== /tmp/agentic-sift-evidence-mhmhnwjl/mnt/vol0/My Documents/ARCHIVE/Arj/INTRO.TXT
File Name                       : INTRO.TXT
File Type                       : TXT
======== /tmp/agentic-sift-evidence-mhmhnwjl/mnt/vol0/My Documents/ARCHIVE/Arj/LICENSE.TXT
File Name                       : LICENSE.TXT
File Type                       : TXT
======== /tmp/agentic-sift-evidence-mhmhnwjl/mnt/vol0/My Documents/ARCHIVE/Arj/ORDERFRM.TXT
File Name                       : ORDERFRM.TXT
File Type                       : TXT
======== /tmp/agentic-sift-evidence-mhmhnwjl/mnt/vol0/My Documents/ARCHIVE/Arj/PUBKEY.TXT
File Name                       : PUBKEY.TXT
File Type                       : TXT
======== /tmp/agentic-sift-evidence-mhmhnwjl/mnt/vol0/My Documents/ARCHIVE/Arj/README.TXT
File Name                       : README.TXT
File Type                       : TXT
======== /tmp/agentic-sift-evidence-mhmhnwjl/mnt/vol0/My Documents/ARCHIVE/Arj/REARJ.EXE
File Name                       : REARJ.EXE
File Type                       : DOS EXE
======== /tmp/agentic-sift-evidence-mhmhnwjl/mnt/vol0/My Documents/ARCHIVE/Arj/REARJ.TXT
File Name                       : REARJ.TXT
File Type                       : TXT
======== /tmp/agentic-sift-evidence-mhmhnwjl/mnt/vol0/My Documents/ARCHIVE/Arj/REGISTER.EXE
File Name                       : REGISTER.EXE
File Type                       : DOS EXE
======== /tmp/agentic-sift-evidence-mhmhnwjl/mnt/vol0/My Documents/ARCHIVE/Arj/REGISTER.TXT
File Name                       : REGISTER.TXT
File Type                       : TXT
======== /tmp/agentic-sift-evidence-mhmhnwjl/mnt/vol0/My Documents/ARCHIVE/Arj/SFX.TXT
File Name                       : SFX.TXT
File Type                       : TXT
======== /tmp/agentic-sift-evidence-mhmhnwjl/mnt/vol0/My Documents/ARCHIVE/Arj/SYSOP.TXT
File Name                       : SYSOP.TXT
File Type                       : TXT
======== /tmp/agentic-sift-evidence-mhmhnwjl/mnt/vol0/My Documents/ARCHIVE/Arj/TECHNOTE.TXT
File Name                       : TECHNOTE.TXT
File Type                       : TXT
======== /tmp/agentic-sift-evidence-mhmhnwjl/mnt/vol0/My Documents/ARCHIVE/Arj/UPD260.TXT
File Name                       : UPD260.TXT
File Type                       : TXT
======== /tmp/agentic-sift-evidence-mhmhnwjl/mnt/vol0/My Documents/ARCHIVE/Arj/UPDATE.TXT
File Name                       : UPDATE.TXT
File Type                       : TXT
======== /tmp/agentic-sift-evidence-mhmhnwjl/mnt/vol0/My Documents/ARCHIVE/Arj/WHATSNEW.TXT
File Name                       : WHATSNEW.TXT
File Type                       : TXT
======== /tmp/agentic-sift-evidence-mhmhnwjl/mnt/vol0/My Documents/ARCHIVE/Arj/WHY_ARJ.TXT
File Name                       : WHY_ARJ.TXT
File Type                       : TXT
======== /tmp/agentic-sift-evidence-mhmhnwjl/mnt/vol0/My Documents/ARCHIVE/Arj/YEAR2000.TXT
File Name                       : YEAR2000.TXT
File Type                       : TXT
======== /tmp/agentic-sift-evidence-mhmhnwjl/mnt/vol0/My Documents/ARCHIVE/arj275a.exe
File Name                       : arj275a.exe
File Type                       : DOS EXE
======== /tmp/agentic-sift-evidence-mhmhnwjl/mnt/vol0/My Documents/ARCHIVE/pkz204g.exe
File Name                       : pkz204g.exe
File Type                       : DOS EXE
======== /tmp/agentic-sift-evidence-mhmhnwjl/mnt/vol0/My Documents/ARCHIVE/Pkzip/ADDENDUM.DOC
File Name                       : ADDENDUM.DOC
File Type                       : TXT
======== /tmp/agentic-sift-evidence-mhmhnwjl/mnt/vol0/My Documents/ARCHIVE/Pkzip/HINTS.TXT
File Name                       : HINTS.TXT
File Type                       : TXT
======== /tmp/agentic-sift-evidence-mhmhnwjl/mnt/vol0/My Documents/ARCHIVE/Pkzip/LICENSE.DOC
File Name                       : LICENSE.DOC
======== /tmp/agentic-sift-evidence-mhmhnwjl/mnt/vol0/My Documents/ARCHIVE/Pkzip/MANUAL.DOC
File Name                       : MANUAL.DOC
File Type                       : TXT
======== /tmp/agentic-sift-evidence-mhmhnwjl/mnt/vol0/My Documents/ARCHIVE/Pkzip/ORDER.DOC
File Name                       : ORDER.DOC
======== /tmp/agentic-sift-evidence-mhmhnwjl/mnt/vol0/My Documents/ARCHIVE/Pkzip/PKUNZIP.EXE
File Name                       : PKUNZIP.EXE
File Type                       : DOS EXE
======== /tmp/agentic-sift-evidence-mhmhnwjl/mnt/vol0/My Documents/ARCHIVE/Pkzip/PKZIP.EXE
File Name                       : PKZIP.EXE
File Type                       : DOS EXE
======== /tmp/agentic-sift-evidence-mhmhnwjl/mnt/vol0/My Documents/ARCHIVE/Pkzip/PKZIPFIX.EXE
File Name                       : PKZIPFIX.EXE
File Type                       : DOS EXE
======== /tmp/agentic-sift-evidence-mhmhnwjl/mnt/vol0/My Documents/ARCHIVE/Pkzip/README.DOC
File Name                       : README.DOC
File Type                       : TXT
======== /tmp/agentic-sift-evidence-mhmhnwjl/mnt/vol0/My Documents/ARCHIVE/Pkzip/SHAREWAR.DOC
File Name                       : SHAREWAR.DOC
======== /tmp/agentic-sift-evidence-mhmhnwjl/mnt/vol0/My Documents/ARCHIVE/Pkzip/ZIP2EXE.EXE
File Name                       : ZIP2EXE.EXE
File Type                       : DOS EXE
======== /tmp/agentic-sift-evidence-mhmhnwjl/mnt/vol0/My Documents/COMMANDS/ncreadme.txt
File Name                       : ncreadme.txt
File Type                       : TXT
======== /tmp/agentic-sift-evidence-mhmhnwjl/mnt/vol0/My Documents/COMMANDS/CMD.EXE
File Name                       : CMD.EXE
File Type                       : Win32 EXE
======== /tmp/agentic-sift-evidence-mhmhnwjl/mnt/vol0/My Documents/COMMANDS/crack.exe
File Name                       : crack.exe
File Type                       : Win32 EXE
======== /tmp/agentic-sift-evidence-mhmhnwjl/mnt/vol0/My Documents/COMMANDS/cygwin1.dll
File Name                       : cygwin1.dll
File Type                       : Win32 DLL
======== /tmp/agentic-sift-evidence-mhmhnwjl/mnt/vol0/My Documents/COMMANDS/cygwinb19.dll
File Name                       : cygwinb19.dll
File Type                       : Win32 DLL
======== /tmp/agentic-sift-evidence-mhmhnwjl/mnt/vol0/My Documents/COMMANDS/ELDUMP.EXE
File Name                       : ELDUMP.EXE
File Type                       : Win32 EXE
======== /tmp/agentic-sift-evidence-mhmhnwjl/mnt/vol0/My Documents/COMMANDS/ELSAVCLR.EXE
File Name                       : ELSAVCLR.EXE
File Type                       : Win32 EXE
======== /tmp/agentic-sift-evidence-mhmhnwjl/mnt/vol0/My Documents/COMMANDS/ELSAVE.EXE
File Name                       : ELSAVE.EXE
File Type                       : Win32 EXE
======== /tmp/agentic-sift-evidence-mhmhnwjl/mnt/vol0/My Documents/COMMANDS/enum.exe
File Name                       : enum.exe
File Type                       : Win32 EXE
======== /tmp/agentic-sift-evidence-mhmhnwjl/mnt/vol0/My Documents/COMMANDS/epdump.exe
File Name                       : epdump.exe
File Type                       : Win32 EXE
======== /tmp/agentic-sift-evidence-mhmhnwjl/mnt/vol0/My Documents/COMMANDS/epdump.txt
File Name                       : epdump.txt
File Type                       : TXT
======== /tmp/agentic-sift-evidence-mhmhnwjl/mnt/vol0/My Documents/COMMANDS/getpolicy.exe
File Name                       : getpolicy.exe
File Type                       : Win32 EXE
======== /tmp/agentic-sift-evidence-mhmhnwjl/mnt/vol0/My Documents/COMMANDS/GrindUI.exe
File Name                       : GrindUI.exe
======== /tmp/agentic-sift-evidence-mhmhnwjl/mnt/vol0/My Documents/COMMANDS/gsd.exe
File Name                       : gsd.exe
File Type                       : Win32 EXE
======== /tmp/agentic-sift-evidence-mhmhnwjl/mnt/vol0/My Documents/COMMANDS/NAT.EXE
File Name                       : NAT.EXE
File Type                       : Win32 EXE
======== /tmp/agentic-sift-evidence-mhmhnwjl/mnt/vol0/My Documents/COMMANDS/nbtdump.exe
File Name                       : nbtdump.exe
File Type                       : Win32 EXE
======== /tmp/agentic-sift-evidence-mhmhnwjl/mnt/vol0/My Documents/COMMANDS/nbtscan.exe
File Name                       : nbtscan.exe
File Type                       : Win32 EXE
======== /tmp/agentic-sift-evidence-mhmhnwjl/mnt/vol0/My Documents/COMMANDS/nc.exe
File Name                       : nc.exe
File Type                       : Win32 EXE
======== /tmp/agentic-sift-evidence-mhmhnwjl/mnt/vol0/My Documents/COMMANDS/NETVIEWX.EXE
File Name                       : NETVIEWX.EXE
File Type                       : Win32 EXE
======== /tmp/agentic-sift-evidence-mhmhnwjl/mnt/vol0/My Documents/COMMANDS/nmapNT.exe
File Name                       : nmapNT.exe
File Type                       : Win32 EXE
======== /tmp/agentic-sift-evidence-mhmhnwjl/mnt/vol0/My Documents/COMMANDS/NTpasslist.txt
File Name                       : NTpasslist.txt
File Type                       : TXT
======== /tmp/agentic-sift-evidence-mhmhnwjl/mnt/vol0/My Documents/COMMANDS/NTuserlist.txt
File Name                       : NTuserlist.txt
File Type                       : TXT
======== /tmp/agentic-sift-evidence-mhmhnwjl/mnt/vol0/My Documents/COMMANDS/PASSLIST.TXT
File Name                       : PASSLIST.TXT
File Type                       : TXT
======== /tmp/agentic-sift-evidence-mhmhnwjl/mnt/vol0/My Documents/COMMANDS/pwdump.exe
File Name                       : pwdump.exe
File Type                       : Win32 EXE
======== /tmp/agentic-sift-evidence-mhmhnwjl/mnt/vol0/My Documents/COMMANDS/pwdump2.exe
File Name                       : pwdump2.exe
File Type                       : Win32 EXE
======== /tmp/agentic-sift-evidence-mhmhnwjl/mnt/vol0/My Documents/COMMANDS/readme.txt
File Name                       : readme.txt
File Type                       : TXT
======== /tmp/agentic-sift-evidence-mhmhnwjl/mnt/vol0/My Documents/COMMANDS/SAMDUMP.EXE
File Name                       : SAMDUMP.EXE
File Type                       : Win32 EXE
======== /tmp/agentic-sift-evidence-mhmhnwjl/mnt/vol0/My Documents/COMMANDS/setowner.exe
File Name                       : setowner.exe
File Type                       : Win32 EXE
======== /tmp/agentic-sift-evidence-mhmhnwjl/mnt/vol0/My Documents/COMMANDS/sid2user.exe
File Name                       : sid2user.exe
File Type                       : Win32 EXE
======== /tmp/agentic-sift-evidence-mhmhnwjl/mnt/vol0/My Documents/COMMANDS/smbgrind.exe
File Name                       : smbgrind.exe
File Type                       : Win32 EXE
======== /tmp/agentic-sift-evidence-mhmhnwjl/mnt/vol0/My Documents/COMMANDS/snitch.exe
File Name                       : snitch.exe
File Type                       : Win32 EXE
======== /tmp/agentic-sift-evidence-mhmhnwjl/mnt/vol0/My Documents/COMMANDS/STREAMFIND.EXE
File Name                       : STREAMFIND.EXE
File Type                       : Win32 EXE
======== /tmp/agentic-sift-evidence-mhmhnwjl/mnt/vol0/My Documents/COMMANDS/user2sid.exe
File Name                       : user2sid.exe
File Type                       : Win32 EXE
======== /tmp/agentic-sift-evidence-mhmhnwjl/mnt/vol0/My Documents/COMMANDS/USERLIST.TXT
File Name                       : USERLIST.TXT
File Type                       : TXT
======== /tmp/agentic-sift-evidence-mhmhnwjl/mnt/vol0/My Documents/COMMANDS/webscan.exe
File Name                       : webscan.exe
File Type                       : Win32 EXE
======== /tmp/agentic-sift-evidence-mhmhnwjl/mnt/vol0/My Documents/COMMANDS/winfo.exe
File Name                       : winfo.exe
File Type                       : Win32 EXE
======== /tmp/agentic-sift-evidence-mhmhnwjl/mnt/vol0/My Documents/DICTIONARIES/250MB_WORDLIST.ZIP
File Name                       : 250MB_WORDLIST.ZIP
File Type                       : ZIP
======== /tmp/agentic-sift-evidence-mhmhnwjl/mnt/vol0/My Documents/DICTIONARIES/biglist_990218.zip
File Name                       : biglist_990218.zip
File Type                       : ZIP
======== /tmp/agentic-sift-evidence-mhmhnwjl/mnt/vol0/My Documents/DICTIONARIES/pocket-dic.gz
File Name                       : pocket-dic.gz
File Type                       : GZIP
======== /tmp/agentic-sift-evidence-mhmhnwjl/mnt/vol0/My Documents/DICTIONARIES/test.zip
File Name                       : test.zip
File Type                       : ZIP
======== /tmp/agentic-sift-evidence-mhmhnwjl/mnt/vol0/My Documents/DICTIONARIES/Unix_dict.gz
File Name                       : Unix_dict.gz
File Type                       : GZIP
======== /tmp/agentic-sift-evidence-mhmhnwjl/mnt/vol0/My Documents/DICTIONARIES/words-english.gz
File Name                       : words-english.gz
File Type                       : GZIP
======== /tmp/agentic-sift-evidence-mhmhnwjl/mnt/vol0/My Documents/ENUMERATION/NT/Cerberus/cis.exe
File Name                       : cis.exe
File Type                       : Win32 EXE
======== /tmp/agentic-sift-evidence-mhmhnwjl/mnt/vol0/My Documents/ENUMERATION/NT/Cerberus/dnsscan.dll
File Name                       : dnsscan.dll
File Type                       : Win32 DLL
======== /tmp/agentic-sift-evidence-mhmhnwjl/mnt/vol0/My Documents/ENUMERATION/NT/Cerberus/fingerscan.dll
File Name                       : fingerscan.dll
File Type                       : Win32 DLL
======== /tmp/agentic-sift-evidence-mhmhnwjl/mnt/vol0/My Documents/ENUMERATION/NT/Cerberus/ftpscan.dll
File Name                       : ftpscan.dll
File Type                       : Win32 DLL
======== /tmp/agentic-sift-evidence-mhmhnwjl/mnt/vol0/My Documents/ENUMERATION/NT/Cerberus/nbtscan.dll
File Name                       : nbtscan.dll
File Type                       : Win32 DLL
======== /tmp/agentic-sift-evidence-mhmhnwjl/mnt/vol0/My Documents/ENUMERATION/NT/Cerberus/ntregscan.dll
File Name                       : ntregscan.dll
File Type                       : Win32 DLL
======== /tmp/agentic-sift-evidence-mhmhnwjl/mnt/vol0/My Documents/ENUMERATION/NT/Cerberus/ntsvcscan.dll
File Name                       : ntsvcscan.dll
File Type                       : Win32 DLL
======== /tmp/agentic-sift-evidence-mhmhnwjl/mnt/vol0/My Documents/ENUMERATION/NT/Cerberus/pop3scan.dll
File Name                       : pop3scan.dll
File Type                       : Win32 DLL
======== /tmp/agentic-sift-evidence-mhmhnwjl/mnt/vol0/My Documents/ENUMERATION/NT/Cerberus/Reports/logo.jpg
File Name                       : logo.jpg
File Type                       : JPEG
======== /tmp/agentic-sift-evidence-mhmhnwjl/mnt/vol0/My Documents/ENUMERATION/NT/Cerberus/rpcscan.dll
File Name                       : rpcscan.dll
File Type                       : Win32 DLL
======== /tmp/agentic-sift-evidence-mhmhnwjl/mnt/vol0/My Documents/ENUMERATION/NT/Cerberus/smtpscan.dll
File Name                       : smtpscan.dll
File Type                       : Win32 DLL
======== /tmp/agentic-sift-evidence-mhmhnwjl/mnt/vol0/My Documents/ENUMERATION/NT/Cerberus/sqlntscan.dll
File Name                       : sqlntscan.dll
File Type                       : Win32 DLL
======== /tmp/agentic-sift-evidence-mhmhnwjl/mnt/vol0/My Documents/ENUMERATION/NT/Cerberus/webscan.dll
File Name                       : webscan.dll
File Type                       : Win32 DLL
======== /tmp/agentic-sift-evidence-mhmhnwjl/mnt/vol0/My Documents/ENUMERATION/NT/Cerberus/wwwbrwchk.dll
File Name                       : wwwbrwchk.dll
File Type                       : Win32 DLL
======== /tmp/agentic-sift-evidence-mhmhnwjl/mnt/vol0/My Documents/ENUMERATION/NT/Cerberus Internet Scanner/CIS-5.0.02.zip
File Name                       : CIS-5.0.02.zip
File Type                       : ZIP
======== /tmp/agentic-sift-evidence-mhmhnwjl/mnt/vol0/My Documents/ENUMERATION/NT/Cerberus Internet Scanner/files/cis.exe
File Name                       : cis.exe
File Type                       : Win32 EXE
======== /tmp/agentic-sift-evidence-mhmhnwjl/mnt/vol0/My Documents/ENUMERATION/NT/Cerberus Internet Scanner/files/dnsscan.dll
File Name                       : dnsscan.dll
File Type                       : Win32 DLL
======== /tmp/agentic-sift-evidence-mhmhnwjl/mnt/vol0/My Documents/ENUMERATION/NT/Cerberus Internet Scanner/files/fingerscan.dll
File Name                       : fingerscan.dll
File Type                       : Win32 DLL
======== /tmp/agentic-sift-evidence-mhmhnwjl/mnt/vol0/My Documents/ENUMERATION/NT/Cerberus Internet Scanner/files/ftpscan.dll
File Name                       : ftpscan.dll
File Type                       : Win32 DLL
======== /tmp/agentic-sift-evidence-mhmhnwjl/mnt/vol0/My Documents/ENUMERATION/NT/Cerberus Internet Scanner/files/nbtscan.dll
File Name                       : nbtscan.dll
File Type                       : Win32 DLL
======== /tmp/agentic-sift-evidence-mhmhnwjl/mnt/vol0/My Documents/ENUMERATION/NT/Cerberus Internet Scanner/files/ntregscan.dll
File Name                       : ntregscan.dll
File Type                       : Win32 DLL
======== /tmp/agentic-sift-evidence-mhmhnwjl/mnt/vol0/My Documents/ENUMERATION/NT/Cerberus Internet Scanner/files/ntsvcscan.dll
File Name                       : ntsvcscan.dll
File Type                       : Win32 DLL
======== /tmp/agentic-sift-evidence-mhmhnwjl/mnt/vol0/My Documents/ENUMERATION/NT/Cerberus Internet Scanner/files/pop3scan.dll
File Name                       : pop3scan.dll
File Type                       : Win32 DLL
======== /tmp/agentic-sift-evidence-mhmhnwjl/mnt/vol0/My Documents/ENUMERATION/NT/Cerberus Internet Scanner/files/Reports/172.16.0.2.html
File Name                       : 172.16.0.2.html
File Type                       : HTML
======== /tmp/agentic-sift-evidence-mhmhnwjl/mnt/vol0/My Documents/ENUMERATION/NT/Cerberus Internet Scanner/files/Reports/browser172.16.0.2.html
File Name                       : browser172.16.0.2.html
======== /tmp/agentic-sift-evidence-mhmhnwjl/mnt/vol0/My Documents/ENUMERATION/NT/Cerberus Internet Scanner/files/Reports/dns172.16.0.2.html
File Name                       : dns172.16.0.2.html
File Type                       : TXT
======== /tmp/agentic-sift-evidence-mhmhnwjl/mnt/vol0/My Documents/ENUMERATION/NT/Cerberus Internet Scanner/files/Reports/finger172.16.0.2.html
File Name                       : finger172.16.0.2.html
File Type                       : TXT
======== /tmp/agentic-sift-evidence-mhmhnwjl/mnt/vol0/My Documents/ENUMERATION/NT/Cerberus Internet Scanner/files/Reports/ftp172.16.0.2.html
File Name                       : ftp172.16.0.2.html
File Type                       : TXT
======== /tmp/agentic-sift-evidence-mhmhnwjl/mnt/vol0/My Documents/ENUMERATION/NT/Cerberus Internet Scanner/files/Reports/logo.jpg
File Name                       : logo.jpg
File Type                       : JPEG
======== /tmp/agentic-sift-evidence-mhmhnwjl/mnt/vol0/My Documents/ENUMERATION/NT/Cerberus Internet Scanner/files/Reports/main172.16.0.2.html
File Name                       : main172.16.0.2.html
File Type                       : HTML
======== /tmp/agentic-sift-evidence-mhmhnwjl/mnt/vol0/My Documents/ENUMERATION/NT/Cerberus Internet Scanner/files/Reports/nav172.16.0.2.html
File Name                       : nav172.16.0.2.html
File Type                       : HTML
======== /tmp/agentic-sift-evidence-mhmhnwjl/mnt/vol0/My Documents/ENUMERATION/NT/Cerberus Internet Scanner/files/Reports/nbt172.16.0.2.html
File Name                       : nbt172.16.0.2.html
File Type                       : HTML
======== /tmp/agentic-sift-evidence-mhmhnwjl/mnt/vol0/My Documents/ENUMERATION/NT/Cerberus Internet Scanner/files/Reports/ntreg172.16.0.2.html
File Name                       : ntreg172.16.0.2.html
File Type                       : HTML
======== /tmp/agentic-sift-evidence-mhmhnwjl/mnt/vol0/My Documents/ENUMERATION/NT/Cerberus Internet Scanner/files/Reports/ntsvc172.16.0.2.html
File Name                       : ntsvc172.16.0.2.html
File Type                       : TXT
======== /tmp/agentic-sift-evidence-mhmhnwjl/mnt/vol0/My Documents/ENUMERATION/NT/Cerberus Internet Scanner/files/Reports/pop3172.16.0.2.html
File Name                       : pop3172.16.0.2.html
File Type                       : TXT
======== /tmp/agentic-sift-evidence-mhmhnwjl/mnt/vol0/My Documents/ENUMERATION/NT/Cerberus Internet Scanner/files/Reports/rpc172.16.0.2.html
File Name                       : rpc172.16.0.2.html
File Type                       : TXT
======== /tmp/agentic-sift-evidence-mhmhnwjl/mnt/vol0/My Documents/ENUMERATION/NT/Cerberus Internet Scanner/files/Reports/smtp172.16.0.2.html
File Name                       : smtp172.16.0.2.html
File Type                       : TXT
======== /tmp/agentic-sift-evidence-mhmhnwjl/mnt/vol0/My Documents/ENUMERATION/NT/Cerberus Internet Scanner/files/Reports/sqlnt172.16.0.2.html
File Name                       : sqlnt172.16.0.2.html
File Type                       : HTML
======== /tmp/agentic-sift-evidence-mhmhnwjl/mnt/vol0/My Documents/ENUMERATION/NT/Cerberus Internet Scanner/files/Reports/web172.16.0.2.html
File Name                       : web172.16.0.2.html
File Type                       : TXT
======== /tmp/agentic-sift-evidence-mhmhnwjl/mnt/vol0/My Documents/ENUMERATION/NT/Cerberus Internet Scanner/files/rpcscan.dll
File Name                       : rpcscan.dll
File Type                       : Win32 DLL
======== /tmp/agentic-sift-evidence-mhmhnwjl/mnt/vol0/My Documents/ENUMERATION/NT/Cerberus Internet Scanner/files/smtpscan.dll
File Name                       : smtpscan.dll
File Type                       : Win32 DLL
======== /tmp/agentic-sift-evidence-mhmhnwjl/mnt/vol0/My Documents/ENUMERATION/NT/Cerberus Internet Scanner/files/sqlntscan.dll
File Name                       : sqlntscan.dll
File Type                       : Win32 DLL
======== /tmp/agentic-sift-evidence-mhmhnwjl/mnt/vol0/My Documents/ENUMERATION/NT/Cerberus Internet Scanner/files/webscan.dll
File Name                       : webscan.dll
File Type                       : Win32 DLL
======== /tmp/agentic-sift-evidence-mhmhnwjl/mnt/vol0/My Documents/ENUMERATION/NT/Cerberus Internet Scanner/files/wwwbrwchk.dll
File Name                       : wwwbrwchk.dll
File Type                       : Win32 DLL
======== /tmp/agentic-sift-evidence-mhmhnwjl/mnt/vol0/My Documents/ENUMERATION/NT/Cerberus Internet Scanner/ntinfoscan.htm
File Name                       : ntinfoscan.htm
File Type                       : HTML
======== /tmp/agentic-sift-evidence-mhmhnwjl/mnt/vol0/My Documents/ENUMERATION/NT/Cerberus Internet Scanner/vulndb.txt
File Name                       : vulndb.txt
File Type                       : TXT
======== /tmp/agentic-sift-evidence-mhmhnwjl/mnt/vol0/My Documents/ENUMERATION/NT/Cerberus Webscan/webscan.exe
File Name                       : webscan.exe
File Type                       : Win32 EXE
======== /tmp/agentic-sift-evidence-mhmhnwjl/mnt/vol0/My Documents/ENUMERATION/NT/CIS-5.0.02.zip
File Name                       : CIS-5.0.02.zip
File Type                       : ZIP
======== /tmp/agentic-sift-evidence-mhmhnwjl/mnt/vol0/My Documents/ENUMERATION/NT/DumpTools/dumpacl.zip
File Name                       : dumpacl.zip
File Type                       : ZIP
======== /tmp/agentic-sift-evidence-mhmhnwjl/mnt/vol0/My Documents/ENUMERATION/NT/DumpTools/Dumpevt/DUMPEVT.exe
File Name                       : DUMPEVT.exe
File Type                       : Win32 EXE
======== /tmp/agentic-sift-evidence-mhmhnwjl/mnt/vol0/My Documents/ENUMERATION/NT/DumpTools/Dumpevt/Readme.txt
File Name                       : Readme.txt
File Type                       : TXT
======== /tmp/agentic-sift-evidence-mhmhnwjl/mnt/vol0/My Documents/ENUMERATION/NT/DumpTools/dumpevt.zip
File Name                       : dumpevt.zip
File Type                       : ZIP
======== /tmp/agentic-sift-evidence-mhmhnwjl/mnt/vol0/My Documents/ENUMERATION/NT/DumpTools/Dumpreg/dumpreg.exe
File Name                       : dumpreg.exe
File Type                       : Win32 EXE
======== /tmp/agentic-sift-evidence-mhmhnwjl/mnt/vol0/My Documents/ENUMERATION/NT/DumpTools/Dumpreg/Readme.txt
File Name                       : Readme.txt
File Type                       : TXT
======== /tmp/agentic-sift-evidence-mhmhnwjl/mnt/vol0/My Documents/ENUMERATION/NT/DumpTools/dumpreg.zip
File Name                       : dumpreg.zip
File Type                       : ZIP
======== /tmp/agentic-sift-evidence-mhmhnwjl/mnt/vol0/My Documents/ENUMERATION/NT/DumpTools/DumpSec/SystemTools.EXE
File Name                       : SystemTools.EXE
File Type                       : Win32 EXE
======== /tmp/agentic-sift-evidence-mhmhnwjl/mnt/vol0/My Documents/ENUMERATION/NT/enum/enum readme file.htm
File Name                       : enum readme file.htm
File Type                       : HTML
======== /tmp/agentic-sift-evidence-mhmhnwjl/mnt/vol0/My Documents/ENUMERATION/NT/enum/enum readme file_files/background.jpeg
File Name                       : background.jpeg
File Type                       : JPEG
======== /tmp/agentic-sift-evidence-mhmhnwjl/mnt/vol0/My Documents/ENUMERATION/NT/enum/enum readme file_files/bvlogo.jpeg
File Name                       : bvlogo.jpeg
File Type                       : JPEG
======== /tmp/agentic-sift-evidence-mhmhnwjl/mnt/vol0/My Documents/ENUMERATION/NT/enum/enum readme file_files/clear.gif
File Name                       : clear.gif
File Type                       : GIF
======== /tmp/agentic-sift-evidence-mhmhnwjl/mnt/vol0/My Documents/ENUMERATION/NT/enum/enum readme file_files/homeicon.gif
File Name                       : homeicon.gif
File Type                       : GIF
======== /tmp/agentic-sift-evidence-mhmhnwjl/mnt/vol0/My Documents/ENUMERATION/NT/enum/enum readme file_files/papersicon.gif
File Name                       : papersicon.gif
File Type                       : GIF
======== /tmp/agentic-sift-evidence-mhmhnwjl/mnt/vol0/My Documents/ENUMERATION/NT/enum/enum readme file_files/presenticon.gif
File Name                       : presenticon.gif
File Type                       : GIF
======== /tmp/agentic-sift-evidence-mhmhnwjl/mnt/vol0/My Documents/ENUMERATION/NT/enum/enum readme file_files/quote.gif
File Name                       : quote.gif
File Type                       : GIF
======== /tmp/agentic-sift-evidence-mhmhnwjl/mnt/vol0/My Documents/ENUMERATION/NT/enum/enum readme file_files/razorlogo.gif
File Name                       : razorlogo.gif
File Type                       : GIF
======== /tmp/agentic-sift-evidence-mhmhnwjl/mnt/vol0/My Documents/ENUMERATION/NT/enum/enum readme file_files/toolBarRamp.jpeg
File Name                       : toolBarRamp.jpeg
File Type                       : JPEG
======== /tmp/agentic-sift-evidence-mhmhnwjl/mnt/vol0/My Documents/ENUMERATION/NT/enum/enum readme file_files/tools.gif
File Name                       : tools.gif
File Type                       : GIF
======== /tmp/agentic-sift-evidence-mhmhnwjl/mnt/vol0/My Documents/ENUMERATION/NT/enum/enum readme file_files/toolsicon.gif
File Name                       : toolsicon.gif
File Type                       : GIF
======== /tmp/agentic-sift-evidence-mhmhnwjl/mnt/vol0/My Documents/ENUMERATION/NT/enum/enum.tar.gz
File Name                       : enum.tar.gz
File Type                       : GZIP
======== /tmp/agentic-sift-evidence-mhmhnwjl/mnt/vol0/My Documents/ENUMERATION/NT/enum/files/enum.exe
File Name                       : enum.exe
File Type                       : Win32 EXE
======== /tmp/agentic-sift-evidence-mhmhnwjl/mnt/vol0/My Documents/ENUMERATION/NT/Epdump.zip
File Name                       : Epdump.zip
File Type                       : ZIP
======== /tmp/agentic-sift-evidence-mhmhnwjl/mnt/vol0/My Documents/ENUMERATION/NT/ferret suite/emailferret.exe
File Name                       : emailferret.exe
File Type                       : Win32 EXE
======== /tmp/agentic-sift-evidence-mhmhnwjl/mnt/vol0/My Documents/ENUMERATION/NT/ferret suite/fileferret.exe
File Name                       : fileferret.exe
File Type                       : Win32 EXE
======== /tmp/agentic-sift-evidence-mhmhnwjl/mnt/vol0/My Documents/ENUMERATION/NT/ferret suite/wferet.exe
File Name                       : wferet.exe
File Type                       : Win32 EXE
======== /tmp/agentic-sift-evidence-mhmhnwjl/mnt/vol0/My Documents/ENUMERATION/NT/GetAcct/getacct002.zip
File Name                       : getacct002.zip
File Type                       : ZIP
======== /tmp/agentic-sift-evidence-mhmhnwjl/mnt/vol0/My Documents/ENUMERATION/NT/getpolicy.zip
File Name                       : getpolicy.zip
File Type                       : ZIP
======== /tmp/agentic-sift-evidence-mhmhnwjl/mnt/vol0/My Documents/ENUMERATION/NT/Legion/SETUP.EXE
File Name                       : SETUP.EXE
File Type                       : Win32 EXE
======== /tmp/agentic-sift-evidence-mhmhnwjl/mnt/vol0/My Documents/ENUMERATION/NT/nbtdump/172.16.0.1.html
File Name                       : 172.16.0.1.html
File Type                       : HTML
======== /tmp/agentic-sift-evidence-mhmhnwjl/mnt/vol0/My Documents/ENUMERATION/NT/nbtdump/172.16.0.2.html
File Name                       : 172.16.0.2.html
File Type                       : HTML
======== /tmp/agentic-sift-evidence-mhmhnwjl/mnt/vol0/My Documents/ENUMERATION/NT/nbtdump/nbtdump.exe
File Name                       : nbtdump.exe
File Type                       : Win32 EXE
======== /tmp/agentic-sift-evidence-mhmhnwjl/mnt/vol0/My Documents/ENUMERATION/NT/Nbtdump.zip
File Name                       : Nbtdump.zip
File Type                       : ZIP
======== /tmp/agentic-sift-evidence-mhmhnwjl/mnt/vol0/My Documents/ENUMERATION/NT/nbtscan/files/cygwin1.dll
File Name                       : cygwin1.dll
File Type                       : Win32 DLL
======== /tmp/agentic-sift-evidence-mhmhnwjl/mnt/vol0/My Documents/ENUMERATION/NT/nbtscan/files/nbtscan.exe
File Name                       : nbtscan.exe
File Type                       : Win32 EXE
======== /tmp/agentic-sift-evidence-mhmhnwjl/mnt/vol0/My Documents/ENUMERATION/NT/nbtscan/nbtscan.html
File Name                       : nbtscan.html
File Type                       : HTML
======== /tmp/agentic-sift-evidence-mhmhnwjl/mnt/vol0/My Documents/ENUMERATION/NT/nbtscan/nbtscan1_0_1.zip
File Name                       : nbtscan1_0_1.zip
File Type                       : ZIP
======== /tmp/agentic-sift-evidence-mhmhnwjl/mnt/vol0/My Documents/ENUMERATION/NT/nbtscan/nbtscan1_0_2.zip
File Name                       : nbtscan1_0_2.zip
File Type                       : ZIP
======== /tmp/agentic-sift-evidence-mhmhnwjl/mnt/vol0/My Documents/ENUMERATION/NT/ntreskit.zip
File Name                       : ntreskit.zip
File Type                       : ZIP
======== /tmp/agentic-sift-evidence-mhmhnwjl/mnt/vol0/My Documents/ENUMERATION/NT/Nt_admin_tools/DHCPADMN.EXE
File Name                       : DHCPADMN.EXE
File Type                       : Win32 EXE
======== /tmp/agentic-sift-evidence-mhmhnwjl/mnt/vol0/My Documents/ENUMERATION/NT/Nt_admin_tools/NTUSER.EXE
File Name                       : NTUSER.EXE
File Type                       : Win32 EXE
======== /tmp/agentic-sift-evidence-mhmhnwjl/mnt/vol0/My Documents/ENUMERATION/NT/Nt_admin_tools/rasadmin.exe
File Name                       : rasadmin.exe
File Type                       : Win32 EXE
======== /tmp/agentic-sift-evidence-mhmhnwjl/mnt/vol0/My Documents/ENUMERATION/NT/Nt_admin_tools/srvmgr.exe
File Name                       : srvmgr.exe
File Type                       : Win32 EXE
======== /tmp/agentic-sift-evidence-mhmhnwjl/mnt/vol0/My Documents/ENUMERATION/NT/Nt_admin_tools/usrmgr.exe
File Name                       : usrmgr.exe
File Type                       : Win32 EXE
======== /tmp/agentic-sift-evidence-mhmhnwjl/mnt/vol0/My Documents/ENUMERATION/NT/Nt_admin_tools/WINSADMN.EXE
File Name                       : WINSADMN.EXE
File Type                       : Win32 EXE
======== /tmp/agentic-sift-evidence-mhmhnwjl/mnt/vol0/My Documents/ENUMERATION/NT/ogre/rhino9x.exe
File Name                       : rhino9x.exe
File Type                       : Win32 EXE
======== /tmp/agentic-sift-evidence-mhmhnwjl/mnt/vol0/My Documents/ENUMERATION/NT/SamSpade/hhupd.exe
File Name                       : hhupd.exe
File Type                       : Win32 EXE
======== /tmp/agentic-sift-evidence-mhmhnwjl/mnt/vol0/My Documents/ENUMERATION/NT/SamSpade/readme.txt
File Name                       : readme.txt
File Type                       : TXT
======== /tmp/agentic-sift-evidence-mhmhnwjl/mnt/vol0/My Documents/ENUMERATION/NT/SamSpade/spade.chm
File Name                       : spade.chm
File Type                       : CHM
======== /tmp/agentic-sift-evidence-mhmhnwjl/mnt/vol0/My Documents/ENUMERATION/NT/SamSpade/spade.exe
File Name                       : spade.exe
File Type                       : Win32 EXE
======== /tmp/agentic-sift-evidence-mhmhnwjl/mnt/vol0/My Documents/ENUMERATION/NT/SamSpade/unins000.exe
File Name                       : unins000.exe
File Type                       : Win32 EXE
======== /tmp/agentic-sift-evidence-mhmhnwjl/mnt/vol0/My Documents/ENUMERATION/NT/Sid2user User2sid/sid.zip
File Name                       : sid.zip
File Type                       : ZIP
======== /tmp/agentic-sift-evidence-mhmhnwjl/mnt/vol0/My Documents/ENUMERATION/NT/Userdump/userdump.zip
File Name                       : userdump.zip
File Type                       : ZIP
======== /tmp/agentic-sift-evidence-mhmhnwjl/mnt/vol0/My Documents/ENUMERATION/NT/winfingerprint/About Winfingerprint 2.htm
File Name                       : About Winfingerprint 2.htm
File Type                       : HTML
======== /tmp/agentic-sift-evidence-mhmhnwjl/mnt/vol0/My Documents/ENUMERATION/NT/winfingerprint/About Winfingerprint 2_files/wfp.jpeg
File Name                       : wfp.jpeg
File Type                       : JPEG
======== /tmp/agentic-sift-evidence-mhmhnwjl/mnt/vol0/My Documents/ENUMERATION/NT/winfingerprint/About Winfingerprint 2_files/winfingerprint.jpeg
File Name                       : winfingerprint.jpeg
File Type                       : JPEG
======== /tmp/agentic-sift-evidence-mhmhnwjl/mnt/vol0/My Documents/ENUMERATION/NT/winfingerprint/winfingerprint-229.zip
File Name                       : winfingerprint-229.zip
File Type                       : ZIP
======== /tmp/agentic-sift-evidence-mhmhnwjl/mnt/vol0/My Documents/ENUMERATION/NT/winfo/The winfo FAQ.htm
File Name                       : The winfo FAQ.htm
File Type                       : HTML
======== /tmp/agentic-sift-evidence-mhmhnwjl/mnt/vol0/My Documents/ENUMERATION/NT/winfo/The winfo FAQ_files/logo.gif
File Name                       : logo.gif
File Type                       : GIF
======== /tmp/agentic-sift-evidence-mhmhnwjl/mnt/vol0/My Documents/ENUMERATION/NT/winfo/winfo.exe
File Name                       : winfo.exe
File Type                       : Win32 EXE
======== /tmp/agentic-sift-evidence-mhmhnwjl/mnt/vol0/My Documents/ENUMERATION/NT/winfo/winfo.htm
File Name                       : winfo.htm
File Type                       : HTML
======== /tmp/agentic-sift-evidence-mhmhnwjl/mnt/vol0/My Documents/ENUMERATION/NT/winfo/winfo_files/logo.gif
File Name                       : logo.gif
File Type                       : GIF
======== /tmp/agentic-sift-evidence-mhmhnwjl/mnt/vol0/My Documents/ENUMERATION/Unix/nc110.gz
File Name                       : nc110.gz
File Type                       : GZIP
======== /tmp/agentic-sift-evidence-mhmhnwjl/mnt/vol0/My Documents/ENUMERATION/Unix/Nessus/nessus-1.0.5-1.i386.rpm
File Name                       : nessus-1.0.5-1.i386.rpm
======== /tmp/agentic-sift-evidence-mhmhnwjl/mnt/vol0/My Documents/ENUMERATION/Unix/Nessus/nessus-client-1.0.5-1.i386.rpm
File Name                       : nessus-client-1.0.5-1.i386.rpm
======== /tmp/agentic-sift-evidence-mhmhnwjl/mnt/vol0/My Documents/ENUMERATION/Unix/Nessus/nessus-plugins-1.0.5-1.i386.rpm
File Name                       : nessus-plugins-1.0.5-1.i386.rpm
======== /tmp/agentic-sift-evidence-mhmhnwjl/mnt/vol0/My Documents/ENUMERATION/Unix/nmap-2.54BETA29-1.i386.rpm
File Name                       : nmap-2.54BETA29-1.i386.rpm
======== /tmp/agentic-sift-evidence-mhmhnwjl/mnt/vol0/My Documents/ENUMERATION/Unix/nmap-frontend-0.2.54BETA29-1.i386.rpm
File Name                       : nmap-frontend-0.2.54BETA29-1.i386.rpm
======== /tmp/agentic-sift-evidence-mhmhnwjl/mnt/vol0/My Documents/ENUMERATION/Unix/whisker.tar.gz
File Name                       : whisker.tar.gz
File Type                       : GZIP
======== /tmp/agentic-sift-evidence-mhmhnwjl/mnt/vol0/My Documents/EXPLOITATION/NT/Brutus/BrutusA2.exe
File Name                       : BrutusA2.exe
File Type                       : Win32 EXE
======== /tmp/agentic-sift-evidence-mhmhnwjl/mnt/vol0/My Documents/EXPLOITATION/NT/Brutus/example-combo.txt
File Name                       : example-combo.txt
File Type                       : TXT
======== /tmp/agentic-sift-evidence-mhmhnwjl/mnt/vol0/My Documents/EXPLOITATION/NT/Brutus/Overview.doc
File Name                       : Overview.doc
File Type                       : DOC
======== /tmp/agentic-sift-evidence-mhmhnwjl/mnt/vol0/My Documents/EXPLOITATION/NT/Brutus/readme.doc
File Name                       : readme.doc
File Type                       : DOC
======== /tmp/agentic-sift-evidence-mhmhnwjl/mnt/vol0/My Documents/EXPLOITATION/NT/Brutus/users.txt
File Name                       : users.txt
File Type                       : TXT
======== /tmp/agentic-sift-evidence-mhmhnwjl/mnt/vol0/My Documents/EXPLOITATION/NT/Brutus/words.txt
File Name                       : words.txt
File Type                       : TXT
======== /tmp/agentic-sift-evidence-mhmhnwjl/mnt/vol0/My Documents/EXPLOITATION/NT/brutus.zip
File Name                       : brutus.zip
File Type                       : ZIP
======== /tmp/agentic-sift-evidence-mhmhnwjl/mnt/vol0/My Documents/EXPLOITATION/NT/bsniff/readme.txt
File Name                       : readme.txt
File Type                       : TXT
======== /tmp/agentic-sift-evidence-mhmhnwjl/mnt/vol0/My Documents/EXPLOITATION/NT/elsave.zip
File Name                       : elsave.zip
File Type                       : ZIP
======== /tmp/agentic-sift-evidence-mhmhnwjl/mnt/vol0/My Documents/EXPLOITATION/NT/fpipe/fpipe.url
File Name                       : fpipe.url
File Type                       : TXT
======== /tmp/agentic-sift-evidence-mhmhnwjl/mnt/vol0/My Documents/EXPLOITATION/NT/Get Admin/GASYS.DLL
File Name                       : GASYS.DLL
File Type                       : Win32 DLL
======== /tmp/agentic-sift-evidence-mhmhnwjl/mnt/vol0/My Documents/EXPLOITATION/NT/Get Admin/GetAdmin.exe
File Name                       : GetAdmin.exe
File Type                       : Win32 EXE
======== /tmp/agentic-sift-evidence-mhmhnwjl/mnt/vol0/My Documents/EXPLOITATION/NT/Hk/hk-0.1.zip
File Name                       : hk-0.1.zip
File Type                       : ZIP
======== /tmp/agentic-sift-evidence-mhmhnwjl/mnt/vol0/My Documents/EXPLOITATION/NT/John/john-16w.zip
File Name                       : john-16w.zip
File Type                       : ZIP
======== /tmp/agentic-sift-evidence-mhmhnwjl/mnt/vol0/My Documents/EXPLOITATION/NT/l0pht301/lc3setup01.exe
File Name                       : lc3setup01.exe
File Type                       : Win32 EXE
======== /tmp/agentic-sift-evidence-mhmhnwjl/mnt/vol0/My Documents/EXPLOITATION/NT/lsadump2/dumplsa.dll
File Name                       : dumplsa.dll
File Type                       : Win32 DLL
======== /tmp/agentic-sift-evidence-mhmhnwjl/mnt/vol0/My Documents/EXPLOITATION/NT/lsadump2/LSADUMP2 Readme file.htm
File Name                       : LSADUMP2 Readme file.htm
File Type                       : HTML
======== /tmp/agentic-sift-evidence-mhmhnwjl/mnt/vol0/My Documents/EXPLOITATION/NT/lsadump2/LSADUMP2 Readme file_files/background.jpeg
File Name                       : background.jpeg
File Type                       : JPEG
======== /tmp/agentic-sift-evidence-mhmhnwjl/mnt/vol0/My Documents/EXPLOITATION/NT/lsadump2/LSADUMP2 Readme file_files/bvlogo.jpeg
File Name                       : bvlogo.jpeg
File Type                       : JPEG
======== /tmp/agentic-sift-evidence-mhmhnwjl/mnt/vol0/My Documents/EXPLOITATION/NT/lsadump2/LSADUMP2 Readme file_files/clear.gif
File Name                       : clear.gif
File Type                       : GIF
======== /tmp/agentic-sift-evidence-mhmhnwjl/mnt/vol0/My Documents/EXPLOITATION/NT/lsadump2/LSADUMP2 Readme file_files/homeicon.gif
File Name                       : homeicon.gif
File Type                       : GIF
======== /tmp/agentic-sift-evidence-mhmhnwjl/mnt/vol0/My Documents/EXPLOITATION/NT/lsadump2/LSADUMP2 Readme file_files/papersicon.gif
File Name                       : papersicon.gif
File Type                       : GIF
======== /tmp/agentic-sift-evidence-mhmhnwjl/mnt/vol0/My Documents/EXPLOITATION/NT/lsadump2/LSADUMP2 Readme file_files/presenticon.gif
File Name                       : presenticon.gif
File Type                       : GIF
======== /tmp/agentic-sift-evidence-mhmhnwjl/mnt/vol0/My Documents/EXPLOITATION/NT/lsadump2/LSADUMP2 Readme file_files/quote.gif
File Name                       : quote.gif
File Type                       : GIF
======== /tmp/agentic-sift-evidence-mhmhnwjl/mnt/vol0/My Documents/EXPLOITATION/NT/lsadump2/LSADUMP2 Readme file_files/razorlogo.gif
File Name                       : razorlogo.gif
File Type                       : GIF
======== /tmp/agentic-sift-evidence-mhmhnwjl/mnt/vol0/My Documents/EXPLOITATION/NT/lsadump2/LSADUMP2 Readme file_files/toolBarRamp.jpeg
File Name                       : toolBarRamp.jpeg
File Type                       : JPEG
======== /tmp/agentic-sift-evidence-mhmhnwjl/mnt/vol0/My Documents/EXPLOITATION/NT/lsadump2/LSADUMP2 Readme file_files/tools.gif
File Name                       : tools.gif
File Type                       : GIF
======== /tmp/agentic-sift-evidence-mhmhnwjl/mnt/vol0/My Documents/EXPLOITATION/NT/lsadump2/LSADUMP2 Readme file_files/toolsicon.gif
File Name                       : toolsicon.gif
File Type                       : GIF
======== /tmp/agentic-sift-evidence-mhmhnwjl/mnt/vol0/My Documents/EXPLOITATION/NT/lsadump2/lsadump2.exe
File Name                       : lsadump2.exe
File Type                       : Win32 EXE
======== /tmp/agentic-sift-evidence-mhmhnwjl/mnt/vol0/My Documents/EXPLOITATION/NT/lsadump2/lsadump2.zip
File Name                       : lsadump2.zip
File Type                       : ZIP
======== /tmp/agentic-sift-evidence-mhmhnwjl/mnt/vol0/My Documents/EXPLOITATION/NT/lsadump2/README.html
File Name                       : README.html
File Type                       : HTML
======== /tmp/agentic-sift-evidence-mhmhnwjl/mnt/vol0/My Documents/EXPLOITATION/NT/NAT/nat.zip
File Name                       : nat.zip
File Type                       : ZIP
======== /tmp/agentic-sift-evidence-mhmhnwjl/mnt/vol0/My Documents/EXPLOITATION/NT/netbus/Hosts.txt
File Name                       : Hosts.txt
======== /tmp/agentic-sift-evidence-mhmhnwjl/mnt/vol0/My Documents/EXPLOITATION/NT/netbus/Memo.txt
File Name                       : Memo.txt
======== /tmp/agentic-sift-evidence-mhmhnwjl/mnt/vol0/My Documents/EXPLOITATION/NT/netbus/NetBus.rtf
File Name                       : NetBus.rtf
File Type                       : RTF
======== /tmp/agentic-sift-evidence-mhmhnwjl/mnt/vol0/My Documents/EXPLOITATION/NT/netbus/NetBus170.zip
File Name                       : NetBus170.zip
File Type                       : ZIP
======== /tmp/agentic-sift-evidence-mhmhnwjl/mnt/vol0/My Documents/EXPLOITATION/NT/Netcat/netcat11nt.zip
File Name                       : netcat11nt.zip
File Type                       : ZIP
======== /tmp/agentic-sift-evidence-mhmhnwjl/mnt/vol0/My Documents/EXPLOITATION/NT/Pwdump/Pwdump.zip
File Name                       : Pwdump.zip
File Type                       : ZIP
======== /tmp/agentic-sift-evidence-mhmhnwjl/mnt/vol0/My Documents/EXPLOITATION/NT/Pwdump/pwdump2.zip
File Name                       : pwdump2.zip
File Type                       : ZIP
======== /tmp/agentic-sift-evidence-mhmhnwjl/mnt/vol0/My Documents/EXPLOITATION/NT/Pwdump/pwdump3.htm
File Name                       : pwdump3.htm
File Type                       : HTML
======== /tmp/agentic-sift-evidence-mhmhnwjl/mnt/vol0/My Documents/EXPLOITATION/NT/Pwdump/pwdump3.zip
File Name                       : pwdump3.zip
File Type                       : ZIP
======== /tmp/agentic-sift-evidence-mhmhnwjl/mnt/vol0/My Documents/EXPLOITATION/NT/Pwdump/pwdump3_files/dwnldbtn.gif
File Name                       : dwnldbtn.gif
File Type                       : GIF
======== /tmp/agentic-sift-evidence-mhmhnwjl/mnt/vol0/My Documents/EXPLOITATION/NT/Pwdump/pwdump3_files/pwdumpbanner.gif
File Name                       : pwdumpbanner.gif
File Type                       : GIF
======== /tmp/agentic-sift-evidence-mhmhnwjl/mnt/vol0/My Documents/EXPLOITATION/NT/Scripts/credentials.txt
File Name                       : credentials.txt
File Type                       : TXT
======== /tmp/agentic-sift-evidence-mhmhnwjl/mnt/vol0/My Documents/EXPLOITATION/NT/Scripts/FOR Script.txt
File Name                       : FOR Script.txt
File Type                       : TXT
======== /tmp/agentic-sift-evidence-mhmhnwjl/mnt/vol0/My Documents/EXPLOITATION/NT/sechole/ADMINDLL.DLL
File Name                       : ADMINDLL.DLL
File Type                       : Win32 DLL
======== /tmp/agentic-sift-evidence-mhmhnwjl/mnt/vol0/My Documents/EXPLOITATION/NT/sechole/PSAPI.DLL
File Name                       : PSAPI.DLL
File Type                       : Win32 DLL
======== /tmp/agentic-sift-evidence-mhmhnwjl/mnt/vol0/My Documents/EXPLOITATION/NT/sechole/SECHOLE.EXE
File Name                       : SECHOLE.EXE
File Type                       : Win32 EXE
======== /tmp/agentic-sift-evidence-mhmhnwjl/mnt/vol0/My Documents/EXPLOITATION/NT/sechole/sechole3.zip
File Name                       : sechole3.zip
File Type                       : ZIP
======== /tmp/agentic-sift-evidence-mhmhnwjl/mnt/vol0/My Documents/EXPLOITATION/NT/sechole/SECHOLED.EXE
File Name                       : SECHOLED.EXE
File Type                       : Win32 EXE
======== /tmp/agentic-sift-evidence-mhmhnwjl/mnt/vol0/My Documents/EXPLOITATION/NT/SMBGrind Crack/CrackUI.exe
File Name                       : CrackUI.exe
File Type                       : Win32 EXE
======== /tmp/agentic-sift-evidence-mhmhnwjl/mnt/vol0/My Documents/EXPLOITATION/NT/SMBGrind Crack/GrindUI.exe
File Name                       : GrindUI.exe
File Type                       : Win32 EXE
======== /tmp/agentic-sift-evidence-mhmhnwjl/mnt/vol0/My Documents/EXPLOITATION/NT/SMBGrind Crack/NTpasslist.txt
File Name                       : NTpasslist.txt
File Type                       : TXT
======== /tmp/agentic-sift-evidence-mhmhnwjl/mnt/vol0/My Documents/EXPLOITATION/NT/SMBGrind Crack/NTuserlist.txt
File Name                       : NTuserlist.txt
File Type                       : TXT
======== /tmp/agentic-sift-evidence-mhmhnwjl/mnt/vol0/My Documents/EXPLOITATION/NT/SMBGrind Crack/passlist.txt
File Name                       : passlist.txt
File Type                       : TXT
======== /tmp/agentic-sift-evidence-mhmhnwjl/mnt/vol0/My Documents/EXPLOITATION/NT/SMBGrind Crack/Password User Lists/NTpasslist.txt
File Name                       : NTpasslist.txt
File Type                       : TXT
======== /tmp/agentic-sift-evidence-mhmhnwjl/mnt/vol0/My Documents/EXPLOITATION/NT/SMBGrind Crack/readme.txt
File Name                       : readme.txt
File Type                       : TXT
======== /tmp/agentic-sift-evidence-mhmhnwjl/mnt/vol0/My Documents/EXPLOITATION/NT/SMBGrind Crack/userlist.txt
File Name                       : userlist.txt
File Type                       : TXT
======== /tmp/agentic-sift-evidence-mhmhnwjl/mnt/vol0/My Documents/EXPLOITATION/NT/SMBGrind Crack/utils/crack.exe
File Name                       : crack.exe
File Type                       : Win32 EXE
======== /tmp/agentic-sift-evidence-mhmhnwjl/mnt/vol0/My Documents/EXPLOITATION/NT/SMBGrind Crack/utils/cygwinb19.dll
File Name                       : cygwinb19.dll
File Type                       : Win32 DLL
======== /tmp/agentic-sift-evidence-mhmhnwjl/mnt/vol0/My Documents/EXPLOITATION/NT/SMBGrind Crack/utils/smbgrind.exe
File Name                       : smbgrind.exe
File Type                       : Win32 EXE
======== /tmp/agentic-sift-evidence-mhmhnwjl/mnt/vol0/My Documents/EXPLOITATION/NT/vnc/vncviewer/vncviewer.exe
File Name                       : vncviewer.exe
File Type                       : Win32 EXE
======== /tmp/agentic-sift-evidence-mhmhnwjl/mnt/vol0/My Documents/EXPLOITATION/NT/vnc/winvnc/setup.bmp
File Name                       : setup.bmp
File Type                       : BMP
======== /tmp/agentic-sift-evidence-mhmhnwjl/mnt/vol0/My Documents/EXPLOITATION/NT/vnc/winvnc/SETUP.EXE
File Name                       : SETUP.EXE
File Type                       : Win16 EXE
======== /tmp/agentic-sift-evidence-mhmhnwjl/mnt/vol0/My Documents/EXPLOITATION/NT/vnc/winvnc/_ISDEL.EXE
File Name                       : _ISDEL.EXE
File Type                       : Win16 EXE
======== /tmp/agentic-sift-evidence-mhmhnwjl/mnt/vol0/My Documents/EXPLOITATION/NT/vnc/winvnc/_setup.dll
File Name                       : _setup.dll
File Type                       : Win16 EXE
======== /tmp/agentic-sift-evidence-mhmhnwjl/mnt/vol0/My Documents/EXPLOITATION/NT/WinVNC/Docs/vnc-latest_doc.zip
File Name                       : vnc-latest_doc.zip
File Type                       : ZIP
======== /tmp/agentic-sift-evidence-mhmhnwjl/mnt/vol0/My Documents/EXPLOITATION/NT/WinVNC/Windows/vnc-3.3.3r7_x86_win32.zip
File Name                       : vnc-3.3.3r7_x86_win32.zip
File Type                       : ZIP
======== /tmp/agentic-sift-evidence-mhmhnwjl/mnt/vol0/My Documents/EXPLOITATION/Unix/dsniff 2.3/dsniff Frequently Asked Questions.htm
File Name                       : dsniff Frequently Asked Questions.htm
File Type                       : HTML
======== /tmp/agentic-sift-evidence-mhmhnwjl/mnt/vol0/My Documents/EXPLOITATION/Unix/dsniff 2.3/dsniff Frequently Asked Questions_files/monkey6.gif
File Name                       : monkey6.gif
File Type                       : GIF
======== /tmp/agentic-sift-evidence-mhmhnwjl/mnt/vol0/My Documents/EXPLOITATION/Unix/dsniff 2.3/dsniff-2.3.tar.gz
File Name                       : dsniff-2.3.tar.gz
File Type                       : GZIP
======== /tmp/agentic-sift-evidence-mhmhnwjl/mnt/vol0/My Documents/EXPLOITATION/Unix/dsniff 2.3/Switched networks lose security advantage due packet tool/clearpixel.gif
File Name                       : clearpixel.gif
File Type                       : GIF
======== /tmp/agentic-sift-evidence-mhmhnwjl/mnt/vol0/My Documents/EXPLOITATION/Unix/dsniff 2.3/Switched networks lose security advantage due packet tool/securitywatch.html
File Name                       : securitywatch.html
File Type                       : HTML
======== /tmp/agentic-sift-evidence-mhmhnwjl/mnt/vol0/My Documents/EXPLOITATION/Unix/dsniff 2.3/Switched networks lose security advantage due packet tool/securitywatchfiles/522467~1.GIF
File Name                       : 522467~1.GIF
File Type                       : GIF
======== /tmp/agentic-sift-evidence-mhmhnwjl/mnt/vol0/My Documents/EXPLOITATION/Unix/dsniff 2.3/Switched networks lose security advantage due packet tool.htm
File Name                       : Switched networks lose security advantage due packet tool.htm
File Type                       : HTML
======== /tmp/agentic-sift-evidence-mhmhnwjl/mnt/vol0/My Documents/EXPLOITATION/Unix/john-1.6.tar.gz
File Name                       : john-1.6.tar.gz
File Type                       : GZIP
======== /tmp/agentic-sift-evidence-mhmhnwjl/mnt/vol0/My Documents/EXPLOITATION/Unix/WinVNC/Docs/vnc-latest_doc.zip
File Name                       : vnc-latest_doc.zip
File Type                       : ZIP
======== /tmp/agentic-sift-evidence-mhmhnwjl/mnt/vol0/My Documents/EXPLOITATION/Unix/WinVNC/Linux/vnc-3.3.3r2_x86_linux_2.0.zip
File Name                       : vnc-3.3.3r2_x86_linux_2.0.zip
File Type                       : ZIP
======== /tmp/agentic-sift-evidence-mhmhnwjl/mnt/vol0/My Documents/EXPLOITATION/Unix/WinVNC/Solaris Sparc/vnc-3.3.3r2_sun4_sosV_5.5.zip
File Name                       : vnc-3.3.3r2_sun4_sosV_5.5.zip
File Type                       : ZIP
======== /tmp/agentic-sift-evidence-mhmhnwjl/mnt/vol0/My Documents/FOOTPRINTING/NT/Nmapnt/DRIVERS/Packet2K/Packet.dll
File Name                       : Packet.dll
File Type                       : Win32 DLL
======== /tmp/agentic-sift-evidence-mhmhnwjl/mnt/vol0/My Documents/FOOTPRINTING/NT/Nmapnt/DRIVERS/Packet95/Packet.dll
File Name                       : Packet.dll
File Type                       : Win32 DLL
======== /tmp/agentic-sift-evidence-mhmhnwjl/mnt/vol0/My Documents/FOOTPRINTING/NT/Nmapnt/DRIVERS/PacketNT/Packet.dll
File Name                       : Packet.dll
File Type                       : Win32 DLL
======== /tmp/agentic-sift-evidence-mhmhnwjl/mnt/vol0/My Documents/FOOTPRINTING/NT/Nmapnt/nmapNT-src/copying.html
File Name                       : copying.html
File Type                       : TXT
======== /tmp/agentic-sift-evidence-mhmhnwjl/mnt/vol0/My Documents/FOOTPRINTING/NT/Nmapnt/nmapNT-src/docs/copying.html
File Name                       : copying.html
File Type                       : TXT
======== /tmp/agentic-sift-evidence-mhmhnwjl/mnt/vol0/My Documents/FOOTPRINTING/NT/Nmapnt/nmapNT-src/docs/nmap-fingerprinting-article.txt
File Name                       : nmap-fingerprinting-article.txt
File Type                       : TXT
======== /tmp/agentic-sift-evidence-mhmhnwjl/mnt/vol0/My Documents/FOOTPRINTING/NT/Nmapnt/nmapNT-src/docs/nmap.deprecated.txt
File Name                       : nmap.deprecated.txt
File Type                       : TXT
======== /tmp/agentic-sift-evidence-mhmhnwjl/mnt/vol0/My Documents/FOOTPRINTING/NT/Nmapnt/nmapNT-src/docs/nmap.usage.txt
File Name                       : nmap.usage.txt
File Type                       : TXT
======== /tmp/agentic-sift-evidence-mhmhnwjl/mnt/vol0/My Documents/FOOTPRINTING/NT/Nmapnt/nmapNT-src/docs/nmap_doc.html
File Name                       : nmap_doc.html
File Type                       : HTML
======== /tmp/agentic-sift-evidence-mhmhnwjl/mnt/vol0/My Documents/FOOTPRINTING/NT/Nmapnt/nmapNT-src/docs/nmap_manpage-es.html
File Name                       : nmap_manpage-es.html
File Type                       : HTML
======== /tmp/agentic-sift-evidence-mhmhnwjl/mnt/vol0/My Documents/FOOTPRINTING/NT/Nmapnt/nmapNT-src/docs/nmap_manpage-fr.html
File Name                       : nmap_manpage-fr.html
File Type                       : HTML
======== /tmp/agentic-sift-evidence-mhmhnwjl/mnt/vol0/My Documents/FOOTPRINTING/NT/Nmapnt/nmapNT-src/docs/nmap_manpage.html
File Name                       : nmap_manpage.html
File Type                       : HTML
======== /tmp/agentic-sift-evidence-mhmhnwjl/mnt/vol0/My Documents/FOOTPRINTING/NT/Nmapnt/nmapNT-src/nmap-fingerprinting-article.txt
File Name                       : nmap-fingerprinting-article.txt
File Type                       : TXT
======== /tmp/agentic-sift-evidence-mhmhnwjl/mnt/vol0/My Documents/FOOTPRINTING/NT/Nmapnt/nmapNT-src/nmap.deprecated.txt
File Name                       : nmap.deprecated.txt
File Type                       : TXT
======== /tmp/agentic-sift-evidence-mhmhnwjl/mnt/vol0/My Documents/FOOTPRINTING/NT/Nmapnt/nmapNT-src/nmap.usage.txt
File Name                       : nmap.usage.txt
File Type                       : TXT
======== /tmp/agentic-sift-evidence-mhmhnwjl/mnt/vol0/My Documents/FOOTPRINTING/NT/Nmapnt/nmapNT-src/nmap_doc.html
File Name                       : nmap_doc.html
File Type                       : HTML
======== /tmp/agentic-sift-evidence-mhmhnwjl/mnt/vol0/My Documents/FOOTPRINTING/NT/Nmapnt/nmapNT-src/nmap_manpage-es.html
File Name                       : nmap_manpage-es.html
File Type                       : HTML
======== /tmp/agentic-sift-evidence-mhmhnwjl/mnt/vol0/My Documents/FOOTPRINTING/NT/Nmapnt/nmapNT-src/nmap_manpage-fr.html
File Name                       : nmap_manpage-fr.html
File Type                       : HTML
======== /tmp/agentic-sift-evidence-mhmhnwjl/mnt/vol0/My Documents/FOOTPRINTING/NT/Nmapnt/nmapNT-src/nmap_manpage.html
File Name                       : nmap_manpage.html
File Type                       : HTML
======== /tmp/agentic-sift-evidence-mhmhnwjl/mnt/vol0/My Documents/FOOTPRINTING/NT/Nmapnt/nmapNT.exe
File Name                       : nmapNT.exe
File Type                       : Win32 EXE
======== /tmp/agentic-sift-evidence-mhmhnwjl/mnt/vol0/My Documents/FOOTPRINTING/NT/nmapntsp1.zip
File Name                       : nmapntsp1.zip
File Type                       : ZIP
======== /tmp/agentic-sift-evidence-mhmhnwjl/mnt/vol0/My Documents/FOOTPRINTING/NT/NSTPro2/nstp2kr2.zip
File Name                       : nstp2kr2.zip
File Type                       : ZIP
======== /tmp/agentic-sift-evidence-mhmhnwjl/mnt/vol0/My Documents/FOOTPRINTING/NT/NSTPro2/setup.bmp
File Name                       : setup.bmp
File Type                       : BMP
======== /tmp/agentic-sift-evidence-mhmhnwjl/mnt/vol0/My Documents/FOOTPRINTING/NT/NSTPro2/SETUP.EXE
File Name                       : SETUP.EXE
File Type                       : Win16 EXE
======== /tmp/agentic-sift-evidence-mhmhnwjl/mnt/vol0/My Documents/FOOTPRINTING/NT/NSTPro2/_ISDEL.EXE
File Name                       : _ISDEL.EXE
File Type                       : Win16 EXE
======== /tmp/agentic-sift-evidence-mhmhnwjl/mnt/vol0/My Documents/FOOTPRINTING/NT/NSTPro2/_SETUP.DLL
File Name                       : _SETUP.DLL
======== /tmp/agentic-sift-evidence-mhmhnwjl/mnt/vol0/My Documents/FOOTPRINTING/NT/spade114.exe
File Name                       : spade114.exe
File Type                       : Win32 EXE
======== /tmp/agentic-sift-evidence-mhmhnwjl/mnt/vol0/My Documents/FOOTPRINTING/NT/superscan/superscan.exe
File Name                       : superscan.exe
File Type                       : Win32 EXE
======== /tmp/agentic-sift-evidence-mhmhnwjl/mnt/vol0/My Documents/FOOTPRINTING/NT/vr54a.exe
File Name                       : vr54a.exe
File Type                       : Win32 EXE
======== /tmp/agentic-sift-evidence-mhmhnwjl/mnt/vol0/My Documents/FOOTPRINTING/NT/wspingpropack/v201v210(2).exe
File Name                       : v201v210(2).exe
File Type                       : Win16 EXE
======== /tmp/agentic-sift-evidence-mhmhnwjl/mnt/vol0/My Documents/FOOTPRINTING/NT/wspingpropack/wsp_eval.exe
File Name                       : wsp_eval.exe
File Type                       : Win32 EXE
======== /tmp/agentic-sift-evidence-mhmhnwjl/mnt/vol0/My Documents/FOOTPRINTING/UNIX/readme.txt
File Name                       : readme.txt
File Type                       : TXT
======== /tmp/agentic-sift-evidence-mhmhnwjl/mnt/vol0/My Documents/MISCELLANEOUS/MSSQL/ISQLW.EXE
File Name                       : ISQLW.EXE
File Type                       : Win32 EXE
======== /tmp/agentic-sift-evidence-mhmhnwjl/mnt/vol0/My Documents/MISCELLANEOUS/MSSQL/NTWDBLIB.DLL
File Name                       : NTWDBLIB.DLL
File Type                       : Win32 DLL
======== /tmp/agentic-sift-evidence-mhmhnwjl/mnt/vol0/My Documents/MISCELLANEOUS/MSSQL/SQLGUI32.DLL
File Name                       : SQLGUI32.DLL
File Type                       : Win32 DLL
======== /tmp/agentic-sift-evidence-mhmhnwjl/mnt/vol0/My Documents/MISCELLANEOUS/MSSQL/SQLQRY32.DLL
File Name                       : SQLQRY32.DLL
File Type                       : Win32 DLL
======== /tmp/agentic-sift-evidence-mhmhnwjl/mnt/vol0/My Documents/MISCELLANEOUS/MSSQL/SQLSVC32.DLL
File Name                       : SQLSVC32.DLL
File Type                       : Win32 DLL
======== /tmp/agentic-sift-evidence-mhmhnwjl/mnt/vol0/My Documents/MISCELLANEOUS/PhoneSweep/Sandstorm Enterprises, Inc..url
File Name                       : Sandstorm Enterprises, Inc..url
File Type                       : TXT
======== /tmp/agentic-sift-evidence-mhmhnwjl/mnt/vol0/My Documents/MISCELLANEOUS/ToneLoc.zip
File Name                       : ToneLoc.zip
File Type                       : ZIP
======== /tmp/agentic-sift-evidence-mhmhnwjl/mnt/vol0/My Documents/NOVELL/BINDERY.DOC
File Name                       : BINDERY.DOC
======== /tmp/agentic-sift-evidence-mhmhnwjl/mnt/vol0/My Documents/NOVELL/BINDERY.EXE
File Name                       : BINDERY.EXE
File Type                       : DOS EXE
======== /tmp/agentic-sift-evidence-mhmhnwjl/mnt/vol0/My Documents/NOVELL/bindery.zip
File Name                       : bindery.zip
File Type                       : ZIP
======== /tmp/agentic-sift-evidence-mhmhnwjl/mnt/vol0/My Documents/NOVELL/BINDIN.EXE
File Name                       : BINDIN.EXE
File Type                       : DOS EXE
======== /tmp/agentic-sift-evidence-mhmhnwjl/mnt/vol0/My Documents/NOVELL/CHKNULL.EXE
File Name                       : CHKNULL.EXE
File Type                       : DOS EXE
======== /tmp/agentic-sift-evidence-mhmhnwjl/mnt/vol0/My Documents/NOVELL/dsbrowse.exe
File Name                       : dsbrowse.exe
File Type                       : Win16 EXE
======== /tmp/agentic-sift-evidence-mhmhnwjl/mnt/vol0/My Documents/NOVELL/hack.exe
File Name                       : hack.exe
File Type                       : DOS EXE
======== /tmp/agentic-sift-evidence-mhmhnwjl/mnt/vol0/My Documents/NOVELL/ndssnoop.exe
File Name                       : ndssnoop.exe
File Type                       : Win32 EXE
======== /tmp/agentic-sift-evidence-mhmhnwjl/mnt/vol0/My Documents/NOVELL/Nut18/NDELFILE.EXE
File Name                       : NDELFILE.EXE
File Type                       : DOS EXE
======== /tmp/agentic-sift-evidence-mhmhnwjl/mnt/vol0/My Documents/NOVELL/Nut18/NOPNFILE.EXE
File Name                       : NOPNFILE.EXE
File Type                       : DOS EXE
======== /tmp/agentic-sift-evidence-mhmhnwjl/mnt/vol0/My Documents/NOVELL/Nut18/ADVERT.TXT
File Name                       : ADVERT.TXT
File Type                       : TXT
======== /tmp/agentic-sift-evidence-mhmhnwjl/mnt/vol0/My Documents/NOVELL/Nut18/NADDRESS.EXE
File Name                       : NADDRESS.EXE
File Type                       : DOS EXE
======== /tmp/agentic-sift-evidence-mhmhnwjl/mnt/vol0/My Documents/NOVELL/Nut18/NALLCARD.EXE
File Name                       : NALLCARD.EXE
File Type                       : DOS EXE
======== /tmp/agentic-sift-evidence-mhmhnwjl/mnt/vol0/My Documents/NOVELL/Nut18/NASKRPRN.EXE
File Name                       : NASKRPRN.EXE
File Type                       : DOS EXE
======== /tmp/agentic-sift-evidence-mhmhnwjl/mnt/vol0/My Documents/NOVELL/Nut18/NCARD.EXE
File Name                       : NCARD.EXE
File Type                       : DOS EXE
======== /tmp/agentic-sift-evidence-mhmhnwjl/mnt/vol0/My Documents/NOVELL/Nut18/NCHGOWN.EXE
File Name                       : NCHGOWN.EXE
File Type                       : DOS EXE
======== /tmp/agentic-sift-evidence-mhmhnwjl/mnt/vol0/My Documents/NOVELL/Nut18/NCHKCSYS.EXE
File Name                       : NCHKCSYS.EXE
File Type                       : DOS EXE
======== /tmp/agentic-sift-evidence-mhmhnwjl/mnt/vol0/My Documents/NOVELL/Nut18/NCHKMODM.EXE
File Name                       : NCHKMODM.EXE
File Type                       : DOS EXE
======== /tmp/agentic-sift-evidence-mhmhnwjl/mnt/vol0/My Documents/NOVELL/Nut18/NCHKPASS.EXE
File Name                       : NCHKPASS.EXE
File Type                       : DOS EXE
======== /tmp/agentic-sift-evidence-mhmhnwjl/mnt/vol0/My Documents/NOVELL/Nut18/NCHKRPRN.EXE
File Name                       : NCHKRPRN.EXE
File Type                       : DOS EXE
======== /tmp/agentic-sift-evidence-mhmhnwjl/mnt/vol0/My Documents/NOVELL/Nut18/NCMPDATE.EXE
File Name                       : NCMPDATE.EXE
File Type                       : DOS EXE
======== /tmp/agentic-sift-evidence-mhmhnwjl/mnt/vol0/My Documents/NOVELL/Nut18/NCMPDRVR.EXE
File Name                       : NCMPDRVR.EXE
File Type                       : DOS EXE
======== /tmp/agentic-sift-evidence-mhmhnwjl/mnt/vol0/My Documents/NOVELL/Nut18/NCOPYIPX.EXE
File Name                       : NCOPYIPX.EXE
File Type                       : DOS EXE
======== /tmp/agentic-sift-evidence-mhmhnwjl/mnt/vol0/My Documents/NOVELL/Nut18/NCOPYNEW.EXE
File Name                       : NCOPYNEW.EXE
File Type                       : DOS EXE
======== /tmp/agentic-sift-evidence-mhmhnwjl/mnt/vol0/My Documents/NOVELL/Nut18/NCOPYSCR.EXE
File Name                       : NCOPYSCR.EXE
File Type                       : DOS EXE
======== /tmp/agentic-sift-evidence-mhmhnwjl/mnt/vol0/My Documents/NOVELL/Nut18/NCPY2SUB.EXE
File Name                       : NCPY2SUB.EXE
File Type                       : DOS EXE
======== /tmp/agentic-sift-evidence-mhmhnwjl/mnt/vol0/My Documents/NOVELL/Nut18/NDATEDIR.EXE
File Name                       : NDATEDIR.EXE
File Type                       : DOS EXE
======== /tmp/agentic-sift-evidence-mhmhnwjl/mnt/vol0/My Documents/NOVELL/Nut18/NDELAY.EXE
File Name                       : NDELAY.EXE
File Type                       : DOS EXE
======== /tmp/agentic-sift-evidence-mhmhnwjl/mnt/vol0/My Documents/NOVELL/Nut18/NDELPRNJ.EXE
File Name                       : NDELPRNJ.EXE
File Type                       : DOS EXE
======== /tmp/agentic-sift-evidence-mhmhnwjl/mnt/vol0/My Documents/NOVELL/Nut18/NDISK.EXE
File Name                       : NDISK.EXE
File Type                       : DOS EXE
======== /tmp/agentic-sift-evidence-mhmhnwjl/mnt/vol0/My Documents/NOVELL/Nut18/NDOSVER.EXE
File Name                       : NDOSVER.EXE
File Type                       : DOS EXE
======== /tmp/agentic-sift-evidence-mhmhnwjl/mnt/vol0/My Documents/NOVELL/Nut18/NEMSMEM.EXE
File Name                       : NEMSMEM.EXE
File Type                       : DOS EXE
======== /tmp/agentic-sift-evidence-mhmhnwjl/mnt/vol0/My Documents/NOVELL/Nut18/NEQUA.EXE
File Name                       : NEQUA.EXE
File Type                       : DOS EXE
======== /tmp/agentic-sift-evidence-mhmhnwjl/mnt/vol0/My Documents/NOVELL/Nut18/NEXPIRE.EXE
File Name                       : NEXPIRE.EXE
File Type                       : DOS EXE
======== /tmp/agentic-sift-evidence-mhmhnwjl/mnt/vol0/My Documents/NOVELL/Nut18/NEXTMEM.EXE
File Name                       : NEXTMEM.EXE
File Type                       : DOS EXE
======== /tmp/agentic-sift-evidence-mhmhnwjl/mnt/vol0/My Documents/NOVELL/Nut18/NFINDMSG.EXE
File Name                       : NFINDMSG.EXE
File Type                       : DOS EXE
======== /tmp/agentic-sift-evidence-mhmhnwjl/mnt/vol0/My Documents/NOVELL/Nut18/NGETTIME.EXE
File Name                       : NGETTIME.EXE
File Type                       : DOS EXE
======== /tmp/agentic-sift-evidence-mhmhnwjl/mnt/vol0/My Documents/NOVELL/Nut18/NGROUP.EXE
File Name                       : NGROUP.EXE
File Type                       : DOS EXE
======== /tmp/agentic-sift-evidence-mhmhnwjl/mnt/vol0/My Documents/NOVELL/Nut18/NINVENT.EXE
File Name                       : NINVENT.EXE
File Type                       : DOS EXE
======== /tmp/agentic-sift-evidence-mhmhnwjl/mnt/vol0/My Documents/NOVELL/Nut18/NLOGADDR.EXE
File Name                       : NLOGADDR.EXE
File Type                       : DOS EXE
======== /tmp/agentic-sift-evidence-mhmhnwjl/mnt/vol0/My Documents/NOVELL/Nut18/NLOGEVT.EXE
File Name                       : NLOGEVT.EXE
File Type                       : DOS EXE
======== /tmp/agentic-sift-evidence-mhmhnwjl/mnt/vol0/My Documents/NOVELL/Nut18/NLOGMSG.EXE
File Name                       : NLOGMSG.EXE
File Type                       : DOS EXE
======== /tmp/agentic-sift-evidence-mhmhnwjl/mnt/vol0/My Documents/NOVELL/Nut18/NMANPCON.EXE
File Name                       : NMANPCON.EXE
File Type                       : DOS EXE
======== /tmp/agentic-sift-evidence-mhmhnwjl/mnt/vol0/My Documents/NOVELL/Nut18/NMARK.EXE
File Name                       : NMARK.EXE
File Type                       : DOS EXE
======== /tmp/agentic-sift-evidence-mhmhnwjl/mnt/vol0/My Documents/NOVELL/Nut18/NMEM.EXE
File Name                       : NMEM.EXE
File Type                       : DOS EXE
======== /tmp/agentic-sift-evidence-mhmhnwjl/mnt/vol0/My Documents/NOVELL/Nut18/NMHS2TXT.EXE
File Name                       : NMHS2TXT.EXE
File Type                       : DOS EXE
======== /tmp/agentic-sift-evidence-mhmhnwjl/mnt/vol0/My Documents/NOVELL/Nut18/NPHONE.EXE
File Name                       : NPHONE.EXE
File Type                       : DOS EXE
======== /tmp/agentic-sift-evidence-mhmhnwjl/mnt/vol0/My Documents/NOVELL/Nut18/NQUOTES.EXE
File Name                       : NQUOTES.EXE
File Type                       : DOS EXE
======== /tmp/agentic-sift-evidence-mhmhnwjl/mnt/vol0/My Documents/NOVELL/Nut18/NQUOTES.TXT
File Name                       : NQUOTES.TXT
File Type                       : TXT
======== /tmp/agentic-sift-evidence-mhmhnwjl/mnt/vol0/My Documents/NOVELL/Nut18/NRPTBIND.EXE
File Name                       : NRPTBIND.EXE
File Type                       : DOS EXE
======== /tmp/agentic-sift-evidence-mhmhnwjl/mnt/vol0/My Documents/NOVELL/Nut18/NRPTCONN.EXE
File Name                       : NRPTCONN.EXE
File Type                       : DOS EXE
======== /tmp/agentic-sift-evidence-mhmhnwjl/mnt/vol0/My Documents/NOVELL/Nut18/NRPTEQUA.EXE
File Name                       : NRPTEQUA.EXE
File Type                       : DOS EXE
======== /tmp/agentic-sift-evidence-mhmhnwjl/mnt/vol0/My Documents/NOVELL/Nut18/NRPTMHS.EXE
File Name                       : NRPTMHS.EXE
File Type                       : DOS EXE
======== /tmp/agentic-sift-evidence-mhmhnwjl/mnt/vol0/My Documents/NOVELL/Nut18/NRPTMHSU.EXE
File Name                       : NRPTMHSU.EXE
File Type                       : DOS EXE
======== /tmp/agentic-sift-evidence-mhmhnwjl/mnt/vol0/My Documents/NOVELL/Nut18/NRPTOWN.EXE
File Name                       : NRPTOWN.EXE
File Type                       : DOS EXE
======== /tmp/agentic-sift-evidence-mhmhnwjl/mnt/vol0/My Documents/NOVELL/Nut18/NRPTPCON.EXE
File Name                       : NRPTPCON.EXE
File Type                       : DOS EXE
======== /tmp/agentic-sift-evidence-mhmhnwjl/mnt/vol0/My Documents/NOVELL/Nut18/NRPTSCRP.EXE
File Name                       : NRPTSCRP.EXE
File Type                       : DOS EXE
======== /tmp/agentic-sift-evidence-mhmhnwjl/mnt/vol0/My Documents/NOVELL/Nut18/NRPTSUB.EXE
File Name                       : NRPTSUB.EXE
File Type                       : DOS EXE
======== /tmp/agentic-sift-evidence-mhmhnwjl/mnt/vol0/My Documents/NOVELL/Nut18/NSCANDIR.EXE
File Name                       : NSCANDIR.EXE
File Type                       : DOS EXE
======== /tmp/agentic-sift-evidence-mhmhnwjl/mnt/vol0/My Documents/NOVELL/Nut18/NSCRIPT.EXE
File Name                       : NSCRIPT.EXE
File Type                       : DOS EXE
======== /tmp/agentic-sift-evidence-mhmhnwjl/mnt/vol0/My Documents/NOVELL/Nut18/NSELPRNJ.EXE
File Name                       : NSELPRNJ.EXE
File Type                       : DOS EXE
======== /tmp/agentic-sift-evidence-mhmhnwjl/mnt/vol0/My Documents/NOVELL/Nut18/NSETTIME.EXE
File Name                       : NSETTIME.EXE
File Type                       : DOS EXE
======== /tmp/agentic-sift-evidence-mhmhnwjl/mnt/vol0/My Documents/NOVELL/Nut18/NSLIST.EXE
File Name                       : NSLIST.EXE
File Type                       : DOS EXE
======== /tmp/agentic-sift-evidence-mhmhnwjl/mnt/vol0/My Documents/NOVELL/Nut18/NSTRING.EXE
File Name                       : NSTRING.EXE
File Type                       : DOS EXE
======== /tmp/agentic-sift-evidence-mhmhnwjl/mnt/vol0/My Documents/NOVELL/Nut18/NSUBOWN.EXE
File Name                       : NSUBOWN.EXE
File Type                       : DOS EXE
======== /tmp/agentic-sift-evidence-mhmhnwjl/mnt/vol0/My Documents/NOVELL/Nut18/NTRAFFIC.EXE
File Name                       : NTRAFFIC.EXE
File Type                       : DOS EXE
======== /tmp/agentic-sift-evidence-mhmhnwjl/mnt/vol0/My Documents/NOVELL/Nut18/NUTIL.DOC
File Name                       : NUTIL.DOC
File Type                       : TXT
======== /tmp/agentic-sift-evidence-mhmhnwjl/mnt/vol0/My Documents/NOVELL/Nut18/NXMSMEM.EXE
File Name                       : NXMSMEM.EXE
File Type                       : DOS EXE
======== /tmp/agentic-sift-evidence-mhmhnwjl/mnt/vol0/My Documents/NOVELL/Nut18/SHELLUP.ZIP
File Name                       : SHELLUP.ZIP
File Type                       : ZIP
======== /tmp/agentic-sift-evidence-mhmhnwjl/mnt/vol0/My Documents/NOVELL/Nut18/SUMMARY.DOC
File Name                       : SUMMARY.DOC
File Type                       : TXT
======== /tmp/agentic-sift-evidence-mhmhnwjl/mnt/vol0/My Documents/NOVELL/Nut18/ULIST.EXE
File Name                       : ULIST.EXE
File Type                       : DOS EXE
======== /tmp/agentic-sift-evidence-mhmhnwjl/mnt/vol0/My Documents/NOVELL/readme.txt
File Name                       : readme.txt
File Type                       : TXT
======== /tmp/agentic-sift-evidence-mhmhnwjl/mnt/vol0/My Documents/NOVELL/snlist.exe
File Name                       : snlist.exe
File Type                       : DOS EXE
======== /tmp/agentic-sift-evidence-mhmhnwjl/mnt/vol0/My Documents/NOVELL/USERDUMP.EXE
File Name                       : USERDUMP.EXE
File Type                       : DOS EXE
======== /tmp/agentic-sift-evidence-mhmhnwjl/mnt/vol0/My Documents/NOVELL/USERINFO.DOC
File Name                       : USERINFO.DOC
======== /tmp/agentic-sift-evidence-mhmhnwjl/mnt/vol0/My Documents/NOVELL/USERINFO.EXE
File Name                       : USERINFO.EXE
File Type                       : DOS EXE
======== /tmp/agentic-sift-evidence-mhmhnwjl/mnt/vol0/My Documents/NOVELL/view.exe
File Name                       : view.exe
File Type                       : DOS EXE
  107 directories scanned
  393 image files read
