/tmp/agentic-sift-evidence-mhmhnwjl/mnt/vol0/Documents and Settings/Mr. Evil
/tmp/agentic-sift-evidence-mhmhnwjl/mnt/vol0/Documents and Settings/Mr. Evil/.gtk-bookmarks
/tmp/agentic-sift-evidence-mhmhnwjl/mnt/vol0/Documents and Settings/Mr. Evil/Application Data
/tmp/agentic-sift-evidence-mhmhnwjl/mnt/vol0/Documents and Settings/Mr. Evil/Application Data/desktop.ini
/tmp/agentic-sift-evidence-mhmhnwjl/mnt/vol0/Documents and Settings/Mr. Evil/Application Data/Ethereal
/tmp/agentic-sift-evidence-mhmhnwjl/mnt/vol0/Documents and Settings/Mr. Evil/Application Data/Identities
/tmp/agentic-sift-evidence-mhmhnwjl/mnt/vol0/Documents and Settings/Mr. Evil/Application Data/Microsoft
/tmp/agentic-sift-evidence-mhmhnwjl/mnt/vol0/Documents and Settings/Mr. Evil/Cookies
/tmp/agentic-sift-evidence-mhmhnwjl/mnt/vol0/Documents and Settings/Mr. Evil/Cookies/mr. evil@www.drudgereport[1].txt
/tmp/agentic-sift-evidence-mhmhnwjl/mnt/vol0/Documents and Settings/Mr. Evil/Cookies/index.dat
/tmp/agentic-sift-evidence-mhmhnwjl/mnt/vol0/Documents and Settings/Mr. Evil/Cookies/mr. evil@advertising[2].txt
/tmp/agentic-sift-evidence-mhmhnwjl/mnt/vol0/Documents and Settings/Mr. Evil/Cookies/mr. evil@atdmt[2].txt
/tmp/agentic-sift-evidence-mhmhnwjl/mnt/vol0/Documents and Settings/Mr. Evil/Cookies/mr. evil@atwola[2].txt
/tmp/agentic-sift-evidence-mhmhnwjl/mnt/vol0/Documents and Settings/Mr. Evil/Cookies/mr. evil@centrport[1].txt
/tmp/agentic-sift-evidence-mhmhnwjl/mnt/vol0/Documents and Settings/Mr. Evil/Cookies/mr. evil@cnn[1].txt
/tmp/agentic-sift-evidence-mhmhnwjl/mnt/vol0/Documents and Settings/Mr. Evil/Cookies/mr. evil@doubleclick[1].txt
/tmp/agentic-sift-evidence-mhmhnwjl/mnt/vol0/Documents and Settings/Mr. Evil/Cookies/mr. evil@fastclick[1].txt
/tmp/agentic-sift-evidence-mhmhnwjl/mnt/vol0/Documents and Settings/Mr. Evil/Cookies/mr. evil@google[1].txt
/tmp/agentic-sift-evidence-mhmhnwjl/mnt/vol0/Documents and Settings/Mr. Evil/Cookies/mr. evil@list[1].txt
/tmp/agentic-sift-evidence-mhmhnwjl/mnt/vol0/Documents and Settings/Mr. Evil/Cookies/mr. evil@maktoob[1].txt
/tmp/agentic-sift-evidence-mhmhnwjl/mnt/vol0/Documents and Settings/Mr. Evil/Cookies/mr. evil@microsoft[1].txt
/tmp/agentic-sift-evidence-mhmhnwjl/mnt/vol0/Documents and Settings/Mr. Evil/Cookies/mr. evil@msn[2].txt
/tmp/agentic-sift-evidence-mhmhnwjl/mnt/vol0/Documents and Settings/Mr. Evil/Cookies/mr. evil@revenue[2].txt
/tmp/agentic-sift-evidence-mhmhnwjl/mnt/vol0/Documents and Settings/Mr. Evil/Cookies/mr. evil@search.msn[1].txt
/tmp/agentic-sift-evidence-mhmhnwjl/mnt/vol0/Documents and Settings/Mr. Evil/Cookies/mr. evil@servedby.advertising[2].txt
/tmp/agentic-sift-evidence-mhmhnwjl/mnt/vol0/Documents and Settings/Mr. Evil/Cookies/mr. evil@sj9[1].txt
/tmp/agentic-sift-evidence-mhmhnwjl/mnt/vol0/Documents and Settings/Mr. Evil/Cookies/mr. evil@tribalfusion[1].txt
/tmp/agentic-sift-evidence-mhmhnwjl/mnt/vol0/Documents and Settings/Mr. Evil/Cookies/mr. evil@www.cnn[1].txt
/tmp/agentic-sift-evidence-mhmhnwjl/mnt/vol0/Documents and Settings/Mr. Evil/Cookies/mr. evil@www.maktoob[2].txt
/tmp/agentic-sift-evidence-mhmhnwjl/mnt/vol0/Documents and Settings/Mr. Evil/Cookies/mr. evil@www.netstumbler[2].txt
/tmp/agentic-sift-evidence-mhmhnwjl/mnt/vol0/Documents and Settings/Mr. Evil/Cookies/mr. evil@yahoo[1].txt
/tmp/agentic-sift-evidence-mhmhnwjl/mnt/vol0/Documents and Settings/Mr. Evil/Cookies/mr[1].txt
/tmp/agentic-sift-evidence-mhmhnwjl/mnt/vol0/Documents and Settings/Mr. Evil/Cookies/mr[2].txt
/tmp/agentic-sift-evidence-mhmhnwjl/mnt/vol0/Documents and Settings/Mr. Evil/Desktop
/tmp/agentic-sift-evidence-mhmhnwjl/mnt/vol0/Documents and Settings/Mr. Evil/Desktop/Tools
/tmp/agentic-sift-evidence-mhmhnwjl/mnt/vol0/Documents and Settings/Mr. Evil/Favorites
/tmp/agentic-sift-evidence-mhmhnwjl/mnt/vol0/Documents and Settings/Mr. Evil/Favorites/Desktop.ini
/tmp/agentic-sift-evidence-mhmhnwjl/mnt/vol0/Documents and Settings/Mr. Evil/Favorites/Links
/tmp/agentic-sift-evidence-mhmhnwjl/mnt/vol0/Documents and Settings/Mr. Evil/Favorites/MSN.com.url
/tmp/agentic-sift-evidence-mhmhnwjl/mnt/vol0/Documents and Settings/Mr. Evil/Favorites/Radio Station Guide.url
/tmp/agentic-sift-evidence-mhmhnwjl/mnt/vol0/Documents and Settings/Mr. Evil/interception
/tmp/agentic-sift-evidence-mhmhnwjl/mnt/vol0/Documents and Settings/Mr. Evil/Local Settings
/tmp/agentic-sift-evidence-mhmhnwjl/mnt/vol0/Documents and Settings/Mr. Evil/Local Settings/Application Data
/tmp/agentic-sift-evidence-mhmhnwjl/mnt/vol0/Documents and Settings/Mr. Evil/Local Settings/desktop.ini
/tmp/agentic-sift-evidence-mhmhnwjl/mnt/vol0/Documents and Settings/Mr. Evil/Local Settings/History
/tmp/agentic-sift-evidence-mhmhnwjl/mnt/vol0/Documents and Settings/Mr. Evil/Local Settings/Temp
/tmp/agentic-sift-evidence-mhmhnwjl/mnt/vol0/Documents and Settings/Mr. Evil/Local Settings/Temporary Internet Files
/tmp/agentic-sift-evidence-mhmhnwjl/mnt/vol0/Documents and Settings/Mr. Evil/My Documents
/tmp/agentic-sift-evidence-mhmhnwjl/mnt/vol0/Documents and Settings/Mr. Evil/My Documents/desktop.ini
/tmp/agentic-sift-evidence-mhmhnwjl/mnt/vol0/Documents and Settings/Mr. Evil/My Documents/My Music
/tmp/agentic-sift-evidence-mhmhnwjl/mnt/vol0/Documents and Settings/Mr. Evil/My Documents/My Pictures
/tmp/agentic-sift-evidence-mhmhnwjl/mnt/vol0/Documents and Settings/Mr. Evil/NetHood
/tmp/agentic-sift-evidence-mhmhnwjl/mnt/vol0/Documents and Settings/Mr. Evil/NetHood/a on Andrews-1
/tmp/agentic-sift-evidence-mhmhnwjl/mnt/vol0/Documents and Settings/Mr. Evil/NetHood/andrews (c) on Andrews-1
/tmp/agentic-sift-evidence-mhmhnwjl/mnt/vol0/Documents and Settings/Mr. Evil/NetHood/CD Drive (F) on Andrews-1
/tmp/agentic-sift-evidence-mhmhnwjl/mnt/vol0/Documents and Settings/Mr. Evil/NetHood/d on Andrews-1
/tmp/agentic-sift-evidence-mhmhnwjl/mnt/vol0/Documents and Settings/Mr. Evil/NetHood/e on Andrews-1
/tmp/agentic-sift-evidence-mhmhnwjl/mnt/vol0/Documents and Settings/Mr. Evil/NetHood/Temp on m1200 (4.12.220.254)
/tmp/agentic-sift-evidence-mhmhnwjl/mnt/vol0/Documents and Settings/Mr. Evil/NetHood/Temp on N-1a9odn6zxk4lq
/tmp/agentic-sift-evidence-mhmhnwjl/mnt/vol0/Documents and Settings/Mr. Evil/NTUSER.DAT
/tmp/agentic-sift-evidence-mhmhnwjl/mnt/vol0/Documents and Settings/Mr. Evil/ntuser.dat.LOG
/tmp/agentic-sift-evidence-mhmhnwjl/mnt/vol0/Documents and Settings/Mr. Evil/ntuser.ini
/tmp/agentic-sift-evidence-mhmhnwjl/mnt/vol0/Documents and Settings/Mr. Evil/PrintHood
/tmp/agentic-sift-evidence-mhmhnwjl/mnt/vol0/Documents and Settings/Mr. Evil/Recent
/tmp/agentic-sift-evidence-mhmhnwjl/mnt/vol0/Documents and Settings/Mr. Evil/Recent/Anonyymizer.lnk
/tmp/agentic-sift-evidence-mhmhnwjl/mnt/vol0/Documents and Settings/Mr. Evil/Recent/channels (2).lnk
/tmp/agentic-sift-evidence-mhmhnwjl/mnt/vol0/Documents and Settings/Mr. Evil/Recent/channels.lnk
/tmp/agentic-sift-evidence-mhmhnwjl/mnt/vol0/Documents and Settings/Mr. Evil/Recent/Desktop.ini
/tmp/agentic-sift-evidence-mhmhnwjl/mnt/vol0/Documents and Settings/Mr. Evil/Recent/GhostWare.lnk
/tmp/agentic-sift-evidence-mhmhnwjl/mnt/vol0/Documents and Settings/Mr. Evil/Recent/keys.lnk
/tmp/agentic-sift-evidence-mhmhnwjl/mnt/vol0/Documents and Settings/Mr. Evil/Recent/Receipt.lnk
/tmp/agentic-sift-evidence-mhmhnwjl/mnt/vol0/Documents and Settings/Mr. Evil/Recent/Temp on m1200 (4.12.220.254).lnk
/tmp/agentic-sift-evidence-mhmhnwjl/mnt/vol0/Documents and Settings/Mr. Evil/Recent/yng13.lnk
/tmp/agentic-sift-evidence-mhmhnwjl/mnt/vol0/Documents and Settings/Mr. Evil/SendTo
/tmp/agentic-sift-evidence-mhmhnwjl/mnt/vol0/Documents and Settings/Mr. Evil/SendTo/Compressed (zipped) Folder.ZFSendToTarget
/tmp/agentic-sift-evidence-mhmhnwjl/mnt/vol0/Documents and Settings/Mr. Evil/SendTo/Desktop (create shortcut).DeskLink
/tmp/agentic-sift-evidence-mhmhnwjl/mnt/vol0/Documents and Settings/Mr. Evil/SendTo/desktop.ini
/tmp/agentic-sift-evidence-mhmhnwjl/mnt/vol0/Documents and Settings/Mr. Evil/SendTo/Mail Recipient.MAPIMail
/tmp/agentic-sift-evidence-mhmhnwjl/mnt/vol0/Documents and Settings/Mr. Evil/SendTo/My Documents.mydocs
/tmp/agentic-sift-evidence-mhmhnwjl/mnt/vol0/Documents and Settings/Mr. Evil/Start Menu
/tmp/agentic-sift-evidence-mhmhnwjl/mnt/vol0/Documents and Settings/Mr. Evil/Start Menu/desktop.ini
/tmp/agentic-sift-evidence-mhmhnwjl/mnt/vol0/Documents and Settings/Mr. Evil/Start Menu/Programs
/tmp/agentic-sift-evidence-mhmhnwjl/mnt/vol0/Documents and Settings/Mr. Evil/Templates
/tmp/agentic-sift-evidence-mhmhnwjl/mnt/vol0/Documents and Settings/Mr. Evil/Templates/amipro.sam
/tmp/agentic-sift-evidence-mhmhnwjl/mnt/vol0/Documents and Settings/Mr. Evil/Templates/excel.xls
/tmp/agentic-sift-evidence-mhmhnwjl/mnt/vol0/Documents and Settings/Mr. Evil/Templates/excel4.xls
/tmp/agentic-sift-evidence-mhmhnwjl/mnt/vol0/Documents and Settings/Mr. Evil/Templates/lotus.wk4
/tmp/agentic-sift-evidence-mhmhnwjl/mnt/vol0/Documents and Settings/Mr. Evil/Templates/powerpnt.ppt
/tmp/agentic-sift-evidence-mhmhnwjl/mnt/vol0/Documents and Settings/Mr. Evil/Templates/presenta.shw
/tmp/agentic-sift-evidence-mhmhnwjl/mnt/vol0/Documents and Settings/Mr. Evil/Templates/quattro.wb2
/tmp/agentic-sift-evidence-mhmhnwjl/mnt/vol0/Documents and Settings/Mr. Evil/Templates/sndrec.wav
/tmp/agentic-sift-evidence-mhmhnwjl/mnt/vol0/Documents and Settings/Mr. Evil/Templates/winword.doc
/tmp/agentic-sift-evidence-mhmhnwjl/mnt/vol0/Documents and Settings/Mr. Evil/Templates/winword2.doc
/tmp/agentic-sift-evidence-mhmhnwjl/mnt/vol0/Documents and Settings/Mr. Evil/Templates/wordpfct.wpd
/tmp/agentic-sift-evidence-mhmhnwjl/mnt/vol0/Documents and Settings/Mr. Evil/Templates/wordpfct.wpg
