/tmp/agentic-sift-evidence-mhmhnwjl/mnt/vol0
/tmp/agentic-sift-evidence-mhmhnwjl/mnt/vol0/DETLOG.TXT
/tmp/agentic-sift-evidence-mhmhnwjl/mnt/vol0/Documents and Settings
/tmp/agentic-sift-evidence-mhmhnwjl/mnt/vol0/Documents and Settings/All Users
/tmp/agentic-sift-evidence-mhmhnwjl/mnt/vol0/Documents and Settings/Default User
/tmp/agentic-sift-evidence-mhmhnwjl/mnt/vol0/Documents and Settings/LocalService
/tmp/agentic-sift-evidence-mhmhnwjl/mnt/vol0/Documents and Settings/Mr. Evil
/tmp/agentic-sift-evidence-mhmhnwjl/mnt/vol0/Documents and Settings/NetworkService
/tmp/agentic-sift-evidence-mhmhnwjl/mnt/vol0/FRUNLOG.TXT
/tmp/agentic-sift-evidence-mhmhnwjl/mnt/vol0/hiberfil.sys
/tmp/agentic-sift-evidence-mhmhnwjl/mnt/vol0/IO.SYS
/tmp/agentic-sift-evidence-mhmhnwjl/mnt/vol0/MSDOS.---
/tmp/agentic-sift-evidence-mhmhnwjl/mnt/vol0/MSDOS.SYS
/tmp/agentic-sift-evidence-mhmhnwjl/mnt/vol0/My Documents
/tmp/agentic-sift-evidence-mhmhnwjl/mnt/vol0/My Documents/ARCHIVE
/tmp/agentic-sift-evidence-mhmhnwjl/mnt/vol0/My Documents/COMMANDS
/tmp/agentic-sift-evidence-mhmhnwjl/mnt/vol0/My Documents/desktop.ini
/tmp/agentic-sift-evidence-mhmhnwjl/mnt/vol0/My Documents/DICTIONARIES
/tmp/agentic-sift-evidence-mhmhnwjl/mnt/vol0/My Documents/ENUMERATION
/tmp/agentic-sift-evidence-mhmhnwjl/mnt/vol0/My Documents/EXPLOITATION
/tmp/agentic-sift-evidence-mhmhnwjl/mnt/vol0/My Documents/FOOTPRINTING
/tmp/agentic-sift-evidence-mhmhnwjl/mnt/vol0/My Documents/MISCELLANEOUS
/tmp/agentic-sift-evidence-mhmhnwjl/mnt/vol0/My Documents/NOVELL
/tmp/agentic-sift-evidence-mhmhnwjl/mnt/vol0/NETLOG.TXT
/tmp/agentic-sift-evidence-mhmhnwjl/mnt/vol0/ntdetect.com
/tmp/agentic-sift-evidence-mhmhnwjl/mnt/vol0/ntldr
/tmp/agentic-sift-evidence-mhmhnwjl/mnt/vol0/pagefile.sys
/tmp/agentic-sift-evidence-mhmhnwjl/mnt/vol0/Program Files
/tmp/agentic-sift-evidence-mhmhnwjl/mnt/vol0/Program Files/MSN
/tmp/agentic-sift-evidence-mhmhnwjl/mnt/vol0/Program Files/123WASP
/tmp/agentic-sift-evidence-mhmhnwjl/mnt/vol0/Program Files/Accessories
/tmp/agentic-sift-evidence-mhmhnwjl/mnt/vol0/Program Files/Agent
/tmp/agentic-sift-evidence-mhmhnwjl/mnt/vol0/Program Files/Anonymizer
/tmp/agentic-sift-evidence-mhmhnwjl/mnt/vol0/Program Files/Cain
/tmp/agentic-sift-evidence-mhmhnwjl/mnt/vol0/Program Files/CHAT
/tmp/agentic-sift-evidence-mhmhnwjl/mnt/vol0/Program Files/Common Files
/tmp/agentic-sift-evidence-mhmhnwjl/mnt/vol0/Program Files/ComPlus Applications
/tmp/agentic-sift-evidence-mhmhnwjl/mnt/vol0/Program Files/desktop.ini
/tmp/agentic-sift-evidence-mhmhnwjl/mnt/vol0/Program Files/DirectX
/tmp/agentic-sift-evidence-mhmhnwjl/mnt/vol0/Program Files/Ethereal
/tmp/agentic-sift-evidence-mhmhnwjl/mnt/vol0/Program Files/Faber Toys
/tmp/agentic-sift-evidence-mhmhnwjl/mnt/vol0/Program Files/folder.htt
/tmp/agentic-sift-evidence-mhmhnwjl/mnt/vol0/Program Files/GlobalSCAPE
/tmp/agentic-sift-evidence-mhmhnwjl/mnt/vol0/Program Files/Internet Explorer
/tmp/agentic-sift-evidence-mhmhnwjl/mnt/vol0/Program Files/Look@LAN
/tmp/agentic-sift-evidence-mhmhnwjl/mnt/vol0/Program Files/Messenger
/tmp/agentic-sift-evidence-mhmhnwjl/mnt/vol0/Program Files/microsoft frontpage
/tmp/agentic-sift-evidence-mhmhnwjl/mnt/vol0/Program Files/mIRC
/tmp/agentic-sift-evidence-mhmhnwjl/mnt/vol0/Program Files/Movie Maker
/tmp/agentic-sift-evidence-mhmhnwjl/mnt/vol0/Program Files/MSN Gaming Zone
/tmp/agentic-sift-evidence-mhmhnwjl/mnt/vol0/Program Files/NetMeeting
/tmp/agentic-sift-evidence-mhmhnwjl/mnt/vol0/Program Files/Network Stumbler
/tmp/agentic-sift-evidence-mhmhnwjl/mnt/vol0/Program Files/Online Services
/tmp/agentic-sift-evidence-mhmhnwjl/mnt/vol0/Program Files/Outlook Express
/tmp/agentic-sift-evidence-mhmhnwjl/mnt/vol0/Program Files/PLUS!
/tmp/agentic-sift-evidence-mhmhnwjl/mnt/vol0/Program Files/Uninstall Information
/tmp/agentic-sift-evidence-mhmhnwjl/mnt/vol0/Program Files/Whois
/tmp/agentic-sift-evidence-mhmhnwjl/mnt/vol0/Program Files/Windows Media Player
/tmp/agentic-sift-evidence-mhmhnwjl/mnt/vol0/Program Files/Windows NT
/tmp/agentic-sift-evidence-mhmhnwjl/mnt/vol0/Program Files/WindowsUpdate
/tmp/agentic-sift-evidence-mhmhnwjl/mnt/vol0/Program Files/WinPcap
/tmp/agentic-sift-evidence-mhmhnwjl/mnt/vol0/Program Files/xerox
/tmp/agentic-sift-evidence-mhmhnwjl/mnt/vol0/RECYCLER
/tmp/agentic-sift-evidence-mhmhnwjl/mnt/vol0/RECYCLER/S-1-5-21-2000478354-688789844-1708537768-1003
/tmp/agentic-sift-evidence-mhmhnwjl/mnt/vol0/SETUPLOG.TXT
/tmp/agentic-sift-evidence-mhmhnwjl/mnt/vol0/SUHDLOG.DAT
/tmp/agentic-sift-evidence-mhmhnwjl/mnt/vol0/System Volume Information
/tmp/agentic-sift-evidence-mhmhnwjl/mnt/vol0/System Volume Information/tracking.log
/tmp/agentic-sift-evidence-mhmhnwjl/mnt/vol0/SYSTEM.1ST
/tmp/agentic-sift-evidence-mhmhnwjl/mnt/vol0/Temp
/tmp/agentic-sift-evidence-mhmhnwjl/mnt/vol0/VIDEOROM.BIN
/tmp/agentic-sift-evidence-mhmhnwjl/mnt/vol0/WIN98
/tmp/agentic-sift-evidence-mhmhnwjl/mnt/vol0/WIN98/WIN98_53.CAB
/tmp/agentic-sift-evidence-mhmhnwjl/mnt/vol0/WIN98/WIN98_54.CAB
/tmp/agentic-sift-evidence-mhmhnwjl/mnt/vol0/WIN98/WIN98_55.CAB
/tmp/agentic-sift-evidence-mhmhnwjl/mnt/vol0/WIN98/WIN98_56.CAB
/tmp/agentic-sift-evidence-mhmhnwjl/mnt/vol0/WIN98/WIN98_57.CAB
/tmp/agentic-sift-evidence-mhmhnwjl/mnt/vol0/WIN98/WIN98_58.CAB
/tmp/agentic-sift-evidence-mhmhnwjl/mnt/vol0/WIN98/WIN98_59.CAB
/tmp/agentic-sift-evidence-mhmhnwjl/mnt/vol0/WIN98/WIN98_60.CAB
/tmp/agentic-sift-evidence-mhmhnwjl/mnt/vol0/WIN98/WIN98_61.CAB
/tmp/agentic-sift-evidence-mhmhnwjl/mnt/vol0/WIN98/WIN98_62.CAB
/tmp/agentic-sift-evidence-mhmhnwjl/mnt/vol0/WIN98/WIN98_63.CAB
/tmp/agentic-sift-evidence-mhmhnwjl/mnt/vol0/WIN98/WIN98_64.CAB
/tmp/agentic-sift-evidence-mhmhnwjl/mnt/vol0/WIN98/WIN98_65.CAB
/tmp/agentic-sift-evidence-mhmhnwjl/mnt/vol0/WIN98/WIN98_66.CAB
/tmp/agentic-sift-evidence-mhmhnwjl/mnt/vol0/WIN98/WIN98_67.CAB
/tmp/agentic-sift-evidence-mhmhnwjl/mnt/vol0/WIN98/WIN98_68.CAB
/tmp/agentic-sift-evidence-mhmhnwjl/mnt/vol0/WIN98/WIN98_69.CAB
/tmp/agentic-sift-evidence-mhmhnwjl/mnt/vol0/WIN98/WIN98_70.CAB
/tmp/agentic-sift-evidence-mhmhnwjl/mnt/vol0/WIN98/WIN98_71.CAB
/tmp/agentic-sift-evidence-mhmhnwjl/mnt/vol0/WIN98/WIN98_72.CAB
/tmp/agentic-sift-evidence-mhmhnwjl/mnt/vol0/WIN98/WIN98_73.CAB
/tmp/agentic-sift-evidence-mhmhnwjl/mnt/vol0/WIN98/WIN98_74.CAB
/tmp/agentic-sift-evidence-mhmhnwjl/mnt/vol0/WIN98/WIN98_OL.CAB
/tmp/agentic-sift-evidence-mhmhnwjl/mnt/vol0/WIN98/XMSMMGR.EXE
/tmp/agentic-sift-evidence-mhmhnwjl/mnt/vol0/WIN98/BASE4.CAB
/tmp/agentic-sift-evidence-mhmhnwjl/mnt/vol0/WIN98/BASE5.CAB
/tmp/agentic-sift-evidence-mhmhnwjl/mnt/vol0/WIN98/BASE6.CAB
/tmp/agentic-sift-evidence-mhmhnwjl/mnt/vol0/WIN98/CATALOG3.CAB
/tmp/agentic-sift-evidence-mhmhnwjl/mnt/vol0/WIN98/CHL99.CAB
/tmp/agentic-sift-evidence-mhmhnwjl/mnt/vol0/WIN98/DELTEMP.COM
/tmp/agentic-sift-evidence-mhmhnwjl/mnt/vol0/WIN98/DOSSETUP.BIN
/tmp/agentic-sift-evidence-mhmhnwjl/mnt/vol0/WIN98/DRIVER11.CAB
/tmp/agentic-sift-evidence-mhmhnwjl/mnt/vol0/WIN98/DRIVER12.CAB
/tmp/agentic-sift-evidence-mhmhnwjl/mnt/vol0/WIN98/DRIVER13.CAB
/tmp/agentic-sift-evidence-mhmhnwjl/mnt/vol0/WIN98/DRIVER14.CAB
/tmp/agentic-sift-evidence-mhmhnwjl/mnt/vol0/WIN98/DRIVER15.CAB
/tmp/agentic-sift-evidence-mhmhnwjl/mnt/vol0/WIN98/DRIVER16.CAB
/tmp/agentic-sift-evidence-mhmhnwjl/mnt/vol0/WIN98/DRIVER17.CAB
/tmp/agentic-sift-evidence-mhmhnwjl/mnt/vol0/WIN98/DRIVER18.CAB
/tmp/agentic-sift-evidence-mhmhnwjl/mnt/vol0/WIN98/DRIVER19.CAB
/tmp/agentic-sift-evidence-mhmhnwjl/mnt/vol0/WIN98/DRIVER20.CAB
/tmp/agentic-sift-evidence-mhmhnwjl/mnt/vol0/WIN98/EXTRACT.EXE
/tmp/agentic-sift-evidence-mhmhnwjl/mnt/vol0/WIN98/INTL.TXT
/tmp/agentic-sift-evidence-mhmhnwjl/mnt/vol0/WIN98/MINI.CAB
/tmp/agentic-sift-evidence-mhmhnwjl/mnt/vol0/WIN98/NET10.CAB
/tmp/agentic-sift-evidence-mhmhnwjl/mnt/vol0/WIN98/NET7.CAB
/tmp/agentic-sift-evidence-mhmhnwjl/mnt/vol0/WIN98/NET8.CAB
/tmp/agentic-sift-evidence-mhmhnwjl/mnt/vol0/WIN98/NET9.CAB
/tmp/agentic-sift-evidence-mhmhnwjl/mnt/vol0/WIN98/OEMSETUP.BIN
/tmp/agentic-sift-evidence-mhmhnwjl/mnt/vol0/WIN98/OEMSETUP.EXE
/tmp/agentic-sift-evidence-mhmhnwjl/mnt/vol0/WIN98/PRECOPY1.CAB
/tmp/agentic-sift-evidence-mhmhnwjl/mnt/vol0/WIN98/PRECOPY2.CAB
/tmp/agentic-sift-evidence-mhmhnwjl/mnt/vol0/WIN98/SAVE32.COM
/tmp/agentic-sift-evidence-mhmhnwjl/mnt/vol0/WIN98/SCANDISK.EXE
/tmp/agentic-sift-evidence-mhmhnwjl/mnt/vol0/WIN98/SCANDISK.PIF
/tmp/agentic-sift-evidence-mhmhnwjl/mnt/vol0/WIN98/SCANPROG.EXE
/tmp/agentic-sift-evidence-mhmhnwjl/mnt/vol0/WIN98/SCANREG.EXE
/tmp/agentic-sift-evidence-mhmhnwjl/mnt/vol0/WIN98/SETUP.EXE
/tmp/agentic-sift-evidence-mhmhnwjl/mnt/vol0/WIN98/SETUP.TXT
/tmp/agentic-sift-evidence-mhmhnwjl/mnt/vol0/WIN98/SETUP0.WAV
/tmp/agentic-sift-evidence-mhmhnwjl/mnt/vol0/WIN98/SETUP1.WAV
/tmp/agentic-sift-evidence-mhmhnwjl/mnt/vol0/WIN98/SMARTDRV.EXE
/tmp/agentic-sift-evidence-mhmhnwjl/mnt/vol0/WIN98/SUBACK.BIN
/tmp/agentic-sift-evidence-mhmhnwjl/mnt/vol0/WIN98/SUCATREG.EXE
/tmp/agentic-sift-evidence-mhmhnwjl/mnt/vol0/WIN98/SUHELPER.BIN
/tmp/agentic-sift-evidence-mhmhnwjl/mnt/vol0/WIN98/W98SETUP.BIN
/tmp/agentic-sift-evidence-mhmhnwjl/mnt/vol0/WIN98/WB16OFF.EXE
/tmp/agentic-sift-evidence-mhmhnwjl/mnt/vol0/WIN98/WIN98_21.CAB
/tmp/agentic-sift-evidence-mhmhnwjl/mnt/vol0/WIN98/WIN98_22.CAB
/tmp/agentic-sift-evidence-mhmhnwjl/mnt/vol0/WIN98/WIN98_23.CAB
/tmp/agentic-sift-evidence-mhmhnwjl/mnt/vol0/WIN98/WIN98_24.CAB
/tmp/agentic-sift-evidence-mhmhnwjl/mnt/vol0/WIN98/WIN98_25.CAB
/tmp/agentic-sift-evidence-mhmhnwjl/mnt/vol0/WIN98/WIN98_26.CAB
/tmp/agentic-sift-evidence-mhmhnwjl/mnt/vol0/WIN98/WIN98_27.CAB
/tmp/agentic-sift-evidence-mhmhnwjl/mnt/vol0/WIN98/WIN98_28.CAB
/tmp/agentic-sift-evidence-mhmhnwjl/mnt/vol0/WIN98/WIN98_29.CAB
/tmp/agentic-sift-evidence-mhmhnwjl/mnt/vol0/WIN98/WIN98_30.CAB
/tmp/agentic-sift-evidence-mhmhnwjl/mnt/vol0/WIN98/WIN98_31.CAB
/tmp/agentic-sift-evidence-mhmhnwjl/mnt/vol0/WIN98/WIN98_32.CAB
/tmp/agentic-sift-evidence-mhmhnwjl/mnt/vol0/WIN98/WIN98_34.CAB
/tmp/agentic-sift-evidence-mhmhnwjl/mnt/vol0/WIN98/WIN98_35.CAB
/tmp/agentic-sift-evidence-mhmhnwjl/mnt/vol0/WIN98/WIN98_36.CAB
/tmp/agentic-sift-evidence-mhmhnwjl/mnt/vol0/WIN98/WIN98_37.CAB
/tmp/agentic-sift-evidence-mhmhnwjl/mnt/vol0/WIN98/WIN98_38.CAB
/tmp/agentic-sift-evidence-mhmhnwjl/mnt/vol0/WIN98/WIN98_39.CAB
/tmp/agentic-sift-evidence-mhmhnwjl/mnt/vol0/WIN98/WIN98_40.CAB
/tmp/agentic-sift-evidence-mhmhnwjl/mnt/vol0/WIN98/WIN98_41.CAB
/tmp/agentic-sift-evidence-mhmhnwjl/mnt/vol0/WIN98/WIN98_42.CAB
/tmp/agentic-sift-evidence-mhmhnwjl/mnt/vol0/WIN98/WIN98_43.CAB
/tmp/agentic-sift-evidence-mhmhnwjl/mnt/vol0/WIN98/WIN98_44.CAB
/tmp/agentic-sift-evidence-mhmhnwjl/mnt/vol0/WIN98/WIN98_45.CAB
/tmp/agentic-sift-evidence-mhmhnwjl/mnt/vol0/WIN98/WIN98_46.CAB
/tmp/agentic-sift-evidence-mhmhnwjl/mnt/vol0/WIN98/WIN98_47.CAB
/tmp/agentic-sift-evidence-mhmhnwjl/mnt/vol0/WIN98/WIN98_48.CAB
/tmp/agentic-sift-evidence-mhmhnwjl/mnt/vol0/WIN98/WIN98_49.CAB
/tmp/agentic-sift-evidence-mhmhnwjl/mnt/vol0/WIN98/WIN98_50.CAB
/tmp/agentic-sift-evidence-mhmhnwjl/mnt/vol0/WIN98/WIN98_51.CAB
/tmp/agentic-sift-evidence-mhmhnwjl/mnt/vol0/WIN98/FORMAT.COM
/tmp/agentic-sift-evidence-mhmhnwjl/mnt/vol0/WIN98/SETUP2.WAV
/tmp/agentic-sift-evidence-mhmhnwjl/mnt/vol0/WIN98/WIN98_33.CAB
/tmp/agentic-sift-evidence-mhmhnwjl/mnt/vol0/WIN98/WIN98_52.CAB
/tmp/agentic-sift-evidence-mhmhnwjl/mnt/vol0/WINDOWS
/tmp/agentic-sift-evidence-mhmhnwjl/mnt/vol0/WINDOWS/msgsocm.log
/tmp/agentic-sift-evidence-mhmhnwjl/mnt/vol0/WINDOWS/msmqinst.log
/tmp/agentic-sift-evidence-mhmhnwjl/mnt/vol0/WINDOWS/mui
/tmp/agentic-sift-evidence-mhmhnwjl/mnt/vol0/WINDOWS/NOTEPAD.EXE
/tmp/agentic-sift-evidence-mhmhnwjl/mnt/vol0/WINDOWS/ntdtcsetup.log
/tmp/agentic-sift-evidence-mhmhnwjl/mnt/vol0/WINDOWS/ocgen.log
/tmp/agentic-sift-evidence-mhmhnwjl/mnt/vol0/WINDOWS/ocmsn.log
/tmp/agentic-sift-evidence-mhmhnwjl/mnt/vol0/WINDOWS/ODBCINST.INI
/tmp/agentic-sift-evidence-mhmhnwjl/mnt/vol0/WINDOWS/OEWABLog.txt
/tmp/agentic-sift-evidence-mhmhnwjl/mnt/vol0/WINDOWS/Offline Web Pages
/tmp/agentic-sift-evidence-mhmhnwjl/mnt/vol0/WINDOWS/PCHEALTH
/tmp/agentic-sift-evidence-mhmhnwjl/mnt/vol0/WINDOWS/Prairie Wind.bmp
/tmp/agentic-sift-evidence-mhmhnwjl/mnt/vol0/WINDOWS/Prefetch
/tmp/agentic-sift-evidence-mhmhnwjl/mnt/vol0/WINDOWS/regedit.exe
/tmp/agentic-sift-evidence-mhmhnwjl/mnt/vol0/WINDOWS/Registration
/tmp/agentic-sift-evidence-mhmhnwjl/mnt/vol0/WINDOWS/0.log
/tmp/agentic-sift-evidence-mhmhnwjl/mnt/vol0/WINDOWS/addins
/tmp/agentic-sift-evidence-mhmhnwjl/mnt/vol0/WINDOWS/AppPatch
/tmp/agentic-sift-evidence-mhmhnwjl/mnt/vol0/WINDOWS/Blue Lace 16.bmp
/tmp/agentic-sift-evidence-mhmhnwjl/mnt/vol0/WINDOWS/bootstat.dat
/tmp/agentic-sift-evidence-mhmhnwjl/mnt/vol0/WINDOWS/clock.avi
/tmp/agentic-sift-evidence-mhmhnwjl/mnt/vol0/WINDOWS/Coffee Bean.bmp
/tmp/agentic-sift-evidence-mhmhnwjl/mnt/vol0/WINDOWS/comsetup.log
/tmp/agentic-sift-evidence-mhmhnwjl/mnt/vol0/WINDOWS/Config
/tmp/agentic-sift-evidence-mhmhnwjl/mnt/vol0/WINDOWS/Connection Wizard
/tmp/agentic-sift-evidence-mhmhnwjl/mnt/vol0/WINDOWS/control.ini
/tmp/agentic-sift-evidence-mhmhnwjl/mnt/vol0/WINDOWS/Cursors
/tmp/agentic-sift-evidence-mhmhnwjl/mnt/vol0/WINDOWS/Debug
/tmp/agentic-sift-evidence-mhmhnwjl/mnt/vol0/WINDOWS/desktop.ini
/tmp/agentic-sift-evidence-mhmhnwjl/mnt/vol0/WINDOWS/Downloaded Installations
/tmp/agentic-sift-evidence-mhmhnwjl/mnt/vol0/WINDOWS/Downloaded Program Files
/tmp/agentic-sift-evidence-mhmhnwjl/mnt/vol0/WINDOWS/Driver Cache
/tmp/agentic-sift-evidence-mhmhnwjl/mnt/vol0/WINDOWS/DtcInstall.log
/tmp/agentic-sift-evidence-mhmhnwjl/mnt/vol0/WINDOWS/explorer.exe
/tmp/agentic-sift-evidence-mhmhnwjl/mnt/vol0/WINDOWS/setuplog.txt
/tmp/agentic-sift-evidence-mhmhnwjl/mnt/vol0/WINDOWS/Soap Bubbles.bmp
/tmp/agentic-sift-evidence-mhmhnwjl/mnt/vol0/WINDOWS/srchasst
/tmp/agentic-sift-evidence-mhmhnwjl/mnt/vol0/WINDOWS/Sti_Trace.log
/tmp/agentic-sift-evidence-mhmhnwjl/mnt/vol0/WINDOWS/system
/tmp/agentic-sift-evidence-mhmhnwjl/mnt/vol0/WINDOWS/system.ini
/tmp/agentic-sift-evidence-mhmhnwjl/mnt/vol0/WINDOWS/system32
/tmp/agentic-sift-evidence-mhmhnwjl/mnt/vol0/WINDOWS/TASKMAN.EXE
/tmp/agentic-sift-evidence-mhmhnwjl/mnt/vol0/WINDOWS/Tasks
/tmp/agentic-sift-evidence-mhmhnwjl/mnt/vol0/WINDOWS/Temp
/tmp/agentic-sift-evidence-mhmhnwjl/mnt/vol0/WINDOWS/tsoc.log
/tmp/agentic-sift-evidence-mhmhnwjl/mnt/vol0/WINDOWS/twain.dll
/tmp/agentic-sift-evidence-mhmhnwjl/mnt/vol0/WINDOWS/twain_32
/tmp/agentic-sift-evidence-mhmhnwjl/mnt/vol0/WINDOWS/twain_32.dll
/tmp/agentic-sift-evidence-mhmhnwjl/mnt/vol0/WINDOWS/twunk_16.exe
/tmp/agentic-sift-evidence-mhmhnwjl/mnt/vol0/WINDOWS/twunk_32.exe
/tmp/agentic-sift-evidence-mhmhnwjl/mnt/vol0/WINDOWS/FaxSetup.log
/tmp/agentic-sift-evidence-mhmhnwjl/mnt/vol0/WINDOWS/FeatherTexture.bmp
/tmp/agentic-sift-evidence-mhmhnwjl/mnt/vol0/WINDOWS/Fonts
/tmp/agentic-sift-evidence-mhmhnwjl/mnt/vol0/WINDOWS/Gone Fishing.bmp
/tmp/agentic-sift-evidence-mhmhnwjl/mnt/vol0/WINDOWS/Greenstone.bmp
/tmp/agentic-sift-evidence-mhmhnwjl/mnt/vol0/WINDOWS/Help
/tmp/agentic-sift-evidence-mhmhnwjl/mnt/vol0/WINDOWS/hh.exe
/tmp/agentic-sift-evidence-mhmhnwjl/mnt/vol0/WINDOWS/iis6.log
/tmp/agentic-sift-evidence-mhmhnwjl/mnt/vol0/WINDOWS/ime
/tmp/agentic-sift-evidence-mhmhnwjl/mnt/vol0/WINDOWS/imsins.log
/tmp/agentic-sift-evidence-mhmhnwjl/mnt/vol0/WINDOWS/inf
/tmp/agentic-sift-evidence-mhmhnwjl/mnt/vol0/WINDOWS/Installer
/tmp/agentic-sift-evidence-mhmhnwjl/mnt/vol0/WINDOWS/iun6002.exe
/tmp/agentic-sift-evidence-mhmhnwjl/mnt/vol0/WINDOWS/java
/tmp/agentic-sift-evidence-mhmhnwjl/mnt/vol0/WINDOWS/Look@LAN Setup Log.txt
/tmp/agentic-sift-evidence-mhmhnwjl/mnt/vol0/WINDOWS/Media
/tmp/agentic-sift-evidence-mhmhnwjl/mnt/vol0/WINDOWS/msagent
/tmp/agentic-sift-evidence-mhmhnwjl/mnt/vol0/WINDOWS/msapps
/tmp/agentic-sift-evidence-mhmhnwjl/mnt/vol0/WINDOWS/explorer.scf
/tmp/agentic-sift-evidence-mhmhnwjl/mnt/vol0/WINDOWS/msdfmap.ini
/tmp/agentic-sift-evidence-mhmhnwjl/mnt/vol0/WINDOWS/REGLOCS.OLD
/tmp/agentic-sift-evidence-mhmhnwjl/mnt/vol0/WINDOWS/setuperr.log
/tmp/agentic-sift-evidence-mhmhnwjl/mnt/vol0/WINDOWS/vb.ini
/tmp/agentic-sift-evidence-mhmhnwjl/mnt/vol0/WINDOWS/regopt.log
/tmp/agentic-sift-evidence-mhmhnwjl/mnt/vol0/WINDOWS/repair
/tmp/agentic-sift-evidence-mhmhnwjl/mnt/vol0/WINDOWS/Resources
/tmp/agentic-sift-evidence-mhmhnwjl/mnt/vol0/WINDOWS/Rhododendron.bmp
/tmp/agentic-sift-evidence-mhmhnwjl/mnt/vol0/WINDOWS/River Sumida.bmp
/tmp/agentic-sift-evidence-mhmhnwjl/mnt/vol0/WINDOWS/Santa Fe Stucco.bmp
/tmp/agentic-sift-evidence-mhmhnwjl/mnt/vol0/WINDOWS/SchedLgU.Txt
/tmp/agentic-sift-evidence-mhmhnwjl/mnt/vol0/WINDOWS/security
/tmp/agentic-sift-evidence-mhmhnwjl/mnt/vol0/WINDOWS/sessmgr.setup.log
/tmp/agentic-sift-evidence-mhmhnwjl/mnt/vol0/WINDOWS/SET3.tmp
/tmp/agentic-sift-evidence-mhmhnwjl/mnt/vol0/WINDOWS/SET7.tmp
/tmp/agentic-sift-evidence-mhmhnwjl/mnt/vol0/WINDOWS/setupact.log
/tmp/agentic-sift-evidence-mhmhnwjl/mnt/vol0/WINDOWS/setupapi.log
/tmp/agentic-sift-evidence-mhmhnwjl/mnt/vol0/WINDOWS/vbaddin.ini
/tmp/agentic-sift-evidence-mhmhnwjl/mnt/vol0/WINDOWS/vmmreg32.dll
/tmp/agentic-sift-evidence-mhmhnwjl/mnt/vol0/WINDOWS/Web
/tmp/agentic-sift-evidence-mhmhnwjl/mnt/vol0/WINDOWS/wiadebug.log
/tmp/agentic-sift-evidence-mhmhnwjl/mnt/vol0/WINDOWS/wiaservc.log
/tmp/agentic-sift-evidence-mhmhnwjl/mnt/vol0/WINDOWS/win.ini
/tmp/agentic-sift-evidence-mhmhnwjl/mnt/vol0/WINDOWS/Windows Update.log
/tmp/agentic-sift-evidence-mhmhnwjl/mnt/vol0/WINDOWS/WindowsShell.Manifest
/tmp/agentic-sift-evidence-mhmhnwjl/mnt/vol0/WINDOWS/winhelp.exe
/tmp/agentic-sift-evidence-mhmhnwjl/mnt/vol0/WINDOWS/winhlp32.exe
/tmp/agentic-sift-evidence-mhmhnwjl/mnt/vol0/WINDOWS/winnt.bmp
/tmp/agentic-sift-evidence-mhmhnwjl/mnt/vol0/WINDOWS/winnt256.bmp
/tmp/agentic-sift-evidence-mhmhnwjl/mnt/vol0/WINDOWS/WinSxS
/tmp/agentic-sift-evidence-mhmhnwjl/mnt/vol0/WINDOWS/WMSysPrx.prx
/tmp/agentic-sift-evidence-mhmhnwjl/mnt/vol0/WINDOWS/Zapotec.bmp
/tmp/agentic-sift-evidence-mhmhnwjl/mnt/vol0/WINDOWS/_default.pif
/tmp/agentic-sift-evidence-mhmhnwjl/mnt/vol0/$AttrDef
/tmp/agentic-sift-evidence-mhmhnwjl/mnt/vol0/$BadClus
/tmp/agentic-sift-evidence-mhmhnwjl/mnt/vol0/$Bitmap
/tmp/agentic-sift-evidence-mhmhnwjl/mnt/vol0/$Boot
/tmp/agentic-sift-evidence-mhmhnwjl/mnt/vol0/$Extend
/tmp/agentic-sift-evidence-mhmhnwjl/mnt/vol0/$Extend/$ObjId
/tmp/agentic-sift-evidence-mhmhnwjl/mnt/vol0/$Extend/$Quota
/tmp/agentic-sift-evidence-mhmhnwjl/mnt/vol0/$Extend/$Reparse
/tmp/agentic-sift-evidence-mhmhnwjl/mnt/vol0/$LogFile
/tmp/agentic-sift-evidence-mhmhnwjl/mnt/vol0/$MFT
/tmp/agentic-sift-evidence-mhmhnwjl/mnt/vol0/$MFTMirr
/tmp/agentic-sift-evidence-mhmhnwjl/mnt/vol0/$Secure
/tmp/agentic-sift-evidence-mhmhnwjl/mnt/vol0/$UpCase
/tmp/agentic-sift-evidence-mhmhnwjl/mnt/vol0/$Volume
/tmp/agentic-sift-evidence-mhmhnwjl/mnt/vol0/AUTOEXEC.BAT
/tmp/agentic-sift-evidence-mhmhnwjl/mnt/vol0/boot.ini
/tmp/agentic-sift-evidence-mhmhnwjl/mnt/vol0/BOOTLOG.PRV
/tmp/agentic-sift-evidence-mhmhnwjl/mnt/vol0/BOOTLOG.TXT
/tmp/agentic-sift-evidence-mhmhnwjl/mnt/vol0/BOOTSECT.DOS
/tmp/agentic-sift-evidence-mhmhnwjl/mnt/vol0/COMMAND.COM
/tmp/agentic-sift-evidence-mhmhnwjl/mnt/vol0/CONFIG.SYS
