MFT Entry Header Values:
Entry: 17        Sequence: 17
$LogFile Sequence Number: 29956965
Allocated Directory
Links: 1

$STANDARD_INFORMATION Attribute Values:
Flags: 
Owner ID: 0
Security ID: 0  ()
Version 6370040 of 468224
Created:	2004-08-18 16:28:38.000000000 (UTC)
File Modified:	2004-08-18 16:28:38.000000000 (UTC)
MFT Modified:	2004-08-18 16:28:38.000000000 (UTC)
Accessed:	2004-08-20 15:26:37.420200300 (UTC)

$FILE_NAME Attribute Values:
Flags: Directory
Name: WIN98
Parent MFT Entry: 5 	Sequence: 5
Allocated Size: 0   	Actual Size: 0
Created:	2004-08-18 16:28:38.000000000 (UTC)
File Modified:	2004-08-18 16:28:38.000000000 (UTC)
MFT Modified:	2004-08-18 16:28:38.000000000 (UTC)
Accessed:	2004-08-18 00:00:00.000000000 (UTC)

Attributes: 
Type: $STANDARD_INFORMATION (16-0)   Name: N/A   Resident   size: 48
Type: $FILE_NAME (48-1)   Name: N/A   Resident   size: 76
Type: $SECURITY_DESCRIPTOR (80-2)   Name: N/A   Resident   size: 264
Type: $INDEX_ROOT (144-3)   Name: $I30   Resident   size: 56
Type: $INDEX_ALLOCATION (160-5)   Name: $I30   Non-Resident   size: 24576  init_size: 24576
2104520 2104521 2104522 2104523 2104524 2104525 2104526 2104527 
2104528 2104529 2104530 2104531 2104532 2104533 2104534 2104535 
2104536 2104537 2104538 2104539 2104540 2104541 2104542 2104543 
2104544 2104545 2104546 2104547 2104548 2104549 2104550 2104551 
2104552 2104553 2104554 2104555 2104556 2104557 2104558 2104559 
2104560 2104561 2104562 2104563 2104564 2104565 2104566 2104567 
Type: $BITMAP (176-4)   Name: $I30   Resident   size: 8
