MFT Entry Header Values:
Entry: 10980        Sequence: 2
$LogFile Sequence Number: 36692553
Allocated File
Links: 1

$STANDARD_INFORMATION Attribute Values:
Flags: Archive
Owner ID: 0
Security ID: 331  (S-1-5-21-2000478354-688789844-1708537768-1003)
Created:	2004-08-20 15:25:48.148208000 (UTC)
File Modified:	2004-08-20 15:25:48.298424000 (UTC)
MFT Modified:	2004-08-20 15:25:48.298424000 (UTC)
Accessed:	2004-08-20 15:25:48.298424000 (UTC)

$FILE_NAME Attribute Values:
Flags: Archive
Name: user.dmp
Parent MFT Entry: 10977 	Sequence: 2
Allocated Size: 0   	Actual Size: 0
Created:	2004-08-20 15:25:48.148208000 (UTC)
File Modified:	2004-08-20 15:25:48.148208000 (UTC)
MFT Modified:	2004-08-20 15:25:48.148208000 (UTC)
Accessed:	2004-08-20 15:25:48.148208000 (UTC)

Attributes: 
Type: $STANDARD_INFORMATION (16-0)   Name: N/A   Resident   size: 72
Type: $FILE_NAME (48-2)   Name: N/A   Resident   size: 82
Type: $DATA (128-3)   Name: N/A   Non-Resident   size: 20023  init_size: 20023
5160889 5160890 5160891 5160892 5160893 5160894 5160895 5160896 
5160897 5160898 5160899 5160900 5160901 5160902 5160903 5160904 
5160905 5160906 5160907 5160908 5160909 5160910 5160911 5160912 
5160913 5160914 5160915 5160916 5160917 5160918 5160919 5160920 
5160921 5160922 5160923 5160924 5160925 5160926 5160927 5160928 
