d /tmp/agentic-sift-evidence-mhmhnwjl/mnt/vol0/WIN98
f /tmp/agentic-sift-evidence-mhmhnwjl/mnt/vol0/WIN98/WIN98_53.CAB
f /tmp/agentic-sift-evidence-mhmhnwjl/mnt/vol0/WIN98/WIN98_54.CAB
f /tmp/agentic-sift-evidence-mhmhnwjl/mnt/vol0/WIN98/WIN98_55.CAB
f /tmp/agentic-sift-evidence-mhmhnwjl/mnt/vol0/WIN98/WIN98_56.CAB
f /tmp/agentic-sift-evidence-mhmhnwjl/mnt/vol0/WIN98/WIN98_57.CAB
f /tmp/agentic-sift-evidence-mhmhnwjl/mnt/vol0/WIN98/WIN98_58.CAB
f /tmp/agentic-sift-evidence-mhmhnwjl/mnt/vol0/WIN98/WIN98_59.CAB
f /tmp/agentic-sift-evidence-mhmhnwjl/mnt/vol0/WIN98/WIN98_60.CAB
f /tmp/agentic-sift-evidence-mhmhnwjl/mnt/vol0/WIN98/WIN98_61.CAB
f /tmp/agentic-sift-evidence-mhmhnwjl/mnt/vol0/WIN98/WIN98_62.CAB
f /tmp/agentic-sift-evidence-mhmhnwjl/mnt/vol0/WIN98/WIN98_63.CAB
f /tmp/agentic-sift-evidence-mhmhnwjl/mnt/vol0/WIN98/WIN98_64.CAB
f /tmp/agentic-sift-evidence-mhmhnwjl/mnt/vol0/WIN98/WIN98_65.CAB
f /tmp/agentic-sift-evidence-mhmhnwjl/mnt/vol0/WIN98/WIN98_66.CAB
f /tmp/agentic-sift-evidence-mhmhnwjl/mnt/vol0/WIN98/WIN98_67.CAB
f /tmp/agentic-sift-evidence-mhmhnwjl/mnt/vol0/WIN98/WIN98_68.CAB
f /tmp/agentic-sift-evidence-mhmhnwjl/mnt/vol0/WIN98/WIN98_69.CAB
f /tmp/agentic-sift-evidence-mhmhnwjl/mnt/vol0/WIN98/WIN98_70.CAB
f /tmp/agentic-sift-evidence-mhmhnwjl/mnt/vol0/WIN98/WIN98_71.CAB
f /tmp/agentic-sift-evidence-mhmhnwjl/mnt/vol0/WIN98/WIN98_72.CAB
f /tmp/agentic-sift-evidence-mhmhnwjl/mnt/vol0/WIN98/WIN98_73.CAB
f /tmp/agentic-sift-evidence-mhmhnwjl/mnt/vol0/WIN98/WIN98_74.CAB
f /tmp/agentic-sift-evidence-mhmhnwjl/mnt/vol0/WIN98/WIN98_OL.CAB
f /tmp/agentic-sift-evidence-mhmhnwjl/mnt/vol0/WIN98/XMSMMGR.EXE
f /tmp/agentic-sift-evidence-mhmhnwjl/mnt/vol0/WIN98/BASE4.CAB
f /tmp/agentic-sift-evidence-mhmhnwjl/mnt/vol0/WIN98/BASE5.CAB
f /tmp/agentic-sift-evidence-mhmhnwjl/mnt/vol0/WIN98/BASE6.CAB
f /tmp/agentic-sift-evidence-mhmhnwjl/mnt/vol0/WIN98/CATALOG3.CAB
f /tmp/agentic-sift-evidence-mhmhnwjl/mnt/vol0/WIN98/CHL99.CAB
f /tmp/agentic-sift-evidence-mhmhnwjl/mnt/vol0/WIN98/DELTEMP.COM
f /tmp/agentic-sift-evidence-mhmhnwjl/mnt/vol0/WIN98/DOSSETUP.BIN
f /tmp/agentic-sift-evidence-mhmhnwjl/mnt/vol0/WIN98/DRIVER11.CAB
f /tmp/agentic-sift-evidence-mhmhnwjl/mnt/vol0/WIN98/DRIVER12.CAB
f /tmp/agentic-sift-evidence-mhmhnwjl/mnt/vol0/WIN98/DRIVER13.CAB
f /tmp/agentic-sift-evidence-mhmhnwjl/mnt/vol0/WIN98/DRIVER14.CAB
f /tmp/agentic-sift-evidence-mhmhnwjl/mnt/vol0/WIN98/DRIVER15.CAB
f /tmp/agentic-sift-evidence-mhmhnwjl/mnt/vol0/WIN98/DRIVER16.CAB
f /tmp/agentic-sift-evidence-mhmhnwjl/mnt/vol0/WIN98/DRIVER17.CAB
f /tmp/agentic-sift-evidence-mhmhnwjl/mnt/vol0/WIN98/DRIVER18.CAB
f /tmp/agentic-sift-evidence-mhmhnwjl/mnt/vol0/WIN98/DRIVER19.CAB
f /tmp/agentic-sift-evidence-mhmhnwjl/mnt/vol0/WIN98/DRIVER20.CAB
f /tmp/agentic-sift-evidence-mhmhnwjl/mnt/vol0/WIN98/EXTRACT.EXE
f /tmp/agentic-sift-evidence-mhmhnwjl/mnt/vol0/WIN98/INTL.TXT
f /tmp/agentic-sift-evidence-mhmhnwjl/mnt/vol0/WIN98/MINI.CAB
f /tmp/agentic-sift-evidence-mhmhnwjl/mnt/vol0/WIN98/NET10.CAB
f /tmp/agentic-sift-evidence-mhmhnwjl/mnt/vol0/WIN98/NET7.CAB
f /tmp/agentic-sift-evidence-mhmhnwjl/mnt/vol0/WIN98/NET8.CAB
f /tmp/agentic-sift-evidence-mhmhnwjl/mnt/vol0/WIN98/NET9.CAB
f /tmp/agentic-sift-evidence-mhmhnwjl/mnt/vol0/WIN98/OEMSETUP.BIN
f /tmp/agentic-sift-evidence-mhmhnwjl/mnt/vol0/WIN98/OEMSETUP.EXE
f /tmp/agentic-sift-evidence-mhmhnwjl/mnt/vol0/WIN98/PRECOPY1.CAB
f /tmp/agentic-sift-evidence-mhmhnwjl/mnt/vol0/WIN98/PRECOPY2.CAB
f /tmp/agentic-sift-evidence-mhmhnwjl/mnt/vol0/WIN98/SAVE32.COM
f /tmp/agentic-sift-evidence-mhmhnwjl/mnt/vol0/WIN98/SCANDISK.EXE
f /tmp/agentic-sift-evidence-mhmhnwjl/mnt/vol0/WIN98/SCANDISK.PIF
f /tmp/agentic-sift-evidence-mhmhnwjl/mnt/vol0/WIN98/SCANPROG.EXE
f /tmp/agentic-sift-evidence-mhmhnwjl/mnt/vol0/WIN98/SCANREG.EXE
f /tmp/agentic-sift-evidence-mhmhnwjl/mnt/vol0/WIN98/SETUP.EXE
f /tmp/agentic-sift-evidence-mhmhnwjl/mnt/vol0/WIN98/SETUP.TXT
f /tmp/agentic-sift-evidence-mhmhnwjl/mnt/vol0/WIN98/SETUP0.WAV
f /tmp/agentic-sift-evidence-mhmhnwjl/mnt/vol0/WIN98/SETUP1.WAV
f /tmp/agentic-sift-evidence-mhmhnwjl/mnt/vol0/WIN98/SMARTDRV.EXE
f /tmp/agentic-sift-evidence-mhmhnwjl/mnt/vol0/WIN98/SUBACK.BIN
f /tmp/agentic-sift-evidence-mhmhnwjl/mnt/vol0/WIN98/SUCATREG.EXE
f /tmp/agentic-sift-evidence-mhmhnwjl/mnt/vol0/WIN98/SUHELPER.BIN
f /tmp/agentic-sift-evidence-mhmhnwjl/mnt/vol0/WIN98/W98SETUP.BIN
f /tmp/agentic-sift-evidence-mhmhnwjl/mnt/vol0/WIN98/WB16OFF.EXE
f /tmp/agentic-sift-evidence-mhmhnwjl/mnt/vol0/WIN98/WIN98_21.CAB
f /tmp/agentic-sift-evidence-mhmhnwjl/mnt/vol0/WIN98/WIN98_22.CAB
f /tmp/agentic-sift-evidence-mhmhnwjl/mnt/vol0/WIN98/WIN98_23.CAB
f /tmp/agentic-sift-evidence-mhmhnwjl/mnt/vol0/WIN98/WIN98_24.CAB
f /tmp/agentic-sift-evidence-mhmhnwjl/mnt/vol0/WIN98/WIN98_25.CAB
f /tmp/agentic-sift-evidence-mhmhnwjl/mnt/vol0/WIN98/WIN98_26.CAB
f /tmp/agentic-sift-evidence-mhmhnwjl/mnt/vol0/WIN98/WIN98_27.CAB
f /tmp/agentic-sift-evidence-mhmhnwjl/mnt/vol0/WIN98/WIN98_28.CAB
f /tmp/agentic-sift-evidence-mhmhnwjl/mnt/vol0/WIN98/WIN98_29.CAB
f /tmp/agentic-sift-evidence-mhmhnwjl/mnt/vol0/WIN98/WIN98_30.CAB
f /tmp/agentic-sift-evidence-mhmhnwjl/mnt/vol0/WIN98/WIN98_31.CAB
f /tmp/agentic-sift-evidence-mhmhnwjl/mnt/vol0/WIN98/WIN98_32.CAB
f /tmp/agentic-sift-evidence-mhmhnwjl/mnt/vol0/WIN98/WIN98_34.CAB
f /tmp/agentic-sift-evidence-mhmhnwjl/mnt/vol0/WIN98/WIN98_35.CAB
f /tmp/agentic-sift-evidence-mhmhnwjl/mnt/vol0/WIN98/WIN98_36.CAB
f /tmp/agentic-sift-evidence-mhmhnwjl/mnt/vol0/WIN98/WIN98_37.CAB
f /tmp/agentic-sift-evidence-mhmhnwjl/mnt/vol0/WIN98/WIN98_38.CAB
f /tmp/agentic-sift-evidence-mhmhnwjl/mnt/vol0/WIN98/WIN98_39.CAB
f /tmp/agentic-sift-evidence-mhmhnwjl/mnt/vol0/WIN98/WIN98_40.CAB
f /tmp/agentic-sift-evidence-mhmhnwjl/mnt/vol0/WIN98/WIN98_41.CAB
f /tmp/agentic-sift-evidence-mhmhnwjl/mnt/vol0/WIN98/WIN98_42.CAB
f /tmp/agentic-sift-evidence-mhmhnwjl/mnt/vol0/WIN98/WIN98_43.CAB
f /tmp/agentic-sift-evidence-mhmhnwjl/mnt/vol0/WIN98/WIN98_44.CAB
f /tmp/agentic-sift-evidence-mhmhnwjl/mnt/vol0/WIN98/WIN98_45.CAB
f /tmp/agentic-sift-evidence-mhmhnwjl/mnt/vol0/WIN98/WIN98_46.CAB
f /tmp/agentic-sift-evidence-mhmhnwjl/mnt/vol0/WIN98/WIN98_47.CAB
f /tmp/agentic-sift-evidence-mhmhnwjl/mnt/vol0/WIN98/WIN98_48.CAB
f /tmp/agentic-sift-evidence-mhmhnwjl/mnt/vol0/WIN98/WIN98_49.CAB
f /tmp/agentic-sift-evidence-mhmhnwjl/mnt/vol0/WIN98/WIN98_50.CAB
f /tmp/agentic-sift-evidence-mhmhnwjl/mnt/vol0/WIN98/WIN98_51.CAB
f /tmp/agentic-sift-evidence-mhmhnwjl/mnt/vol0/WIN98/FORMAT.COM
f /tmp/agentic-sift-evidence-mhmhnwjl/mnt/vol0/WIN98/SETUP2.WAV
f /tmp/agentic-sift-evidence-mhmhnwjl/mnt/vol0/WIN98/WIN98_33.CAB
f /tmp/agentic-sift-evidence-mhmhnwjl/mnt/vol0/WIN98/WIN98_52.CAB
