/tmp/agentic-sift-evidence-mhmhnwjl/mnt/vol0/WINDOWS/Prefetch/123WASP_SETUP.EXE-333BB1F4.pf
/tmp/agentic-sift-evidence-mhmhnwjl/mnt/vol0/WINDOWS/Prefetch/30.EXE-02F7CFE8.pf
/tmp/agentic-sift-evidence-mhmhnwjl/mnt/vol0/WINDOWS/Prefetch/A32-19.EXE-311D8B04.pf
/tmp/agentic-sift-evidence-mhmhnwjl/mnt/vol0/WINDOWS/Prefetch/AGENT.EXE-07F13C20.pf
/tmp/agentic-sift-evidence-mhmhnwjl/mnt/vol0/WINDOWS/Prefetch/AGENTSVR.EXE-002E45AB.pf
/tmp/agentic-sift-evidence-mhmhnwjl/mnt/vol0/WINDOWS/Prefetch/CAIN.EXE-23D61279.pf
/tmp/agentic-sift-evidence-mhmhnwjl/mnt/vol0/WINDOWS/Prefetch/CAIN25B45.EXE-056F3A6E.pf
/tmp/agentic-sift-evidence-mhmhnwjl/mnt/vol0/WINDOWS/Prefetch/CMD.EXE-087B4001.pf
/tmp/agentic-sift-evidence-mhmhnwjl/mnt/vol0/WINDOWS/Prefetch/CUTE3032.EXE-1F409A25.pf
/tmp/agentic-sift-evidence-mhmhnwjl/mnt/vol0/WINDOWS/Prefetch/RUNDLL32.EXE-33D7466C.pf
/tmp/agentic-sift-evidence-mhmhnwjl/mnt/vol0/WINDOWS/Prefetch/RUNDLL32.EXE-35BB92D4.pf
/tmp/agentic-sift-evidence-mhmhnwjl/mnt/vol0/WINDOWS/Prefetch/RUNDLL32.EXE-445649BB.pf
/tmp/agentic-sift-evidence-mhmhnwjl/mnt/vol0/WINDOWS/Prefetch/RUNDLL32.EXE-451FC2C0.pf
/tmp/agentic-sift-evidence-mhmhnwjl/mnt/vol0/WINDOWS/Prefetch/RUNDLL32.EXE-46215CAC.pf
/tmp/agentic-sift-evidence-mhmhnwjl/mnt/vol0/WINDOWS/Prefetch/SETUP.EXE-046E69FA.pf
/tmp/agentic-sift-evidence-mhmhnwjl/mnt/vol0/WINDOWS/Prefetch/SETUP50.EXE-362FF7C9.pf
/tmp/agentic-sift-evidence-mhmhnwjl/mnt/vol0/WINDOWS/Prefetch/SPOOLSV.EXE-282F76A7.pf
/tmp/agentic-sift-evidence-mhmhnwjl/mnt/vol0/WINDOWS/Prefetch/SVCHOST.EXE-3530F672.pf
/tmp/agentic-sift-evidence-mhmhnwjl/mnt/vol0/WINDOWS/Prefetch/TASKMGR.EXE-20256C55.pf
/tmp/agentic-sift-evidence-mhmhnwjl/mnt/vol0/WINDOWS/Prefetch/NETSTUMBLER.EXE-0BFEE568.pf
/tmp/agentic-sift-evidence-mhmhnwjl/mnt/vol0/WINDOWS/Prefetch/NETSTUMBLERINSTALLER_0_4_0.EX-0BD9920C.pf
/tmp/agentic-sift-evidence-mhmhnwjl/mnt/vol0/WINDOWS/Prefetch/NOTEPAD.EXE-336351A9.pf
/tmp/agentic-sift-evidence-mhmhnwjl/mnt/vol0/WINDOWS/Prefetch/NPF_MGM.EXE-189CE5D1.pf
/tmp/agentic-sift-evidence-mhmhnwjl/mnt/vol0/WINDOWS/Prefetch/NTOSBOOT-B00DFAAD.pf
/tmp/agentic-sift-evidence-mhmhnwjl/mnt/vol0/WINDOWS/Prefetch/PING.EXE-31216D26.pf
/tmp/agentic-sift-evidence-mhmhnwjl/mnt/vol0/WINDOWS/Prefetch/POWERTOYSETUP.EXE-312B2326.pf
/tmp/agentic-sift-evidence-mhmhnwjl/mnt/vol0/WINDOWS/Prefetch/REGSVR32.EXE-25EEFE2F.pf
/tmp/agentic-sift-evidence-mhmhnwjl/mnt/vol0/WINDOWS/Prefetch/IEXPLORE.EXE-27122324.pf
/tmp/agentic-sift-evidence-mhmhnwjl/mnt/vol0/WINDOWS/Prefetch/INS6.TMP-22CFFAF5.pf
/tmp/agentic-sift-evidence-mhmhnwjl/mnt/vol0/WINDOWS/Prefetch/IRSETUP.EXE-2E1C7790.pf
/tmp/agentic-sift-evidence-mhmhnwjl/mnt/vol0/WINDOWS/Prefetch/LALSETUP250.EXE-36C95679.pf
/tmp/agentic-sift-evidence-mhmhnwjl/mnt/vol0/WINDOWS/Prefetch/LOGON.SCR-151EFAEA.pf
/tmp/agentic-sift-evidence-mhmhnwjl/mnt/vol0/WINDOWS/Prefetch/LOGONUI.EXE-0AF22957.pf
/tmp/agentic-sift-evidence-mhmhnwjl/mnt/vol0/WINDOWS/Prefetch/LOOKATHOST.EXE-34BB6F8B.pf
/tmp/agentic-sift-evidence-mhmhnwjl/mnt/vol0/WINDOWS/Prefetch/LOOKATLAN.EXE-1F991DD9.pf
/tmp/agentic-sift-evidence-mhmhnwjl/mnt/vol0/WINDOWS/Prefetch/LSASS.EXE-20DB6D1B.pf
/tmp/agentic-sift-evidence-mhmhnwjl/mnt/vol0/WINDOWS/Prefetch/MIRC.EXE-0661EC22.pf
/tmp/agentic-sift-evidence-mhmhnwjl/mnt/vol0/WINDOWS/Prefetch/MIRC612.EXE-02791C37.pf
/tmp/agentic-sift-evidence-mhmhnwjl/mnt/vol0/WINDOWS/Prefetch/MSIEXEC.EXE-2F8A8CAE.pf
/tmp/agentic-sift-evidence-mhmhnwjl/mnt/vol0/WINDOWS/Prefetch/MSIMN.EXE-38BA891D.pf
/tmp/agentic-sift-evidence-mhmhnwjl/mnt/vol0/WINDOWS/Prefetch/MSMSGS.EXE-2B6052DE.pf
/tmp/agentic-sift-evidence-mhmhnwjl/mnt/vol0/WINDOWS/Prefetch/MSOOBE.EXE-30411B02.pf
/tmp/agentic-sift-evidence-mhmhnwjl/mnt/vol0/WINDOWS/Prefetch/DEFRAG.EXE-273F131E.pf
/tmp/agentic-sift-evidence-mhmhnwjl/mnt/vol0/WINDOWS/Prefetch/DFRGNTFS.EXE-269967DF.pf
/tmp/agentic-sift-evidence-mhmhnwjl/mnt/vol0/WINDOWS/Prefetch/DRWTSN32.EXE-2B4B52AC.pf
/tmp/agentic-sift-evidence-mhmhnwjl/mnt/vol0/WINDOWS/Prefetch/DUMPREP.EXE-1B46F901.pf
/tmp/agentic-sift-evidence-mhmhnwjl/mnt/vol0/WINDOWS/Prefetch/DWWIN.EXE-30875ADC.pf
/tmp/agentic-sift-evidence-mhmhnwjl/mnt/vol0/WINDOWS/Prefetch/ETHEREAL-SETUP-0.10.6.EXE-1D932600.pf
/tmp/agentic-sift-evidence-mhmhnwjl/mnt/vol0/WINDOWS/Prefetch/ETHEREAL.EXE-1C148EEF.pf
/tmp/agentic-sift-evidence-mhmhnwjl/mnt/vol0/WINDOWS/Prefetch/EXPLORER.EXE-082F38A9.pf
/tmp/agentic-sift-evidence-mhmhnwjl/mnt/vol0/WINDOWS/Prefetch/FABER TOYS.EXE-286A3C88.pf
/tmp/agentic-sift-evidence-mhmhnwjl/mnt/vol0/WINDOWS/Prefetch/FABERTOYS_FULLSETUP.EXE-316A62F8.pf
/tmp/agentic-sift-evidence-mhmhnwjl/mnt/vol0/WINDOWS/Prefetch/FTINIT.EXE-0441E9C9.pf
/tmp/agentic-sift-evidence-mhmhnwjl/mnt/vol0/WINDOWS/Prefetch/GLJ15.TMP-2FFB7B2A.pf
/tmp/agentic-sift-evidence-mhmhnwjl/mnt/vol0/WINDOWS/Prefetch/HELPSVC.EXE-2878DDA2.pf
/tmp/agentic-sift-evidence-mhmhnwjl/mnt/vol0/WINDOWS/Prefetch/HH.EXE-2D1A70B3.pf
/tmp/agentic-sift-evidence-mhmhnwjl/mnt/vol0/WINDOWS/Prefetch/ICWCONN1.EXE-24884676.pf
/tmp/agentic-sift-evidence-mhmhnwjl/mnt/vol0/WINDOWS/Prefetch/DAEMON_MGM.EXE-3B573ED8.pf
/tmp/agentic-sift-evidence-mhmhnwjl/mnt/vol0/WINDOWS/Prefetch/IE4UINIT.EXE-169A5A39.pf
/tmp/agentic-sift-evidence-mhmhnwjl/mnt/vol0/WINDOWS/Prefetch/MSTINIT.EXE-39813B24.pf
/tmp/agentic-sift-evidence-mhmhnwjl/mnt/vol0/WINDOWS/Prefetch/RUNDLL32.EXE-304A2AEA.pf
/tmp/agentic-sift-evidence-mhmhnwjl/mnt/vol0/WINDOWS/Prefetch/TELNET.EXE-24182D40.pf
/tmp/agentic-sift-evidence-mhmhnwjl/mnt/vol0/WINDOWS/Prefetch/UNINSTALL.EXE-0D9C8DD2.pf
/tmp/agentic-sift-evidence-mhmhnwjl/mnt/vol0/WINDOWS/Prefetch/UNREGMP2.EXE-07CACB61.pf
/tmp/agentic-sift-evidence-mhmhnwjl/mnt/vol0/WINDOWS/Prefetch/USERINIT.EXE-30B18140.pf
/tmp/agentic-sift-evidence-mhmhnwjl/mnt/vol0/WINDOWS/Prefetch/WHOIS.EXE-38443FF6.pf
/tmp/agentic-sift-evidence-mhmhnwjl/mnt/vol0/WINDOWS/Prefetch/WHOIS.EXE-3AFF2064.pf
/tmp/agentic-sift-evidence-mhmhnwjl/mnt/vol0/WINDOWS/Prefetch/WINPCAP_3_01_A.EXE-1E3EDEDC.pf
/tmp/agentic-sift-evidence-mhmhnwjl/mnt/vol0/WINDOWS/Prefetch/WINPCA~1.EXE-054DDBB5.pf
/tmp/agentic-sift-evidence-mhmhnwjl/mnt/vol0/WINDOWS/Prefetch/WMIADAP.EXE-2DF425B2.pf
/tmp/agentic-sift-evidence-mhmhnwjl/mnt/vol0/WINDOWS/Prefetch/WMIPRVSE.EXE-28F301A9.pf
/tmp/agentic-sift-evidence-mhmhnwjl/mnt/vol0/WINDOWS/Prefetch/WORDPAD.EXE-24533991.pf
/tmp/agentic-sift-evidence-mhmhnwjl/mnt/vol0/WINDOWS/Prefetch/RUNDLL32.EXE-137CCEC6.pf
/tmp/agentic-sift-evidence-mhmhnwjl/mnt/vol0/WINDOWS/Prefetch/RUNDLL32.EXE-16B6BC1C.pf
/tmp/agentic-sift-evidence-mhmhnwjl/mnt/vol0/WINDOWS/Prefetch/RUNDLL32.EXE-18E3301D.pf
/tmp/agentic-sift-evidence-mhmhnwjl/mnt/vol0/WINDOWS/Prefetch/RUNDLL32.EXE-19076CE2.pf
/tmp/agentic-sift-evidence-mhmhnwjl/mnt/vol0/WINDOWS/Prefetch/RUNDLL32.EXE-268BFF96.pf
/tmp/agentic-sift-evidence-mhmhnwjl/mnt/vol0/WINDOWS/Prefetch/RUNDLL32.EXE-26DA8C9B.pf
/tmp/agentic-sift-evidence-mhmhnwjl/mnt/vol0/WINDOWS/Prefetch/RUNDLL32.EXE-271001B4.pf
/tmp/agentic-sift-evidence-mhmhnwjl/mnt/vol0/WINDOWS/Prefetch/RUNDLL32.EXE-28A04614.pf
/tmp/agentic-sift-evidence-mhmhnwjl/mnt/vol0/WINDOWS/Prefetch/RUNDLL32.EXE-2F982821.pf
