/tmp/agentic-sift-evidence-mhmhnwjl/mnt/vol0
/tmp/agentic-sift-evidence-mhmhnwjl/mnt/vol0/Documents and Settings
/tmp/agentic-sift-evidence-mhmhnwjl/mnt/vol0/Documents and Settings/All Users
/tmp/agentic-sift-evidence-mhmhnwjl/mnt/vol0/Documents and Settings/All Users/Application Data
/tmp/agentic-sift-evidence-mhmhnwjl/mnt/vol0/Documents and Settings/All Users/Application Data/Microsoft
/tmp/agentic-sift-evidence-mhmhnwjl/mnt/vol0/Documents and Settings/All Users/Application Data/Microsoft/Crypto
/tmp/agentic-sift-evidence-mhmhnwjl/mnt/vol0/Documents and Settings/All Users/Application Data/Microsoft/Crypto/DSS
/tmp/agentic-sift-evidence-mhmhnwjl/mnt/vol0/Documents and Settings/All Users/Application Data/Microsoft/Crypto/DSS/MachineKeys
/tmp/agentic-sift-evidence-mhmhnwjl/mnt/vol0/Documents and Settings/All Users/Application Data/Microsoft/Crypto/RSA
/tmp/agentic-sift-evidence-mhmhnwjl/mnt/vol0/Documents and Settings/All Users/Application Data/Microsoft/Crypto/RSA/MachineKeys
/tmp/agentic-sift-evidence-mhmhnwjl/mnt/vol0/Documents and Settings/All Users/Application Data/Microsoft/Dr Watson
/tmp/agentic-sift-evidence-mhmhnwjl/mnt/vol0/Documents and Settings/All Users/Application Data/Microsoft/HTML Help
/tmp/agentic-sift-evidence-mhmhnwjl/mnt/vol0/Documents and Settings/All Users/Application Data/Microsoft/Media Index
/tmp/agentic-sift-evidence-mhmhnwjl/mnt/vol0/Documents and Settings/All Users/Application Data/Microsoft/Network
/tmp/agentic-sift-evidence-mhmhnwjl/mnt/vol0/Documents and Settings/All Users/Application Data/Microsoft/Network/Connections
/tmp/agentic-sift-evidence-mhmhnwjl/mnt/vol0/Documents and Settings/All Users/Application Data/Microsoft/Network/Connections/Pbk
/tmp/agentic-sift-evidence-mhmhnwjl/mnt/vol0/Documents and Settings/All Users/Application Data/Microsoft/User Account Pictures
/tmp/agentic-sift-evidence-mhmhnwjl/mnt/vol0/Documents and Settings/All Users/Application Data/Microsoft/User Account Pictures/Default Pictures
/tmp/agentic-sift-evidence-mhmhnwjl/mnt/vol0/Documents and Settings/All Users/Desktop
/tmp/agentic-sift-evidence-mhmhnwjl/mnt/vol0/Documents and Settings/All Users/Documents
/tmp/agentic-sift-evidence-mhmhnwjl/mnt/vol0/Documents and Settings/All Users/Documents/My Music
/tmp/agentic-sift-evidence-mhmhnwjl/mnt/vol0/Documents and Settings/All Users/Documents/My Music/Sample Music
/tmp/agentic-sift-evidence-mhmhnwjl/mnt/vol0/Documents and Settings/All Users/Documents/My Pictures
/tmp/agentic-sift-evidence-mhmhnwjl/mnt/vol0/Documents and Settings/All Users/Documents/My Pictures/Sample Pictures
/tmp/agentic-sift-evidence-mhmhnwjl/mnt/vol0/Documents and Settings/All Users/DRM
/tmp/agentic-sift-evidence-mhmhnwjl/mnt/vol0/Documents and Settings/All Users/Favorites
/tmp/agentic-sift-evidence-mhmhnwjl/mnt/vol0/Documents and Settings/All Users/Start Menu
/tmp/agentic-sift-evidence-mhmhnwjl/mnt/vol0/Documents and Settings/All Users/Start Menu/Programs
/tmp/agentic-sift-evidence-mhmhnwjl/mnt/vol0/Documents and Settings/All Users/Start Menu/Programs/Accessories
/tmp/agentic-sift-evidence-mhmhnwjl/mnt/vol0/Documents and Settings/All Users/Start Menu/Programs/Accessories/Accessibility
/tmp/agentic-sift-evidence-mhmhnwjl/mnt/vol0/Documents and Settings/All Users/Start Menu/Programs/Accessories/Communications
/tmp/agentic-sift-evidence-mhmhnwjl/mnt/vol0/Documents and Settings/All Users/Start Menu/Programs/Accessories/Entertainment
/tmp/agentic-sift-evidence-mhmhnwjl/mnt/vol0/Documents and Settings/All Users/Start Menu/Programs/Accessories/System Tools
/tmp/agentic-sift-evidence-mhmhnwjl/mnt/vol0/Documents and Settings/All Users/Start Menu/Programs/Administrative Tools
/tmp/agentic-sift-evidence-mhmhnwjl/mnt/vol0/Documents and Settings/All Users/Start Menu/Programs/Ethereal
/tmp/agentic-sift-evidence-mhmhnwjl/mnt/vol0/Documents and Settings/All Users/Start Menu/Programs/Faber Toys
/tmp/agentic-sift-evidence-mhmhnwjl/mnt/vol0/Documents and Settings/All Users/Start Menu/Programs/Games
/tmp/agentic-sift-evidence-mhmhnwjl/mnt/vol0/Documents and Settings/All Users/Start Menu/Programs/GlobalSCAPE
/tmp/agentic-sift-evidence-mhmhnwjl/mnt/vol0/Documents and Settings/All Users/Start Menu/Programs/GlobalSCAPE/CuteFTP
/tmp/agentic-sift-evidence-mhmhnwjl/mnt/vol0/Documents and Settings/All Users/Start Menu/Programs/GlobalSCAPE/CuteHTML
/tmp/agentic-sift-evidence-mhmhnwjl/mnt/vol0/Documents and Settings/All Users/Start Menu/Programs/Look@LAN
/tmp/agentic-sift-evidence-mhmhnwjl/mnt/vol0/Documents and Settings/All Users/Start Menu/Programs/mIRC
/tmp/agentic-sift-evidence-mhmhnwjl/mnt/vol0/Documents and Settings/All Users/Start Menu/Programs/Powertoys for Windows XP
/tmp/agentic-sift-evidence-mhmhnwjl/mnt/vol0/Documents and Settings/All Users/Start Menu/Programs/Startup
/tmp/agentic-sift-evidence-mhmhnwjl/mnt/vol0/Documents and Settings/All Users/Templates
/tmp/agentic-sift-evidence-mhmhnwjl/mnt/vol0/Documents and Settings/Default User
/tmp/agentic-sift-evidence-mhmhnwjl/mnt/vol0/Documents and Settings/Default User/Application Data
/tmp/agentic-sift-evidence-mhmhnwjl/mnt/vol0/Documents and Settings/Default User/Application Data/Microsoft
/tmp/agentic-sift-evidence-mhmhnwjl/mnt/vol0/Documents and Settings/Default User/Application Data/Microsoft/Internet Explorer
/tmp/agentic-sift-evidence-mhmhnwjl/mnt/vol0/Documents and Settings/Default User/Application Data/Microsoft/SystemCertificates
/tmp/agentic-sift-evidence-mhmhnwjl/mnt/vol0/Documents and Settings/Default User/Application Data/Microsoft/SystemCertificates/My
/tmp/agentic-sift-evidence-mhmhnwjl/mnt/vol0/Documents and Settings/Default User/Application Data/Microsoft/SystemCertificates/My/Certificates
/tmp/agentic-sift-evidence-mhmhnwjl/mnt/vol0/Documents and Settings/Default User/Application Data/Microsoft/SystemCertificates/My/CRLs
/tmp/agentic-sift-evidence-mhmhnwjl/mnt/vol0/Documents and Settings/Default User/Application Data/Microsoft/SystemCertificates/My/CTLs
/tmp/agentic-sift-evidence-mhmhnwjl/mnt/vol0/Documents and Settings/Default User/Cookies
/tmp/agentic-sift-evidence-mhmhnwjl/mnt/vol0/Documents and Settings/Default User/Desktop
/tmp/agentic-sift-evidence-mhmhnwjl/mnt/vol0/Documents and Settings/Default User/Favorites
/tmp/agentic-sift-evidence-mhmhnwjl/mnt/vol0/Documents and Settings/Default User/Local Settings
/tmp/agentic-sift-evidence-mhmhnwjl/mnt/vol0/Documents and Settings/Default User/Local Settings/Application Data
/tmp/agentic-sift-evidence-mhmhnwjl/mnt/vol0/Documents and Settings/Default User/Local Settings/History
/tmp/agentic-sift-evidence-mhmhnwjl/mnt/vol0/Documents and Settings/Default User/Local Settings/History/History.IE5
/tmp/agentic-sift-evidence-mhmhnwjl/mnt/vol0/Documents and Settings/Default User/Local Settings/Temp
/tmp/agentic-sift-evidence-mhmhnwjl/mnt/vol0/Documents and Settings/Default User/Local Settings/Temporary Internet Files
/tmp/agentic-sift-evidence-mhmhnwjl/mnt/vol0/Documents and Settings/Default User/Local Settings/Temporary Internet Files/Content.IE5
/tmp/agentic-sift-evidence-mhmhnwjl/mnt/vol0/Documents and Settings/Default User/Local Settings/Temporary Internet Files/Content.IE5/HYU1BON0
/tmp/agentic-sift-evidence-mhmhnwjl/mnt/vol0/Documents and Settings/Default User/Local Settings/Temporary Internet Files/Content.IE5/JIRVJY9X
/tmp/agentic-sift-evidence-mhmhnwjl/mnt/vol0/Documents and Settings/Default User/Local Settings/Temporary Internet Files/Content.IE5/PN0J7OQM
/tmp/agentic-sift-evidence-mhmhnwjl/mnt/vol0/Documents and Settings/Default User/Local Settings/Temporary Internet Files/Content.IE5/PTV39NDQ
/tmp/agentic-sift-evidence-mhmhnwjl/mnt/vol0/Documents and Settings/Default User/My Documents
/tmp/agentic-sift-evidence-mhmhnwjl/mnt/vol0/Documents and Settings/Default User/NetHood
/tmp/agentic-sift-evidence-mhmhnwjl/mnt/vol0/Documents and Settings/Default User/PrintHood
/tmp/agentic-sift-evidence-mhmhnwjl/mnt/vol0/Documents and Settings/Default User/Recent
/tmp/agentic-sift-evidence-mhmhnwjl/mnt/vol0/Documents and Settings/Default User/SendTo
/tmp/agentic-sift-evidence-mhmhnwjl/mnt/vol0/Documents and Settings/Default User/Start Menu
/tmp/agentic-sift-evidence-mhmhnwjl/mnt/vol0/Documents and Settings/Default User/Start Menu/Programs
/tmp/agentic-sift-evidence-mhmhnwjl/mnt/vol0/Documents and Settings/Default User/Start Menu/Programs/Accessories
/tmp/agentic-sift-evidence-mhmhnwjl/mnt/vol0/Documents and Settings/Default User/Start Menu/Programs/Accessories/Accessibility
/tmp/agentic-sift-evidence-mhmhnwjl/mnt/vol0/Documents and Settings/Default User/Start Menu/Programs/Accessories/Entertainment
/tmp/agentic-sift-evidence-mhmhnwjl/mnt/vol0/Documents and Settings/Default User/Start Menu/Programs/Startup
/tmp/agentic-sift-evidence-mhmhnwjl/mnt/vol0/Documents and Settings/Default User/Templates
/tmp/agentic-sift-evidence-mhmhnwjl/mnt/vol0/Documents and Settings/LocalService
/tmp/agentic-sift-evidence-mhmhnwjl/mnt/vol0/Documents and Settings/LocalService/Application Data
/tmp/agentic-sift-evidence-mhmhnwjl/mnt/vol0/Documents and Settings/LocalService/Application Data/Microsoft
/tmp/agentic-sift-evidence-mhmhnwjl/mnt/vol0/Documents and Settings/LocalService/Application Data/Microsoft/Credentials
/tmp/agentic-sift-evidence-mhmhnwjl/mnt/vol0/Documents and Settings/LocalService/Application Data/Microsoft/Credentials/S-1-5-19
/tmp/agentic-sift-evidence-mhmhnwjl/mnt/vol0/Documents and Settings/LocalService/Application Data/Microsoft/Internet Explorer
/tmp/agentic-sift-evidence-mhmhnwjl/mnt/vol0/Documents and Settings/LocalService/Application Data/Microsoft/SystemCertificates
/tmp/agentic-sift-evidence-mhmhnwjl/mnt/vol0/Documents and Settings/LocalService/Application Data/Microsoft/SystemCertificates/My
/tmp/agentic-sift-evidence-mhmhnwjl/mnt/vol0/Documents and Settings/LocalService/Application Data/Microsoft/SystemCertificates/My/Certificates
/tmp/agentic-sift-evidence-mhmhnwjl/mnt/vol0/Documents and Settings/LocalService/Application Data/Microsoft/SystemCertificates/My/CRLs
/tmp/agentic-sift-evidence-mhmhnwjl/mnt/vol0/Documents and Settings/LocalService/Application Data/Microsoft/SystemCertificates/My/CTLs
/tmp/agentic-sift-evidence-mhmhnwjl/mnt/vol0/Documents and Settings/LocalService/Cookies
/tmp/agentic-sift-evidence-mhmhnwjl/mnt/vol0/Documents and Settings/LocalService/Local Settings
/tmp/agentic-sift-evidence-mhmhnwjl/mnt/vol0/Documents and Settings/LocalService/Local Settings/Application Data
/tmp/agentic-sift-evidence-mhmhnwjl/mnt/vol0/Documents and Settings/LocalService/Local Settings/Application Data/Microsoft
/tmp/agentic-sift-evidence-mhmhnwjl/mnt/vol0/Documents and Settings/LocalService/Local Settings/Application Data/Microsoft/Credentials
/tmp/agentic-sift-evidence-mhmhnwjl/mnt/vol0/Documents and Settings/LocalService/Local Settings/Application Data/Microsoft/Credentials/S-1-5-19
/tmp/agentic-sift-evidence-mhmhnwjl/mnt/vol0/Documents and Settings/LocalService/Local Settings/Application Data/Microsoft/Windows
/tmp/agentic-sift-evidence-mhmhnwjl/mnt/vol0/Documents and Settings/LocalService/Local Settings/History
/tmp/agentic-sift-evidence-mhmhnwjl/mnt/vol0/Documents and Settings/LocalService/Local Settings/History/History.IE5
/tmp/agentic-sift-evidence-mhmhnwjl/mnt/vol0/Documents and Settings/LocalService/Local Settings/Temp
/tmp/agentic-sift-evidence-mhmhnwjl/mnt/vol0/Documents and Settings/LocalService/Local Settings/Temporary Internet Files
/tmp/agentic-sift-evidence-mhmhnwjl/mnt/vol0/Documents and Settings/LocalService/Local Settings/Temporary Internet Files/Content.IE5
/tmp/agentic-sift-evidence-mhmhnwjl/mnt/vol0/Documents and Settings/LocalService/Local Settings/Temporary Internet Files/Content.IE5/0J47LBSH
/tmp/agentic-sift-evidence-mhmhnwjl/mnt/vol0/Documents and Settings/LocalService/Local Settings/Temporary Internet Files/Content.IE5/1W3Z0ESY
/tmp/agentic-sift-evidence-mhmhnwjl/mnt/vol0/Documents and Settings/LocalService/Local Settings/Temporary Internet Files/Content.IE5/PDET39YN
/tmp/agentic-sift-evidence-mhmhnwjl/mnt/vol0/Documents and Settings/LocalService/Local Settings/Temporary Internet Files/Content.IE5/TFR9CXUT
/tmp/agentic-sift-evidence-mhmhnwjl/mnt/vol0/Documents and Settings/Mr. Evil
/tmp/agentic-sift-evidence-mhmhnwjl/mnt/vol0/Documents and Settings/Mr. Evil/Application Data
/tmp/agentic-sift-evidence-mhmhnwjl/mnt/vol0/Documents and Settings/Mr. Evil/Application Data/Ethereal
/tmp/agentic-sift-evidence-mhmhnwjl/mnt/vol0/Documents and Settings/Mr. Evil/Application Data/Identities
/tmp/agentic-sift-evidence-mhmhnwjl/mnt/vol0/Documents and Settings/Mr. Evil/Application Data/Identities/{EF086998-1115-4ECD-9B13-9ADC067B4929}
/tmp/agentic-sift-evidence-mhmhnwjl/mnt/vol0/Documents and Settings/Mr. Evil/Application Data/Microsoft
/tmp/agentic-sift-evidence-mhmhnwjl/mnt/vol0/Documents and Settings/Mr. Evil/Application Data/Microsoft/Address Book
/tmp/agentic-sift-evidence-mhmhnwjl/mnt/vol0/Documents and Settings/Mr. Evil/Application Data/Microsoft/Credentials
/tmp/agentic-sift-evidence-mhmhnwjl/mnt/vol0/Documents and Settings/Mr. Evil/Application Data/Microsoft/Credentials/S-1-5-21-2000478354-688789844-1708537768-1003
/tmp/agentic-sift-evidence-mhmhnwjl/mnt/vol0/Documents and Settings/Mr. Evil/Application Data/Microsoft/HTML Help
/tmp/agentic-sift-evidence-mhmhnwjl/mnt/vol0/Documents and Settings/Mr. Evil/Application Data/Microsoft/Internet Explorer
/tmp/agentic-sift-evidence-mhmhnwjl/mnt/vol0/Documents and Settings/Mr. Evil/Application Data/Microsoft/Internet Explorer/Quick Launch
/tmp/agentic-sift-evidence-mhmhnwjl/mnt/vol0/Documents and Settings/Mr. Evil/Application Data/Microsoft/SystemCertificates
/tmp/agentic-sift-evidence-mhmhnwjl/mnt/vol0/Documents and Settings/Mr. Evil/Application Data/Microsoft/SystemCertificates/My
/tmp/agentic-sift-evidence-mhmhnwjl/mnt/vol0/Documents and Settings/Mr. Evil/Application Data/Microsoft/SystemCertificates/My/Certificates
/tmp/agentic-sift-evidence-mhmhnwjl/mnt/vol0/Documents and Settings/Mr. Evil/Application Data/Microsoft/SystemCertificates/My/CRLs
/tmp/agentic-sift-evidence-mhmhnwjl/mnt/vol0/Documents and Settings/Mr. Evil/Application Data/Microsoft/SystemCertificates/My/CTLs
/tmp/agentic-sift-evidence-mhmhnwjl/mnt/vol0/Documents and Settings/Mr. Evil/Application Data/Microsoft/Windows
/tmp/agentic-sift-evidence-mhmhnwjl/mnt/vol0/Documents and Settings/Mr. Evil/Application Data/Microsoft/Windows/Themes
/tmp/agentic-sift-evidence-mhmhnwjl/mnt/vol0/Documents and Settings/Mr. Evil/Cookies
/tmp/agentic-sift-evidence-mhmhnwjl/mnt/vol0/Documents and Settings/Mr. Evil/Desktop
/tmp/agentic-sift-evidence-mhmhnwjl/mnt/vol0/Documents and Settings/Mr. Evil/Desktop/Tools
/tmp/agentic-sift-evidence-mhmhnwjl/mnt/vol0/Documents and Settings/Mr. Evil/Favorites
/tmp/agentic-sift-evidence-mhmhnwjl/mnt/vol0/Documents and Settings/Mr. Evil/Favorites/Links
/tmp/agentic-sift-evidence-mhmhnwjl/mnt/vol0/Documents and Settings/Mr. Evil/Local Settings
/tmp/agentic-sift-evidence-mhmhnwjl/mnt/vol0/Documents and Settings/Mr. Evil/Local Settings/Application Data
/tmp/agentic-sift-evidence-mhmhnwjl/mnt/vol0/Documents and Settings/Mr. Evil/Local Settings/Application Data/Identities
/tmp/agentic-sift-evidence-mhmhnwjl/mnt/vol0/Documents and Settings/Mr. Evil/Local Settings/Application Data/Identities/{EF086998-1115-4ECD-9B13-9ADC067B4929}
/tmp/agentic-sift-evidence-mhmhnwjl/mnt/vol0/Documents and Settings/Mr. Evil/Local Settings/Application Data/Identities/{EF086998-1115-4ECD-9B13-9ADC067B4929}/Microsoft
/tmp/agentic-sift-evidence-mhmhnwjl/mnt/vol0/Documents and Settings/Mr. Evil/Local Settings/Application Data/Identities/{EF086998-1115-4ECD-9B13-9ADC067B4929}/Microsoft/Outlook Express
/tmp/agentic-sift-evidence-mhmhnwjl/mnt/vol0/Documents and Settings/Mr. Evil/Local Settings/Application Data/Microsoft
/tmp/agentic-sift-evidence-mhmhnwjl/mnt/vol0/Documents and Settings/Mr. Evil/Local Settings/Application Data/Microsoft/CD Burning
/tmp/agentic-sift-evidence-mhmhnwjl/mnt/vol0/Documents and Settings/Mr. Evil/Local Settings/Application Data/Microsoft/Credentials
/tmp/agentic-sift-evidence-mhmhnwjl/mnt/vol0/Documents and Settings/Mr. Evil/Local Settings/Application Data/Microsoft/Credentials/S-1-5-21-2000478354-688789844-1708537768-1003
/tmp/agentic-sift-evidence-mhmhnwjl/mnt/vol0/Documents and Settings/Mr. Evil/Local Settings/Application Data/Microsoft/Internet Explorer
/tmp/agentic-sift-evidence-mhmhnwjl/mnt/vol0/Documents and Settings/Mr. Evil/Local Settings/Application Data/Microsoft/Windows
/tmp/agentic-sift-evidence-mhmhnwjl/mnt/vol0/Documents and Settings/Mr. Evil/Local Settings/History
/tmp/agentic-sift-evidence-mhmhnwjl/mnt/vol0/Documents and Settings/Mr. Evil/Local Settings/History/History.IE5
/tmp/agentic-sift-evidence-mhmhnwjl/mnt/vol0/Documents and Settings/Mr. Evil/Local Settings/History/History.IE5/MSHist012004081620040823
/tmp/agentic-sift-evidence-mhmhnwjl/mnt/vol0/Documents and Settings/Mr. Evil/Local Settings/History/History.IE5/MSHist012004082520040826
/tmp/agentic-sift-evidence-mhmhnwjl/mnt/vol0/Documents and Settings/Mr. Evil/Local Settings/History/History.IE5/MSHist012004082620040827
/tmp/agentic-sift-evidence-mhmhnwjl/mnt/vol0/Documents and Settings/Mr. Evil/Local Settings/History/History.IE5/MSHist012004082720040828
/tmp/agentic-sift-evidence-mhmhnwjl/mnt/vol0/Documents and Settings/Mr. Evil/Local Settings/Temp
/tmp/agentic-sift-evidence-mhmhnwjl/mnt/vol0/Documents and Settings/Mr. Evil/Local Settings/Temp/Temporary Directory 1 for powertoysetup.zip
/tmp/agentic-sift-evidence-mhmhnwjl/mnt/vol0/Documents and Settings/Mr. Evil/Local Settings/Temporary Internet Files
/tmp/agentic-sift-evidence-mhmhnwjl/mnt/vol0/Documents and Settings/Mr. Evil/Local Settings/Temporary Internet Files/Content.IE5
/tmp/agentic-sift-evidence-mhmhnwjl/mnt/vol0/Documents and Settings/Mr. Evil/Local Settings/Temporary Internet Files/Content.IE5/HYU1BON0
/tmp/agentic-sift-evidence-mhmhnwjl/mnt/vol0/Documents and Settings/Mr. Evil/Local Settings/Temporary Internet Files/Content.IE5/JIRVJY9X
/tmp/agentic-sift-evidence-mhmhnwjl/mnt/vol0/Documents and Settings/Mr. Evil/Local Settings/Temporary Internet Files/Content.IE5/PN0J7OQM
/tmp/agentic-sift-evidence-mhmhnwjl/mnt/vol0/Documents and Settings/Mr. Evil/Local Settings/Temporary Internet Files/Content.IE5/PTV39NDQ
/tmp/agentic-sift-evidence-mhmhnwjl/mnt/vol0/Documents and Settings/Mr. Evil/My Documents
/tmp/agentic-sift-evidence-mhmhnwjl/mnt/vol0/Documents and Settings/Mr. Evil/My Documents/My Music
/tmp/agentic-sift-evidence-mhmhnwjl/mnt/vol0/Documents and Settings/Mr. Evil/My Documents/My Pictures
/tmp/agentic-sift-evidence-mhmhnwjl/mnt/vol0/Documents and Settings/Mr. Evil/NetHood
/tmp/agentic-sift-evidence-mhmhnwjl/mnt/vol0/Documents and Settings/Mr. Evil/NetHood/a on Andrews-1
/tmp/agentic-sift-evidence-mhmhnwjl/mnt/vol0/Documents and Settings/Mr. Evil/NetHood/andrews (c) on Andrews-1
/tmp/agentic-sift-evidence-mhmhnwjl/mnt/vol0/Documents and Settings/Mr. Evil/NetHood/CD Drive (F) on Andrews-1
/tmp/agentic-sift-evidence-mhmhnwjl/mnt/vol0/Documents and Settings/Mr. Evil/NetHood/d on Andrews-1
/tmp/agentic-sift-evidence-mhmhnwjl/mnt/vol0/Documents and Settings/Mr. Evil/NetHood/e on Andrews-1
/tmp/agentic-sift-evidence-mhmhnwjl/mnt/vol0/Documents and Settings/Mr. Evil/NetHood/Temp on m1200 (4.12.220.254)
/tmp/agentic-sift-evidence-mhmhnwjl/mnt/vol0/Documents and Settings/Mr. Evil/NetHood/Temp on N-1a9odn6zxk4lq
/tmp/agentic-sift-evidence-mhmhnwjl/mnt/vol0/Documents and Settings/Mr. Evil/PrintHood
/tmp/agentic-sift-evidence-mhmhnwjl/mnt/vol0/Documents and Settings/Mr. Evil/Recent
/tmp/agentic-sift-evidence-mhmhnwjl/mnt/vol0/Documents and Settings/Mr. Evil/SendTo
/tmp/agentic-sift-evidence-mhmhnwjl/mnt/vol0/Documents and Settings/Mr. Evil/Start Menu
/tmp/agentic-sift-evidence-mhmhnwjl/mnt/vol0/Documents and Settings/Mr. Evil/Start Menu/Programs
/tmp/agentic-sift-evidence-mhmhnwjl/mnt/vol0/Documents and Settings/Mr. Evil/Start Menu/Programs/123 WASP
/tmp/agentic-sift-evidence-mhmhnwjl/mnt/vol0/Documents and Settings/Mr. Evil/Start Menu/Programs/Accessories
/tmp/agentic-sift-evidence-mhmhnwjl/mnt/vol0/Documents and Settings/Mr. Evil/Start Menu/Programs/Accessories/Accessibility
/tmp/agentic-sift-evidence-mhmhnwjl/mnt/vol0/Documents and Settings/Mr. Evil/Start Menu/Programs/Accessories/Entertainment
/tmp/agentic-sift-evidence-mhmhnwjl/mnt/vol0/Documents and Settings/Mr. Evil/Start Menu/Programs/Agent Newsreader
/tmp/agentic-sift-evidence-mhmhnwjl/mnt/vol0/Documents and Settings/Mr. Evil/Start Menu/Programs/Anonymizer Toolbar
/tmp/agentic-sift-evidence-mhmhnwjl/mnt/vol0/Documents and Settings/Mr. Evil/Start Menu/Programs/Cain
/tmp/agentic-sift-evidence-mhmhnwjl/mnt/vol0/Documents and Settings/Mr. Evil/Start Menu/Programs/Startup
/tmp/agentic-sift-evidence-mhmhnwjl/mnt/vol0/Documents and Settings/Mr. Evil/Templates
/tmp/agentic-sift-evidence-mhmhnwjl/mnt/vol0/Documents and Settings/NetworkService
/tmp/agentic-sift-evidence-mhmhnwjl/mnt/vol0/Documents and Settings/NetworkService/Application Data
/tmp/agentic-sift-evidence-mhmhnwjl/mnt/vol0/Documents and Settings/NetworkService/Application Data/Microsoft
/tmp/agentic-sift-evidence-mhmhnwjl/mnt/vol0/Documents and Settings/NetworkService/Application Data/Microsoft/Credentials
/tmp/agentic-sift-evidence-mhmhnwjl/mnt/vol0/Documents and Settings/NetworkService/Application Data/Microsoft/Credentials/S-1-5-20
/tmp/agentic-sift-evidence-mhmhnwjl/mnt/vol0/Documents and Settings/NetworkService/Application Data/Microsoft/Internet Explorer
/tmp/agentic-sift-evidence-mhmhnwjl/mnt/vol0/Documents and Settings/NetworkService/Application Data/Microsoft/SystemCertificates
/tmp/agentic-sift-evidence-mhmhnwjl/mnt/vol0/Documents and Settings/NetworkService/Application Data/Microsoft/SystemCertificates/My
/tmp/agentic-sift-evidence-mhmhnwjl/mnt/vol0/Documents and Settings/NetworkService/Application Data/Microsoft/SystemCertificates/My/Certificates
/tmp/agentic-sift-evidence-mhmhnwjl/mnt/vol0/Documents and Settings/NetworkService/Application Data/Microsoft/SystemCertificates/My/CRLs
/tmp/agentic-sift-evidence-mhmhnwjl/mnt/vol0/Documents and Settings/NetworkService/Application Data/Microsoft/SystemCertificates/My/CTLs
/tmp/agentic-sift-evidence-mhmhnwjl/mnt/vol0/Documents and Settings/NetworkService/Cookies
/tmp/agentic-sift-evidence-mhmhnwjl/mnt/vol0/Documents and Settings/NetworkService/Local Settings
/tmp/agentic-sift-evidence-mhmhnwjl/mnt/vol0/Documents and Settings/NetworkService/Local Settings/Application Data
/tmp/agentic-sift-evidence-mhmhnwjl/mnt/vol0/Documents and Settings/NetworkService/Local Settings/Application Data/Microsoft
/tmp/agentic-sift-evidence-mhmhnwjl/mnt/vol0/Documents and Settings/NetworkService/Local Settings/Application Data/Microsoft/Credentials
/tmp/agentic-sift-evidence-mhmhnwjl/mnt/vol0/Documents and Settings/NetworkService/Local Settings/Application Data/Microsoft/Credentials/S-1-5-20
/tmp/agentic-sift-evidence-mhmhnwjl/mnt/vol0/Documents and Settings/NetworkService/Local Settings/Application Data/Microsoft/Windows
/tmp/agentic-sift-evidence-mhmhnwjl/mnt/vol0/Documents and Settings/NetworkService/Local Settings/History
/tmp/agentic-sift-evidence-mhmhnwjl/mnt/vol0/Documents and Settings/NetworkService/Local Settings/History/History.IE5
/tmp/agentic-sift-evidence-mhmhnwjl/mnt/vol0/Documents and Settings/NetworkService/Local Settings/Temp
/tmp/agentic-sift-evidence-mhmhnwjl/mnt/vol0/Documents and Settings/NetworkService/Local Settings/Temporary Internet Files
/tmp/agentic-sift-evidence-mhmhnwjl/mnt/vol0/Documents and Settings/NetworkService/Local Settings/Temporary Internet Files/Content.IE5
/tmp/agentic-sift-evidence-mhmhnwjl/mnt/vol0/Documents and Settings/NetworkService/Local Settings/Temporary Internet Files/Content.IE5/HYU1BON0
/tmp/agentic-sift-evidence-mhmhnwjl/mnt/vol0/Documents and Settings/NetworkService/Local Settings/Temporary Internet Files/Content.IE5/JIRVJY9X
/tmp/agentic-sift-evidence-mhmhnwjl/mnt/vol0/Documents and Settings/NetworkService/Local Settings/Temporary Internet Files/Content.IE5/PN0J7OQM
/tmp/agentic-sift-evidence-mhmhnwjl/mnt/vol0/Documents and Settings/NetworkService/Local Settings/Temporary Internet Files/Content.IE5/PTV39NDQ
/tmp/agentic-sift-evidence-mhmhnwjl/mnt/vol0/My Documents
/tmp/agentic-sift-evidence-mhmhnwjl/mnt/vol0/My Documents/ARCHIVE
/tmp/agentic-sift-evidence-mhmhnwjl/mnt/vol0/My Documents/ARCHIVE/Arj
/tmp/agentic-sift-evidence-mhmhnwjl/mnt/vol0/My Documents/ARCHIVE/Pkzip
/tmp/agentic-sift-evidence-mhmhnwjl/mnt/vol0/My Documents/COMMANDS
/tmp/agentic-sift-evidence-mhmhnwjl/mnt/vol0/My Documents/DICTIONARIES
/tmp/agentic-sift-evidence-mhmhnwjl/mnt/vol0/My Documents/ENUMERATION
/tmp/agentic-sift-evidence-mhmhnwjl/mnt/vol0/My Documents/ENUMERATION/NT
/tmp/agentic-sift-evidence-mhmhnwjl/mnt/vol0/My Documents/ENUMERATION/NT/Cerberus
/tmp/agentic-sift-evidence-mhmhnwjl/mnt/vol0/My Documents/ENUMERATION/NT/Cerberus/Reports
/tmp/agentic-sift-evidence-mhmhnwjl/mnt/vol0/My Documents/ENUMERATION/NT/Cerberus Internet Scanner
/tmp/agentic-sift-evidence-mhmhnwjl/mnt/vol0/My Documents/ENUMERATION/NT/Cerberus Internet Scanner/files
/tmp/agentic-sift-evidence-mhmhnwjl/mnt/vol0/My Documents/ENUMERATION/NT/Cerberus Internet Scanner/files/Reports
/tmp/agentic-sift-evidence-mhmhnwjl/mnt/vol0/My Documents/ENUMERATION/NT/Cerberus Webscan
/tmp/agentic-sift-evidence-mhmhnwjl/mnt/vol0/My Documents/ENUMERATION/NT/DumpTools
/tmp/agentic-sift-evidence-mhmhnwjl/mnt/vol0/My Documents/ENUMERATION/NT/DumpTools/Dumpevt
/tmp/agentic-sift-evidence-mhmhnwjl/mnt/vol0/My Documents/ENUMERATION/NT/DumpTools/Dumpreg
/tmp/agentic-sift-evidence-mhmhnwjl/mnt/vol0/My Documents/ENUMERATION/NT/DumpTools/DumpSec
/tmp/agentic-sift-evidence-mhmhnwjl/mnt/vol0/My Documents/ENUMERATION/NT/enum
/tmp/agentic-sift-evidence-mhmhnwjl/mnt/vol0/My Documents/ENUMERATION/NT/enum/enum readme file_files
/tmp/agentic-sift-evidence-mhmhnwjl/mnt/vol0/My Documents/ENUMERATION/NT/enum/files
/tmp/agentic-sift-evidence-mhmhnwjl/mnt/vol0/My Documents/ENUMERATION/NT/ferret suite
/tmp/agentic-sift-evidence-mhmhnwjl/mnt/vol0/My Documents/ENUMERATION/NT/GetAcct
/tmp/agentic-sift-evidence-mhmhnwjl/mnt/vol0/My Documents/ENUMERATION/NT/Legion
/tmp/agentic-sift-evidence-mhmhnwjl/mnt/vol0/My Documents/ENUMERATION/NT/nbtdump
/tmp/agentic-sift-evidence-mhmhnwjl/mnt/vol0/My Documents/ENUMERATION/NT/nbtscan
/tmp/agentic-sift-evidence-mhmhnwjl/mnt/vol0/My Documents/ENUMERATION/NT/nbtscan/files
/tmp/agentic-sift-evidence-mhmhnwjl/mnt/vol0/My Documents/ENUMERATION/NT/Nt_admin_tools
/tmp/agentic-sift-evidence-mhmhnwjl/mnt/vol0/My Documents/ENUMERATION/NT/ogre
/tmp/agentic-sift-evidence-mhmhnwjl/mnt/vol0/My Documents/ENUMERATION/NT/SamSpade
/tmp/agentic-sift-evidence-mhmhnwjl/mnt/vol0/My Documents/ENUMERATION/NT/Sid2user User2sid
/tmp/agentic-sift-evidence-mhmhnwjl/mnt/vol0/My Documents/ENUMERATION/NT/Userdump
/tmp/agentic-sift-evidence-mhmhnwjl/mnt/vol0/My Documents/ENUMERATION/NT/winfingerprint
/tmp/agentic-sift-evidence-mhmhnwjl/mnt/vol0/My Documents/ENUMERATION/NT/winfingerprint/About Winfingerprint 2_files
/tmp/agentic-sift-evidence-mhmhnwjl/mnt/vol0/My Documents/ENUMERATION/NT/winfo
/tmp/agentic-sift-evidence-mhmhnwjl/mnt/vol0/My Documents/ENUMERATION/NT/winfo/The winfo FAQ_files
/tmp/agentic-sift-evidence-mhmhnwjl/mnt/vol0/My Documents/ENUMERATION/NT/winfo/winfo_files
/tmp/agentic-sift-evidence-mhmhnwjl/mnt/vol0/My Documents/ENUMERATION/Unix
/tmp/agentic-sift-evidence-mhmhnwjl/mnt/vol0/My Documents/ENUMERATION/Unix/Nessus
/tmp/agentic-sift-evidence-mhmhnwjl/mnt/vol0/My Documents/EXPLOITATION
/tmp/agentic-sift-evidence-mhmhnwjl/mnt/vol0/My Documents/EXPLOITATION/NT
/tmp/agentic-sift-evidence-mhmhnwjl/mnt/vol0/My Documents/EXPLOITATION/NT/Brutus
/tmp/agentic-sift-evidence-mhmhnwjl/mnt/vol0/My Documents/EXPLOITATION/NT/bsniff
/tmp/agentic-sift-evidence-mhmhnwjl/mnt/vol0/My Documents/EXPLOITATION/NT/bsniff/dump
/tmp/agentic-sift-evidence-mhmhnwjl/mnt/vol0/My Documents/EXPLOITATION/NT/fpipe
/tmp/agentic-sift-evidence-mhmhnwjl/mnt/vol0/My Documents/EXPLOITATION/NT/Get Admin
/tmp/agentic-sift-evidence-mhmhnwjl/mnt/vol0/My Documents/EXPLOITATION/NT/Hk
/tmp/agentic-sift-evidence-mhmhnwjl/mnt/vol0/My Documents/EXPLOITATION/NT/John
/tmp/agentic-sift-evidence-mhmhnwjl/mnt/vol0/My Documents/EXPLOITATION/NT/l0pht301
/tmp/agentic-sift-evidence-mhmhnwjl/mnt/vol0/My Documents/EXPLOITATION/NT/lsadump2
/tmp/agentic-sift-evidence-mhmhnwjl/mnt/vol0/My Documents/EXPLOITATION/NT/lsadump2/LSADUMP2 Readme file_files
/tmp/agentic-sift-evidence-mhmhnwjl/mnt/vol0/My Documents/EXPLOITATION/NT/NAT
/tmp/agentic-sift-evidence-mhmhnwjl/mnt/vol0/My Documents/EXPLOITATION/NT/netbus
/tmp/agentic-sift-evidence-mhmhnwjl/mnt/vol0/My Documents/EXPLOITATION/NT/Netcat
/tmp/agentic-sift-evidence-mhmhnwjl/mnt/vol0/My Documents/EXPLOITATION/NT/Pwdump
/tmp/agentic-sift-evidence-mhmhnwjl/mnt/vol0/My Documents/EXPLOITATION/NT/Pwdump/pwdump3_files
/tmp/agentic-sift-evidence-mhmhnwjl/mnt/vol0/My Documents/EXPLOITATION/NT/Scripts
/tmp/agentic-sift-evidence-mhmhnwjl/mnt/vol0/My Documents/EXPLOITATION/NT/sechole
/tmp/agentic-sift-evidence-mhmhnwjl/mnt/vol0/My Documents/EXPLOITATION/NT/SMBGrind Crack
/tmp/agentic-sift-evidence-mhmhnwjl/mnt/vol0/My Documents/EXPLOITATION/NT/SMBGrind Crack/Password User Lists
/tmp/agentic-sift-evidence-mhmhnwjl/mnt/vol0/My Documents/EXPLOITATION/NT/SMBGrind Crack/utils
/tmp/agentic-sift-evidence-mhmhnwjl/mnt/vol0/My Documents/EXPLOITATION/NT/vnc
/tmp/agentic-sift-evidence-mhmhnwjl/mnt/vol0/My Documents/EXPLOITATION/NT/vnc/vncviewer
/tmp/agentic-sift-evidence-mhmhnwjl/mnt/vol0/My Documents/EXPLOITATION/NT/vnc/winvnc
/tmp/agentic-sift-evidence-mhmhnwjl/mnt/vol0/My Documents/EXPLOITATION/NT/WinVNC
/tmp/agentic-sift-evidence-mhmhnwjl/mnt/vol0/My Documents/EXPLOITATION/NT/WinVNC/Docs
/tmp/agentic-sift-evidence-mhmhnwjl/mnt/vol0/My Documents/EXPLOITATION/NT/WinVNC/Windows
/tmp/agentic-sift-evidence-mhmhnwjl/mnt/vol0/My Documents/EXPLOITATION/Unix
/tmp/agentic-sift-evidence-mhmhnwjl/mnt/vol0/My Documents/EXPLOITATION/Unix/dsniff 2.3
/tmp/agentic-sift-evidence-mhmhnwjl/mnt/vol0/My Documents/EXPLOITATION/Unix/dsniff 2.3/dsniff Frequently Asked Questions_files
/tmp/agentic-sift-evidence-mhmhnwjl/mnt/vol0/My Documents/EXPLOITATION/Unix/dsniff 2.3/Switched networks lose security advantage due packet tool
/tmp/agentic-sift-evidence-mhmhnwjl/mnt/vol0/My Documents/EXPLOITATION/Unix/dsniff 2.3/Switched networks lose security advantage due packet tool/securitywatchfiles
/tmp/agentic-sift-evidence-mhmhnwjl/mnt/vol0/My Documents/EXPLOITATION/Unix/WinVNC
/tmp/agentic-sift-evidence-mhmhnwjl/mnt/vol0/My Documents/EXPLOITATION/Unix/WinVNC/Docs
/tmp/agentic-sift-evidence-mhmhnwjl/mnt/vol0/My Documents/EXPLOITATION/Unix/WinVNC/Linux
/tmp/agentic-sift-evidence-mhmhnwjl/mnt/vol0/My Documents/EXPLOITATION/Unix/WinVNC/Solaris Sparc
/tmp/agentic-sift-evidence-mhmhnwjl/mnt/vol0/My Documents/FOOTPRINTING
/tmp/agentic-sift-evidence-mhmhnwjl/mnt/vol0/My Documents/FOOTPRINTING/NT
/tmp/agentic-sift-evidence-mhmhnwjl/mnt/vol0/My Documents/FOOTPRINTING/NT/Nmapnt
/tmp/agentic-sift-evidence-mhmhnwjl/mnt/vol0/My Documents/FOOTPRINTING/NT/Nmapnt/DRIVERS
/tmp/agentic-sift-evidence-mhmhnwjl/mnt/vol0/My Documents/FOOTPRINTING/NT/Nmapnt/DRIVERS/Packet2K
/tmp/agentic-sift-evidence-mhmhnwjl/mnt/vol0/My Documents/FOOTPRINTING/NT/Nmapnt/DRIVERS/Packet95
/tmp/agentic-sift-evidence-mhmhnwjl/mnt/vol0/My Documents/FOOTPRINTING/NT/Nmapnt/DRIVERS/PacketNT
/tmp/agentic-sift-evidence-mhmhnwjl/mnt/vol0/My Documents/FOOTPRINTING/NT/Nmapnt/nmapNT-src
/tmp/agentic-sift-evidence-mhmhnwjl/mnt/vol0/My Documents/FOOTPRINTING/NT/Nmapnt/nmapNT-src/docs
/tmp/agentic-sift-evidence-mhmhnwjl/mnt/vol0/My Documents/FOOTPRINTING/NT/Nmapnt/nmapNT-src/libpcap-possiblymodified
/tmp/agentic-sift-evidence-mhmhnwjl/mnt/vol0/My Documents/FOOTPRINTING/NT/Nmapnt/nmapNT-src/libpcap-possiblymodified/bpf
/tmp/agentic-sift-evidence-mhmhnwjl/mnt/vol0/My Documents/FOOTPRINTING/NT/Nmapnt/nmapNT-src/libpcap-possiblymodified/bpf/net
/tmp/agentic-sift-evidence-mhmhnwjl/mnt/vol0/My Documents/FOOTPRINTING/NT/Nmapnt/nmapNT-src/libpcap-possiblymodified/lbl
/tmp/agentic-sift-evidence-mhmhnwjl/mnt/vol0/My Documents/FOOTPRINTING/NT/Nmapnt/nmapNT-src/libpcap-possiblymodified/linux-include
/tmp/agentic-sift-evidence-mhmhnwjl/mnt/vol0/My Documents/FOOTPRINTING/NT/Nmapnt/nmapNT-src/libpcap-possiblymodified/linux-include/netinet
/tmp/agentic-sift-evidence-mhmhnwjl/mnt/vol0/My Documents/FOOTPRINTING/NT/Nmapnt/nmapNT-src/libpcap-possiblymodified/SUNOS4
/tmp/agentic-sift-evidence-mhmhnwjl/mnt/vol0/My Documents/FOOTPRINTING/NT/Nmapnt/nmapNT-src/nmapfe
/tmp/agentic-sift-evidence-mhmhnwjl/mnt/vol0/My Documents/FOOTPRINTING/NT/Nmapnt/nmapNT-src/nmapNT
/tmp/agentic-sift-evidence-mhmhnwjl/mnt/vol0/My Documents/FOOTPRINTING/NT/Nmapnt/nmapNT-src/nmapNT/NET
/tmp/agentic-sift-evidence-mhmhnwjl/mnt/vol0/My Documents/FOOTPRINTING/NT/Nmapnt/nmapNT-src/nmapNT/NETINET
/tmp/agentic-sift-evidence-mhmhnwjl/mnt/vol0/My Documents/FOOTPRINTING/NT/Nmapnt/nmapNT-src/nmapNT/RPC
/tmp/agentic-sift-evidence-mhmhnwjl/mnt/vol0/My Documents/FOOTPRINTING/NT/NSTPro2
/tmp/agentic-sift-evidence-mhmhnwjl/mnt/vol0/My Documents/FOOTPRINTING/NT/superscan
/tmp/agentic-sift-evidence-mhmhnwjl/mnt/vol0/My Documents/FOOTPRINTING/NT/wspingpropack
/tmp/agentic-sift-evidence-mhmhnwjl/mnt/vol0/My Documents/FOOTPRINTING/UNIX
/tmp/agentic-sift-evidence-mhmhnwjl/mnt/vol0/My Documents/MISCELLANEOUS
/tmp/agentic-sift-evidence-mhmhnwjl/mnt/vol0/My Documents/MISCELLANEOUS/MSSQL
/tmp/agentic-sift-evidence-mhmhnwjl/mnt/vol0/My Documents/MISCELLANEOUS/PhoneSweep
/tmp/agentic-sift-evidence-mhmhnwjl/mnt/vol0/My Documents/NOVELL
/tmp/agentic-sift-evidence-mhmhnwjl/mnt/vol0/My Documents/NOVELL/Nut18
/tmp/agentic-sift-evidence-mhmhnwjl/mnt/vol0/My Documents/NOVELL/Pandora (use under Linux)
/tmp/agentic-sift-evidence-mhmhnwjl/mnt/vol0/Program Files
/tmp/agentic-sift-evidence-mhmhnwjl/mnt/vol0/Program Files/MSN
/tmp/agentic-sift-evidence-mhmhnwjl/mnt/vol0/Program Files/MSN/MSNCoreFiles
/tmp/agentic-sift-evidence-mhmhnwjl/mnt/vol0/Program Files/MSN/MSNCoreFiles/1033
/tmp/agentic-sift-evidence-mhmhnwjl/mnt/vol0/Program Files/MSN/MSNCoreFiles/Markets
/tmp/agentic-sift-evidence-mhmhnwjl/mnt/vol0/Program Files/MSN/MSNCoreFiles/Markets/100
/tmp/agentic-sift-evidence-mhmhnwjl/mnt/vol0/Program Files/MSN/MSNCoreFiles/Markets/14
/tmp/agentic-sift-evidence-mhmhnwjl/mnt/vol0/Program Files/MSN/MSNCoreFiles/Markets/150
/tmp/agentic-sift-evidence-mhmhnwjl/mnt/vol0/Program Files/MSN/MSNCoreFiles/Markets/163
/tmp/agentic-sift-evidence-mhmhnwjl/mnt/vol0/Program Files/MSN/MSNCoreFiles/Markets/188
/tmp/agentic-sift-evidence-mhmhnwjl/mnt/vol0/Program Files/MSN/MSNCoreFiles/Markets/220
/tmp/agentic-sift-evidence-mhmhnwjl/mnt/vol0/Program Files/MSN/MSNCoreFiles/Markets/222
/tmp/agentic-sift-evidence-mhmhnwjl/mnt/vol0/Program Files/MSN/MSNCoreFiles/Markets/238
/tmp/agentic-sift-evidence-mhmhnwjl/mnt/vol0/Program Files/MSN/MSNCoreFiles/Markets/36
/tmp/agentic-sift-evidence-mhmhnwjl/mnt/vol0/Program Files/MSN/MSNCoreFiles/Setup
/tmp/agentic-sift-evidence-mhmhnwjl/mnt/vol0/Program Files/123WASP
/tmp/agentic-sift-evidence-mhmhnwjl/mnt/vol0/Program Files/Accessories
/tmp/agentic-sift-evidence-mhmhnwjl/mnt/vol0/Program Files/Accessories/HyperTerminal
/tmp/agentic-sift-evidence-mhmhnwjl/mnt/vol0/Program Files/Agent
/tmp/agentic-sift-evidence-mhmhnwjl/mnt/vol0/Program Files/Agent/All_COD
/tmp/agentic-sift-evidence-mhmhnwjl/mnt/vol0/Program Files/Agent/Data
/tmp/agentic-sift-evidence-mhmhnwjl/mnt/vol0/Program Files/Agent/Data/temp
/tmp/agentic-sift-evidence-mhmhnwjl/mnt/vol0/Program Files/Anonymizer
/tmp/agentic-sift-evidence-mhmhnwjl/mnt/vol0/Program Files/Anonymizer/Core
/tmp/agentic-sift-evidence-mhmhnwjl/mnt/vol0/Program Files/Anonymizer/thanks
/tmp/agentic-sift-evidence-mhmhnwjl/mnt/vol0/Program Files/Anonymizer/Toolbar
/tmp/agentic-sift-evidence-mhmhnwjl/mnt/vol0/Program Files/Anonymizer/Toolbar/Images
/tmp/agentic-sift-evidence-mhmhnwjl/mnt/vol0/Program Files/Cain
/tmp/agentic-sift-evidence-mhmhnwjl/mnt/vol0/Program Files/Cain/Driver
/tmp/agentic-sift-evidence-mhmhnwjl/mnt/vol0/Program Files/Cain/Wordlists
/tmp/agentic-sift-evidence-mhmhnwjl/mnt/vol0/Program Files/CHAT
/tmp/agentic-sift-evidence-mhmhnwjl/mnt/vol0/Program Files/Common Files
/tmp/agentic-sift-evidence-mhmhnwjl/mnt/vol0/Program Files/Common Files/Microsoft Shared
/tmp/agentic-sift-evidence-mhmhnwjl/mnt/vol0/Program Files/Common Files/Microsoft Shared/DAO
/tmp/agentic-sift-evidence-mhmhnwjl/mnt/vol0/Program Files/Common Files/Microsoft Shared/MSINFO
/tmp/agentic-sift-evidence-mhmhnwjl/mnt/vol0/Program Files/Common Files/Microsoft Shared/Speech
/tmp/agentic-sift-evidence-mhmhnwjl/mnt/vol0/Program Files/Common Files/Microsoft Shared/Speech/1033
/tmp/agentic-sift-evidence-mhmhnwjl/mnt/vol0/Program Files/Common Files/Microsoft Shared/Stationery
/tmp/agentic-sift-evidence-mhmhnwjl/mnt/vol0/Program Files/Common Files/Microsoft Shared/TEXTCONV
/tmp/agentic-sift-evidence-mhmhnwjl/mnt/vol0/Program Files/Common Files/Microsoft Shared/TRIEDIT
/tmp/agentic-sift-evidence-mhmhnwjl/mnt/vol0/Program Files/Common Files/Microsoft Shared/VGX
/tmp/agentic-sift-evidence-mhmhnwjl/mnt/vol0/Program Files/Common Files/Microsoft Shared/Web Folders
/tmp/agentic-sift-evidence-mhmhnwjl/mnt/vol0/Program Files/Common Files/Microsoft Shared/Web Server Extensions
/tmp/agentic-sift-evidence-mhmhnwjl/mnt/vol0/Program Files/Common Files/Microsoft Shared/Web Server Extensions/40
/tmp/agentic-sift-evidence-mhmhnwjl/mnt/vol0/Program Files/Common Files/Microsoft Shared/Web Server Extensions/40/admcgi
/tmp/agentic-sift-evidence-mhmhnwjl/mnt/vol0/Program Files/Common Files/Microsoft Shared/Web Server Extensions/40/admcgi/scripts
/tmp/agentic-sift-evidence-mhmhnwjl/mnt/vol0/Program Files/Common Files/Microsoft Shared/Web Server Extensions/40/admisapi
/tmp/agentic-sift-evidence-mhmhnwjl/mnt/vol0/Program Files/Common Files/Microsoft Shared/Web Server Extensions/40/admisapi/scripts
/tmp/agentic-sift-evidence-mhmhnwjl/mnt/vol0/Program Files/Common Files/Microsoft Shared/Web Server Extensions/40/BIN
/tmp/agentic-sift-evidence-mhmhnwjl/mnt/vol0/Program Files/Common Files/Microsoft Shared/Web Server Extensions/40/BIN/1033
/tmp/agentic-sift-evidence-mhmhnwjl/mnt/vol0/Program Files/Common Files/Microsoft Shared/Web Server Extensions/40/bots
/tmp/agentic-sift-evidence-mhmhnwjl/mnt/vol0/Program Files/Common Files/Microsoft Shared/Web Server Extensions/40/bots/vinavbar
/tmp/agentic-sift-evidence-mhmhnwjl/mnt/vol0/Program Files/Common Files/Microsoft Shared/Web Server Extensions/40/isapi
/tmp/agentic-sift-evidence-mhmhnwjl/mnt/vol0/Program Files/Common Files/Microsoft Shared/Web Server Extensions/40/isapi/_vti_adm
/tmp/agentic-sift-evidence-mhmhnwjl/mnt/vol0/Program Files/Common Files/Microsoft Shared/Web Server Extensions/40/isapi/_vti_aut
/tmp/agentic-sift-evidence-mhmhnwjl/mnt/vol0/Program Files/Common Files/Microsoft Shared/Web Server Extensions/40/servsupp
/tmp/agentic-sift-evidence-mhmhnwjl/mnt/vol0/Program Files/Common Files/Microsoft Shared/Web Server Extensions/40/_vti_bin
/tmp/agentic-sift-evidence-mhmhnwjl/mnt/vol0/Program Files/Common Files/Microsoft Shared/Web Server Extensions/40/_vti_bin/_vti_adm
/tmp/agentic-sift-evidence-mhmhnwjl/mnt/vol0/Program Files/Common Files/Microsoft Shared/Web Server Extensions/40/_vti_bin/_vti_aut
/tmp/agentic-sift-evidence-mhmhnwjl/mnt/vol0/Program Files/Common Files/MSSoap
/tmp/agentic-sift-evidence-mhmhnwjl/mnt/vol0/Program Files/Common Files/MSSoap/Binaries
/tmp/agentic-sift-evidence-mhmhnwjl/mnt/vol0/Program Files/Common Files/MSSoap/Binaries/Resources
/tmp/agentic-sift-evidence-mhmhnwjl/mnt/vol0/Program Files/Common Files/MSSoap/Binaries/Resources/1033
/tmp/agentic-sift-evidence-mhmhnwjl/mnt/vol0/Program Files/Common Files/ODBC
/tmp/agentic-sift-evidence-mhmhnwjl/mnt/vol0/Program Files/Common Files/ODBC/Data Sources
/tmp/agentic-sift-evidence-mhmhnwjl/mnt/vol0/Program Files/Common Files/Services
/tmp/agentic-sift-evidence-mhmhnwjl/mnt/vol0/Program Files/Common Files/SpeechEngines
/tmp/agentic-sift-evidence-mhmhnwjl/mnt/vol0/Program Files/Common Files/SpeechEngines/Microsoft
/tmp/agentic-sift-evidence-mhmhnwjl/mnt/vol0/Program Files/Common Files/SpeechEngines/Microsoft/Lexicon
/tmp/agentic-sift-evidence-mhmhnwjl/mnt/vol0/Program Files/Common Files/SpeechEngines/Microsoft/Lexicon/1033
/tmp/agentic-sift-evidence-mhmhnwjl/mnt/vol0/Program Files/Common Files/SpeechEngines/Microsoft/TTS
/tmp/agentic-sift-evidence-mhmhnwjl/mnt/vol0/Program Files/Common Files/SpeechEngines/Microsoft/TTS/1033
/tmp/agentic-sift-evidence-mhmhnwjl/mnt/vol0/Program Files/Common Files/SYSTEM
/tmp/agentic-sift-evidence-mhmhnwjl/mnt/vol0/Program Files/Common Files/SYSTEM/ADO
/tmp/agentic-sift-evidence-mhmhnwjl/mnt/vol0/Program Files/Common Files/SYSTEM/MSADC
/tmp/agentic-sift-evidence-mhmhnwjl/mnt/vol0/Program Files/Common Files/SYSTEM/ole db
/tmp/agentic-sift-evidence-mhmhnwjl/mnt/vol0/Program Files/ComPlus Applications
/tmp/agentic-sift-evidence-mhmhnwjl/mnt/vol0/Program Files/DirectX
/tmp/agentic-sift-evidence-mhmhnwjl/mnt/vol0/Program Files/DirectX/Setup
/tmp/agentic-sift-evidence-mhmhnwjl/mnt/vol0/Program Files/Ethereal
/tmp/agentic-sift-evidence-mhmhnwjl/mnt/vol0/Program Files/Ethereal/diameter
/tmp/agentic-sift-evidence-mhmhnwjl/mnt/vol0/Program Files/Ethereal/etc
/tmp/agentic-sift-evidence-mhmhnwjl/mnt/vol0/Program Files/Ethereal/etc/gtk-2.0
/tmp/agentic-sift-evidence-mhmhnwjl/mnt/vol0/Program Files/Ethereal/etc/pango
/tmp/agentic-sift-evidence-mhmhnwjl/mnt/vol0/Program Files/Ethereal/help
/tmp/agentic-sift-evidence-mhmhnwjl/mnt/vol0/Program Files/Ethereal/lib
/tmp/agentic-sift-evidence-mhmhnwjl/mnt/vol0/Program Files/Ethereal/lib/gtk-2.0
/tmp/agentic-sift-evidence-mhmhnwjl/mnt/vol0/Program Files/Ethereal/lib/gtk-2.0/2.4.0
/tmp/agentic-sift-evidence-mhmhnwjl/mnt/vol0/Program Files/Ethereal/lib/gtk-2.0/2.4.0/immodules
/tmp/agentic-sift-evidence-mhmhnwjl/mnt/vol0/Program Files/Ethereal/lib/gtk-2.0/2.4.0/loaders
/tmp/agentic-sift-evidence-mhmhnwjl/mnt/vol0/Program Files/Ethereal/lib/pango
/tmp/agentic-sift-evidence-mhmhnwjl/mnt/vol0/Program Files/Ethereal/lib/pango/1.4.0
/tmp/agentic-sift-evidence-mhmhnwjl/mnt/vol0/Program Files/Ethereal/lib/pango/1.4.0/modules
/tmp/agentic-sift-evidence-mhmhnwjl/mnt/vol0/Program Files/Ethereal/plugins
/tmp/agentic-sift-evidence-mhmhnwjl/mnt/vol0/Program Files/Ethereal/plugins/0.10.6
/tmp/agentic-sift-evidence-mhmhnwjl/mnt/vol0/Program Files/Ethereal/snmp
/tmp/agentic-sift-evidence-mhmhnwjl/mnt/vol0/Program Files/Ethereal/snmp/mibs
/tmp/agentic-sift-evidence-mhmhnwjl/mnt/vol0/Program Files/Faber Toys
/tmp/agentic-sift-evidence-mhmhnwjl/mnt/vol0/Program Files/Faber Toys/Language
/tmp/agentic-sift-evidence-mhmhnwjl/mnt/vol0/Program Files/GlobalSCAPE
/tmp/agentic-sift-evidence-mhmhnwjl/mnt/vol0/Program Files/GlobalSCAPE/CuteFTP
/tmp/agentic-sift-evidence-mhmhnwjl/mnt/vol0/Program Files/GlobalSCAPE/CuteFTP/CuteHTML
/tmp/agentic-sift-evidence-mhmhnwjl/mnt/vol0/Program Files/Internet Explorer
/tmp/agentic-sift-evidence-mhmhnwjl/mnt/vol0/Program Files/Internet Explorer/Connection Wizard
/tmp/agentic-sift-evidence-mhmhnwjl/mnt/vol0/Program Files/Internet Explorer/PLUGINS
/tmp/agentic-sift-evidence-mhmhnwjl/mnt/vol0/Program Files/Internet Explorer/SIGNUP
/tmp/agentic-sift-evidence-mhmhnwjl/mnt/vol0/Program Files/Look@LAN
/tmp/agentic-sift-evidence-mhmhnwjl/mnt/vol0/Program Files/Look@LAN/Report
/tmp/agentic-sift-evidence-mhmhnwjl/mnt/vol0/Program Files/Look@LAN/Report/images
/tmp/agentic-sift-evidence-mhmhnwjl/mnt/vol0/Program Files/Look@LAN/sounds
/tmp/agentic-sift-evidence-mhmhnwjl/mnt/vol0/Program Files/Messenger
/tmp/agentic-sift-evidence-mhmhnwjl/mnt/vol0/Program Files/microsoft frontpage
/tmp/agentic-sift-evidence-mhmhnwjl/mnt/vol0/Program Files/microsoft frontpage/version3.0
/tmp/agentic-sift-evidence-mhmhnwjl/mnt/vol0/Program Files/microsoft frontpage/version3.0/bin
/tmp/agentic-sift-evidence-mhmhnwjl/mnt/vol0/Program Files/mIRC
/tmp/agentic-sift-evidence-mhmhnwjl/mnt/vol0/Program Files/mIRC/channels
/tmp/agentic-sift-evidence-mhmhnwjl/mnt/vol0/Program Files/mIRC/download
/tmp/agentic-sift-evidence-mhmhnwjl/mnt/vol0/Program Files/mIRC/logs
/tmp/agentic-sift-evidence-mhmhnwjl/mnt/vol0/Program Files/mIRC/sounds
/tmp/agentic-sift-evidence-mhmhnwjl/mnt/vol0/Program Files/Movie Maker
/tmp/agentic-sift-evidence-mhmhnwjl/mnt/vol0/Program Files/Movie Maker/MUI
/tmp/agentic-sift-evidence-mhmhnwjl/mnt/vol0/Program Files/Movie Maker/MUI/0409
/tmp/agentic-sift-evidence-mhmhnwjl/mnt/vol0/Program Files/MSN Gaming Zone
/tmp/agentic-sift-evidence-mhmhnwjl/mnt/vol0/Program Files/MSN Gaming Zone/Windows
/tmp/agentic-sift-evidence-mhmhnwjl/mnt/vol0/Program Files/NetMeeting
/tmp/agentic-sift-evidence-mhmhnwjl/mnt/vol0/Program Files/Network Stumbler
/tmp/agentic-sift-evidence-mhmhnwjl/mnt/vol0/Program Files/Online Services
/tmp/agentic-sift-evidence-mhmhnwjl/mnt/vol0/Program Files/Online Services/MSN50
/tmp/agentic-sift-evidence-mhmhnwjl/mnt/vol0/Program Files/Online Services/MSN50/OCX
/tmp/agentic-sift-evidence-mhmhnwjl/mnt/vol0/Program Files/Outlook Express
/tmp/agentic-sift-evidence-mhmhnwjl/mnt/vol0/Program Files/PLUS!
/tmp/agentic-sift-evidence-mhmhnwjl/mnt/vol0/Program Files/PLUS!/THEMES
/tmp/agentic-sift-evidence-mhmhnwjl/mnt/vol0/Program Files/Uninstall Information
/tmp/agentic-sift-evidence-mhmhnwjl/mnt/vol0/Program Files/Uninstall Information/ConnectionConfiguration
/tmp/agentic-sift-evidence-mhmhnwjl/mnt/vol0/Program Files/Uninstall Information/IE UserData
/tmp/agentic-sift-evidence-mhmhnwjl/mnt/vol0/Program Files/Uninstall Information/IE.HKCUZoneInfo
/tmp/agentic-sift-evidence-mhmhnwjl/mnt/vol0/Program Files/Uninstall Information/IE.HKLMZoneInfo
/tmp/agentic-sift-evidence-mhmhnwjl/mnt/vol0/Program Files/Uninstall Information/IE40.Assoc
/tmp/agentic-sift-evidence-mhmhnwjl/mnt/vol0/Program Files/Uninstall Information/IE40.Browser
/tmp/agentic-sift-evidence-mhmhnwjl/mnt/vol0/Program Files/Uninstall Information/IE40.BrowseUI
/tmp/agentic-sift-evidence-mhmhnwjl/mnt/vol0/Program Files/Uninstall Information/IE40.Comctl32
/tmp/agentic-sift-evidence-mhmhnwjl/mnt/vol0/Program Files/Uninstall Information/IE40.Controls
/tmp/agentic-sift-evidence-mhmhnwjl/mnt/vol0/Program Files/Uninstall Information/IE40.Shdoc401
/tmp/agentic-sift-evidence-mhmhnwjl/mnt/vol0/Program Files/Uninstall Information/IE40.Shell
/tmp/agentic-sift-evidence-mhmhnwjl/mnt/vol0/Program Files/Uninstall Information/IE40.Shell32
/tmp/agentic-sift-evidence-mhmhnwjl/mnt/vol0/Program Files/Uninstall Information/IE40.UserAgent
/tmp/agentic-sift-evidence-mhmhnwjl/mnt/vol0/Program Files/Uninstall Information/IE4Shell95UserData
/tmp/agentic-sift-evidence-mhmhnwjl/mnt/vol0/Program Files/Uninstall Information/IEContentAdvisor.Assoc
/tmp/agentic-sift-evidence-mhmhnwjl/mnt/vol0/Program Files/Uninstall Information/mshtml.DllReg
/tmp/agentic-sift-evidence-mhmhnwjl/mnt/vol0/Program Files/Uninstall Information/mshtml.Install
/tmp/agentic-sift-evidence-mhmhnwjl/mnt/vol0/Program Files/Uninstall Information/MSIEFTP
/tmp/agentic-sift-evidence-mhmhnwjl/mnt/vol0/Program Files/Whois
/tmp/agentic-sift-evidence-mhmhnwjl/mnt/vol0/Program Files/Windows Media Player
/tmp/agentic-sift-evidence-mhmhnwjl/mnt/vol0/Program Files/Windows Media Player/Skins
/tmp/agentic-sift-evidence-mhmhnwjl/mnt/vol0/Program Files/Windows Media Player/Visualizations
/tmp/agentic-sift-evidence-mhmhnwjl/mnt/vol0/Program Files/Windows NT
/tmp/agentic-sift-evidence-mhmhnwjl/mnt/vol0/Program Files/Windows NT/Accessories
/tmp/agentic-sift-evidence-mhmhnwjl/mnt/vol0/Program Files/Windows NT/Pinball
/tmp/agentic-sift-evidence-mhmhnwjl/mnt/vol0/Program Files/WindowsUpdate
/tmp/agentic-sift-evidence-mhmhnwjl/mnt/vol0/Program Files/WinPcap
/tmp/agentic-sift-evidence-mhmhnwjl/mnt/vol0/Program Files/xerox
/tmp/agentic-sift-evidence-mhmhnwjl/mnt/vol0/Program Files/xerox/nwwia
/tmp/agentic-sift-evidence-mhmhnwjl/mnt/vol0/RECYCLER
/tmp/agentic-sift-evidence-mhmhnwjl/mnt/vol0/RECYCLER/S-1-5-21-2000478354-688789844-1708537768-1003
/tmp/agentic-sift-evidence-mhmhnwjl/mnt/vol0/System Volume Information
/tmp/agentic-sift-evidence-mhmhnwjl/mnt/vol0/Temp
/tmp/agentic-sift-evidence-mhmhnwjl/mnt/vol0/WIN98
/tmp/agentic-sift-evidence-mhmhnwjl/mnt/vol0/WINDOWS
/tmp/agentic-sift-evidence-mhmhnwjl/mnt/vol0/WINDOWS/mui
/tmp/agentic-sift-evidence-mhmhnwjl/mnt/vol0/WINDOWS/Offline Web Pages
/tmp/agentic-sift-evidence-mhmhnwjl/mnt/vol0/WINDOWS/PCHEALTH
/tmp/agentic-sift-evidence-mhmhnwjl/mnt/vol0/WINDOWS/PCHEALTH/HELPCTR
/tmp/agentic-sift-evidence-mhmhnwjl/mnt/vol0/WINDOWS/PCHEALTH/HELPCTR/BATCH
/tmp/agentic-sift-evidence-mhmhnwjl/mnt/vol0/WINDOWS/PCHEALTH/HELPCTR/Binaries
/tmp/agentic-sift-evidence-mhmhnwjl/mnt/vol0/WINDOWS/PCHEALTH/HELPCTR/Config
/tmp/agentic-sift-evidence-mhmhnwjl/mnt/vol0/WINDOWS/PCHEALTH/HELPCTR/Config/Cache
/tmp/agentic-sift-evidence-mhmhnwjl/mnt/vol0/WINDOWS/PCHEALTH/HELPCTR/Config/CheckPoint
/tmp/agentic-sift-evidence-mhmhnwjl/mnt/vol0/WINDOWS/PCHEALTH/HELPCTR/Database
/tmp/agentic-sift-evidence-mhmhnwjl/mnt/vol0/WINDOWS/PCHEALTH/HELPCTR/DataColl
/tmp/agentic-sift-evidence-mhmhnwjl/mnt/vol0/WINDOWS/PCHEALTH/HELPCTR/HelpFiles
/tmp/agentic-sift-evidence-mhmhnwjl/mnt/vol0/WINDOWS/PCHEALTH/HELPCTR/Indices
/tmp/agentic-sift-evidence-mhmhnwjl/mnt/vol0/WINDOWS/PCHEALTH/HELPCTR/InstalledSKUs
/tmp/agentic-sift-evidence-mhmhnwjl/mnt/vol0/WINDOWS/PCHEALTH/HELPCTR/Logs
/tmp/agentic-sift-evidence-mhmhnwjl/mnt/vol0/WINDOWS/PCHEALTH/HELPCTR/OfflineCache
/tmp/agentic-sift-evidence-mhmhnwjl/mnt/vol0/WINDOWS/PCHEALTH/HELPCTR/OfflineCache/Professional_32#0409
/tmp/agentic-sift-evidence-mhmhnwjl/mnt/vol0/WINDOWS/PCHEALTH/HELPCTR/PackageStore
/tmp/agentic-sift-evidence-mhmhnwjl/mnt/vol0/WINDOWS/PCHEALTH/HELPCTR/System
/tmp/agentic-sift-evidence-mhmhnwjl/mnt/vol0/WINDOWS/PCHEALTH/HELPCTR/System/blurbs
/tmp/agentic-sift-evidence-mhmhnwjl/mnt/vol0/WINDOWS/PCHEALTH/HELPCTR/System/CompatCtr
/tmp/agentic-sift-evidence-mhmhnwjl/mnt/vol0/WINDOWS/PCHEALTH/HELPCTR/System/css
/tmp/agentic-sift-evidence-mhmhnwjl/mnt/vol0/WINDOWS/PCHEALTH/HELPCTR/System/DFS
/tmp/agentic-sift-evidence-mhmhnwjl/mnt/vol0/WINDOWS/PCHEALTH/HELPCTR/System/dialogs
/tmp/agentic-sift-evidence-mhmhnwjl/mnt/vol0/WINDOWS/PCHEALTH/HELPCTR/System/DVDUpgrd
/tmp/agentic-sift-evidence-mhmhnwjl/mnt/vol0/WINDOWS/PCHEALTH/HELPCTR/System/ErrMsg
/tmp/agentic-sift-evidence-mhmhnwjl/mnt/vol0/WINDOWS/PCHEALTH/HELPCTR/System/errors
/tmp/agentic-sift-evidence-mhmhnwjl/mnt/vol0/WINDOWS/PCHEALTH/HELPCTR/System/images
/tmp/agentic-sift-evidence-mhmhnwjl/mnt/vol0/WINDOWS/PCHEALTH/HELPCTR/System/images/16x16
/tmp/agentic-sift-evidence-mhmhnwjl/mnt/vol0/WINDOWS/PCHEALTH/HELPCTR/System/images/24x24
/tmp/agentic-sift-evidence-mhmhnwjl/mnt/vol0/WINDOWS/PCHEALTH/HELPCTR/System/images/32x32
/tmp/agentic-sift-evidence-mhmhnwjl/mnt/vol0/WINDOWS/PCHEALTH/HELPCTR/System/images/48x48
/tmp/agentic-sift-evidence-mhmhnwjl/mnt/vol0/WINDOWS/PCHEALTH/HELPCTR/System/images/Centers
/tmp/agentic-sift-evidence-mhmhnwjl/mnt/vol0/WINDOWS/PCHEALTH/HELPCTR/System/images/Expando
/tmp/agentic-sift-evidence-mhmhnwjl/mnt/vol0/WINDOWS/PCHEALTH/HELPCTR/System/NetDiag
/tmp/agentic-sift-evidence-mhmhnwjl/mnt/vol0/WINDOWS/PCHEALTH/HELPCTR/System/panels
/tmp/agentic-sift-evidence-mhmhnwjl/mnt/vol0/WINDOWS/PCHEALTH/HELPCTR/System/panels/subpanels
/tmp/agentic-sift-evidence-mhmhnwjl/mnt/vol0/WINDOWS/PCHEALTH/HELPCTR/System/rc
/tmp/agentic-sift-evidence-mhmhnwjl/mnt/vol0/WINDOWS/PCHEALTH/HELPCTR/System/Remote Assistance
/tmp/agentic-sift-evidence-mhmhnwjl/mnt/vol0/WINDOWS/PCHEALTH/HELPCTR/System/Remote Assistance/Common
/tmp/agentic-sift-evidence-mhmhnwjl/mnt/vol0/WINDOWS/PCHEALTH/HELPCTR/System/Remote Assistance/Css
/tmp/agentic-sift-evidence-mhmhnwjl/mnt/vol0/WINDOWS/PCHEALTH/HELPCTR/System/Remote Assistance/Interaction
/tmp/agentic-sift-evidence-mhmhnwjl/mnt/vol0/WINDOWS/PCHEALTH/HELPCTR/System/Remote Assistance/Interaction/Client
/tmp/agentic-sift-evidence-mhmhnwjl/mnt/vol0/WINDOWS/PCHEALTH/HELPCTR/System/Remote Assistance/Interaction/Common
/tmp/agentic-sift-evidence-mhmhnwjl/mnt/vol0/WINDOWS/PCHEALTH/HELPCTR/System/Remote Assistance/Interaction/Server
/tmp/agentic-sift-evidence-mhmhnwjl/mnt/vol0/WINDOWS/PCHEALTH/HELPCTR/System/scripts
/tmp/agentic-sift-evidence-mhmhnwjl/mnt/vol0/WINDOWS/PCHEALTH/HELPCTR/System/sysinfo
/tmp/agentic-sift-evidence-mhmhnwjl/mnt/vol0/WINDOWS/PCHEALTH/HELPCTR/System/sysinfo/graphics
/tmp/agentic-sift-evidence-mhmhnwjl/mnt/vol0/WINDOWS/PCHEALTH/HELPCTR/System/sysinfo/graphics/33x16pie
/tmp/agentic-sift-evidence-mhmhnwjl/mnt/vol0/WINDOWS/PCHEALTH/HELPCTR/System/sysinfo/graphics/47x24pie
/tmp/agentic-sift-evidence-mhmhnwjl/mnt/vol0/WINDOWS/PCHEALTH/HELPCTR/System/UpdateCtr
/tmp/agentic-sift-evidence-mhmhnwjl/mnt/vol0/WINDOWS/PCHEALTH/HELPCTR/System_OEM
/tmp/agentic-sift-evidence-mhmhnwjl/mnt/vol0/WINDOWS/PCHEALTH/HELPCTR/Temp
/tmp/agentic-sift-evidence-mhmhnwjl/mnt/vol0/WINDOWS/PCHEALTH/HELPCTR/Vendors
/tmp/agentic-sift-evidence-mhmhnwjl/mnt/vol0/WINDOWS/PCHEALTH/HELPCTR/Vendors/CN=Microsoft Corporation,L=Redmond,S=Washington,C=US
/tmp/agentic-sift-evidence-mhmhnwjl/mnt/vol0/WINDOWS/PCHEALTH/HELPCTR/Vendors/CN=Microsoft Corporation,L=Redmond,S=Washington,C=US/Remote Assistance
/tmp/agentic-sift-evidence-mhmhnwjl/mnt/vol0/WINDOWS/PCHEALTH/HELPCTR/Vendors/CN=Microsoft Corporation,L=Redmond,S=Washington,C=US/Remote Assistance/Common
/tmp/agentic-sift-evidence-mhmhnwjl/mnt/vol0/WINDOWS/PCHEALTH/HELPCTR/Vendors/CN=Microsoft Corporation,L=Redmond,S=Washington,C=US/Remote Assistance/Css
/tmp/agentic-sift-evidence-mhmhnwjl/mnt/vol0/WINDOWS/PCHEALTH/HELPCTR/Vendors/CN=Microsoft Corporation,L=Redmond,S=Washington,C=US/Remote Assistance/Escalation
/tmp/agentic-sift-evidence-mhmhnwjl/mnt/vol0/WINDOWS/PCHEALTH/HELPCTR/Vendors/CN=Microsoft Corporation,L=Redmond,S=Washington,C=US/Remote Assistance/Escalation/Common
/tmp/agentic-sift-evidence-mhmhnwjl/mnt/vol0/WINDOWS/PCHEALTH/HELPCTR/Vendors/CN=Microsoft Corporation,L=Redmond,S=Washington,C=US/Remote Assistance/Escalation/Email
/tmp/agentic-sift-evidence-mhmhnwjl/mnt/vol0/WINDOWS/PCHEALTH/HELPCTR/Vendors/CN=Microsoft Corporation,L=Redmond,S=Washington,C=US/Remote Assistance/Escalation/Unsolicited
/tmp/agentic-sift-evidence-mhmhnwjl/mnt/vol0/WINDOWS/PCHEALTH/UploadLB
/tmp/agentic-sift-evidence-mhmhnwjl/mnt/vol0/WINDOWS/PCHEALTH/UploadLB/Binaries
/tmp/agentic-sift-evidence-mhmhnwjl/mnt/vol0/WINDOWS/PCHEALTH/UploadLB/Config
/tmp/agentic-sift-evidence-mhmhnwjl/mnt/vol0/WINDOWS/Prefetch
/tmp/agentic-sift-evidence-mhmhnwjl/mnt/vol0/WINDOWS/Registration
/tmp/agentic-sift-evidence-mhmhnwjl/mnt/vol0/WINDOWS/Registration/CRMLog
/tmp/agentic-sift-evidence-mhmhnwjl/mnt/vol0/WINDOWS/addins
/tmp/agentic-sift-evidence-mhmhnwjl/mnt/vol0/WINDOWS/AppPatch
/tmp/agentic-sift-evidence-mhmhnwjl/mnt/vol0/WINDOWS/Config
/tmp/agentic-sift-evidence-mhmhnwjl/mnt/vol0/WINDOWS/Connection Wizard
/tmp/agentic-sift-evidence-mhmhnwjl/mnt/vol0/WINDOWS/Cursors
/tmp/agentic-sift-evidence-mhmhnwjl/mnt/vol0/WINDOWS/Debug
/tmp/agentic-sift-evidence-mhmhnwjl/mnt/vol0/WINDOWS/Debug/UserMode
/tmp/agentic-sift-evidence-mhmhnwjl/mnt/vol0/WINDOWS/Downloaded Installations
/tmp/agentic-sift-evidence-mhmhnwjl/mnt/vol0/WINDOWS/Downloaded Program Files
/tmp/agentic-sift-evidence-mhmhnwjl/mnt/vol0/WINDOWS/Driver Cache
/tmp/agentic-sift-evidence-mhmhnwjl/mnt/vol0/WINDOWS/Driver Cache/i386
/tmp/agentic-sift-evidence-mhmhnwjl/mnt/vol0/WINDOWS/srchasst
/tmp/agentic-sift-evidence-mhmhnwjl/mnt/vol0/WINDOWS/srchasst/chars
/tmp/agentic-sift-evidence-mhmhnwjl/mnt/vol0/WINDOWS/srchasst/mui
/tmp/agentic-sift-evidence-mhmhnwjl/mnt/vol0/WINDOWS/srchasst/mui/0409
/tmp/agentic-sift-evidence-mhmhnwjl/mnt/vol0/WINDOWS/system
/tmp/agentic-sift-evidence-mhmhnwjl/mnt/vol0/WINDOWS/system32
/tmp/agentic-sift-evidence-mhmhnwjl/mnt/vol0/WINDOWS/system32/xircom
/tmp/agentic-sift-evidence-mhmhnwjl/mnt/vol0/WINDOWS/system32/Com
/tmp/agentic-sift-evidence-mhmhnwjl/mnt/vol0/WINDOWS/system32/oobe
/tmp/agentic-sift-evidence-mhmhnwjl/mnt/vol0/WINDOWS/system32/oobe/actsetup
/tmp/agentic-sift-evidence-mhmhnwjl/mnt/vol0/WINDOWS/system32/oobe/error
/tmp/agentic-sift-evidence-mhmhnwjl/mnt/vol0/WINDOWS/system32/oobe/html
/tmp/agentic-sift-evidence-mhmhnwjl/mnt/vol0/WINDOWS/system32/oobe/html/dslmain
/tmp/agentic-sift-evidence-mhmhnwjl/mnt/vol0/WINDOWS/system32/oobe/html/iconnect
/tmp/agentic-sift-evidence-mhmhnwjl/mnt/vol0/WINDOWS/system32/oobe/html/ispsgnup
/tmp/agentic-sift-evidence-mhmhnwjl/mnt/vol0/WINDOWS/system32/oobe/html/isptype
/tmp/agentic-sift-evidence-mhmhnwjl/mnt/vol0/WINDOWS/system32/oobe/html/mouse
/tmp/agentic-sift-evidence-mhmhnwjl/mnt/vol0/WINDOWS/system32/oobe/html/mouse/images
/tmp/agentic-sift-evidence-mhmhnwjl/mnt/vol0/WINDOWS/system32/oobe/html/oemcust
/tmp/agentic-sift-evidence-mhmhnwjl/mnt/vol0/WINDOWS/system32/oobe/html/oemhw
/tmp/agentic-sift-evidence-mhmhnwjl/mnt/vol0/WINDOWS/system32/oobe/html/oemreg
/tmp/agentic-sift-evidence-mhmhnwjl/mnt/vol0/WINDOWS/system32/oobe/html/sconnect
/tmp/agentic-sift-evidence-mhmhnwjl/mnt/vol0/WINDOWS/system32/oobe/icserror
/tmp/agentic-sift-evidence-mhmhnwjl/mnt/vol0/WINDOWS/system32/oobe/images
/tmp/agentic-sift-evidence-mhmhnwjl/mnt/vol0/WINDOWS/system32/oobe/isperror
/tmp/agentic-sift-evidence-mhmhnwjl/mnt/vol0/WINDOWS/system32/oobe/regerror
/tmp/agentic-sift-evidence-mhmhnwjl/mnt/vol0/WINDOWS/system32/oobe/sample
/tmp/agentic-sift-evidence-mhmhnwjl/mnt/vol0/WINDOWS/system32/oobe/setup
/tmp/agentic-sift-evidence-mhmhnwjl/mnt/vol0/WINDOWS/system32/Setup
/tmp/agentic-sift-evidence-mhmhnwjl/mnt/vol0/WINDOWS/system32/ras
/tmp/agentic-sift-evidence-mhmhnwjl/mnt/vol0/WINDOWS/system32/1025
/tmp/agentic-sift-evidence-mhmhnwjl/mnt/vol0/WINDOWS/system32/1028
/tmp/agentic-sift-evidence-mhmhnwjl/mnt/vol0/WINDOWS/system32/1031
/tmp/agentic-sift-evidence-mhmhnwjl/mnt/vol0/WINDOWS/system32/1033
/tmp/agentic-sift-evidence-mhmhnwjl/mnt/vol0/WINDOWS/system32/1037
/tmp/agentic-sift-evidence-mhmhnwjl/mnt/vol0/WINDOWS/system32/1041
/tmp/agentic-sift-evidence-mhmhnwjl/mnt/vol0/WINDOWS/system32/1042
/tmp/agentic-sift-evidence-mhmhnwjl/mnt/vol0/WINDOWS/system32/1054
/tmp/agentic-sift-evidence-mhmhnwjl/mnt/vol0/WINDOWS/system32/2052
/tmp/agentic-sift-evidence-mhmhnwjl/mnt/vol0/WINDOWS/system32/3076
/tmp/agentic-sift-evidence-mhmhnwjl/mnt/vol0/WINDOWS/system32/3com_dmi
/tmp/agentic-sift-evidence-mhmhnwjl/mnt/vol0/WINDOWS/system32/CatRoot
/tmp/agentic-sift-evidence-mhmhnwjl/mnt/vol0/WINDOWS/system32/CatRoot/{127D0A1D-4EF2-11D1-8608-00C04FC295EE}
/tmp/agentic-sift-evidence-mhmhnwjl/mnt/vol0/WINDOWS/system32/CatRoot/{F750E6C3-38EE-11D1-85E5-00C04FC295EE}
/tmp/agentic-sift-evidence-mhmhnwjl/mnt/vol0/WINDOWS/system32/CatRoot/{F750E6C3-38EE-11D1-85E5-00C04FC295EE}/TempDir
/tmp/agentic-sift-evidence-mhmhnwjl/mnt/vol0/WINDOWS/system32/CatRoot2
/tmp/agentic-sift-evidence-mhmhnwjl/mnt/vol0/WINDOWS/system32/CatRoot2/{127D0A1D-4EF2-11D1-8608-00C04FC295EE}
/tmp/agentic-sift-evidence-mhmhnwjl/mnt/vol0/WINDOWS/system32/CatRoot2/{F750E6C3-38EE-11D1-85E5-00C04FC295EE}
/tmp/agentic-sift-evidence-mhmhnwjl/mnt/vol0/WINDOWS/system32/config
/tmp/agentic-sift-evidence-mhmhnwjl/mnt/vol0/WINDOWS/system32/config/systemprofile
/tmp/agentic-sift-evidence-mhmhnwjl/mnt/vol0/WINDOWS/system32/config/systemprofile/Application Data
/tmp/agentic-sift-evidence-mhmhnwjl/mnt/vol0/WINDOWS/system32/config/systemprofile/Application Data/Microsoft
/tmp/agentic-sift-evidence-mhmhnwjl/mnt/vol0/WINDOWS/system32/config/systemprofile/Application Data/Microsoft/Internet Explorer
/tmp/agentic-sift-evidence-mhmhnwjl/mnt/vol0/WINDOWS/system32/config/systemprofile/Application Data/Microsoft/SystemCertificates
/tmp/agentic-sift-evidence-mhmhnwjl/mnt/vol0/WINDOWS/system32/config/systemprofile/Application Data/Microsoft/SystemCertificates/My
/tmp/agentic-sift-evidence-mhmhnwjl/mnt/vol0/WINDOWS/system32/config/systemprofile/Application Data/Microsoft/SystemCertificates/My/Certificates
/tmp/agentic-sift-evidence-mhmhnwjl/mnt/vol0/WINDOWS/system32/config/systemprofile/Application Data/Microsoft/SystemCertificates/My/CRLs
/tmp/agentic-sift-evidence-mhmhnwjl/mnt/vol0/WINDOWS/system32/config/systemprofile/Application Data/Microsoft/SystemCertificates/My/CTLs
/tmp/agentic-sift-evidence-mhmhnwjl/mnt/vol0/WINDOWS/system32/config/systemprofile/Cookies
/tmp/agentic-sift-evidence-mhmhnwjl/mnt/vol0/WINDOWS/system32/config/systemprofile/Desktop
/tmp/agentic-sift-evidence-mhmhnwjl/mnt/vol0/WINDOWS/system32/config/systemprofile/Favorites
/tmp/agentic-sift-evidence-mhmhnwjl/mnt/vol0/WINDOWS/system32/config/systemprofile/Local Settings
/tmp/agentic-sift-evidence-mhmhnwjl/mnt/vol0/WINDOWS/system32/config/systemprofile/Local Settings/Application Data
/tmp/agentic-sift-evidence-mhmhnwjl/mnt/vol0/WINDOWS/system32/config/systemprofile/Local Settings/History
/tmp/agentic-sift-evidence-mhmhnwjl/mnt/vol0/WINDOWS/system32/config/systemprofile/Local Settings/History/History.IE5
/tmp/agentic-sift-evidence-mhmhnwjl/mnt/vol0/WINDOWS/system32/config/systemprofile/Local Settings/History/History.IE5/MSHist012004081920040820
/tmp/agentic-sift-evidence-mhmhnwjl/mnt/vol0/WINDOWS/system32/config/systemprofile/Local Settings/Temp
/tmp/agentic-sift-evidence-mhmhnwjl/mnt/vol0/WINDOWS/system32/config/systemprofile/Local Settings/Temporary Internet Files
/tmp/agentic-sift-evidence-mhmhnwjl/mnt/vol0/WINDOWS/system32/config/systemprofile/Local Settings/Temporary Internet Files/Content.IE5
/tmp/agentic-sift-evidence-mhmhnwjl/mnt/vol0/WINDOWS/system32/config/systemprofile/Local Settings/Temporary Internet Files/Content.IE5/HYU1BON0
/tmp/agentic-sift-evidence-mhmhnwjl/mnt/vol0/WINDOWS/system32/config/systemprofile/Local Settings/Temporary Internet Files/Content.IE5/JIRVJY9X
/tmp/agentic-sift-evidence-mhmhnwjl/mnt/vol0/WINDOWS/system32/config/systemprofile/Local Settings/Temporary Internet Files/Content.IE5/PN0J7OQM
/tmp/agentic-sift-evidence-mhmhnwjl/mnt/vol0/WINDOWS/system32/config/systemprofile/Local Settings/Temporary Internet Files/Content.IE5/PTV39NDQ
/tmp/agentic-sift-evidence-mhmhnwjl/mnt/vol0/WINDOWS/system32/config/systemprofile/My Documents
/tmp/agentic-sift-evidence-mhmhnwjl/mnt/vol0/WINDOWS/system32/config/systemprofile/NetHood
/tmp/agentic-sift-evidence-mhmhnwjl/mnt/vol0/WINDOWS/system32/config/systemprofile/PrintHood
/tmp/agentic-sift-evidence-mhmhnwjl/mnt/vol0/WINDOWS/system32/config/systemprofile/Recent
/tmp/agentic-sift-evidence-mhmhnwjl/mnt/vol0/WINDOWS/system32/config/systemprofile/SendTo
/tmp/agentic-sift-evidence-mhmhnwjl/mnt/vol0/WINDOWS/system32/config/systemprofile/Start Menu
/tmp/agentic-sift-evidence-mhmhnwjl/mnt/vol0/WINDOWS/system32/config/systemprofile/Start Menu/Programs
/tmp/agentic-sift-evidence-mhmhnwjl/mnt/vol0/WINDOWS/system32/config/systemprofile/Start Menu/Programs/Accessories
/tmp/agentic-sift-evidence-mhmhnwjl/mnt/vol0/WINDOWS/system32/config/systemprofile/Start Menu/Programs/Accessories/Accessibility
/tmp/agentic-sift-evidence-mhmhnwjl/mnt/vol0/WINDOWS/system32/config/systemprofile/Start Menu/Programs/Accessories/Entertainment
/tmp/agentic-sift-evidence-mhmhnwjl/mnt/vol0/WINDOWS/system32/config/systemprofile/Start Menu/Programs/Startup
/tmp/agentic-sift-evidence-mhmhnwjl/mnt/vol0/WINDOWS/system32/config/systemprofile/Templates
/tmp/agentic-sift-evidence-mhmhnwjl/mnt/vol0/WINDOWS/system32/dhcp
/tmp/agentic-sift-evidence-mhmhnwjl/mnt/vol0/WINDOWS/system32/DirectX
/tmp/agentic-sift-evidence-mhmhnwjl/mnt/vol0/WINDOWS/system32/DirectX/Dinput
/tmp/agentic-sift-evidence-mhmhnwjl/mnt/vol0/WINDOWS/system32/dllcache
/tmp/agentic-sift-evidence-mhmhnwjl/mnt/vol0/WINDOWS/system32/drivers
/tmp/agentic-sift-evidence-mhmhnwjl/mnt/vol0/WINDOWS/system32/drivers/etc
/tmp/agentic-sift-evidence-mhmhnwjl/mnt/vol0/WINDOWS/system32/drivers/disdn
/tmp/agentic-sift-evidence-mhmhnwjl/mnt/vol0/WINDOWS/system32/ias
/tmp/agentic-sift-evidence-mhmhnwjl/mnt/vol0/WINDOWS/system32/IME
/tmp/agentic-sift-evidence-mhmhnwjl/mnt/vol0/WINDOWS/system32/IME/CINTLGNT
/tmp/agentic-sift-evidence-mhmhnwjl/mnt/vol0/WINDOWS/system32/IME/PINTLGNT
/tmp/agentic-sift-evidence-mhmhnwjl/mnt/vol0/WINDOWS/system32/IME/TINTLGNT
/tmp/agentic-sift-evidence-mhmhnwjl/mnt/vol0/WINDOWS/system32/inetsrv
/tmp/agentic-sift-evidence-mhmhnwjl/mnt/vol0/WINDOWS/system32/Macromed
/tmp/agentic-sift-evidence-mhmhnwjl/mnt/vol0/WINDOWS/system32/Macromed/Flash
/tmp/agentic-sift-evidence-mhmhnwjl/mnt/vol0/WINDOWS/system32/export
/tmp/agentic-sift-evidence-mhmhnwjl/mnt/vol0/WINDOWS/system32/Microsoft
/tmp/agentic-sift-evidence-mhmhnwjl/mnt/vol0/WINDOWS/system32/Microsoft/Protect
/tmp/agentic-sift-evidence-mhmhnwjl/mnt/vol0/WINDOWS/system32/Microsoft/Protect/S-1-5-18
/tmp/agentic-sift-evidence-mhmhnwjl/mnt/vol0/WINDOWS/system32/Microsoft/Protect/S-1-5-18/User
/tmp/agentic-sift-evidence-mhmhnwjl/mnt/vol0/WINDOWS/system32/MsDtc
/tmp/agentic-sift-evidence-mhmhnwjl/mnt/vol0/WINDOWS/system32/MsDtc/Trace
/tmp/agentic-sift-evidence-mhmhnwjl/mnt/vol0/WINDOWS/system32/mui
/tmp/agentic-sift-evidence-mhmhnwjl/mnt/vol0/WINDOWS/system32/mui/0009
/tmp/agentic-sift-evidence-mhmhnwjl/mnt/vol0/WINDOWS/system32/mui/dispspec
/tmp/agentic-sift-evidence-mhmhnwjl/mnt/vol0/WINDOWS/system32/npp
/tmp/agentic-sift-evidence-mhmhnwjl/mnt/vol0/WINDOWS/system32/Restore
/tmp/agentic-sift-evidence-mhmhnwjl/mnt/vol0/WINDOWS/system32/ShellExt
/tmp/agentic-sift-evidence-mhmhnwjl/mnt/vol0/WINDOWS/system32/spool
/tmp/agentic-sift-evidence-mhmhnwjl/mnt/vol0/WINDOWS/system32/spool/drivers
/tmp/agentic-sift-evidence-mhmhnwjl/mnt/vol0/WINDOWS/system32/spool/drivers/color
/tmp/agentic-sift-evidence-mhmhnwjl/mnt/vol0/WINDOWS/system32/spool/drivers/w32x86
/tmp/agentic-sift-evidence-mhmhnwjl/mnt/vol0/WINDOWS/system32/spool/drivers/w32x86/3
/tmp/agentic-sift-evidence-mhmhnwjl/mnt/vol0/WINDOWS/system32/spool/PRINTERS
/tmp/agentic-sift-evidence-mhmhnwjl/mnt/vol0/WINDOWS/system32/spool/prtprocs
/tmp/agentic-sift-evidence-mhmhnwjl/mnt/vol0/WINDOWS/system32/spool/prtprocs/w32x86
/tmp/agentic-sift-evidence-mhmhnwjl/mnt/vol0/WINDOWS/system32/wbem
/tmp/agentic-sift-evidence-mhmhnwjl/mnt/vol0/WINDOWS/system32/wbem/Logs
/tmp/agentic-sift-evidence-mhmhnwjl/mnt/vol0/WINDOWS/system32/wbem/mof
/tmp/agentic-sift-evidence-mhmhnwjl/mnt/vol0/WINDOWS/system32/wbem/mof/bad
/tmp/agentic-sift-evidence-mhmhnwjl/mnt/vol0/WINDOWS/system32/wbem/mof/good
/tmp/agentic-sift-evidence-mhmhnwjl/mnt/vol0/WINDOWS/system32/wbem/Performance
/tmp/agentic-sift-evidence-mhmhnwjl/mnt/vol0/WINDOWS/system32/wbem/snmp
/tmp/agentic-sift-evidence-mhmhnwjl/mnt/vol0/WINDOWS/system32/wbem/Repository
/tmp/agentic-sift-evidence-mhmhnwjl/mnt/vol0/WINDOWS/system32/wbem/Repository/FS
/tmp/agentic-sift-evidence-mhmhnwjl/mnt/vol0/WINDOWS/system32/wbem/xml
/tmp/agentic-sift-evidence-mhmhnwjl/mnt/vol0/WINDOWS/system32/wins
/tmp/agentic-sift-evidence-mhmhnwjl/mnt/vol0/WINDOWS/system32/usmt
/tmp/agentic-sift-evidence-mhmhnwjl/mnt/vol0/WINDOWS/system32/icsxml
/tmp/agentic-sift-evidence-mhmhnwjl/mnt/vol0/WINDOWS/Tasks
/tmp/agentic-sift-evidence-mhmhnwjl/mnt/vol0/WINDOWS/Temp
/tmp/agentic-sift-evidence-mhmhnwjl/mnt/vol0/WINDOWS/twain_32
/tmp/agentic-sift-evidence-mhmhnwjl/mnt/vol0/WINDOWS/Fonts
/tmp/agentic-sift-evidence-mhmhnwjl/mnt/vol0/WINDOWS/Help
/tmp/agentic-sift-evidence-mhmhnwjl/mnt/vol0/WINDOWS/Help/Tours
/tmp/agentic-sift-evidence-mhmhnwjl/mnt/vol0/WINDOWS/Help/Tours/htmlTour
/tmp/agentic-sift-evidence-mhmhnwjl/mnt/vol0/WINDOWS/Help/Tours/mmTour
/tmp/agentic-sift-evidence-mhmhnwjl/mnt/vol0/WINDOWS/Help/Tours/WindowsMediaPlayer
/tmp/agentic-sift-evidence-mhmhnwjl/mnt/vol0/WINDOWS/Help/Tours/WindowsMediaPlayer/Audio
/tmp/agentic-sift-evidence-mhmhnwjl/mnt/vol0/WINDOWS/Help/Tours/WindowsMediaPlayer/Audio/Wav
/tmp/agentic-sift-evidence-mhmhnwjl/mnt/vol0/WINDOWS/Help/Tours/WindowsMediaPlayer/Cnt
/tmp/agentic-sift-evidence-mhmhnwjl/mnt/vol0/WINDOWS/Help/Tours/WindowsMediaPlayer/Css
/tmp/agentic-sift-evidence-mhmhnwjl/mnt/vol0/WINDOWS/Help/Tours/WindowsMediaPlayer/Img
/tmp/agentic-sift-evidence-mhmhnwjl/mnt/vol0/WINDOWS/Help/Tours/WindowsMediaPlayer/Img/Btn
/tmp/agentic-sift-evidence-mhmhnwjl/mnt/vol0/WINDOWS/Help/Tours/WindowsMediaPlayer/Img/WMarks
/tmp/agentic-sift-evidence-mhmhnwjl/mnt/vol0/WINDOWS/Help/Tours/WindowsMediaPlayer/Scr
/tmp/agentic-sift-evidence-mhmhnwjl/mnt/vol0/WINDOWS/Help/Tours/WindowsMediaPlayer/Video
/tmp/agentic-sift-evidence-mhmhnwjl/mnt/vol0/WINDOWS/ime
/tmp/agentic-sift-evidence-mhmhnwjl/mnt/vol0/WINDOWS/ime/chsime
/tmp/agentic-sift-evidence-mhmhnwjl/mnt/vol0/WINDOWS/ime/chsime/applets
/tmp/agentic-sift-evidence-mhmhnwjl/mnt/vol0/WINDOWS/ime/CHTIME
/tmp/agentic-sift-evidence-mhmhnwjl/mnt/vol0/WINDOWS/ime/CHTIME/Applets
/tmp/agentic-sift-evidence-mhmhnwjl/mnt/vol0/WINDOWS/ime/imejp
/tmp/agentic-sift-evidence-mhmhnwjl/mnt/vol0/WINDOWS/ime/imejp/applets
/tmp/agentic-sift-evidence-mhmhnwjl/mnt/vol0/WINDOWS/ime/imejp98
/tmp/agentic-sift-evidence-mhmhnwjl/mnt/vol0/WINDOWS/ime/imjp8_1
/tmp/agentic-sift-evidence-mhmhnwjl/mnt/vol0/WINDOWS/ime/imjp8_1/applets
/tmp/agentic-sift-evidence-mhmhnwjl/mnt/vol0/WINDOWS/ime/imkr6_1
/tmp/agentic-sift-evidence-mhmhnwjl/mnt/vol0/WINDOWS/ime/imkr6_1/applets
/tmp/agentic-sift-evidence-mhmhnwjl/mnt/vol0/WINDOWS/ime/imkr6_1/dicts
/tmp/agentic-sift-evidence-mhmhnwjl/mnt/vol0/WINDOWS/ime/shared
/tmp/agentic-sift-evidence-mhmhnwjl/mnt/vol0/WINDOWS/ime/shared/res
/tmp/agentic-sift-evidence-mhmhnwjl/mnt/vol0/WINDOWS/inf
/tmp/agentic-sift-evidence-mhmhnwjl/mnt/vol0/WINDOWS/Installer
/tmp/agentic-sift-evidence-mhmhnwjl/mnt/vol0/WINDOWS/Installer/{350C97B0-3D7C-4EE8-BAA9-00BCB3D54227}
/tmp/agentic-sift-evidence-mhmhnwjl/mnt/vol0/WINDOWS/Installer/{6C31E111-96BB-4ADC-9C81-E6D3EEDDD8D3}
/tmp/agentic-sift-evidence-mhmhnwjl/mnt/vol0/WINDOWS/java
/tmp/agentic-sift-evidence-mhmhnwjl/mnt/vol0/WINDOWS/java/classes
/tmp/agentic-sift-evidence-mhmhnwjl/mnt/vol0/WINDOWS/java/trustlib
/tmp/agentic-sift-evidence-mhmhnwjl/mnt/vol0/WINDOWS/Media
/tmp/agentic-sift-evidence-mhmhnwjl/mnt/vol0/WINDOWS/msagent
/tmp/agentic-sift-evidence-mhmhnwjl/mnt/vol0/WINDOWS/msagent/chars
/tmp/agentic-sift-evidence-mhmhnwjl/mnt/vol0/WINDOWS/msagent/intl
/tmp/agentic-sift-evidence-mhmhnwjl/mnt/vol0/WINDOWS/msapps
/tmp/agentic-sift-evidence-mhmhnwjl/mnt/vol0/WINDOWS/msapps/msinfo
/tmp/agentic-sift-evidence-mhmhnwjl/mnt/vol0/WINDOWS/repair
/tmp/agentic-sift-evidence-mhmhnwjl/mnt/vol0/WINDOWS/Resources
/tmp/agentic-sift-evidence-mhmhnwjl/mnt/vol0/WINDOWS/Resources/Themes
/tmp/agentic-sift-evidence-mhmhnwjl/mnt/vol0/WINDOWS/Resources/Themes/Luna
/tmp/agentic-sift-evidence-mhmhnwjl/mnt/vol0/WINDOWS/Resources/Themes/Luna/Shell
/tmp/agentic-sift-evidence-mhmhnwjl/mnt/vol0/WINDOWS/Resources/Themes/Luna/Shell/Homestead
/tmp/agentic-sift-evidence-mhmhnwjl/mnt/vol0/WINDOWS/Resources/Themes/Luna/Shell/Metallic
/tmp/agentic-sift-evidence-mhmhnwjl/mnt/vol0/WINDOWS/Resources/Themes/Luna/Shell/NormalColor
/tmp/agentic-sift-evidence-mhmhnwjl/mnt/vol0/WINDOWS/security
/tmp/agentic-sift-evidence-mhmhnwjl/mnt/vol0/WINDOWS/security/Database
/tmp/agentic-sift-evidence-mhmhnwjl/mnt/vol0/WINDOWS/security/logs
/tmp/agentic-sift-evidence-mhmhnwjl/mnt/vol0/WINDOWS/security/templates
/tmp/agentic-sift-evidence-mhmhnwjl/mnt/vol0/WINDOWS/Web
/tmp/agentic-sift-evidence-mhmhnwjl/mnt/vol0/WINDOWS/Web/printers
/tmp/agentic-sift-evidence-mhmhnwjl/mnt/vol0/WINDOWS/Web/printers/images
/tmp/agentic-sift-evidence-mhmhnwjl/mnt/vol0/WINDOWS/Web/Wallpaper
/tmp/agentic-sift-evidence-mhmhnwjl/mnt/vol0/WINDOWS/WinSxS
/tmp/agentic-sift-evidence-mhmhnwjl/mnt/vol0/WINDOWS/WinSxS/InstallTemp
/tmp/agentic-sift-evidence-mhmhnwjl/mnt/vol0/WINDOWS/WinSxS/Manifests
/tmp/agentic-sift-evidence-mhmhnwjl/mnt/vol0/WINDOWS/WinSxS/x86_Microsoft.Tools.VisualCPlusPlus.Runtime-Libraries_6595b64144ccf1df_6.0.0.0_x-ww_ff9986d7
/tmp/agentic-sift-evidence-mhmhnwjl/mnt/vol0/WINDOWS/WinSxS/x86_Microsoft.Windows.Common-Controls_6595b64144ccf1df_6.0.0.0_x-ww_1382d70a
/tmp/agentic-sift-evidence-mhmhnwjl/mnt/vol0/WINDOWS/WinSxS/x86_Microsoft.Windows.CPlusPlusRuntime_6595b64144ccf1df_7.0.0.0_x-ww_2726e76a
/tmp/agentic-sift-evidence-mhmhnwjl/mnt/vol0/WINDOWS/WinSxS/x86_Microsoft.Windows.GdiPlus_6595b64144ccf1df_1.0.0.0_x-ww_8d353f13
/tmp/agentic-sift-evidence-mhmhnwjl/mnt/vol0/$Extend
