d /tmp/agentic-sift-evidence-mhmhnwjl/mnt/vol0
f /tmp/agentic-sift-evidence-mhmhnwjl/mnt/vol0/DETLOG.TXT
d /tmp/agentic-sift-evidence-mhmhnwjl/mnt/vol0/Documents and Settings
f /tmp/agentic-sift-evidence-mhmhnwjl/mnt/vol0/FRUNLOG.TXT
f /tmp/agentic-sift-evidence-mhmhnwjl/mnt/vol0/hiberfil.sys
f /tmp/agentic-sift-evidence-mhmhnwjl/mnt/vol0/IO.SYS
f /tmp/agentic-sift-evidence-mhmhnwjl/mnt/vol0/MSDOS.---
f /tmp/agentic-sift-evidence-mhmhnwjl/mnt/vol0/MSDOS.SYS
d /tmp/agentic-sift-evidence-mhmhnwjl/mnt/vol0/My Documents
f /tmp/agentic-sift-evidence-mhmhnwjl/mnt/vol0/NETLOG.TXT
f /tmp/agentic-sift-evidence-mhmhnwjl/mnt/vol0/ntdetect.com
f /tmp/agentic-sift-evidence-mhmhnwjl/mnt/vol0/ntldr
f /tmp/agentic-sift-evidence-mhmhnwjl/mnt/vol0/pagefile.sys
d /tmp/agentic-sift-evidence-mhmhnwjl/mnt/vol0/Program Files
d /tmp/agentic-sift-evidence-mhmhnwjl/mnt/vol0/RECYCLER
f /tmp/agentic-sift-evidence-mhmhnwjl/mnt/vol0/SETUPLOG.TXT
f /tmp/agentic-sift-evidence-mhmhnwjl/mnt/vol0/SUHDLOG.DAT
d /tmp/agentic-sift-evidence-mhmhnwjl/mnt/vol0/System Volume Information
f /tmp/agentic-sift-evidence-mhmhnwjl/mnt/vol0/SYSTEM.1ST
d /tmp/agentic-sift-evidence-mhmhnwjl/mnt/vol0/Temp
f /tmp/agentic-sift-evidence-mhmhnwjl/mnt/vol0/VIDEOROM.BIN
d /tmp/agentic-sift-evidence-mhmhnwjl/mnt/vol0/WIN98
d /tmp/agentic-sift-evidence-mhmhnwjl/mnt/vol0/WINDOWS
f /tmp/agentic-sift-evidence-mhmhnwjl/mnt/vol0/$AttrDef
f /tmp/agentic-sift-evidence-mhmhnwjl/mnt/vol0/$BadClus
f /tmp/agentic-sift-evidence-mhmhnwjl/mnt/vol0/$Bitmap
f /tmp/agentic-sift-evidence-mhmhnwjl/mnt/vol0/$Boot
d /tmp/agentic-sift-evidence-mhmhnwjl/mnt/vol0/$Extend
f /tmp/agentic-sift-evidence-mhmhnwjl/mnt/vol0/$LogFile
f /tmp/agentic-sift-evidence-mhmhnwjl/mnt/vol0/$MFT
f /tmp/agentic-sift-evidence-mhmhnwjl/mnt/vol0/$MFTMirr
f /tmp/agentic-sift-evidence-mhmhnwjl/mnt/vol0/$Secure
f /tmp/agentic-sift-evidence-mhmhnwjl/mnt/vol0/$UpCase
f /tmp/agentic-sift-evidence-mhmhnwjl/mnt/vol0/$Volume
f /tmp/agentic-sift-evidence-mhmhnwjl/mnt/vol0/AUTOEXEC.BAT
f /tmp/agentic-sift-evidence-mhmhnwjl/mnt/vol0/boot.ini
f /tmp/agentic-sift-evidence-mhmhnwjl/mnt/vol0/BOOTLOG.PRV
f /tmp/agentic-sift-evidence-mhmhnwjl/mnt/vol0/BOOTLOG.TXT
f /tmp/agentic-sift-evidence-mhmhnwjl/mnt/vol0/BOOTSECT.DOS
f /tmp/agentic-sift-evidence-mhmhnwjl/mnt/vol0/COMMAND.COM
f /tmp/agentic-sift-evidence-mhmhnwjl/mnt/vol0/CONFIG.SYS
