[000DC472] Loading Device = C:\WINDOWS\SETVER.EXE
[000DC472] LoadSuccess    = C:\WINDOWS\SETVER.EXE
[000DC472] Loading Device = C:\WINDOWS\HIMEM.SYS
[000DC472] LoadSuccess    = C:\WINDOWS\HIMEM.SYS
[000DC472] Loading Device = C:\WINDOWS\DBLBUFF.SYS
[000DC472] LoadSuccess    = C:\WINDOWS\DBLBUFF.SYS
[000DC472] Loading Device = C:\WINDOWS\IFSHLP.SYS
[000DC472] LoadSuccess    = C:\WINDOWS\IFSHLP.SYS
[000DC49A] Loading Vxd = VMM
[000DC49B] LoadSuccess = VMM
[000DC49B] Loading Vxd = C:\WINDOWS\SMARTDRV.EXE
[000DC4A9] LoadSuccess = C:\WINDOWS\SMARTDRV.EXE
[000DC4A9] Loading Vxd = JAVASUP.VXD
[000DC4A9] LoadSuccess = JAVASUP.VXD
[000DC4A9] Loading Vxd = CONFIGMG
[000DC4A9] LoadSuccess = CONFIGMG
[000DC4A9] Loading Vxd = NTKERN
[000DC4A9] LoadSuccess = NTKERN
[000DC4A9] Loading Vxd = VWIN32
[000DC4A9] LoadSuccess = VWIN32
[000DC4A9] Loading Vxd = VFBACKUP
[000DC4A9] LoadSuccess = VFBACKUP
[000DC4A9] Loading Vxd = VCOMM
[000DC4A9] LoadSuccess = VCOMM
[000DC4A9] Loading Vxd = COMBUFF
[000DC4A9] LoadSuccess = COMBUFF
[000DC4A9] Loading Vxd = C:\WINDOWS\system\VMM32\IFSMGR.VXD
[000DC4A9] LoadSuccess = C:\WINDOWS\system\VMM32\IFSMGR.VXD
[000DC4A9] Loading Vxd = C:\WINDOWS\system\VMM32\IOS.VXD
[000DC4A9] LoadSuccess = C:\WINDOWS\system\VMM32\IOS.VXD
[000DC4A9] Loading Vxd = mtrr
[000DC4A9] LoadSuccess = mtrr
[000DC4A9] Loading Vxd = SPOOLER
[000DC4A9] LoadSuccess = SPOOLER
[000DC4A9] Loading Vxd = UDF
[000DC4A9] LoadSuccess = UDF
[000DC4A9] Loading Vxd = VFAT
[000DC4A9] LoadSuccess = VFAT
[000DC4A9] Loading Vxd = VCACHE
[000DC4A9] LoadSuccess = VCACHE
[000DC4A9] Loading Vxd = VCOND
[000DC4A9] LoadSuccess = VCOND
[000DC4A9] Loading Vxd = VCDFSD
[000DC4A9] LoadSuccess = VCDFSD
[000DC4A9] Loading Vxd = VXDLDR
[000DC4A9] LoadSuccess = VXDLDR
[000DC4A9] Loading Vxd = VDEF
[000DC4A9] LoadSuccess = VDEF
[000DC4A9] Loading Vxd = VPICD
[000DC4A9] LoadSuccess = VPICD
[000DC4A9] Loading Vxd = VTD
[000DC4A9] LoadSuccess = VTD
[000DC4A9] Loading Vxd = REBOOT
[000DC4A9] LoadSuccess = REBOOT
[000DC4A9] Loading Vxd = VDMAD
[000DC4A9] LoadSuccess = VDMAD
[000DC4A9] Loading Vxd = VSD
[000DC4A9] LoadSuccess = VSD
[000DC4A9] Loading Vxd = V86MMGR
[000DC4A9] LoadSuccess = V86MMGR
[000DC4A9] Loading Vxd = PAGESWAP
[000DC4A9] LoadSuccess = PAGESWAP
[000DC4A9] Loading Vxd = DOSMGR
[000DC4A9] LoadSuccess = DOSMGR
[000DC4A9] Loading Vxd = VMPOLL
[000DC4A9] LoadSuccess = VMPOLL
[000DC4A9] Loading Vxd = SHELL
[000DC4AA] LoadSuccess = SHELL
[000DC4AA] Loading Vxd = PARITY
[000DC4AA] LoadSuccess = PARITY
[000DC4AA] Loading Vxd = BIOSXLAT
[000DC4AA] LoadSuccess = BIOSXLAT
[000DC4AA] Loading Vxd = VMCPD
[000DC4AA] LoadSuccess = VMCPD
[000DC4AA] Loading Vxd = VTDAPI
[000DC4AA] LoadSuccess = VTDAPI
[000DC4AA] Loading Vxd = PERF
[000DC4AA] LoadSuccess = PERF
[000DC4AE] Loading Vxd = C:\WINDOWS\SYSTEM\vrtwd.386
[000DC4A9] LoadSuccess = C:\WINDOWS\SYSTEM\vrtwd.386
[000DC4AB] Loading Vxd = C:\WINDOWS\SYSTEM\vfixd.vxd
[000DC4A9] LoadSuccess = C:\WINDOWS\SYSTEM\vfixd.vxd
[000DC4A9] Loading Vxd = ebios
[000DC4A9] LoadSuccess = ebios
[000DC4A9] Loading Vxd = vmouse
[000DC4A9] LoadSuccess = vmouse
[000DC4AB] Loading Vxd = msmouse.vxd
[000DC4BB] LoadSuccess = msmouse.vxd
[000DC4BB] Loading Vxd = dynapage
[000DC4BB] LoadSuccess = dynapage
[000DC4BB] Loading Vxd = vcd
[000DC4BB] LoadSuccess = vcd
[000DC4BB] Loading Vxd = vpd
[000DC4BB] LoadSuccess = vpd
[000DC4BB] Loading Vxd = int13
[000DC4BB] LoadSuccess = int13
[000DC4BB] Loading Vxd = vkd
[000DC4BB] LoadSuccess = vkd
[000DC4BB] Loading Vxd = vdd
[000DC4BB] LoadSuccess = vdd
[000DC4BB] Loading Vxd = vflatd
[000DC4BB] LoadSuccess = vflatd
[000DC4BB] SYSCRITINIT  = VMM     
[000DC4BB] SYSCRITINITSUCCESS  = VMM     
[000DC4BB] SYSCRITINIT  = MTRR    
[000DC4BB] SYSCRITINITSUCCESS  = MTRR    
[000DC4BB] SYSCRITINIT  = VCACHE  
[000DC4BB] SYSCRITINITSUCCESS  = VCACHE  
[000DC4BB] SYSCRITINIT  = PERF    
[000DC4BB] SYSCRITINITSUCCESS  = PERF    
[000DC4BB] SYSCRITINIT  = VFIXD   
[000DC4BB] SYSCRITINITSUCCESS  = VFIXD   
[000DC4BB] SYSCRITINIT  = VPICD   
[000DC4BB] SYSCRITINITSUCCESS  = VPICD   
[000DC4BB] SYSCRITINIT  = VrtwD   
[000DC4BB] SYSCRITINITSUCCESS  = VrtwD   
[000DC4BB] SYSCRITINIT  = VTD     
[000DC4BB] SYSCRITINITSUCCESS  = VTD     
[000DC4BB] SYSCRITINIT  = VWIN32  
[000DC4BB] SYSCRITINITSUCCESS  = VWIN32  
[000DC4BB] SYSCRITINIT  = VXDLDR  
[000DC4BB] SYSCRITINITSUCCESS  = VXDLDR  
[000DC4BB] SYSCRITINIT  = NTKERN  
[000DC4BB] SYSCRITINITSUCCESS  = NTKERN  
[000DC4BB] SYSCRITINIT  = CONFIGMG
[000DC4BB] SYSCRITINITSUCCESS  = CONFIGMG
[000DC4BB] SYSCRITINIT  = VCDFSD  
[000DC4BB] SYSCRITINITSUCCESS  = VCDFSD  
[000DC4BB] SYSCRITINIT  = IOS     
[000DC4BB] SYSCRITINITSUCCESS  = IOS     
[000DC4BB] SYSCRITINIT  = PAGEFILE
[000DC4BB] SYSCRITINITSUCCESS  = PAGEFILE
[000DC4BB] SYSCRITINIT  = PAGESWAP
[000DC4BB] SYSCRITINITSUCCESS  = PAGESWAP
[000DC4BB] SYSCRITINIT  = PARITY  
[000DC4BB] SYSCRITINITSUCCESS  = PARITY  
[000DC4BB] SYSCRITINIT  = REBOOT  
[000DC4BB] SYSCRITINITSUCCESS  = REBOOT  
[000DC4BB] SYSCRITINIT  = EBIOS   
[000DC4BB] SYSCRITINITSUCCESS  = EBIOS   
[000DC4BB] SYSCRITINIT  = VDD     
[000DC4BB] SYSCRITINITSUCCESS  = VDD     
[000DC4BB] SYSCRITINIT  = VSD     
[000DC4BB] SYSCRITINITSUCCESS  = VSD     
[000DC4BB] SYSCRITINIT  = COMBUFF 
[000DC4BB] SYSCRITINITSUCCESS  = COMBUFF 
[000DC4BB] SYSCRITINIT  = VCD     
[000DC4BB] SYSCRITINITSUCCESS  = VCD     
[000DC4BB] SYSCRITINIT  = VMOUSE  
[000DC4BB] SYSCRITINITSUCCESS  = VMOUSE  
[000DC4BB] SYSCRITINIT  = MSMINI  
[000DC4BB] SYSCRITINITSUCCESS  = MSMINI  
[000DC4BB] SYSCRITINIT  = VKD     
[000DC4BB] SYSCRITINITSUCCESS  = VKD     
[000DC4BB] SYSCRITINIT  = VPD     
[000DC4BB] SYSCRITINITSUCCESS  = VPD     
[000DC4BB] SYSCRITINIT  = INT13   
[000DC4BB] SYSCRITINITSUCCESS  = INT13   
[000DC4BB] SYSCRITINIT  = VMCPD   
[000DC4BB] SYSCRITINITSUCCESS  = VMCPD   
[000DC4BB] SYSCRITINIT  = BIOSXLAT
[000DC4BB] SYSCRITINITSUCCESS  = BIOSXLAT
[000DC4BB] SYSCRITINIT  = SDVXD   
[000DC4BB] SYSCRITINITSUCCESS  = SDVXD   
[000DC4BB] SYSCRITINIT  = DOSMGR  
[000DC4BB] SYSCRITINITSUCCESS  = DOSMGR  
[000DC4BB] SYSCRITINIT  = VMPOLL  
[000DC4BB] SYSCRITINITSUCCESS  = VMPOLL  
[000DC4BB] SYSCRITINIT  = JAVASUP 
[000DC4BB] SYSCRITINITSUCCESS  = JAVASUP 
[000DC4BB] SYSCRITINIT  = VCOMM   
[000DC4BB] SYSCRITINITSUCCESS  = VCOMM   
[000DC4BB] SYSCRITINIT  = VCOND   
[000DC4BB] SYSCRITINITSUCCESS  = VCOND   
[000DC4BB] SYSCRITINIT  = VTDAPI  
[000DC4BB] SYSCRITINITSUCCESS  = VTDAPI  
[000DC4BB] SYSCRITINIT  = VFLATD  
[000DC4BB] SYSCRITINITSUCCESS  = VFLATD  
[000DC4BB] SYSCRITINIT  = VDMAD   
[000DC4BB] SYSCRITINITSUCCESS  = VDMAD   
[000DC4BB] SYSCRITINIT  = V86MMGR 
[000DC4BB] SYSCRITINITSUCCESS  = V86MMGR 
[000DC4BB] SYSCRITINIT  = SPOOLER 
[000DC4BB] SYSCRITINITSUCCESS  = SPOOLER 
[000DC4BB] SYSCRITINIT  = UDF     
[000DC4BB] SYSCRITINITSUCCESS  = UDF     
[000DC4BB] SYSCRITINIT  = VFAT    
[000DC4BB] SYSCRITINITSUCCESS  = VFAT    
[000DC4BB] SYSCRITINIT  = VDEF    
[000DC4BB] SYSCRITINITSUCCESS  = VDEF    
[000DC4BB] SYSCRITINIT  = IFSMGR  
[000DC4BB] SYSCRITINITSUCCESS  = IFSMGR  
[000DC4BB] SYSCRITINIT  = VFBACKUP
[000DC4BB] SYSCRITINITSUCCESS  = VFBACKUP
[000DC4BB] SYSCRITINIT  = SHELL   
[000DC4BB] SYSCRITINITSUCCESS  = SHELL   
[000DC4BE] DEVICEINIT   = VMM     
[000DC4BE] DEVICEINITSUCCESS   = VMM     
[000DC4BE] DEVICEINIT   = MTRR    
[000DC4BE] DEVICEINITSUCCESS   = MTRR    
[000DC4BE] DEVICEINIT   = VCACHE  
[000DC4BE] DEVICEINITSUCCESS   = VCACHE  
[000DC4BF] DEVICEINIT   = PERF    
[000DC4BF] DEVICEINITSUCCESS   = PERF    
[000DC4BF] DEVICEINIT   = VFIXD   
[000DC4BF] DEVICEINITSUCCESS   = VFIXD   
[000DC4BF] DEVICEINIT   = VPICD   
[000DC4BF] DEVICEINITSUCCESS   = VPICD   
[000DC4BF] DEVICEINIT   = VrtwD   
[000DC4BF] DEVICEINITSUCCESS   = VrtwD   
[000DC4BF] DEVICEINIT   = VTD     
[000DC4BF] DEVICEINITSUCCESS   = VTD     
[000DC4BF] DEVICEINIT   = VWIN32  
[000DC4BF] DEVICEINITSUCCESS   = VWIN32  
[000DC4BF] DEVICEINIT   = VXDLDR  
[000DC4BF] DEVICEINITSUCCESS   = VXDLDR  
[000DC4BF] DEVICEINIT   = NTKERN  
[000DC4C1] DEVICEINITSUCCESS   = NTKERN  
[000DC4C1] DEVICEINIT   = CONFIGMG
[000DC4C1] Starting Unknown (HTREE\ROOT\0)
[000DC4C1] Started Unknown (HTREE\ROOT\0)
[000DC4C1] Enumerating Unknown (HTREE\ROOT\0)
[000DC4C1] Enumerated Unknown (HTREE\ROOT\0)
[000DC4C1] Starting Unknown (HTREE\RESERVED\0)
[000DC4C1] Started Unknown (HTREE\RESERVED\0)
[000DC4C1] Enumerating Unknown (HTREE\RESERVED\0)
[000DC4C1] Enumerated Unknown (HTREE\RESERVED\0)
[000DC4C1] Loading PNP drivers of Processor support (ROOT\PROCESSOR_UPDATE\0000)
[000DC4BD] Loaded PNP drivers of Processor support (ROOT\PROCESSOR_UPDATE\0000)
[000DC4BD] Starting Processor support (ROOT\PROCESSOR_UPDATE\0000)
[000DC4BD] Started Processor support (ROOT\PROCESSOR_UPDATE\0000)
[000DC4BD] Loading PNP drivers of Plug and Play Software Device Enumerator (ROOT\SWENUM\0000)
[000DC4BD] Loaded PNP drivers of Plug and Play Software Device Enumerator (ROOT\SWENUM\0000)
[000DC4BD] Starting Plug and Play Software Device Enumerator (ROOT\SWENUM\0000)
[000DC4BD] Started Plug and Play Software Device Enumerator (ROOT\SWENUM\0000)
[000DC4BD] Loading PNP drivers of Plug and Play BIOS (ROOT\*PNP0C00\0000)
[000DC4BD] Dynamic load device  bios.vxd
[000DC4BC] Dynamic init device  BIOS
[000DC4BC] Dynamic init success BIOS
[000DC4BC] Dynamic load success bios.vxd
[000DC4BC] Starting Plug and Play BIOS (ROOT\*PNP0C00\0000)
[000DC4BC] Started Plug and Play BIOS (ROOT\*PNP0C00\0000)
[000DC4BC] Enumerating Plug and Play BIOS (ROOT\*PNP0C00\0000)
[000DC4BC] Enumerated Plug and Play BIOS (ROOT\*PNP0C00\0000)
[000DC4BC] Loading PNP drivers of PCI bus (BIOS\*PNP0A03\00)
[000DC4BC] Dynamic load device  pci.vxd
[000DC4BC] Dynamic init device  PCI
[000DC4BC] Dynamic init success PCI
[000DC4BC] Dynamic load success pci.vxd
[000DC4BC] Starting PCI bus (BIOS\*PNP0A03\00)
[000DC4BC] Started PCI bus (BIOS\*PNP0A03\00)
[000DC4BC] Enumerating PCI bus (BIOS\*PNP0A03\00)
[000DC4BC] Starting Intel 82443BX Pentium(r) II Processor to AGP controller (PCI\VEN_8086&DEV_7191&SUBSYS_00000000&REV_03\BUS_00&DEV_01&FUNC_00)
[000DC4BC] Started Intel 82443BX Pentium(r) II Processor to AGP controller (PCI\VEN_8086&DEV_7191&SUBSYS_00000000&REV_03\BUS_00&DEV_01&FUNC_00)
[000DC4BC] Enumerating Intel 82443BX Pentium(r) II Processor to AGP controller (PCI\VEN_8086&DEV_7191&SUBSYS_00000000&REV_03\BUS_00&DEV_01&FUNC_00)
[000DC4BC] Enumerated Intel 82443BX Pentium(r) II Processor to AGP controller (PCI\VEN_8086&DEV_7191&SUBSYS_00000000&REV_03\BUS_00&DEV_01&FUNC_00)
[000DC4BC] Enumerated PCI bus (BIOS\*PNP0A03\00)
[000DC4BC] Starting Intel 82371EB PCI to ISA bridge (EIO mode) (PCI\VEN_8086&DEV_7110&SUBSYS_00000000&REV_02\BUS_00&DEV_07&FUNC_00)
[000DC4BC] Started Intel 82371EB PCI to ISA bridge (EIO mode) (PCI\VEN_8086&DEV_7110&SUBSYS_00000000&REV_02\BUS_00&DEV_07&FUNC_00)
[000DC4BC] Enumerating Intel 82371EB PCI to ISA bridge (EIO mode) (PCI\VEN_8086&DEV_7110&SUBSYS_00000000&REV_02\BUS_00&DEV_07&FUNC_00)
[000DC4BC] Enumerated Intel 82371EB PCI to ISA bridge (EIO mode) (PCI\VEN_8086&DEV_7110&SUBSYS_00000000&REV_02\BUS_00&DEV_07&FUNC_00)
[000DC4BC] Starting Intel 82371EB Power Management Controller (PCI\VEN_8086&DEV_7113&SUBSYS_00000000&REV_02\BUS_00&DEV_07&FUNC_03)
[000DC4BC] Started Intel 82371EB Power Management Controller (PCI\VEN_8086&DEV_7113&SUBSYS_00000000&REV_02\BUS_00&DEV_07&FUNC_03)
[000DC4BC] Enumerating Intel 82371EB Power Management Controller (PCI\VEN_8086&DEV_7113&SUBSYS_00000000&REV_02\BUS_00&DEV_07&FUNC_03)
[000DC4BC] Enumerated Intel 82371EB Power Management Controller (PCI\VEN_8086&DEV_7113&SUBSYS_00000000&REV_02\BUS_00&DEV_07&FUNC_03)
[000DC4BC] Loaded PNP drivers of PCI bus (BIOS\*PNP0A03\00)
[000DC4BC] Loading PNP drivers of System board extension for PnP BIOS (BIOS\*PNP0C01\01)
[000DC4BC] Loaded PNP drivers of System board extension for PnP BIOS (BIOS\*PNP0C01\01)
[000DC4BC] Starting System board extension for PnP BIOS (BIOS\*PNP0C01\01)
[000DC4BC] Started System board extension for PnP BIOS (BIOS\*PNP0C01\01)
[000DC4BC] Enumerating System board extension for PnP BIOS (BIOS\*PNP0C01\01)
[000DC4BC] Enumerated System board extension for PnP BIOS (BIOS\*PNP0C01\01)
[000DC4BC] Loading PNP drivers of System board extension for PnP BIOS (BIOS\*PNP0C01\02)
[000DC4BC] Loaded PNP drivers of System board extension for PnP BIOS (BIOS\*PNP0C01\02)
[000DC4BC] Starting System board extension for PnP BIOS (BIOS\*PNP0C01\02)
[000DC4BC] Started System board extension for PnP BIOS (BIOS\*PNP0C01\02)
[000DC4BC] Enumerating System board extension for PnP BIOS (BIOS\*PNP0C01\02)
[000DC4BC] Enumerated System board extension for PnP BIOS (BIOS\*PNP0C01\02)
[000DC4BC] Starting Programmable interrupt controller (BIOS\*PNP0000\03)
[000DC4BC] Started Programmable interrupt controller (BIOS\*PNP0000\03)
[000DC4BC] Enumerating Programmable interrupt controller (BIOS\*PNP0000\03)
[000DC4BC] Enumerated Programmable interrupt controller (BIOS\*PNP0000\03)
[000DC4BC] Loading PNP drivers of System timer (BIOS\*PNP0100\04)
[000DC4BC] Loaded PNP drivers of System timer (BIOS\*PNP0100\04)
[000DC4BC] Starting System timer (BIOS\*PNP0100\04)
[000DC4BC] Started System timer (BIOS\*PNP0100\04)
[000DC4BC] Enumerating System timer (BIOS\*PNP0100\04)
[000DC4BC] Enumerated System timer (BIOS\*PNP0100\04)
[000DC4BC] Loading PNP drivers of Direct memory access controller (BIOS\*PNP0200\05)
[000DC4BC] Loaded PNP drivers of Direct memory access controller (BIOS\*PNP0200\05)
[000DC4BC] Starting Direct memory access controller (BIOS\*PNP0200\05)
[000DC4BC] Started Direct memory access controller (BIOS\*PNP0200\05)
[000DC4BC] Enumerating Direct memory access controller (BIOS\*PNP0200\05)
[000DC4BC] Enumerated Direct memory access controller (BIOS\*PNP0200\05)
[000DC4BC] Loading PNP drivers of Standard 101/102-Key or Microsoft Natural Keyboard (BIOS\*PNP0303\06)
[000DC4BE] Loaded PNP drivers of Standard 101/102-Key or Microsoft Natural Keyboard (BIOS\*PNP0303\06)
[000DC4CE] Starting Standard 101/102-Key or Microsoft Natural Keyboard (BIOS\*PNP0303\06)
[000DC4CF] Started Standard 101/102-Key or Microsoft Natural Keyboard (BIOS\*PNP0303\06)
[000DC4CF] Loading PNP drivers of PS/2 Compatible Mouse Port (BIOS\*PNP0F13\07)
[000DC4CF] Loading PNP drivers of System speaker (BIOS\*PNP0800\08)
[000DC4CF] Loaded PNP drivers of System speaker (BIOS\*PNP0800\08)
[000DC4CF] Starting System speaker (BIOS\*PNP0800\08)
[000DC4CF] Started System speaker (BIOS\*PNP0800\08)
[000DC4CF] Enumerating System speaker (BIOS\*PNP0800\08)
[000DC4CF] Enumerated System speaker (BIOS\*PNP0800\08)
[000DC4CF] Loading PNP drivers of System CMOS/real time clock (BIOS\*PNP0B00\09)
[000DC4CF] Loaded PNP drivers of System CMOS/real time clock (BIOS\*PNP0B00\09)
[000DC4CF] Starting System CMOS/real time clock (BIOS\*PNP0B00\09)
[000DC4CF] Started System CMOS/real time clock (BIOS\*PNP0B00\09)
[000DC4CF] Enumerating System CMOS/real time clock (BIOS\*PNP0B00\09)
[000DC4CF] Enumerated System CMOS/real time clock (BIOS\*PNP0B00\09)
[000DC4CF] Loading PNP drivers of Numeric data processor (BIOS\*PNP0C04\0A)
[000DC4CF] Loaded PNP drivers of Numeric data processor (BIOS\*PNP0C04\0A)
[000DC4CF] Starting Numeric data processor (BIOS\*PNP0C04\0A)
[000DC4CF] Started Numeric data processor (BIOS\*PNP0C04\0A)
[000DC4CF] Enumerating Numeric data processor (BIOS\*PNP0C04\0A)
[000DC4CF] Enumerated Numeric data processor (BIOS\*PNP0C04\0A)
[000DC4CF] Loading PNP drivers of Standard Floppy Disk Controller (BIOS\*PNP0700\0F)
[000DC4CF] Loaded PNP drivers of Plug and Play BIOS (ROOT\*PNP0C00\0000)
[000DC4CF] Loading PNP drivers of System board (ROOT\*PNP0C01\0000)
[000DC4CF] Loaded PNP drivers of System board (ROOT\*PNP0C01\0000)
[000DC4CF] Starting System board (ROOT\*PNP0C01\0000)
[000DC4CF] Started System board (ROOT\*PNP0C01\0000)
[000DC4CF] Enumerating System board (ROOT\*PNP0C01\0000)
[000DC4CF] Enumerated System board (ROOT\*PNP0C01\0000)
[000DC4CF] Loading PNP drivers of Advanced Power Management support (ROOT\*PNP0C05\0000)
[000DC4CF] Dynamic load device  VPOWERD.VXD
[000DC4CF] Dynamic init device  VPOWERD
[000DC4CF] Dynamic init success VPOWERD
[000DC4CF] Dynamic load success VPOWERD.VXD
[000DC4CF] Loaded PNP drivers of Advanced Power Management support (ROOT\*PNP0C05\0000)
[000DC4CF] Starting Advanced Power Management support (ROOT\*PNP0C05\0000)
[000DC4CF] Started Advanced Power Management support (ROOT\*PNP0C05\0000)
[000DC4CF] Enumerating Advanced Power Management support (ROOT\*PNP0C05\0000)
[000DC4CF] Enumerated Advanced Power Management support (ROOT\*PNP0C05\0000)
[000DC4CF] Loading PNP drivers of Composite Power Source (ACPI\COMPBATT\0)
[000DC4CE] Loaded PNP drivers of Composite Power Source (ACPI\COMPBATT\0)
[000DC4CE] Starting Composite Power Source (ACPI\COMPBATT\0)
[000DC4CE] Started Composite Power Source (ACPI\COMPBATT\0)
[000DC4CE] Loading PNP drivers of APM Battery Slot (VPOWERD\BATTERY\0)
[000DC4CE] Loaded PNP drivers of APM Battery Slot (VPOWERD\BATTERY\0)
[000DC4CE] Starting APM Battery Slot (VPOWERD\BATTERY\0)
[000DC4CE] Started APM Battery Slot (VPOWERD\BATTERY\0)
[000DC4CE] Loading PNP drivers of APM Battery Slot (VPOWERD\BATTERY\1)
[000DC4CE] Loaded PNP drivers of APM Battery Slot (VPOWERD\BATTERY\1)
[000DC4CE] Starting APM Battery Slot (VPOWERD\BATTERY\1)
[000DC4CE] Started APM Battery Slot (VPOWERD\BATTERY\1)
[000DC4CE] Enumerating Processor support (ROOT\PROCESSOR_UPDATE\0000)
[000DC4CE] Enumerated Processor support (ROOT\PROCESSOR_UPDATE\0000)
[000DC4CE] Enumerating Plug and Play Software Device Enumerator (ROOT\SWENUM\0000)
[000DC4CE] Enumerated Plug and Play Software Device Enumerator (ROOT\SWENUM\0000)
[000DC4CE] Enumerating Standard 101/102-Key or Microsoft Natural Keyboard (BIOS\*PNP0303\06)
[000DC4CE] Enumerated Standard 101/102-Key or Microsoft Natural Keyboard (BIOS\*PNP0303\06)
[000DC4CE] Enumerating Composite Power Source (ACPI\COMPBATT\0)
[000DC4CE] Enumerated Composite Power Source (ACPI\COMPBATT\0)
[000DC4CE] Enumerating APM Battery Slot (VPOWERD\BATTERY\0)
[000DC4CE] Enumerated APM Battery Slot (VPOWERD\BATTERY\0)
[000DC4CE] Enumerating APM Battery Slot (VPOWERD\BATTERY\1)
[000DC4CE] Enumerated APM Battery Slot (VPOWERD\BATTERY\1)
[000DC4CE] DEVICEINITSUCCESS   = CONFIGMG
[000DC4CE] Loading PNP drivers of Communications Port (COM1) (BIOS\*PNP0501\0C)
[000DC4CE] Loaded PNP drivers of Communications Port (COM1) (BIOS\*PNP0501\0C)
[000DC4CE] Starting Communications Port (COM1) (BIOS\*PNP0501\0C)
[000DC4CE] Started Communications Port (COM1) (BIOS\*PNP0501\0C)
[000DC4CE] Loading PNP drivers of ECP Printer Port (LPT1) (BIOS\*PNP0401\0E)
[000DC4CE] Loaded PNP drivers of ECP Printer Port (LPT1) (BIOS\*PNP0401\0E)
[000DC4CE] Starting ECP Printer Port (LPT1) (BIOS\*PNP0401\0E)
[000DC4CE] Started ECP Printer Port (LPT1) (BIOS\*PNP0401\0E)
[000DC4CE] Loading PNP drivers of IRQ Holder for PCI Steering (PCI\IRQHOLDER\60)
[000DC4CE] Dynamic load device  PCI.VxD
[000DC4CE] Dynamic init device  PCI
[000DC4CE] Dynamic init success PCI
[000DC4CE] Dynamic load success PCI.VxD
[000DC4CE] Loaded PNP drivers of IRQ Holder for PCI Steering (PCI\IRQHOLDER\60)
[000DC4CE] Starting IRQ Holder for PCI Steering (PCI\IRQHOLDER\60)
[000DC4CE] Started IRQ Holder for PCI Steering (PCI\IRQHOLDER\60)
[000DC4CE] Enumerating IRQ Holder for PCI Steering (PCI\IRQHOLDER\60)
[000DC4CE] Enumerated IRQ Holder for PCI Steering (PCI\IRQHOLDER\60)
[000DC4CE] Loading PNP drivers of IRQ Holder for PCI Steering (PCI\IRQHOLDER\61)
[000DC4CE] Dynamic load device  PCI.VxD
[000DC4CE] Dynamic init device  PCI
[000DC4CE] Dynamic init success PCI
[000DC4CE] Dynamic load success PCI.VxD
[000DC4CE] Loaded PNP drivers of IRQ Holder for PCI Steering (PCI\IRQHOLDER\61)
[000DC4CE] Starting IRQ Holder for PCI Steering (PCI\IRQHOLDER\61)
[000DC4CE] Started IRQ Holder for PCI Steering (PCI\IRQHOLDER\61)
[000DC4CE] Enumerating IRQ Holder for PCI Steering (PCI\IRQHOLDER\61)
[000DC4CE] Enumerated IRQ Holder for PCI Steering (PCI\IRQHOLDER\61)
[000DC4CE] Loading PNP drivers of IRQ Holder for PCI Steering (PCI\IRQHOLDER\63)
[000DC4CE] Dynamic load device  PCI.VxD
[000DC4CE] Dynamic init device  PCI
[000DC4CE] Dynamic init success PCI
[000DC4CE] Dynamic load success PCI.VxD
[000DC4CE] Loaded PNP drivers of IRQ Holder for PCI Steering (PCI\IRQHOLDER\63)
[000DC4CE] Starting IRQ Holder for PCI Steering (PCI\IRQHOLDER\63)
[000DC4CE] Started IRQ Holder for PCI Steering (PCI\IRQHOLDER\63)
[000DC4CE] Enumerating IRQ Holder for PCI Steering (PCI\IRQHOLDER\63)
[000DC4CE] Enumerated IRQ Holder for PCI Steering (PCI\IRQHOLDER\63)
[000DC4CE] Starting Intel 82443BX Pentium(r) II Processor to PCI bridge (with GART support) (PCI\VEN_8086&DEV_7190&SUBSYS_00000000&REV_03\BUS_00&DEV_00&FUNC_00)
[000DC4CE] Started Intel 82443BX Pentium(r) II Processor to PCI bridge (with GART support) (PCI\VEN_8086&DEV_7190&SUBSYS_00000000&REV_03\BUS_00&DEV_00&FUNC_00)
[000DC4CE] Enumerating Intel 82443BX Pentium(r) II Processor to PCI bridge (with GART support) (PCI\VEN_8086&DEV_7190&SUBSYS_00000000&REV_03\BUS_00&DEV_00&FUNC_00)
[000DC4CE] Enumerated Intel 82443BX Pentium(r) II Processor to PCI bridge (with GART support) (PCI\VEN_8086&DEV_7190&SUBSYS_00000000&REV_03\BUS_00&DEV_00&FUNC_00)
[000DC4CE] Loading PNP drivers of Texas Instruments PCI-1225 CardBus Controller (PCI\VEN_104C&DEV_AC1C&SUBSYS_00000000&REV_01\BUS_00&DEV_03&FUNC_00)
[000DC4CE] Dynamic load device  PCCARD.vxd
[000DC4CF] Dynamic init device  PCCARD
[000DC4CE] Dynamic init success PCCARD
[000DC4CE] Dynamic load success PCCARD.vxd
[000DC4CE] Dynamic load device  cbss.vxd
[000DC4CE] Dynamic init device  CBSS
[000DC4CE] Dynamic init success CBSS
[000DC4CE] Dynamic load success cbss.vxd
[000DC4CE] Loaded PNP drivers of Texas Instruments PCI-1225 CardBus Controller (PCI\VEN_104C&DEV_AC1C&SUBSYS_00000000&REV_01\BUS_00&DEV_03&FUNC_00)
[000DC4CE] Starting Texas Instruments PCI-1225 CardBus Controller (PCI\VEN_104C&DEV_AC1C&SUBSYS_00000000&REV_01\BUS_00&DEV_03&FUNC_00)
[000DC4CE] Starting PCMCIA Card Services (PCMCIA\PCCARD\HTREE&ROOT&0)
[000DC4DE] Started PCMCIA Card Services (PCMCIA\PCCARD\HTREE&ROOT&0)
[000DC4DE] Enumerating PCMCIA Card Services (PCMCIA\PCCARD\HTREE&ROOT&0)
[000DC4DE] Enumerated PCMCIA Card Services (PCMCIA\PCCARD\HTREE&ROOT&0)
[000DC4DE] Started Texas Instruments PCI-1225 CardBus Controller (PCI\VEN_104C&DEV_AC1C&SUBSYS_00000000&REV_01\BUS_00&DEV_03&FUNC_00)
[000DC4DE] Enumerating Texas Instruments PCI-1225 CardBus Controller (PCI\VEN_104C&DEV_AC1C&SUBSYS_00000000&REV_01\BUS_00&DEV_03&FUNC_00)
[000DC4DE] Enumerated Texas Instruments PCI-1225 CardBus Controller (PCI\VEN_104C&DEV_AC1C&SUBSYS_00000000&REV_01\BUS_00&DEV_03&FUNC_00)
[000DC4DE] Loading PNP drivers of Texas Instruments PCI-1225 CardBus Controller (PCI\VEN_104C&DEV_AC1C&SUBSYS_00000000&REV_01\BUS_00&DEV_03&FUNC_01)
[000DC4DE] Dynamic load device  PCCARD.vxd
[000DC4DE] Dynamic init device  PCCARD
[000DC4DE] Dynamic init success PCCARD
[000DC4DE] Dynamic load success PCCARD.vxd
[000DC4DE] Dynamic load device  cbss.vxd
[000DC4DE] Dynamic init device  CBSS
[000DC4DE] Dynamic init success CBSS
[000DC4DE] Dynamic load success cbss.vxd
[000DC4DE] Loaded PNP drivers of Texas Instruments PCI-1225 CardBus Controller (PCI\VEN_104C&DEV_AC1C&SUBSYS_00000000&REV_01\BUS_00&DEV_03&FUNC_01)
[000DC4DE] Starting Texas Instruments PCI-1225 CardBus Controller (PCI\VEN_104C&DEV_AC1C&SUBSYS_00000000&REV_01\BUS_00&DEV_03&FUNC_01)
[000DC4DE] Started Texas Instruments PCI-1225 CardBus Controller (PCI\VEN_104C&DEV_AC1C&SUBSYS_00000000&REV_01\BUS_00&DEV_03&FUNC_01)
[000DC4DE] Enumerating Texas Instruments PCI-1225 CardBus Controller (PCI\VEN_104C&DEV_AC1C&SUBSYS_00000000&REV_01\BUS_00&DEV_03&FUNC_01)
[000DC4DE] Enumerated Texas Instruments PCI-1225 CardBus Controller (PCI\VEN_104C&DEV_AC1C&SUBSYS_00000000&REV_01\BUS_00&DEV_03&FUNC_01)
[000DC4DE] Loading PNP drivers of Intel 82371AB/EB PCI Bus Master IDE Controller (PCI\VEN_8086&DEV_7111&SUBSYS_00000000&REV_01\BUS_00&DEV_07&FUNC_01)
[000DC4DE] Loaded PNP drivers of Intel 82371AB/EB PCI Bus Master IDE Controller (PCI\VEN_8086&DEV_7111&SUBSYS_00000000&REV_01\BUS_00&DEV_07&FUNC_01)
[000DC4DE] Starting Intel 82371AB/EB PCI Bus Master IDE Controller (PCI\VEN_8086&DEV_7111&SUBSYS_00000000&REV_01\BUS_00&DEV_07&FUNC_01)
[000DC4DE] Started Intel 82371AB/EB PCI Bus Master IDE Controller (PCI\VEN_8086&DEV_7111&SUBSYS_00000000&REV_01\BUS_00&DEV_07&FUNC_01)
[000DC4DE] Enumerating Intel 82371AB/EB PCI Bus Master IDE Controller (PCI\VEN_8086&DEV_7111&SUBSYS_00000000&REV_01\BUS_00&DEV_07&FUNC_01)
[000DC4DE] Enumerated Intel 82371AB/EB PCI Bus Master IDE Controller (PCI\VEN_8086&DEV_7111&SUBSYS_00000000&REV_01\BUS_00&DEV_07&FUNC_01)
[000DC4DE] Loading PNP drivers of Intel 82371AB/EB PCI to USB Universal Host Controller (PCI\VEN_8086&DEV_7112&SUBSYS_00000000&REV_01\BUS_00&DEV_07&FUNC_02)
[000DC4E1] Loaded PNP drivers of Intel 82371AB/EB PCI to USB Universal Host Controller (PCI\VEN_8086&DEV_7112&SUBSYS_00000000&REV_01\BUS_00&DEV_07&FUNC_02)
[000DC4E1] Starting Intel 82371AB/EB PCI to USB Universal Host Controller (PCI\VEN_8086&DEV_7112&SUBSYS_00000000&REV_01\BUS_00&DEV_07&FUNC_02)
[000DC4E0] Started Intel 82371AB/EB PCI to USB Universal Host Controller (PCI\VEN_8086&DEV_7112&SUBSYS_00000000&REV_01\BUS_00&DEV_07&FUNC_02)
[000DC4E0] Loading PNP drivers of Standard PCI Graphics Adapter (VGA) (PCI\VEN_10C8&DEV_0005&SUBSYS_00881028&REV_12\000800)
[000DC4E0] Loaded PNP drivers of Standard PCI Graphics Adapter (VGA) (PCI\VEN_10C8&DEV_0005&SUBSYS_00881028&REV_12\000800)
[000DC4E0] Starting Standard PCI Graphics Adapter (VGA) (PCI\VEN_10C8&DEV_0005&SUBSYS_00881028&REV_12\000800)
[000DC4E0] Started Standard PCI Graphics Adapter (VGA) (PCI\VEN_10C8&DEV_0005&SUBSYS_00881028&REV_12\000800)
[000DC4E0] Enumerating Standard PCI Graphics Adapter (VGA) (PCI\VEN_10C8&DEV_0005&SUBSYS_00881028&REV_12\000800)
[000DC4E0] Enumerated Standard PCI Graphics Adapter (VGA) (PCI\VEN_10C8&DEV_0005&SUBSYS_00881028&REV_12\000800)
[000DC4E0] Starting Default Monitor (MONITOR\DEFAULT_MONITOR\0001)
[000DC4E0] Started Default Monitor (MONITOR\DEFAULT_MONITOR\0001)
[000DC4E0] Enumerating Default Monitor (MONITOR\DEFAULT_MONITOR\0001)
[000DC4E0] Enumerated Default Monitor (MONITOR\DEFAULT_MONITOR\0001)
[000DC4E0] Loading PNP drivers of Primary IDE controller (dual fifo) (MF\CHILD0000\PCI&VEN_8086&DEV_7111&SUBSYS_00000000&REV_01&BUS_00&DEV_07&FUNC_01)
[000DC4E0] Loading PNP drivers of Secondary IDE controller (dual fifo) (MF\CHILD0001\PCI&VEN_8086&DEV_7111&SUBSYS_00000000&REV_01&BUS_00&DEV_07&FUNC_01)
[000DC4E0] Enumerating Intel 82371AB/EB PCI to USB Universal Host Controller (PCI\VEN_8086&DEV_7112&SUBSYS_00000000&REV_01\BUS_00&DEV_07&FUNC_02)
[000DC4E0] Enumerated Intel 82371AB/EB PCI to USB Universal Host Controller (PCI\VEN_8086&DEV_7112&SUBSYS_00000000&REV_01\BUS_00&DEV_07&FUNC_02)
[000DC4E0] Loading PNP drivers of USB Root Hub (USB\ROOT_HUB\PCI&VEN_8086&DEV_7112&SUBSYS_00000000&REV_01&BUS_00&DEV_07&FUNC_02)
[000DC4E0] Loaded PNP drivers of USB Root Hub (USB\ROOT_HUB\PCI&VEN_8086&DEV_7112&SUBSYS_00000000&REV_01&BUS_00&DEV_07&FUNC_02)
[000DC4E0] Starting USB Root Hub (USB\ROOT_HUB\PCI&VEN_8086&DEV_7112&SUBSYS_00000000&REV_01&BUS_00&DEV_07&FUNC_02)
[000DC4E0] Started USB Root Hub (USB\ROOT_HUB\PCI&VEN_8086&DEV_7112&SUBSYS_00000000&REV_01&BUS_00&DEV_07&FUNC_02)
[000DC4E0] Enumerating USB Root Hub (USB\ROOT_HUB\PCI&VEN_8086&DEV_7112&SUBSYS_00000000&REV_01&BUS_00&DEV_07&FUNC_02)
[000DC4E0] Enumerated USB Root Hub (USB\ROOT_HUB\PCI&VEN_8086&DEV_7112&SUBSYS_00000000&REV_01&BUS_00&DEV_07&FUNC_02)
[000DC4E0] DEVICEINIT   = VCDFSD  
[000DC4E0] DEVICEINITSUCCESS   = VCDFSD  
[000DC4E0] DEVICEINIT   = IOS     
[000DC4E5] Dynamic load device  C:\WINDOWS\system\IOSUBSYS\apix.vxd
[000DC4E6] Dynamic load success C:\WINDOWS\system\IOSUBSYS\apix.vxd
[000DC4E6] Dynamic load device  C:\WINDOWS\system\IOSUBSYS\atapchng.vxd
[000DC4F3] Dynamic load success C:\WINDOWS\system\IOSUBSYS\atapchng.vxd
[000DC4F3] Dynamic load device  C:\WINDOWS\system\IOSUBSYS\cdfs.vxd
[000DC4F3] Dynamic load success C:\WINDOWS\system\IOSUBSYS\cdfs.vxd
[000DC4F3] Dynamic load device  C:\WINDOWS\system\IOSUBSYS\cdtsd.vxd
[000DC4F3] Dynamic load success C:\WINDOWS\system\IOSUBSYS\cdtsd.vxd
[000DC4F4] Dynamic load device  C:\WINDOWS\system\IOSUBSYS\cdvsd.vxd
[000DC4F4] Dynamic load success C:\WINDOWS\system\IOSUBSYS\cdvsd.vxd
[000DC4F4] Dynamic load device  C:\WINDOWS\system\IOSUBSYS\disktsd.vxd
[000DC4F5] Dynamic load success C:\WINDOWS\system\IOSUBSYS\disktsd.vxd
[000DC4F5] Dynamic load device  C:\WINDOWS\system\IOSUBSYS\diskvsd.vxd
[000DC4F5] Dynamic load success C:\WINDOWS\system\IOSUBSYS\diskvsd.vxd
[000DC4F5] Dynamic load device  C:\WINDOWS\system\IOSUBSYS\necatapi.vxd
[000DC4F3] Dynamic load success C:\WINDOWS\system\IOSUBSYS\necatapi.vxd
[000DC4F3] Dynamic load device  C:\WINDOWS\system\IOSUBSYS\scsi1hlp.vxd
[000DC4F3] Dynamic load success C:\WINDOWS\system\IOSUBSYS\scsi1hlp.vxd
[000DC4F3] Dynamic load device  C:\WINDOWS\system\IOSUBSYS\torisan3.vxd
[000DC4F3] Dynamic load success C:\WINDOWS\system\IOSUBSYS\torisan3.vxd
[000DC4F3] Dynamic load device  C:\WINDOWS\system\IOSUBSYS\voltrack.vxd
[000DC4F3] Dynamic load success C:\WINDOWS\system\IOSUBSYS\voltrack.vxd
[000DC4F3] Dynamic load device  C:\WINDOWS\system\IOSUBSYS\rmm.pdr
[000DC4F4] Dynamic load success C:\WINDOWS\system\IOSUBSYS\rmm.pdr
[000DC4F4] Dynamic load device  C:\WINDOWS\system\IOSUBSYS\bigmem.drv
[000DC4F3] Dynamic load success C:\WINDOWS\system\IOSUBSYS\bigmem.drv
[000DC4F3] DEVICEINITSUCCESS   = IOS     
[000DC4F3] DEVICEINIT   = PAGEFILE
[000DC4F3] DEVICEINITSUCCESS   = PAGEFILE
[000DC4F3] DEVICEINIT   = PAGESWAP
[000DC4F3] DEVICEINITSUCCESS   = PAGESWAP
[000DC4F3] DEVICEINIT   = PARITY  
[000DC4F3] DEVICEINITSUCCESS   = PARITY  
[000DC4F3] DEVICEINIT   = REBOOT  
[000DC4F3] DEVICEINITSUCCESS   = REBOOT  
[000DC4F3] DEVICEINIT   = EBIOS   
[000DC4F3] DEVICEINITSUCCESS   = EBIOS   
[000DC4F3] DEVICEINIT   = VDD     
[000DC4F3] DEVICEINITSUCCESS   = VDD     
[000DC4F3] DEVICEINIT   = VSD     
[000DC4F3] DEVICEINITSUCCESS   = VSD     
[000DC4F3] DEVICEINIT   = COMBUFF 
[000DC4F3] DEVICEINITSUCCESS   = COMBUFF 
[000DC4F3] DEVICEINIT   = VCD     
[000DC4F3] DEVICEINITSUCCESS   = VCD     
[000DC4F3] DEVICEINIT   = VMOUSE  
[000DC4F3] DEVICEINITSUCCESS   = VMOUSE  
[000DC4F3] Loading PNP drivers of PS/2 Compatible Mouse Port (BIOS\*PNP0F13\07)
[000DC4F3] Loaded PNP drivers of PS/2 Compatible Mouse Port (BIOS\*PNP0F13\07)
[000DC4F3] Starting PS/2 Compatible Mouse Port (BIOS\*PNP0F13\07)
[000DC502] Started PS/2 Compatible Mouse Port (BIOS\*PNP0F13\07)
[000DC502] Enumerating PS/2 Compatible Mouse Port (BIOS\*PNP0F13\07)
[000DC502] Enumerated PS/2 Compatible Mouse Port (BIOS\*PNP0F13\07)
[000DC502] DEVICEINIT   = MSMINI  
[000DC502] DEVICEINITSUCCESS   = MSMINI  
[000DC502] DEVICEINIT   = VKD     
[000DC502] DEVICEINITSUCCESS   = VKD     
[000DC502] DEVICEINIT   = VPD     
[000DC502] DEVICEINITSUCCESS   = VPD     
[000DC502] DEVICEINIT   = INT13   
[000DC502] DEVICEINITSUCCESS   = INT13   
[000DC502] DEVICEINIT   = VMCPD   
[000DC502] DEVICEINITSUCCESS   = VMCPD   
[000DC502] DEVICEINIT   = BIOSXLAT
[000DC502] DEVICEINITSUCCESS   = BIOSXLAT
[000DC502] DEVICEINIT   = SDVXD   
[000DC502] DEVICEINITSUCCESS   = SDVXD   
[000DC502] DEVICEINIT   = DOSMGR  
[000DC502] DEVICEINITSUCCESS   = DOSMGR  
[000DC502] DEVICEINIT   = VMPOLL  
[000DC503] DEVICEINITSUCCESS   = VMPOLL  
[000DC503] DEVICEINIT   = JAVASUP 
[000DC503] DEVICEINITSUCCESS   = JAVASUP 
[000DC503] DEVICEINIT   = VCOMM   
[000DC503] DEVICEINITSUCCESS   = VCOMM   
[000DC503] DEVICEINIT   = VCOND   
[000DC503] DEVICEINITSUCCESS   = VCOND   
[000DC503] DEVICEINIT   = VTDAPI  
[000DC503] DEVICEINITSUCCESS   = VTDAPI  
[000DC503] DEVICEINIT   = VFLATD  
[000DC503] DEVICEINITSUCCESS   = VFLATD  
[000DC503] DEVICEINIT   = Display1
[000DC503] DEVICEINITSUCCESS   = Display1
[000DC503] DEVICEINIT   = VDMAD   
[000DC503] DEVICEINITSUCCESS   = VDMAD   
[000DC503] DEVICEINIT   = V86MMGR 
[000DC503] DEVICEINITSUCCESS   = V86MMGR 
[000DC503] DEVICEINIT   = SPOOLER 
[000DC503] DEVICEINITSUCCESS   = SPOOLER 
[000DC503] DEVICEINIT   = UDF     
[000DC503] DEVICEINITSUCCESS   = UDF     
[000DC503] DEVICEINIT   = VFAT    
[000DC503] DEVICEINITSUCCESS   = VFAT    
[000DC503] DEVICEINIT   = VDEF    
[000DC503] DEVICEINITSUCCESS   = VDEF    
[000DC507] Initing hsflop.pdr
[000DC51D] Init Success hsflop.pdr
[000DC51D] Initing esdi_506.pdr
[000DC537] Init Success esdi_506.pdr
[000DC537] Initing esdi_506.pdr
[000DC554] Init Success esdi_506.pdr
[000DC55B] INITCOMPLETE = VMM     
[000DC55B] INITCOMPLETESUCCESS = VMM     
[000DC55B] INITCOMPLETE = MTRR    
[000DC55B] INITCOMPLETESUCCESS = MTRR    
[000DC55B] INITCOMPLETE = VCACHE  
[000DC55B] INITCOMPLETESUCCESS = VCACHE  
[000DC55B] INITCOMPLETE = PERF    
[000DC55B] INITCOMPLETESUCCESS = PERF    
[000DC55B] INITCOMPLETE = VFIXD   
[000DC55B] INITCOMPLETESUCCESS = VFIXD   
[000DC55B] INITCOMPLETE = VPOWERD 
[000DC55B] INITCOMPLETESUCCESS = VPOWERD 
[000DC55B] INITCOMPLETE = VPICD   
[000DC55B] INITCOMPLETESUCCESS = VPICD   
[000DC55B] INITCOMPLETE = VrtwD   
[000DC55B] INITCOMPLETESUCCESS = VrtwD   
[000DC55B] INITCOMPLETE = VTD     
[000DC55B] INITCOMPLETESUCCESS = VTD     
[000DC55B] INITCOMPLETE = VWIN32  
[000DC55B] INITCOMPLETESUCCESS = VWIN32  
[000DC55B] INITCOMPLETE = VXDLDR  
[000DC55B] INITCOMPLETESUCCESS = VXDLDR  
[000DC55B] INITCOMPLETE = NTKERN  
[000DC55B] INITCOMPLETESUCCESS = NTKERN  
[000DC55B] INITCOMPLETE = CONFIGMG
[000DC55B] INITCOMPLETESUCCESS = CONFIGMG
[000DC55B] INITCOMPLETE = PCI     
[000DC55B] INITCOMPLETESUCCESS = PCI     
[000DC55B] INITCOMPLETE = PCCARD  
[000DC55B] INITCOMPLETESUCCESS = PCCARD  
[000DC55B] INITCOMPLETE = BIOS    
[000DC55B] INITCOMPLETESUCCESS = BIOS    
[000DC55B] INITCOMPLETE = VCDFSD  
[000DC55B] INITCOMPLETESUCCESS = VCDFSD  
[000DC55B] INITCOMPLETE = IOS     
[000DC55B] INITCOMPLETESUCCESS = IOS     
[000DC55B] INITCOMPLETE = PAGEFILE
[000DC55B] INITCOMPLETESUCCESS = PAGEFILE
[000DC55B] INITCOMPLETE = PAGESWAP
[000DC55B] INITCOMPLETESUCCESS = PAGESWAP
[000DC55B] INITCOMPLETE = PARITY  
[000DC55B] INITCOMPLETESUCCESS = PARITY  
[000DC55B] INITCOMPLETE = REBOOT  
[000DC55B] INITCOMPLETESUCCESS = REBOOT  
[000DC55B] INITCOMPLETE = EBIOS   
[000DC55B] INITCOMPLETESUCCESS = EBIOS   
[000DC55B] INITCOMPLETE = VDD     
[000DC55B] INITCOMPLETESUCCESS = VDD     
[000DC55B] INITCOMPLETE = VSD     
[000DC55B] INITCOMPLETESUCCESS = VSD     
[000DC55B] INITCOMPLETE = COMBUFF 
[000DC55B] INITCOMPLETESUCCESS = COMBUFF 
[000DC55B] INITCOMPLETE = VCD     
[000DC55B] INITCOMPLETESUCCESS = VCD     
[000DC55B] INITCOMPLETE = VMOUSE  
[000DC55B] INITCOMPLETESUCCESS = VMOUSE  
[000DC55B] INITCOMPLETE = MSMINI  
[000DC55B] INITCOMPLETESUCCESS = MSMINI  
[000DC55B] INITCOMPLETE = VKD     
[000DC55B] INITCOMPLETESUCCESS = VKD     
[000DC55B] INITCOMPLETE = VPD     
[000DC55B] INITCOMPLETESUCCESS = VPD     
[000DC55B] INITCOMPLETE = INT13   
[000DC55B] INITCOMPLETESUCCESS = INT13   
[000DC55B] INITCOMPLETE = VMCPD   
[000DC55B] INITCOMPLETESUCCESS = VMCPD   
[000DC55B] INITCOMPLETE = BIOSXLAT
[000DC55B] INITCOMPLETESUCCESS = BIOSXLAT
[000DC55B] INITCOMPLETE = SDVXD   
[000DC55B] INITCOMPLETEFAILED  = SDVXD   
[000DC55B] INITCOMPLETE = DOSMGR  
[000DC55C] INITCOMPLETESUCCESS = DOSMGR  
[000DC55C] INITCOMPLETE = VMPOLL  
[000DC55C] INITCOMPLETESUCCESS = VMPOLL  
[000DC55C] INITCOMPLETE = JAVASUP 
[000DC55C] INITCOMPLETESUCCESS = JAVASUP 
[000DC55C] INITCOMPLETE = VCOMM   
[000DC55C] Dynamic load device  serenum.vxd
[000DC55D] Dynamic init device  SERENUM
[000DC55D] Dynamic init success SERENUM
[000DC55D] Dynamic load success serenum.vxd
[000DC55D] Dynamic load device  lptenum.vxd
[000DC55D] Dynamic init device  LPTENUM
[000DC55D] Dynamic init success LPTENUM
[000DC55D] Dynamic load success lptenum.vxd
[000DC55D] INITCOMPLETESUCCESS = VCOMM   
[000DC55D] Enumerating Communications Port (COM1) (BIOS\*PNP0501\0C)
[000DC55D] Dynamic load device  C:\WINDOWS\system\serial.vxd
[000DC55E] Dynamic init device  SERIAL
[000DC55E] Dynamic init success SERIAL
[000DC55E] Dynamic load success C:\WINDOWS\system\serial.vxd
[000DC562] Enumerated Communications Port (COM1) (BIOS\*PNP0501\0C)
[000DC562] Enumerating ECP Printer Port (LPT1) (BIOS\*PNP0401\0E)
[000DC562] Enumerated ECP Printer Port (LPT1) (BIOS\*PNP0401\0E)
[000DC563] INITCOMPLETE = VCOND   
[000DC563] INITCOMPLETESUCCESS = VCOND   
[000DC563] INITCOMPLETE = VTDAPI  
[000DC563] INITCOMPLETESUCCESS = VTDAPI  
[000DC563] INITCOMPLETE = VFLATD  
[000DC563] INITCOMPLETESUCCESS = VFLATD  
[000DC563] INITCOMPLETE = CBSS    
[000DC563] INITCOMPLETESUCCESS = CBSS    
[000DC563] INITCOMPLETE = Display1
[000DC563] INITCOMPLETESUCCESS = Display1
[000DC563] INITCOMPLETE = APIX    
[000DC563] INITCOMPLETESUCCESS = APIX    
[000DC563] INITCOMPLETE = CDTSD   
[000DC563] INITCOMPLETESUCCESS = CDTSD   
[000DC563] INITCOMPLETE = CDVSD   
[000DC563] INITCOMPLETESUCCESS = CDVSD   
[000DC563] INITCOMPLETE = DiskTSD 
[000DC563] INITCOMPLETESUCCESS = DiskTSD 
[000DC563] INITCOMPLETE = scsi1hlp
[000DC563] INITCOMPLETESUCCESS = scsi1hlp
[000DC563] INITCOMPLETE = voltrack
[000DC563] INITCOMPLETESUCCESS = voltrack
[000DC563] INITCOMPLETE = BIGMEM  
[000DC563] INITCOMPLETESUCCESS = BIGMEM  
[000DC563] INITCOMPLETE = HSFLOP  
[000DC563] INITCOMPLETESUCCESS = HSFLOP  
[000DC563] INITCOMPLETE = ESDI_506
[000DC563] INITCOMPLETESUCCESS = ESDI_506
[000DC563] INITCOMPLETE = SERENUM 
[000DC563] INITCOMPLETESUCCESS = SERENUM 
[000DC563] INITCOMPLETE = LPTENUM 
[000DC563] INITCOMPLETESUCCESS = LPTENUM 
[000DC563] INITCOMPLETE = VDMAD   
[000DC563] INITCOMPLETESUCCESS = VDMAD   
[000DC563] INITCOMPLETE = V86MMGR 
[000DC563] INITCOMPLETESUCCESS = V86MMGR 
[000DC563] INITCOMPLETE = SPOOLER 
[000DC563] INITCOMPLETESUCCESS = SPOOLER 
[000DC563] INITCOMPLETE = UDF     
[000DC563] INITCOMPLETESUCCESS = UDF     
[000DC563] INITCOMPLETE = VFAT    
[000DC564] INITCOMPLETESUCCESS = VFAT    
[000DC564] INITCOMPLETE = VDEF    
[000DC564] INITCOMPLETESUCCESS = VDEF    
[000DC564] INITCOMPLETE = CDFS    
[000DC564] INITCOMPLETESUCCESS = CDFS    
[000DC564] INITCOMPLETE = IFSMGR  
[000DC564] INITCOMPLETESUCCESS = IFSMGR  
[000DC564] INITCOMPLETE = VFBACKUP
[000DC564] INITCOMPLETESUCCESS = VFBACKUP
[000DC564] INITCOMPLETE = SHELL   
[000DC564] INITCOMPLETESUCCESS = SHELL   
Initializing KERNEL
LoadStart = system.drv
LoadSuccess = system.drv
LoadStart = keyboard.drv
LoadSuccess = keyboard.drv
LoadStart = mouse.drv
LoadSuccess = mouse.drv
LoadStart = vga.drv
LoadSuccess = vga.drv
LoadStart = mmsound.drv
LoadSuccess = mmsound.drv
LoadStart = comm.drv
LoadSuccess = comm.drv
LoadStart = gdi.exe
LoadStart = C:\WINDOWS\SYSTEM\GDI32.DLL
LoadStart = GDI.EXE
LoadSuccess = GDI.EXE
LoadStart = GDI.EXE
LoadSuccess = GDI.EXE
LoadStart = GDI.EXE
LoadSuccess = GDI.EXE
LoadStart = GDI.EXE
LoadSuccess = GDI.EXE
LoadSuccess = C:\WINDOWS\SYSTEM\GDI32.DLL
LoadStart = C:\WINDOWS\fonts\vgasys.fon
LoadSuccess = C:\WINDOWS\fonts\vgasys.fon
LoadStart = C:\WINDOWS\fonts\vgafix.fon
LoadSuccess = C:\WINDOWS\fonts\vgafix.fon
LoadStart = C:\WINDOWS\fonts\vgaoem.fon
LoadSuccess = C:\WINDOWS\fonts\vgaoem.fon
LoadSuccess = gdi.exe
LoadStart = user.exe
LoadStart = DDEML.DLL
LoadSuccess = DDEML.DLL
LoadStart = C:\WINDOWS\SYSTEM\USER32.DLL
LoadStart = USER.EXE
LoadSuccess = USER.EXE
LoadStart = USER.EXE
LoadSuccess = USER.EXE
LoadStart = USER.EXE
LoadSuccess = USER.EXE
LoadStart = USER.EXE
LoadSuccess = USER.EXE
LoadStart = USER.EXE
LoadSuccess = USER.EXE
LoadSuccess = C:\WINDOWS\SYSTEM\USER32.DLL
LoadStart = COOL.DLL
LoadSuccess = COOL.DLL
Init = KEYBOARD
InitDone = KEYBOARD
Init = Mouse
Status = Mouse driver installed
InitDone = Mouse
Init = 
LoadStart = DISPLAY.drv
LoadSuccess = DISPLAY.drv
InitDone = DISPLAY
Init = Display Resources
InitDone = Display Resources
LoadStart = C:\WINDOWS\fonts\serife.fon
LoadSuccess = C:\WINDOWS\fonts\serife.fon
LoadStart = C:\WINDOWS\fonts\sserife.fon
LoadSuccess = C:\WINDOWS\fonts\sserife.fon
LoadStart = C:\WINDOWS\fonts\coure.fon
LoadSuccess = C:\WINDOWS\fonts\coure.fon
LoadStart = C:\WINDOWS\fonts\symbole.fon
LoadSuccess = C:\WINDOWS\fonts\symbole.fon
LoadStart = C:\WINDOWS\fonts\smalle.fon
LoadSuccess = C:\WINDOWS\fonts\smalle.fon
LoadSuccess = user.exe
LoadStart = MSGSRV32.EXE
LoadSuccess = MSGSRV32.EXE
Init = Final USER
InitDone = Final USER
Init = Installable Drivers
InitDone = Installable Drivers
Init = TSRQuery
InitDone = TSRQuery
[000DC58F] Enumerating Standard Floppy Disk Controller (BIOS\*PNP0700\0F)
[000DC590] Enumerated Standard Floppy Disk Controller (BIOS\*PNP0700\0F)
Terminate = User
Terminate = Query Drivers
EndTerminate = Query Drivers
Terminate = Unload Network
EndTerminate = Unload Network
Terminate = Reset Display
EndTerminate = Reset Display
EndTerminate = User
Terminate = KERNEL
Terminate = RIT
EndTerminate = RIT
Terminate = Win32
EndTerminate = Win32
EndTerminate = KERNEL
