Description:
  EvtxECmd version 1.5.2.0
  
  Author: Eric Zimmerman (saericzimmerman@gmail.com)
  https://github.com/EricZimmerman/evtx
  
  Examples: EvtxECmd.exe -f "C:\Temp\Application.evtx" --csv "c:\temp\out" --csvf MyOutputFile.csv
  	    EvtxECmd.exe -f "C:\Temp\Application.evtx" --csv "c:\temp\out"
  	    EvtxECmd.exe -f "C:\Temp\Application.evtx" --json "c:\temp\jsonout"
  	 
  	    Short options (single letter) are prefixed with a single dash. Long commands are prefixed with two dashes

Usage:
  EvtxECmd [options]

Options:
  -f <f>           File to process. This or -d is required
  -d <d>           Directory to process that contains evtx files. This or -f is required
  --csv <csv>      Directory to save CSV formatted results to
  --csvf <csvf>    File name to save CSV formatted results to. When present, overrides default name
  --json <json>    Directory to save JSON formatted results to
  --jsonf <jsonf>  File name to save JSON formatted results to. When present, overrides default name
  --xml <xml>      Directory to save XML formatted results to
  --xmlf <xmlf>    File name to save XML formatted results to. When present, overrides default name
  --dt <dt>        The custom date/time format to use when displaying time stamps [default: yyyy-MM-dd HH:mm:ss.fffffff]
  --inc <inc>      List of Event IDs to process. All others are ignored. Overrides --exc Format is 4624,4625,5410,5500-5600
  --exc <exc>      List of Event IDs to IGNORE. All others are included. Format is 4624,4625,5410,5500-5600
  --sd <sd>        Start date for including events (UTC). Anything OLDER than this is dropped. Format should match --dt
  --ed <ed>        End date for including events (UTC). Anything NEWER than this is dropped. Format should match --dt
  --fj             When true, export all available data when using --json [default: False]
  --tdt <tdt>      The number of seconds to use for time discrepancy detection [default: 1]
  --met            When true, show metrics about processed event log [default: True]
  --maps <maps>    The path where event maps are located. Defaults to 'Maps' folder where program was executed [default: /opt/zimmermantools/EvtxeCmd/Maps]
  --vss            Process all Volume Shadow Copies that exist on drive specified by -f or -d [default: False]
  --dedupe         Deduplicate -f or -d & VSCs based on SHA-1. First file found wins [default: True]
  --sync           If true, the latest maps from https://github.com/EricZimmerman/evtx/tree/master/evtx/Maps are downloaded and local maps updated [default: False]
  --debug          Show debug information during processing [default: False]
  --trace          Show trace information during processing [default: False]
  --version        Show version information
  -?, -h, --help   Show help and usage information


