r/- * 0:	Documents and Settings/Default User/MPC7A4.tmp
r/- * 0:	Documents and Settings/Default User/MPC7A5.tmp
r/- * 6366:	Documents and Settings/Default User/MPC7A6.tmp
r/- * 6367:	Documents and Settings/Default User/MPC7A7.tmp
r/- * 6368:	Documents and Settings/Default User/MPC7A8.tmp
r/- * 6369:	Documents and Settings/Default User/MPC7A9.tmp
r/- * 6370:	Documents and Settings/Default User/MPC7AA.tmp
r/- * 6371:	Documents and Settings/Default User/MPC7AB.tmp
r/- * 6372:	Documents and Settings/Default User/MPC7AC.tmp
r/- * 0:	Documents and Settings/Default User/MPC7B8.tmp
r/- * 0:	Documents and Settings/Default User/MPC7B9.tmp
r/- * 6386:	Documents and Settings/Default User/MPC7BA.tmp
r/- * 6387:	Documents and Settings/Default User/MPC7BB.tmp
r/- * 6388:	Documents and Settings/Default User/MPC7BC.tmp
r/- * 6389:	Documents and Settings/Default User/MPC7BD.tmp
r/- * 6390:	Documents and Settings/Default User/MPC7BE.tmp
r/- * 6391:	Documents and Settings/Default User/MPC7BF.tmp
r/- * 6392:	Documents and Settings/Default User/MPC7C0.tmp
r/- * 0:	Documents and Settings/Default User/MPC7CC.tmp
r/- * 0:	Documents and Settings/Default User/MPC7CE.tmp
r/- * 6408:	Documents and Settings/Default User/MPC7CF.tmp
r/- * 6409:	Documents and Settings/Default User/MPC7D0.tmp
r/- * 6410:	Documents and Settings/Default User/MPC7D1.tmp
r/- * 6411:	Documents and Settings/Default User/MPC7D2.tmp
r/- * 6412:	Documents and Settings/Default User/MPC7D3.tmp
r/- * 6413:	Documents and Settings/Default User/MPC7D4.tmp
r/- * 0:	Documents and Settings/Default User/MPC7E0.tmp
r/- * 0:	Documents and Settings/Default User/MPC7E2.tmp
r/- * 6428:	Documents and Settings/Default User/MPC7E3.tmp
r/- * 6429:	Documents and Settings/Default User/MPC7E4.tmp
r/- * 6430:	Documents and Settings/Default User/MPC7E5.tmp
r/- * 6431:	Documents and Settings/Default User/MPC7E6.tmp
r/- * 6432:	Documents and Settings/Default User/MPC7E7.tmp
r/- * 6433:	Documents and Settings/Default User/MPC7E8.tmp
r/- * 0:	Documents and Settings/Default User/MPC7F4.tmp
r/- * 0:	Documents and Settings/Default User/MPC7F6.tmp
r/- * 6448:	Documents and Settings/Default User/MPC7F7.tmp
r/- * 6449:	Documents and Settings/Default User/MPC7F8.tmp
r/- * 6450:	Documents and Settings/Default User/MPC7F9.tmp
r/- * 6451:	Documents and Settings/Default User/MPC7FA.tmp
r/- * 6452:	Documents and Settings/Default User/MPC7FB.tmp
r/- * 6453:	Documents and Settings/Default User/MPC7FC.tmp
r/- * 0:	Documents and Settings/Default User/MPC808.tmp
r/- * 0:	Documents and Settings/Default User/MPC80A.tmp
r/- * 6468:	Documents and Settings/Default User/MPC80B.tmp
r/- * 6469:	Documents and Settings/Default User/MPC80C.tmp
r/- * 6470:	Documents and Settings/Default User/MPC80D.tmp
r/- * 6471:	Documents and Settings/Default User/MPC80E.tmp
r/- * 6472:	Documents and Settings/Default User/MPC80F.tmp
r/- * 6473:	Documents and Settings/Default User/MPC810.tmp
r/- * 0:	Documents and Settings/Default User/MPC81C.tmp
r/- * 0:	Documents and Settings/Default User/MPC81E.tmp
r/- * 6488:	Documents and Settings/Default User/MPC81F.tmp
r/- * 6489:	Documents and Settings/Default User/MPC820.tmp
r/- * 6490:	Documents and Settings/Default User/MPC821.tmp
r/- * 6491:	Documents and Settings/Default User/MPC822.tmp
r/- * 6492:	Documents and Settings/Default User/MPC823.tmp
r/- * 6493:	Documents and Settings/Default User/MPC824.tmp
r/- * 0:	Documents and Settings/Default User/MPC830.tmp
r/- * 0:	Documents and Settings/Default User/MPC832.tmp
r/- * 6508:	Documents and Settings/Default User/MPC833.tmp
r/- * 6509:	Documents and Settings/Default User/MPC834.tmp
r/- * 6510:	Documents and Settings/Default User/MPC835.tmp
r/- * 6511:	Documents and Settings/Default User/MPC836.tmp
r/- * 6512:	Documents and Settings/Default User/MPC837.tmp
r/- * 6513:	Documents and Settings/Default User/MPC838.tmp
r/- * 0:	Documents and Settings/Default User/MPC844.tmp
r/- * 0:	Documents and Settings/Default User/MPC846.tmp
r/- * 6528:	Documents and Settings/Default User/MPC847.tmp
r/- * 6529:	Documents and Settings/Default User/MPC848.tmp
r/- * 6530:	Documents and Settings/Default User/MPC849.tmp
r/- * 6531:	Documents and Settings/Default User/MPC84A.tmp
r/- * 6532:	Documents and Settings/Default User/MPC84B.tmp
r/- * 6533:	Documents and Settings/Default User/MPC84C.tmp
r/- * 0:	Documents and Settings/Default User/MPC858.tmp
r/- * 0:	Documents and Settings/Default User/MPC85A.tmp
r/- * 6548:	Documents and Settings/Default User/MPC85B.tmp
r/- * 6549:	Documents and Settings/Default User/MPC85C.tmp
r/- * 6550:	Documents and Settings/Default User/MPC85D.tmp
r/- * 6551:	Documents and Settings/Default User/MPC85E.tmp
r/- * 6552:	Documents and Settings/Default User/MPC85F.tmp
r/- * 6553:	Documents and Settings/Default User/MPC860.tmp
r/- * 0:	Documents and Settings/Default User/~DF45C5.tmp
d/- * 0:	Documents and Settings/LocalService/Local Settings/Temporary Internet Files/Content.IE5/TFR9CXUT
r/- * 0:	Documents and Settings/Mr. Evil/Local Settings/Temp/wizdata.dat
r/- * 10091:	Documents and Settings/Mr. Evil/Local Settings/Temp/wizdata.dat
r/- * 11156:	Documents and Settings/Mr. Evil/Local Settings/Temporary Internet Files/Content.IE5/HYU1BON0/yahoo[2]
r/- * 0:	Documents and Settings/Mr. Evil/Local Settings/Temporary Internet Files/Content.IE5/JIRVJY9X/8A{XA_M@}-12ZG~[YXVOJ4[1].jpg
r/- * 0:	Documents and Settings/Mr. Evil/Local Settings/Temporary Internet Files/Content.IE5/JIRVJY9X/inbc1[1].gif
r/- * 0:	Documents and Settings/Mr. Evil/Local Settings/Temporary Internet Files/Content.IE5/PN0J7OQM/my16[1].gif
r/- * 0:	Documents and Settings/Mr. Evil/Local Settings/Temporary Internet Files/Content.IE5/PTV39NDQ/powered_by_white_95x30[1].gif
r/- * 0:	Documents and Settings/Mr. Evil/My Documents/TMP4352$.TMP
r/- * 0:	My Documents/COMMANDS/ncreadme.txt
r/- * 0:	My Documents/NOVELL/Nut18/NDELFILE.EXE
r/- * 0:	My Documents/NOVELL/Nut18/NOPNFILE.EXE
r/- * 0:	Program Files/Agent/Data/XPOST.DAT
r/- * 0:	Program Files/Anonymizer/thanks/3_nav.gif
r/- * 0:	Program Files/Common Files/Microsoft Shared/MSINFO/TXTVIEW.OCX
r/- * 0:	Program Files/Common Files/Microsoft Shared/Stationery/fieruled.gif
r/- * 0:	Program Files/Common Files/Microsoft Shared/Stationery/Network Blitz.htm
r/- * 0:	Program Files/Common Files/Microsoft Shared/Web Server Extensions/40/BIN/OLD921.tmp
r/- * 0:	Program Files/Common Files/Microsoft Shared/Web Server Extensions/40/BIN/SET920.tmp
r/- * 0:	Program Files/Common Files/SYSTEM/ADO/SET428.tmp
r/- * 0:	Program Files/Common Files/SYSTEM/MSADC/SET41A.tmp
r/- * 0:	Program Files/Windows NT/Pinball/SOUND17.WAV
r/- * 0:	Program Files/Windows NT/Pinball/SOUND181.WAV
r/- * 0:	Program Files/Windows NT/Pinball/SOUND38.WAV
r/- * 0:	__esitempfile.tmp
r/- * 333:	txtsetup.sif
r/- * 0:	CONFIG.SYS
r/- * 0:	WINDOWS/PCHEALTH/HELPCTR/Database/newsgroups.cab
r/- * 0:	WINDOWS/PCHEALTH/HELPCTR/Database/pss.cab
r/- * 0:	WINDOWS/PCHEALTH/HELPCTR/Database/rcBuddy.cab
r/- * 0:	WINDOWS/PCHEALTH/HELPCTR/OfflineCache/Professional_32#0409/00000016.query
r/- * 0:	WINDOWS/PCHEALTH/HELPCTR/OfflineCache/Professional_32#0409/00000017.query.new
r/- * 0:	WINDOWS/PCHEALTH/HELPCTR/OfflineCache/Professional_32#0409/0000002d.query
r/r * 6667-128-5(realloc):	WINDOWS/PCHEALTH/HELPCTR/OfflineCache/Professional_32#0409/00000039.query.new
r/- * 0:	WINDOWS/PCHEALTH/HELPCTR/OfflineCache/Professional_32#0409/00000046.query
r/r * 6685-128-5(realloc):	WINDOWS/PCHEALTH/HELPCTR/OfflineCache/Professional_32#0409/00000051.query.new
r/- * 0:	WINDOWS/PCHEALTH/HELPCTR/OfflineCache/Professional_32#0409/0000005e.query
r/r * 6703-128-5(realloc):	WINDOWS/PCHEALTH/HELPCTR/OfflineCache/Professional_32#0409/0000006a.query.new
r/- * 0:	WINDOWS/PCHEALTH/HELPCTR/OfflineCache/Professional_32#0409/00000075.query
r/- * 0:	WINDOWS/PCHEALTH/HELPCTR/OfflineCache/Professional_32#0409/0000008e.query
r/r * 6733-128-5(realloc):	WINDOWS/PCHEALTH/HELPCTR/OfflineCache/Professional_32#0409/00000092.query.new
r/- * 0:	WINDOWS/PCHEALTH/HELPCTR/OfflineCache/Professional_32#0409/000000a6.query
r/r * 6751-128-5(realloc):	WINDOWS/PCHEALTH/HELPCTR/OfflineCache/Professional_32#0409/000000aa.query.new
r/- * 0:	WINDOWS/PCHEALTH/HELPCTR/OfflineCache/Professional_32#0409/000000be.query
r/r * 6769-128-5(realloc):	WINDOWS/PCHEALTH/HELPCTR/OfflineCache/Professional_32#0409/000000c2.query.new
r/- * 0:	WINDOWS/PCHEALTH/HELPCTR/OfflineCache/Professional_32#0409/000000d6.query
r/r * 6787-128-5(realloc):	WINDOWS/PCHEALTH/HELPCTR/OfflineCache/Professional_32#0409/000000da.query.new
r/- * 0:	WINDOWS/PCHEALTH/HELPCTR/OfflineCache/Professional_32#0409/000000ee.query
r/r * 6805-128-5(realloc):	WINDOWS/PCHEALTH/HELPCTR/OfflineCache/Professional_32#0409/000000f1.query.new
r/r * 6820-128-1(realloc):	WINDOWS/PCHEALTH/HELPCTR/OfflineCache/Professional_32#0409/00000104.query.new
r/- * 0:	WINDOWS/PCHEALTH/HELPCTR/OfflineCache/Professional_32#0409/00000118.query
r/- * 0:	WINDOWS/PCHEALTH/HELPCTR/OfflineCache/Professional_32#0409/00000119.query.new
r/- * 0:	WINDOWS/PCHEALTH/HELPCTR/OfflineCache/Professional_32#0409/00000130.query
r/- * 0:	WINDOWS/PCHEALTH/HELPCTR/OfflineCache/Professional_32#0409/00000131.query.new
r/- * 0:	WINDOWS/PCHEALTH/HELPCTR/OfflineCache/Professional_32#0409/00000146.query
r/- * 0:	WINDOWS/PCHEALTH/HELPCTR/OfflineCache/Professional_32#0409/00000148.query.new
r/- * 0:	WINDOWS/PCHEALTH/HELPCTR/OfflineCache/Professional_32#0409/0000015e.query
r/- * 0:	WINDOWS/PCHEALTH/HELPCTR/OfflineCache/Professional_32#0409/0000015f.query.new
r/- * 0:	WINDOWS/PCHEALTH/HELPCTR/OfflineCache/Professional_32#0409/00000174.query
r/- * 0:	WINDOWS/PCHEALTH/HELPCTR/OfflineCache/Professional_32#0409/00000175.query.new
r/- * 0:	WINDOWS/PCHEALTH/HELPCTR/OfflineCache/Professional_32#0409/0000018b.query
r/r * 6932-128-1(realloc):	WINDOWS/PCHEALTH/HELPCTR/OfflineCache/Professional_32#0409/0000019c.query.new
r/- * 0:	WINDOWS/PCHEALTH/HELPCTR/OfflineCache/Professional_32#0409/000001a2.query
r/r * 6950-128-1(realloc):	WINDOWS/PCHEALTH/HELPCTR/OfflineCache/Professional_32#0409/000001b4.query.new
r/- * 0:	WINDOWS/PCHEALTH/HELPCTR/OfflineCache/Professional_32#0409/000001bb.query
r/r * 6968-128-1(realloc):	WINDOWS/PCHEALTH/HELPCTR/OfflineCache/Professional_32#0409/000001cc.query.new
r/- * 0:	WINDOWS/PCHEALTH/HELPCTR/OfflineCache/Professional_32#0409/000001d3.query
r/r * 6986-128-1(realloc):	WINDOWS/PCHEALTH/HELPCTR/OfflineCache/Professional_32#0409/000001e6.query.new
r/- * 0:	WINDOWS/PCHEALTH/HELPCTR/OfflineCache/Professional_32#0409/000001ec.query
r/r * 7004-128-1(realloc):	WINDOWS/PCHEALTH/HELPCTR/OfflineCache/Professional_32#0409/00000200.query.new
r/- * 0:	WINDOWS/PCHEALTH/HELPCTR/OfflineCache/Professional_32#0409/00000201.query
r/r * 7018-128-5(realloc):	WINDOWS/PCHEALTH/HELPCTR/OfflineCache/Professional_32#0409/00000211.query.new
r/- * 0:	WINDOWS/PCHEALTH/HELPCTR/OfflineCache/Professional_32#0409/00000218.query
r/r * 7036-128-5(realloc):	WINDOWS/PCHEALTH/HELPCTR/OfflineCache/Professional_32#0409/0000022a.query.new
r/- * 0:	WINDOWS/PCHEALTH/HELPCTR/OfflineCache/Professional_32#0409/00000230.query
r/r * 7054-128-5(realloc):	WINDOWS/PCHEALTH/HELPCTR/OfflineCache/Professional_32#0409/00000241.query.new
r/- * 0:	WINDOWS/PCHEALTH/HELPCTR/OfflineCache/Professional_32#0409/00000248.query
r/r * 7072-128-5(realloc):	WINDOWS/PCHEALTH/HELPCTR/OfflineCache/Professional_32#0409/00000259.query.new
r/- * 0:	WINDOWS/PCHEALTH/HELPCTR/OfflineCache/Professional_32#0409/00000260.query
r/r * 7090-128-5(realloc):	WINDOWS/PCHEALTH/HELPCTR/OfflineCache/Professional_32#0409/00000271.query.new
r/- * 0:	WINDOWS/PCHEALTH/HELPCTR/OfflineCache/Professional_32#0409/00000278.query
r/r * 7108-128-1(realloc):	WINDOWS/PCHEALTH/HELPCTR/OfflineCache/Professional_32#0409/00000288.query.new
r/- * 0:	WINDOWS/PCHEALTH/HELPCTR/PackageStore/SkuStore.bin
r/- * 0:	WINDOWS/PCHEALTH/HELPCTR/Vendors/CN=Microsoft Corporation,L=Redmond,S=Washington,C=US/Remote Assistance/Escalation/Common/logon_anim.gif
r/- * 0:	WINDOWS/regopt.log
r/- * 0:	WINDOWS/security/tmp.edb
r/- * 0:	WINDOWS/Cursors/appstart.ani
r/- * 0:	WINDOWS/Cursors/cross_il.cur
r/- * 0:	WINDOWS/inf/comnt5.PNF
r/- * 0:	WINDOWS/inf/mdmmcom.inf
r/- * 0:	WINDOWS/inf/Mdmnis2u.PNF
r/- * 0:	WINDOWS/inf/pcmcia.inf
r/- * 0:	WINDOWS/inf/scsi.inf
r/- * 0:	WINDOWS/inf/net8511.inf
r/- * 0:	WINDOWS/inf/netbrzw.inf
r/- * 0:	WINDOWS/inf/netdf650.PNF
r/- * 0:	WINDOWS/inf/xscan_xp.PNF
r/- * 0:	WINDOWS/inf/kdk2x0.PNF
r/- * 0:	WINDOWS/system32/~GLH0015.TMP
r/- * 0:	WINDOWS/system32/~GLH0016.TMP
r/- * 0:	WINDOWS/system32/udhisapi.dll
r/- * 0:	WINDOWS/system32/Com/mtsadmin.tlb
r/- * 0:	WINDOWS/system32/oobe/images/merlin.gif
r/- * 0:	WINDOWS/system32/oobe/setup/isp.htm
r/- * 0:	WINDOWS/system32/sethc.exe
r/- * 0:	WINDOWS/system32/ndptsp.tsp
r/- * 0:	WINDOWS/system32/csrss.exe
r/- * 0:	WINDOWS/system32/config/systemprofile/Local Settings/Temporary Internet Files/Content.IE5/HYU1BON0/WANIPConnection[1]
r/- * 0:	WINDOWS/system32/config/userdiff.LOG
r/- * 0:	WINDOWS/system32/DirectX/Dinput/ms26_07.png
r/- * 0:	WINDOWS/system32/DirectX/Dinput/ms34.png
r/- * 0:	WINDOWS/system32/DirectX/Dinput/msf1f_5.png
r/- * 0:	WINDOWS/system32/DirectX/Dinput/sv2512.png
r/- * 0:	WINDOWS/system32/dllcache/cimwin32.dll
r/r * 7808-128-1(realloc):	WINDOWS/system32/dllcache/cmdial32.dll.new
r/- * 0:	WINDOWS/system32/dllcache/kbda1.dll
r/- * 0:	WINDOWS/system32/dllcache/ndptsp.tsp
r/r * 8792-128-1(realloc):	WINDOWS/system32/dllcache/net.exe.new
r/- * 0:	WINDOWS/system32/dllcache/padrs404.dll
r/- * 0:	WINDOWS/system32/dllcache/msrd3x40.dll
r/r * 7574-128-1(realloc):	WINDOWS/system32/dllcache/mstext40.dll.new
r/- * 0:	WINDOWS/system32/dllcache/agentanm.dll
r/r * 7641-128-1(realloc):	WINDOWS/system32/dllcache/agentsvr.exe.new
r/- * 0:	WINDOWS/system32/dllcache/agt0410.dll
r/r * 7660-128-1(realloc):	WINDOWS/system32/dllcache/agt0419.dll.new
r/- * 0:	WINDOWS/system32/dllcache/apcups.dll
r/r * 7682-128-1(realloc):	WINDOWS/system32/dllcache/asferror.dll.new
r/- * 0:	WINDOWS/system32/dllcache/atkctrs.dll
r/- * 0:	WINDOWS/system32/dllcache/autodisc.dll
r/r * 7721-128-1(realloc):	WINDOWS/system32/dllcache/bckgzm.exe.new
r/r * 7743-128-1(realloc):	WINDOWS/system32/dllcache/calc.exe.new
r/- * 0:	WINDOWS/system32/dllcache/dsquery.dll
r/r * 7993-128-1(realloc):	WINDOWS/system32/dllcache/dsuiext.dll.new
r/- * 0:	WINDOWS/system32/dllcache/capesnpn.dll
r/r * 7765-128-1(realloc):	WINDOWS/system32/dllcache/cfgbkend.dll.new
r/- * 0:	WINDOWS/system32/dllcache/comres.dll
r/r * 7838-128-1(realloc):	WINDOWS/system32/dllcache/comuid.dll.new
r/- * 0:	WINDOWS/system32/dllcache/credui.dll
r/r * 7858-128-1(realloc):	WINDOWS/system32/dllcache/cscui.dll.new
r/r * 7879-128-1(realloc):	WINDOWS/system32/dllcache/daxctle.ocx.new
r/- * 0:	WINDOWS/system32/dllcache/dbghelp.dll
r/r * 7898-128-1(realloc):	WINDOWS/system32/dllcache/devmgr.dll.new
r/- * 0:	WINDOWS/system32/dllcache/dfrgres.dll
r/r * 7918-128-1(realloc):	WINDOWS/system32/dllcache/dinput.dll.new
r/- * 0:	WINDOWS/system32/dllcache/diskcopy.dll
r/r * 7937-128-1(realloc):	WINDOWS/system32/dllcache/dmintf.dll.new
r/- * 0:	WINDOWS/system32/dllcache/dmload.sys
r/r * 7956-128-1(realloc):	WINDOWS/system32/dllcache/dplay.dll.new
r/- * 0:	WINDOWS/system32/dllcache/edb500.dll
r/r * 8014-128-1(realloc):	WINDOWS/system32/dllcache/eqnclass.dll.new
r/- * 0:	WINDOWS/system32/dllcache/eventlog.dll
r/r * 8054-128-1(realloc):	WINDOWS/system32/dllcache/feclient.dll.new
r/- * 0:	WINDOWS/system32/dllcache/gprslt.exe
r/- * 0:	WINDOWS/system32/dllcache/gptext.dll.new
r/- * 0:	WINDOWS/system32/dllcache/hh.exe
r/- * 0:	WINDOWS/system32/dllcache/hhctrl.ocx.new
r/- * 0:	WINDOWS/system32/dllcache/icfgnt5.dll
r/r * 8188-128-1(realloc):	WINDOWS/system32/dllcache/icmp.dll.new
r/- * 0:	WINDOWS/system32/dllcache/ieakui.dll
r/r * 8209-128-1(realloc):	WINDOWS/system32/dllcache/ieinfo5.ocx.new
r/r * 8229-128-1(realloc):	WINDOWS/system32/dllcache/ils.dll.new
r/- * 0:	WINDOWS/system32/dllcache/imm32.dll
r/r * 8267-128-1(realloc):	WINDOWS/system32/dllcache/inetmib1.dll.new
r/r * 8286-128-1(realloc):	WINDOWS/system32/dllcache/ipnat.sys.new
r/- * 0:	WINDOWS/system32/dllcache/iprop.dll
r/r * 8305-128-1(realloc):	WINDOWS/system32/dllcache/ipxwan.dll.new
r/- * 0:	WINDOWS/system32/dllcache/kbdda.dll
r/- * 0:	WINDOWS/system32/dllcache/kbdhela2.dll
r/r * 8378-128-1(realloc):	WINDOWS/system32/dllcache/kbdhela3.dll.new
r/- * 0:	WINDOWS/system32/dllcache/kbdkyr.dll
r/- * 0:	WINDOWS/system32/dllcache/kbdro.dll
r/r * 8425-128-1(realloc):	WINDOWS/system32/dllcache/kbdru1.dll.new
r/- * 0:	WINDOWS/system32/dllcache/korwbrkr.dll
r/r * 8471-128-1(realloc):	WINDOWS/system32/dllcache/krnlprov.dll.new
r/- * 0:	WINDOWS/system32/dllcache/localspl.dll
r/r * 8490-128-1(realloc):	WINDOWS/system32/dllcache/log.dll.new
r/- * 0:	WINDOWS/system32/dllcache/lprmonui.dll
r/r * 8511-128-1(realloc):	WINDOWS/system32/dllcache/mag_hook.dll.new
r/- * 0:	WINDOWS/system32/dllcache/mcicda.dll
r/r * 8552-128-1(realloc):	WINDOWS/system32/dllcache/mimefilt.dll.new
r/- * 0:	WINDOWS/system32/dllcache/mll_qic.dll
r/r * 8572-128-1(realloc):	WINDOWS/system32/dllcache/mobsync.dll.new
r/- * 0:	WINDOWS/system32/dllcache/mofcomp.exe
r/r * 8591-128-1(realloc):	WINDOWS/system32/dllcache/mprmsg.dll.new
r/- * 0:	WINDOWS/system32/dllcache/mqac.sys
r/r * 8611-128-1(realloc):	WINDOWS/system32/dllcache/mqsnap.dll.new
r/- * 0:	WINDOWS/system32/dllcache/msoeres.dll
r/r * 8709-128-1(realloc):	WINDOWS/system32/dllcache/msorc32r.dll.new
r/- * 0:	WINDOWS/system32/dllcache/msrle32.dll
r/r * 8731-128-1(realloc):	WINDOWS/system32/dllcache/mst120.dll.new
r/r * 8751-128-7(realloc):	WINDOWS/system32/dllcache/msvidctl.dll.new
r/- * 0:	WINDOWS/system32/dllcache/netshell.dll
r/r * 8812-128-1(realloc):	WINDOWS/system32/dllcache/netui0.dll.new
r/- * 0:	WINDOWS/system32/dllcache/nmwb.dll
r/r * 8835-128-1(realloc):	WINDOWS/system32/dllcache/notiflag.exe.new
r/- * 0:	WINDOWS/system32/dllcache/ntdos412.sys
r/r * 8856-128-1(realloc):	WINDOWS/system32/dllcache/ntio412.sys.new
r/- * 0:	WINDOWS/system32/dllcache/ntmsmgr.dll
r/r * 8876-128-1(realloc):	WINDOWS/system32/dllcache/null.sys.new
r/- * 0:	WINDOWS/system32/dllcache/nwlnkipx.sys
r/r * 8896-128-1(realloc):	WINDOWS/system32/dllcache/odbc16gt.dll.new
r/- * 0:	WINDOWS/system32/dllcache/perfnw.dll
r/r * 8942-128-1(realloc):	WINDOWS/system32/dllcache/perfos.dll.new
r/- * 0:	WINDOWS/system32/dllcache/pmspl.dll
r/- * 0:	WINDOWS/system32/dllcache/profmap.dll
r/r * 8980-128-1(realloc):	WINDOWS/system32/dllcache/progman.exe.new
r/- * 0:	WINDOWS/system32/dllcache/qdvd.dll
r/r * 8999-128-1(realloc):	WINDOWS/system32/dllcache/qedit.dll.new
r/- * 0:	WINDOWS/system32/dllcache/rasautou.exe
r/r * 9018-128-1(realloc):	WINDOWS/system32/dllcache/raschap.dll.new
r/- * 0:	WINDOWS/system32/dllcache/rastls.dll
r/r * 9038-128-1(realloc):	WINDOWS/system32/dllcache/rcbdyctl.dll.new
r/- * 0:	WINDOWS/system32/dllcache/regedit.exe
r/r * 9057-128-1(realloc):	WINDOWS/system32/dllcache/regedt32.exe.new
r/- * 0:	WINDOWS/system32/dllcache/rmcast.sys
r/- * 0:	WINDOWS/system32/dllcache/rsmui.exe
r/r * 9097-128-1(realloc):	WINDOWS/system32/dllcache/rsvp.exe.new
r/- * 0:	WINDOWS/system32/dllcache/rw001ext.dll
r/r * 9116-128-1(realloc):	WINDOWS/system32/dllcache/rwinsta.exe.new
r/- * 0:	WINDOWS/system32/dllcache/scardsvr.exe
r/r * 9137-128-1(realloc):	WINDOWS/system32/dllcache/sclgntfy.dll.new
r/- * 0:	WINDOWS/system32/dllcache/sctasks.exe
r/r * 9156-128-1(realloc):	WINDOWS/system32/dllcache/senscfg.dll.new
r/r * 9177-128-7(realloc):	WINDOWS/system32/dllcache/shell32.dll.new
r/- * 0:	WINDOWS/system32/dllcache/shimgvw.dll
r/r * 9207-128-1(realloc):	WINDOWS/system32/dllcache/skdll.dll.new
r/- * 0:	WINDOWS/system32/dllcache/tcpsvcs.exe
r/r * 9347-128-1(realloc):	WINDOWS/system32/dllcache/tdc.ocx.new
r/r * 9265-128-1(realloc):	WINDOWS/system32/dllcache/sptip.dll.new
r/- * 0:	WINDOWS/system32/dllcache/srchctls.dll
r/r * 9284-128-1(realloc):	WINDOWS/system32/dllcache/ssdpsrv.dll.new
r/- * 0:	WINDOWS/system32/dllcache/sspifilt.dll
r/r * 9304-128-1(realloc):	WINDOWS/system32/dllcache/stobject.dll.new
r/- * 0:	WINDOWS/system32/dllcache/svcext51.dll
r/r * 9324-128-1(realloc):	WINDOWS/system32/dllcache/system.drv.new
r/- * 0:	WINDOWS/system32/dllcache/tintlphr.exe
r/r * 9367-128-1(realloc):	WINDOWS/system32/dllcache/tlntsess.exe.new
r/- * 0:	WINDOWS/system32/dllcache/trnsprov.dll
r/r * 9386-128-1(realloc):	WINDOWS/system32/dllcache/tscon.exe.new
r/- * 0:	WINDOWS/system32/dllcache/typeperf.exe
r/r * 9406-128-1(realloc):	WINDOWS/system32/dllcache/umdmxfrm.dll.new
r/- * 0:	WINDOWS/system32/dllcache/update.sys
r/r * 9425-128-1(realloc):	WINDOWS/system32/dllcache/usb8023.sys.new
r/- * 0:	WINDOWS/system32/dllcache/uxtheme.dll
r/r * 9445-128-1(realloc):	WINDOWS/system32/dllcache/vga.sys.new
r/- * 0:	WINDOWS/system32/dllcache/vjoy.dll
r/r * 9464-128-1(realloc):	WINDOWS/system32/dllcache/w32tm.exe.new
r/r * 9484-128-1(realloc):	WINDOWS/system32/dllcache/wbemads.dll.new
r/r * 9522-128-1(realloc):	WINDOWS/system32/dllcache/winfax.dll.new
r/- * 0:	WINDOWS/system32/dllcache/winhstb.exe
r/- * 9542:	WINDOWS/system32/dllcache/winspool.drv.new
r/- * 0:	WINDOWS/system32/dllcache/winsrv.dll
r/r * 9562-128-1(realloc):	WINDOWS/system32/dllcache/wmiadap.exe.new
r/- * 0:	WINDOWS/system32/dllcache/wmiapsrv.exe
r/r * 9581-128-1(realloc):	WINDOWS/system32/dllcache/wmipsess.dll.new
r/r * 9601-128-1(realloc):	WINDOWS/system32/dllcache/wmsdmoe.dll.new
r/- * 0:	WINDOWS/system32/dllcache/wmstream.dll
r/r * 9623-128-1(realloc):	WINDOWS/system32/dllcache/wsecedit.dll.new
r/- * 0:	WINDOWS/system32/dllcache/wshatm.dll
r/r * 9642-128-1(realloc):	WINDOWS/system32/dllcache/wuv3is.dll.new
r/- * 0:	WINDOWS/system32/drivers/irenum.sys
r/- * 0:	WINDOWS/system32/drivers/cdaudio.sys
r/- * 0:	WINDOWS/system32/kbdgr.dll
r/- * 0:	WINDOWS/system32/perfmon.msc
d/- * 0:	WINDOWS/system32/spool/drivers/w32x86/__SKIP_01B8
r/- * 0:	WINDOWS/system32/tftp.exe
r/- * 0:	WINDOWS/system32/wbem/Repository/FS/ROLL_FORWARD
-/r * 12302-128-4:	WINDOWS/system32/wbem/Repository/FS/OBJECTS.MAP
-/r * 12303-128-1:	WINDOWS/system32/wbem/Repository/FS/INDEX.MAP
-/r * 12304-128-1:	WINDOWS/system32/wbem/Repository/FS/ROLL_FORWARD
r/- * 0:	WINDOWS/system32/wbem/wmipicmp.mof
r/- * 0:	WINDOWS/system32/wbem/SET20D.tmp
r/- * 0:	WINDOWS/Temp/~DF992E.tmp
r/- * 0:	WINDOWS/Temp/~DF9936.tmp
r/- * 0:	WINDOWS/Temp/~DF99E3.tmp
r/- * 0:	WINDOWS/Temp/~DF99EB.tmp
r/- * 346:	WINDOWS/Temp/~DF99EB.tmp
r/- * 0:	WINDOWS/vb.ini
r/- * 0:	WINDOWS/Fonts/smallfg.fon
r/- * 0:	WINDOWS/~GLC0000.TMP
r/- * 0:	WINDOWS/~GLH0000.TMP
r/- * 0:	WINDOWS/~GLH0001.TMP
