/tmp/agentic-sift-evidence-mhmhnwjl/mnt/vol0/Documents and Settings
/tmp/agentic-sift-evidence-mhmhnwjl/mnt/vol0/Documents and Settings/All Users
/tmp/agentic-sift-evidence-mhmhnwjl/mnt/vol0/Documents and Settings/All Users/Application Data
/tmp/agentic-sift-evidence-mhmhnwjl/mnt/vol0/Documents and Settings/All Users/Desktop
/tmp/agentic-sift-evidence-mhmhnwjl/mnt/vol0/Documents and Settings/All Users/Documents
/tmp/agentic-sift-evidence-mhmhnwjl/mnt/vol0/Documents and Settings/All Users/DRM
/tmp/agentic-sift-evidence-mhmhnwjl/mnt/vol0/Documents and Settings/All Users/Favorites
/tmp/agentic-sift-evidence-mhmhnwjl/mnt/vol0/Documents and Settings/All Users/Start Menu
/tmp/agentic-sift-evidence-mhmhnwjl/mnt/vol0/Documents and Settings/All Users/Templates
/tmp/agentic-sift-evidence-mhmhnwjl/mnt/vol0/Documents and Settings/Default User
/tmp/agentic-sift-evidence-mhmhnwjl/mnt/vol0/Documents and Settings/Default User/Application Data
/tmp/agentic-sift-evidence-mhmhnwjl/mnt/vol0/Documents and Settings/Default User/Cookies
/tmp/agentic-sift-evidence-mhmhnwjl/mnt/vol0/Documents and Settings/Default User/Desktop
/tmp/agentic-sift-evidence-mhmhnwjl/mnt/vol0/Documents and Settings/Default User/Favorites
/tmp/agentic-sift-evidence-mhmhnwjl/mnt/vol0/Documents and Settings/Default User/Local Settings
/tmp/agentic-sift-evidence-mhmhnwjl/mnt/vol0/Documents and Settings/Default User/My Documents
/tmp/agentic-sift-evidence-mhmhnwjl/mnt/vol0/Documents and Settings/Default User/NetHood
/tmp/agentic-sift-evidence-mhmhnwjl/mnt/vol0/Documents and Settings/Default User/PrintHood
/tmp/agentic-sift-evidence-mhmhnwjl/mnt/vol0/Documents and Settings/Default User/Recent
/tmp/agentic-sift-evidence-mhmhnwjl/mnt/vol0/Documents and Settings/Default User/SendTo
/tmp/agentic-sift-evidence-mhmhnwjl/mnt/vol0/Documents and Settings/Default User/Start Menu
/tmp/agentic-sift-evidence-mhmhnwjl/mnt/vol0/Documents and Settings/Default User/Templates
/tmp/agentic-sift-evidence-mhmhnwjl/mnt/vol0/Documents and Settings/LocalService
/tmp/agentic-sift-evidence-mhmhnwjl/mnt/vol0/Documents and Settings/LocalService/Application Data
/tmp/agentic-sift-evidence-mhmhnwjl/mnt/vol0/Documents and Settings/LocalService/Cookies
/tmp/agentic-sift-evidence-mhmhnwjl/mnt/vol0/Documents and Settings/LocalService/Local Settings
/tmp/agentic-sift-evidence-mhmhnwjl/mnt/vol0/Documents and Settings/Mr. Evil
/tmp/agentic-sift-evidence-mhmhnwjl/mnt/vol0/Documents and Settings/Mr. Evil/Application Data
/tmp/agentic-sift-evidence-mhmhnwjl/mnt/vol0/Documents and Settings/Mr. Evil/Cookies
/tmp/agentic-sift-evidence-mhmhnwjl/mnt/vol0/Documents and Settings/Mr. Evil/Desktop
/tmp/agentic-sift-evidence-mhmhnwjl/mnt/vol0/Documents and Settings/Mr. Evil/Favorites
/tmp/agentic-sift-evidence-mhmhnwjl/mnt/vol0/Documents and Settings/Mr. Evil/Local Settings
/tmp/agentic-sift-evidence-mhmhnwjl/mnt/vol0/Documents and Settings/Mr. Evil/My Documents
/tmp/agentic-sift-evidence-mhmhnwjl/mnt/vol0/Documents and Settings/Mr. Evil/NetHood
/tmp/agentic-sift-evidence-mhmhnwjl/mnt/vol0/Documents and Settings/Mr. Evil/PrintHood
/tmp/agentic-sift-evidence-mhmhnwjl/mnt/vol0/Documents and Settings/Mr. Evil/Recent
/tmp/agentic-sift-evidence-mhmhnwjl/mnt/vol0/Documents and Settings/Mr. Evil/SendTo
/tmp/agentic-sift-evidence-mhmhnwjl/mnt/vol0/Documents and Settings/Mr. Evil/Start Menu
/tmp/agentic-sift-evidence-mhmhnwjl/mnt/vol0/Documents and Settings/Mr. Evil/Templates
/tmp/agentic-sift-evidence-mhmhnwjl/mnt/vol0/Documents and Settings/NetworkService
/tmp/agentic-sift-evidence-mhmhnwjl/mnt/vol0/Documents and Settings/NetworkService/Application Data
/tmp/agentic-sift-evidence-mhmhnwjl/mnt/vol0/Documents and Settings/NetworkService/Cookies
/tmp/agentic-sift-evidence-mhmhnwjl/mnt/vol0/Documents and Settings/NetworkService/Local Settings
