/tmp/agentic-sift-evidence-mhmhnwjl/mnt/vol0/Program Files/mIRC/aliases.ini
/tmp/agentic-sift-evidence-mhmhnwjl/mnt/vol0/Program Files/mIRC/channels/channels.txt
/tmp/agentic-sift-evidence-mhmhnwjl/mnt/vol0/Program Files/mIRC/ircintro.hlp
/tmp/agentic-sift-evidence-mhmhnwjl/mnt/vol0/Program Files/mIRC/logs/#Chataholics.UnderNet.log
/tmp/agentic-sift-evidence-mhmhnwjl/mnt/vol0/Program Files/mIRC/logs/#CyberCafe.UnderNet.log
/tmp/agentic-sift-evidence-mhmhnwjl/mnt/vol0/Program Files/mIRC/logs/#Elite.Hackers.UnderNet.log
/tmp/agentic-sift-evidence-mhmhnwjl/mnt/vol0/Program Files/mIRC/logs/#evilfork.EFnet.log
/tmp/agentic-sift-evidence-mhmhnwjl/mnt/vol0/Program Files/mIRC/logs/#funny.UnderNet.log
/tmp/agentic-sift-evidence-mhmhnwjl/mnt/vol0/Program Files/mIRC/logs/#houston.UnderNet.log
/tmp/agentic-sift-evidence-mhmhnwjl/mnt/vol0/Program Files/mIRC/logs/#ISO-WAREZ.EFnet.log
/tmp/agentic-sift-evidence-mhmhnwjl/mnt/vol0/Program Files/mIRC/logs/#LuxShell.UnderNet.log
/tmp/agentic-sift-evidence-mhmhnwjl/mnt/vol0/Program Files/mIRC/logs/#mp3xserv.UnderNet.log
/tmp/agentic-sift-evidence-mhmhnwjl/mnt/vol0/Program Files/mIRC/logs/#thedarktower.AfterNET.log
/tmp/agentic-sift-evidence-mhmhnwjl/mnt/vol0/Program Files/mIRC/logs/#ushells.UnderNet.log
/tmp/agentic-sift-evidence-mhmhnwjl/mnt/vol0/Program Files/mIRC/logs/m5tar.UnderNet.log
/tmp/agentic-sift-evidence-mhmhnwjl/mnt/vol0/Program Files/mIRC/mirc.exe
/tmp/agentic-sift-evidence-mhmhnwjl/mnt/vol0/Program Files/mIRC/mirc.hlp
/tmp/agentic-sift-evidence-mhmhnwjl/mnt/vol0/Program Files/mIRC/mirc.ini
/tmp/agentic-sift-evidence-mhmhnwjl/mnt/vol0/Program Files/mIRC/popups.ini
/tmp/agentic-sift-evidence-mhmhnwjl/mnt/vol0/Program Files/mIRC/readme.txt
/tmp/agentic-sift-evidence-mhmhnwjl/mnt/vol0/Program Files/mIRC/servers.ini
/tmp/agentic-sift-evidence-mhmhnwjl/mnt/vol0/Program Files/mIRC/urls.ini
/tmp/agentic-sift-evidence-mhmhnwjl/mnt/vol0/Program Files/mIRC/versions.txt
