MFT Entry Header Values:
Entry: 119        Sequence: 119
$LogFile Sequence Number: 19105246
Allocated File
Links: 1

$STANDARD_INFORMATION Attribute Values:
Flags: Hidden, System
Owner ID: 0
Security ID: 0  ()
Version 6370040 of 468224
Created:	2004-08-19 15:39:26.000000000 (UTC)
File Modified:	2004-08-19 15:39:26.000000000 (UTC)
MFT Modified:	2004-08-19 22:40:19.648334400 (UTC)
Accessed:	2004-08-19 00:00:00.000000000 (UTC)

$FILE_NAME Attribute Values:
Flags: Hidden, Archive
Name: BOOTLOG.TXT
Parent MFT Entry: 5 	Sequence: 5
Allocated Size: 41984   	Actual Size: 41727
Created:	2004-08-19 15:39:26.000000000 (UTC)
File Modified:	2004-08-19 15:39:26.000000000 (UTC)
MFT Modified:	2004-08-19 15:39:26.000000000 (UTC)
Accessed:	2004-08-19 00:00:00.000000000 (UTC)

Attributes: 
Type: $STANDARD_INFORMATION (16-0)   Name: N/A   Resident   size: 48
Type: $FILE_NAME (48-1)   Name: N/A   Resident   size: 88
Type: $SECURITY_DESCRIPTOR (80-2)   Name: N/A   Resident   size: 128
Type: $DATA (128-3)   Name: N/A   Non-Resident   size: 41727  init_size: 41727
289014 289015 289016 289017 289018 289019 289020 289021 
289022 289023 289024 289025 289026 289027 289028 289029 
289030 289031 289032 289033 289034 289035 289036 289037 
289038 289039 289040 289041 289042 289043 289044 289045 
289046 289047 289048 289049 289050 289051 289052 289053 
289054 289055 289056 289057 289058 289059 289060 289061 
289062 289063 289064 289065 289066 289067 289068 289069 
289070 289071 289072 289073 289074 289075 289076 289077 
289078 289079 289080 289081 289082 289083 289084 289085 
289086 289087 289088 289089 289090 289091 289092 289093 
289422 289423 
