d /tmp/agentic-sift-evidence-mhmhnwjl/mnt/vol0/WINDOWS/system32/config
f /tmp/agentic-sift-evidence-mhmhnwjl/mnt/vol0/WINDOWS/system32/config/AppEvent.Evt
f /tmp/agentic-sift-evidence-mhmhnwjl/mnt/vol0/WINDOWS/system32/config/default
f /tmp/agentic-sift-evidence-mhmhnwjl/mnt/vol0/WINDOWS/system32/config/default.LOG
f /tmp/agentic-sift-evidence-mhmhnwjl/mnt/vol0/WINDOWS/system32/config/default.sav
f /tmp/agentic-sift-evidence-mhmhnwjl/mnt/vol0/WINDOWS/system32/config/SAM
f /tmp/agentic-sift-evidence-mhmhnwjl/mnt/vol0/WINDOWS/system32/config/SAM.LOG
f /tmp/agentic-sift-evidence-mhmhnwjl/mnt/vol0/WINDOWS/system32/config/SecEvent.Evt
f /tmp/agentic-sift-evidence-mhmhnwjl/mnt/vol0/WINDOWS/system32/config/SECURITY
f /tmp/agentic-sift-evidence-mhmhnwjl/mnt/vol0/WINDOWS/system32/config/SECURITY.LOG
f /tmp/agentic-sift-evidence-mhmhnwjl/mnt/vol0/WINDOWS/system32/config/software
f /tmp/agentic-sift-evidence-mhmhnwjl/mnt/vol0/WINDOWS/system32/config/software.LOG
f /tmp/agentic-sift-evidence-mhmhnwjl/mnt/vol0/WINDOWS/system32/config/software.sav
f /tmp/agentic-sift-evidence-mhmhnwjl/mnt/vol0/WINDOWS/system32/config/SysEvent.Evt
f /tmp/agentic-sift-evidence-mhmhnwjl/mnt/vol0/WINDOWS/system32/config/system
f /tmp/agentic-sift-evidence-mhmhnwjl/mnt/vol0/WINDOWS/system32/config/system.LOG
f /tmp/agentic-sift-evidence-mhmhnwjl/mnt/vol0/WINDOWS/system32/config/system.sav
d /tmp/agentic-sift-evidence-mhmhnwjl/mnt/vol0/WINDOWS/system32/config/systemprofile
f /tmp/agentic-sift-evidence-mhmhnwjl/mnt/vol0/WINDOWS/system32/config/TempKey.LOG
f /tmp/agentic-sift-evidence-mhmhnwjl/mnt/vol0/WINDOWS/system32/config/userdiff
f /tmp/agentic-sift-evidence-mhmhnwjl/mnt/vol0/WINDOWS/system32/config/userdiff.LOG
