/tmp/agentic-sift-evidence-mhmhnwjl/mnt/vol0/Documents and Settings/All Users/Application Data/Microsoft/User Account Pictures/Mr. Evil.bmp
/tmp/agentic-sift-evidence-mhmhnwjl/mnt/vol0/Documents and Settings/Mr. Evil
/tmp/agentic-sift-evidence-mhmhnwjl/mnt/vol0/Documents and Settings/Mr. Evil/Application Data/Microsoft/Address Book/Mr_ Evil.wab
/tmp/agentic-sift-evidence-mhmhnwjl/mnt/vol0/Documents and Settings/Mr. Evil/Cookies/mr. evil@www.drudgereport[1].txt
/tmp/agentic-sift-evidence-mhmhnwjl/mnt/vol0/Documents and Settings/Mr. Evil/Cookies/mr. evil@advertising[2].txt
/tmp/agentic-sift-evidence-mhmhnwjl/mnt/vol0/Documents and Settings/Mr. Evil/Cookies/mr. evil@atdmt[2].txt
/tmp/agentic-sift-evidence-mhmhnwjl/mnt/vol0/Documents and Settings/Mr. Evil/Cookies/mr. evil@atwola[2].txt
/tmp/agentic-sift-evidence-mhmhnwjl/mnt/vol0/Documents and Settings/Mr. Evil/Cookies/mr. evil@centrport[1].txt
/tmp/agentic-sift-evidence-mhmhnwjl/mnt/vol0/Documents and Settings/Mr. Evil/Cookies/mr. evil@cnn[1].txt
/tmp/agentic-sift-evidence-mhmhnwjl/mnt/vol0/Documents and Settings/Mr. Evil/Cookies/mr. evil@doubleclick[1].txt
/tmp/agentic-sift-evidence-mhmhnwjl/mnt/vol0/Documents and Settings/Mr. Evil/Cookies/mr. evil@fastclick[1].txt
/tmp/agentic-sift-evidence-mhmhnwjl/mnt/vol0/Documents and Settings/Mr. Evil/Cookies/mr. evil@google[1].txt
/tmp/agentic-sift-evidence-mhmhnwjl/mnt/vol0/Documents and Settings/Mr. Evil/Cookies/mr. evil@list[1].txt
/tmp/agentic-sift-evidence-mhmhnwjl/mnt/vol0/Documents and Settings/Mr. Evil/Cookies/mr. evil@maktoob[1].txt
/tmp/agentic-sift-evidence-mhmhnwjl/mnt/vol0/Documents and Settings/Mr. Evil/Cookies/mr. evil@microsoft[1].txt
/tmp/agentic-sift-evidence-mhmhnwjl/mnt/vol0/Documents and Settings/Mr. Evil/Cookies/mr. evil@msn[2].txt
/tmp/agentic-sift-evidence-mhmhnwjl/mnt/vol0/Documents and Settings/Mr. Evil/Cookies/mr. evil@revenue[2].txt
/tmp/agentic-sift-evidence-mhmhnwjl/mnt/vol0/Documents and Settings/Mr. Evil/Cookies/mr. evil@search.msn[1].txt
/tmp/agentic-sift-evidence-mhmhnwjl/mnt/vol0/Documents and Settings/Mr. Evil/Cookies/mr. evil@servedby.advertising[2].txt
/tmp/agentic-sift-evidence-mhmhnwjl/mnt/vol0/Documents and Settings/Mr. Evil/Cookies/mr. evil@sj9[1].txt
/tmp/agentic-sift-evidence-mhmhnwjl/mnt/vol0/Documents and Settings/Mr. Evil/Cookies/mr. evil@tribalfusion[1].txt
/tmp/agentic-sift-evidence-mhmhnwjl/mnt/vol0/Documents and Settings/Mr. Evil/Cookies/mr. evil@www.cnn[1].txt
/tmp/agentic-sift-evidence-mhmhnwjl/mnt/vol0/Documents and Settings/Mr. Evil/Cookies/mr. evil@www.maktoob[2].txt
/tmp/agentic-sift-evidence-mhmhnwjl/mnt/vol0/Documents and Settings/Mr. Evil/Cookies/mr. evil@www.netstumbler[2].txt
/tmp/agentic-sift-evidence-mhmhnwjl/mnt/vol0/Documents and Settings/Mr. Evil/Cookies/mr. evil@yahoo[1].txt
/tmp/agentic-sift-evidence-mhmhnwjl/mnt/vol0/Documents and Settings/Mr. Evil/Cookies/mr[1].txt
/tmp/agentic-sift-evidence-mhmhnwjl/mnt/vol0/Documents and Settings/Mr. Evil/Cookies/mr[2].txt
