00000002
alt.2600.cardz
((MSGCOL_FLAGS & ARF_WATCH) != 0 || (MSGCOL_FLAGS & ARF_IGNORE) != 0)
Help Please
<40dc8d25.5776836@news.monroeaccess.net>
Help Please
lucky@aol.com
newsmst01a.news.prodigy.com alt.2600.cardz:35568
lucky@aol.com
lucky@aol.com
news.dallas.sbcglobal.net
00000002
Help Please
<40dc8d25.5776836@news.monroeaccess.net>
Help Please
lucky@aol.com
newsmst01a.news.prodigy.com alt.2600.cardz:35568
lucky@aol.com
lucky@aol.com
news.dallas.sbcglobal.net
00000002
Ideas for drops?
<lYADc.1631$Ax1.43330@news20.bellglobal.com>
Ideas for drops?
"DJ Spanky" <spankme@aol.com>
newsmst01a.news.prodigy.com alt.2600.cardz:35570
DJ Spanky
spankme@aol.com
news.dallas.sbcglobal.net
00000002
Ideas for drops?
<lYADc.1631$Ax1.43330@news20.bellglobal.com>
Ideas for drops?
"DJ Spanky" <spankme@aol.com>
newsmst01a.news.prodigy.com alt.2600.cardz:35570
DJ Spanky
spankme@aol.com
news.dallas.sbcglobal.net
00000002
FREEBIE for the vultures
<sylEc.169899$207.1007814@news20.bellglobal.com>
FREEBIE for the vultures
"DJ Spanky" <spankme@aol.com>
newsmst01a.news.prodigy.com alt.2600.cardz:35571
DJ Spanky
spankme@aol.com
news.dallas.sbcglobal.net
00000002
Hundreds of easy cards.
<78994229.0408041158.2a8ea15@posting.google.com>
Hundreds of easy cards.
dr_fleks@yahoo.com (Dr.Flex)
newsmst01a.news.prodigy.com alt.2600.cardz:35647
Dr.Flex
dr_fleks@yahoo.com
news.dallas.sbcglobal.net
00000002
verify your CC easily
<398d7ad6.0406300902.62c13837@posting.google.com>
Re: verify your CC easily
mrflym@hotmail.com (mrflym)
<398d7ad6.0405162029.7a4c7f31@posting.google.com> <398d7ad6.0405270357.46e15114@posting.google.com> <398d7ad6.0406091347.5da7ec2d@posting.google.com>
newsmst01a.news.prodigy.com alt.2600.cardz:35572
mrflym
mrflym@hotmail.com
news.dallas.sbcglobal.net
00000002
free card, FULL info, working now! snatch it quick!
<e8f3f107.0408191248.1693e18f@posting.google.com>
Re: free card, FULL info, working now! snatch it quick!
regalyke@yahoo.com (Regal)
<a31a7b4f.0407250734.20e967@posting.google.com> <W7SUc.57$F7.31@news-server.bigpond.net.au>
newsmst01a.news.prodigy.com alt.2600.cardz:35682
Regal
regalyke@yahoo.com
news.dallas.sbcglobal.net
00000002
New way to get Credit Cards!
<QKREc.73710$sj4.16525@news-server.bigpond.net.au>
Re: New way to get Credit Cards!
"All Strata" <allstrata@allstrataservices.com.au>
<4063e4ed$0$3958$afc38c87@news.optusnet.com.au>
newsmst01a.news.prodigy.com alt.2600.cardz:35573
All Strata
allstrata@allstrataservices.com.au
news.dallas.sbcglobal.net
00000002
DA	|r
free card, FULL info, working now! snatch it quick!
<20040725151733.23098.00002392@mb-m07.aol.com>
Re: free card, FULL info, working now! snatch it quick!
idscanz@aol.com (id  scanz)
<a31a7b4f.0407250734.20e967@posting.google.com>
newsmst01a.news.prodigy.com alt.2600.cardz:35616
id  scanz
idscanz@aol.com
DA	|r
news.dallas.sbcglobal.net
00000002
Min info
<3Ooq1Xwh9I5i1SSXsbtz@my-mail.cc>
Min info
ruthiec138@my-mail.cc
newsmst01a.news.prodigy.com alt.2600.cardz:35574
ruthiec138@my-mail.cc
ruthiec138@my-mail.cc
news.dallas.sbcglobal.net
00000002
ccpowah
<20040723072643.15298.00000209@mb-m04.aol.com>
ccpowah
idscanz@aol.com (id  scanz)
newsmst01a.news.prodigy.com alt.2600.cardz:35608
id  scanz
idscanz@aol.com
news.dallas.sbcglobal.net
00000002
ANGLICAN COMMUNION CHOCK-FULL O' SODOMITES
<e418739b.0407010543.731afe46@posting.google.com>
ANGLICAN COMMUNION CHOCK-FULL O' SODOMITES
bsni7f902@sneakemail.com (Colonel Edmund J. Burke)
newsmst01a.news.prodigy.com alt.2600.cardz:35575
Colonel Edmund J. Burke
bsni7f902@sneakemail.com
news.dallas.sbcglobal.net
00000002
cading partner from canada needed
<1e39f62f.0407200943.36908b8c@posting.google.com>
Re: cading partner from canada needed
redbel@hotmail.com (rad-montreal)
<1e39f62f.0407191049.2679942a@posting.google.com>
newsmst01a.news.prodigy.com alt.2600.cardz:35603
rad-montreal
redbel@hotmail.com
news.dallas.sbcglobal.net
00000002
Start your own business
<8e5660a.0407020504.18afe761@posting.google.com>
Start your own business
weaverdor11@yahoo.com (Dorinda Weaver)
newsmst01a.news.prodigy.com alt.2600.cardz:35576
Dorinda Weaver
weaverdor11@yahoo.com
news.dallas.sbcglobal.net
00000002
CVVS
<20040810221758.28913.00001018@mb-m26.aol.com>
Re: CVVS
com2die@aol.com (com   2   die)
<35884d4d.0408090935.70e8821f@posting.google.com>
newsmst01a.news.prodigy.com alt.2600.cardz:35658
com   2   die
com2die@aol.com
news.dallas.sbcglobal.net
00000002
Ideas for drops?
<bf9196c7.0407021803.3abb5d92@posting.google.com>
Re: Ideas for drops?
robotjunkie39@yahoo.com (robot junkie)
<lYADc.1631$Ax1.43330@news20.bellglobal.com>
newsmst01a.news.prodigy.com alt.2600.cardz:35577
robot junkie
robotjunkie39@yahoo.com
news.dallas.sbcglobal.net
00000002
More CVVs from Zee
<752d832d.0408132155.569c157a@posting.google.com>
Re: More CVVs from Zee
lc20@rediffmail.com (lone crusader)
<35884d4d.0408130350.47b79600@posting.google.com>
newsmst01a.news.prodigy.com alt.2600.cardz:35669
lone crusader
lc20@rediffmail.com
news.dallas.sbcglobal.net
00000002
verify your CC easily
<AMVFc.34506$GQ3.893911@twister2.libero.it>
Re: verify your CC easily
"_HyLLuS_" <users@shqiperiaonline.com>
<398d7ad6.0405162029.7a4c7f31@posting.google.com> <398d7ad6.0405270357.46e15114@posting.google.com> <398d7ad6.0406091347.5da7ec2d@posting.google.com> <398d7ad6.0406300902.62c13837@posting.google.com>
newsmst01a.news.prodigy.com alt.2600.cardz:35578
_HyLLuS_
users@shqiperiaonline.com
news.dallas.sbcglobal.net
00000002
verify your CC easily
<AMVFc.34506$GQ3.893911@twister2.libero.it>
Re: verify your CC easily
"_HyLLuS_" <users@shqiperiaonline.com>
<398d7ad6.0405162029.7a4c7f31@posting.google.com> <398d7ad6.0405270357.46e15114@posting.google.com> <398d7ad6.0406091347.5da7ec2d@posting.google.com> <398d7ad6.0406300902.62c13837@posting.google.com>
newsmst01a.news.prodigy.com alt.2600.cardz:35578
_HyLLuS_
users@shqiperiaonline.com
news.dallas.sbcglobal.net
00000002
cvv?
<20040704213724.04264.00000984@mb-m15.aol.com>
cvv?
dreckschloider@aol.com (dreckschloider)
newsmst01a.news.prodigy.com alt.2600.cardz:35579
dreckschloider
dreckschloider@aol.com
news.dallas.sbcglobal.net
00000002
ICVerify
<WlgLc.1168182$ef4.136928@news.easynews.com>
ICVerify
"Amisima" <dh7777@counter-strike.org>
newsmst01a.news.prodigy.com alt.2600.cardz:35604
Amisima
dh7777@counter-strike.org
news.dallas.sbcglobal.net
00000002
rxlb
It's all here!
<66969646.0407050045.50dc555c@posting.google.com>
It's all here!
holmescolin@hotmail.com (Guru)
newsmst01a.news.prodigy.com alt.2600.cardz:35580 alt.2600.codez:91298 alt.2600.crackz:483645
Guru
holmescolin@hotmail.com
rxlb
news.dallas.sbcglobal.net
00000002
Magnetic Stripe Encoding Problem
<9284584e.0407141234.57342895@posting.google.com>
Magnetic Stripe Encoding Problem
yabapmatt@gmail.com (CardMaster19)
newsmst01a.news.prodigy.com alt.2600.cardz:35591
CardMaster19
yabapmatt@gmail.com
news.dallas.sbcglobal.net
00000002
Some womans social security and address and birthdate
<i6ioe0lvevr8u581srtcd9b2kq4dn9vdm6@4ax.com>
Some womans social security and address and birthdate
doc@doc
newsmst01a.news.prodigy.com alt.2600.cardz:35581
doc@doc
doc@doc
news.dallas.sbcglobal.net
00000002
Some womans social security and address and birthdate
<i6ioe0lvevr8u581srtcd9b2kq4dn9vdm6@4ax.com>
Some womans social security and address and birthdate
doc@doc
newsmst01a.news.prodigy.com alt.2600.cardz:35581
doc@doc
doc@doc
news.dallas.sbcglobal.net
00000002
ebay accts available
<bf9196c7.0407091502.45485569@posting.google.com>
ebay accts available
robotjunkie39@yahoo.com (robot junkie)
newsmst01a.news.prodigy.com alt.2600.cardz:35582
robot junkie
robotjunkie39@yahoo.com
news.dallas.sbcglobal.net
00000002
ebay accts available
<bf9196c7.0407091502.45485569@posting.google.com>
ebay accts available
robotjunkie39@yahoo.com (robot junkie)
newsmst01a.news.prodigy.com alt.2600.cardz:35582
robot junkie
robotjunkie39@yahoo.com
news.dallas.sbcglobal.net
00000002
ebay accts available
<20040710161055.12238.00001659@mb-m01.aol.com>
Re: ebay accts available
idscanz@aol.com (id scanz)
<bf9196c7.0407091502.45485569@posting.google.com>
newsmst01a.news.prodigy.com alt.2600.cardz:35583
id scanz
idscanz@aol.com
news.dallas.sbcglobal.net
00000002
ebay accts available
<20040710161055.12238.00001659@mb-m01.aol.com>
Re: ebay accts available
idscanz@aol.com (id scanz)
<bf9196c7.0407091502.45485569@posting.google.com>
newsmst01a.news.prodigy.com alt.2600.cardz:35583
id scanz
idscanz@aol.com
news.dallas.sbcglobal.net
00000002
CC's with CVV2 4 Sale
<838c2c62.0407101357.808364c@posting.google.com>
CC's with CVV2 4 Sale
krawling@tranceaddict.net (PsYcHo)
newsmst01a.news.prodigy.com alt.2600.cardz:35584
PsYcHo
krawling@tranceaddict.net
news.dallas.sbcglobal.net
00000002
Free non ratio ftp's
<6c22c523.0407120502.5d18bf7f@posting.google.com>
Free non ratio ftp's
who_cares162@hotmail.com (just_me)
newsmst01a.news.prodigy.com alt.2600.cardz:35590
just_me
who_cares162@hotmail.com
news.dallas.sbcglobal.net
00000002
CC's with CVV2 4 Sale
<20040710210533.12238.00001668@mb-m01.aol.com>
Re: CC's with CVV2 4 Sale
idscanz@aol.com (id scanz)
<838c2c62.0407101357.808364c@posting.google.com>
newsmst01a.news.prodigy.com alt.2600.cardz:35585
id scanz
idscanz@aol.com
news.dallas.sbcglobal.net
00000002
ebay accts available
<20040711030158.12124.00001522@mb-m01.aol.com>
Re: ebay accts available
idscanz@aol.com (id scanz)
<bf9196c7.0407101953.4e150177@posting.google.com>
newsmst01a.news.prodigy.com alt.2600.cardz:35587
id scanz
idscanz@aol.com
news.dallas.sbcglobal.net
00000002
ebay accts available
<bf9196c7.0407101953.4e150177@posting.google.com>
Re: ebay accts available
robotjunkie39@yahoo.com (robot junkie)
<bf9196c7.0407091502.45485569@posting.google.com> <20040710161055.12238.00001659@mb-m01.aol.com>
newsmst01a.news.prodigy.com alt.2600.cardz:35586
robot junkie
robotjunkie39@yahoo.com
news.dallas.sbcglobal.net
00000002
ebay accts available
<bf9196c7.0407101953.4e150177@posting.google.com>
Re: ebay accts available
robotjunkie39@yahoo.com (robot junkie)
<bf9196c7.0407091502.45485569@posting.google.com> <20040710161055.12238.00001659@mb-m01.aol.com>
newsmst01a.news.prodigy.com alt.2600.cardz:35586
robot junkie
robotjunkie39@yahoo.com
news.dallas.sbcglobal.net
00000002
CC's with CVV2 4 Sale
<838c2c62.0407110249.6936de8d@posting.google.com>
Re: CC's with CVV2 4 Sale
krawling@tranceaddict.net (PsYcHo)
<838c2c62.0407101357.808364c@posting.google.com> <20040710210533.12238.00001668@mb-m01.aol.com>
newsmst01a.news.prodigy.com alt.2600.cardz:35588
PsYcHo
krawling@tranceaddict.net
news.dallas.sbcglobal.net
00000002
CC's with CVV2 4 Sale
<838c2c62.0407110249.6936de8d@posting.google.com>
Re: CC's with CVV2 4 Sale
krawling@tranceaddict.net (PsYcHo)
<838c2c62.0407101357.808364c@posting.google.com> <20040710210533.12238.00001668@mb-m01.aol.com>
newsmst01a.news.prodigy.com alt.2600.cardz:35588
PsYcHo
krawling@tranceaddict.net
news.dallas.sbcglobal.net
00000002
CC's with CVV2 4 Sale
<20040711191652.12238.00001703@mb-m01.aol.com>
Re: CC's with CVV2 4 Sale
idscanz@aol.com (id scanz)
<838c2c62.0407110249.6936de8d@posting.google.com>
newsmst01a.news.prodigy.com alt.2600.cardz:35589
id scanz
idscanz@aol.com
news.dallas.sbcglobal.net
00000002
More CVVs from Zee
<b5963dae.0408140325.6338086c@posting.google.com>
Re: More CVVs from Zee
igorv@medianis.net (fingaup)
<35884d4d.0408130350.47b79600@posting.google.com>
newsmst01a.news.prodigy.com alt.2600.cardz:35670
fingaup
igorv@medianis.net
news.dallas.sbcglobal.net
00000002
merchant number
<y%%Nc.1387$Jp6.1244@newsread3.news.atl.earthlink.net>
merchant number
"John Cronin" <gatekeeper@pipeline.com>
newsmst01a.news.prodigy.com alt.2600.cardz:35631
John Cronin
gatekeeper@pipeline.com
news.dallas.sbcglobal.net
00000002
Magnetic Stripe Encoding Problem
<9284584e.0407141234.57342895@posting.google.com>
Magnetic Stripe Encoding Problem
yabapmatt@gmail.com (CardMaster19)
newsmst01a.news.prodigy.com alt.2600.cardz:35591
CardMaster19
yabapmatt@gmail.com
news.dallas.sbcglobal.net
00000002
My Silicon Titties  9668
<8pc9dc.qsd1.ln@news.altec.pl>
My Silicon Titties  9668
sarah@gmail.com
newsmst01a.news.prodigy.com alt.2600.414:13343 alt.2600.anti-archangel:1405 alt.2600.AOL:6601 alt.2600.archangel:10659 alt.2600.cardz:35595 alt.2600.codez:91324 alt.2600.crackz:483817
sarah@gmail.com
sarah@gmail.com
news.dallas.sbcglobal.net
00000002
Magnetic Stripe Encoding Problem
<1e39f62f.0407181026.2d7ef360@posting.google.com>
Re: Magnetic Stripe Encoding Problem
redbel@hotmail.com (rad-montreal)
<9284584e.0407141234.57342895@posting.google.com> <cd6pot$fav$1@inews.gazeta.pl>
newsmst01a.news.prodigy.com alt.2600.cardz:35600
rad-montreal
redbel@hotmail.com
news.dallas.sbcglobal.net
00000002
QUESTIONS ANSWERED
<cdc04h$dd7$3@news5.tilbu1.nb.home.nl>
Re: QUESTIONS ANSWERED
den <""user <dadano\"@hotmail.com>
<P6DEc.73281$2o2.4974000@twister.southeast.rr.com>
newsmst01a.news.prodigy.com alt.2600.anti-archangel:1406 alt.2600.archangel:10661 alt.2600.cardz:35596 alt.2600.codez:91325 alt.2600.crackz:483826
""user <dadano\"@hotmail.com
news.dallas.sbcglobal.net
00000002
Osama Found Hanged
<cdornn$e45$1@reader08.wxs.nl>
Re: Osama Found Hanged
Hans van Eynsbergen <Hans@NOSPAMhvane.cotse.net>
<J1QLc.88126$ek5.47643@pd7tw2no>
newsmst01a.news.prodigy.com alt.2600:912632 alt.2600.414:13345 alt.2600.QnA:5690 alt.2600.aol:6488 alt.2600.archangel:10664 alt.2600.cardz:35606
Hans van Eynsbergen
Hans@NOSPAMhvane.cotse.net
news.dallas.sbcglobal.net
00000002
!:;Rl
New way to get Credit Cards!
<40f9afc3$0$1803$a729d347@news.telepac.pt>
Re: New way to get Credit Cards!
"castro" <cazeza@sapo.pt>
<4063e4ed$0$3958$afc38c87@news.optusnet.com.au> <QKREc.73710$sj4.16525@news-server.bigpond.net.au>
newsmst01a.news.prodigy.com alt.2600.cardz:35597
castro
cazeza@sapo.pt
!:;Rl
news.dallas.sbcglobal.net
00000002
free credit card validator and extractor - link
<20040726183511.04194.00001915@mb-m15.aol.com>
Re: free credit card validator and extractor - link
idscanz@aol.com (id  scanz)
<a8ae2f79.0407261300.3dc6aa9e@posting.google.com>
newsmst01a.news.prodigy.com alt.2600.cardz:35621
id  scanz
idscanz@aol.com
news.dallas.sbcglobal.net
00000002
New way to get Credit Cards!
<8e2b4fff.0407180432.3f07bdf9@posting.google.com>
Re: New way to get Credit Cards!
officerdibble@fsmail.net (officerdibble)
<4063e4ed$0$3958$afc38c87@news.optusnet.com.au> <QKREc.73710$sj4.16525@news-server.bigpond.net.au> <40f9afc3$0$1803$a729d347@news.telepac.pt>
newsmst01a.news.prodigy.com alt.2600.cardz:35598
officerdibble
officerdibble@fsmail.net
news.dallas.sbcglobal.net
00000002
New way to get Credit Cards!
<8e2b4fff.0407180432.3f07bdf9@posting.google.com>
Re: New way to get Credit Cards!
officerdibble@fsmail.net (officerdibble)
<4063e4ed$0$3958$afc38c87@news.optusnet.com.au> <QKREc.73710$sj4.16525@news-server.bigpond.net.au> <40f9afc3$0$1803$a729d347@news.telepac.pt>
newsmst01a.news.prodigy.com alt.2600.cardz:35598
officerdibble
officerdibble@fsmail.net
news.dallas.sbcglobal.net
00000002
fuckin idiots
<8e2b4fff.0407180438.4b2dda98@posting.google.com>
fuckin idiots
officerdibble@fsmail.net (officerdibble)
newsmst01a.news.prodigy.com alt.2600.cardz:35599
officerdibble
officerdibble@fsmail.net
news.dallas.sbcglobal.net
00000002
US and Int. PayPal's for sale
<2hr2g0h8n5k6tfufiq6npod86a55r1beuu@4ax.com>
US and Int. PayPal's for sale
Ammon-Ra <ammon-ra@ofir.dk>
newsmst01a.news.prodigy.com alt.2600.cardz:35609
Ammon-Ra
ammon-ra@ofir.dk
news.dallas.sbcglobal.net
00000002
Magnetic Stripe Encoding Problem
<1e39f62f.0407181026.2d7ef360@posting.google.com>
Re: Magnetic Stripe Encoding Problem
redbel@hotmail.com (rad-montreal)
<9284584e.0407141234.57342895@posting.google.com> <cd6pot$fav$1@inews.gazeta.pl>
newsmst01a.news.prodigy.com alt.2600.cardz:35600
rad-montreal
redbel@hotmail.com
news.dallas.sbcglobal.net
00000002
Being AVERAGE is like being BURIED ALIVED!
<PGWPc.2181$rM6.1800@trndny03>
Re: Being AVERAGE is like being BURIED ALIVED!
"HOT SWING" <SWING@verizon.net>
<69a57ec2.0408012051.497d0635@posting.google.com>
newsmst01a.news.prodigy.com alt.1d:85373 alt.23is.strange:5295 alt.2600.cardz:35644
HOT SWING
SWING@verizon.net
news.dallas.sbcglobal.net
00000002
Magnetic Stripe Encoding Problem
<1e39f62f.0407181027.60553670@posting.google.com>
Re: Magnetic Stripe Encoding Problem
redbel@hotmail.com (rad-montreal)
<9284584e.0407141234.57342895@posting.google.com> <cd6pot$fav$1@inews.gazeta.pl>
newsmst01a.news.prodigy.com alt.2600.cardz:35601
rad-montreal
redbel@hotmail.com
news.dallas.sbcglobal.net
00000002
y;~cs
ebay accts available
<6792120d.0407261454.3a42da9b@posting.google.com>
Re: ebay accts available
bigtalker3@yahoo.com (Lincoln'smole)
<bf9196c7.0407101953.4e150177@posting.google.com> <20040711030158.12124.00001522@mb-m01.aol.com>
newsmst01a.news.prodigy.com alt.2600.cardz:35622
Lincoln'smole
bigtalker3@yahoo.com
y;~cs
news.dallas.sbcglobal.net
00000002
carerz partner from canada needed
<1e39f62f.0407191049.2679942a@posting.google.com>
carerz partner from canada needed
redbel@hotmail.com (rad-montreal)
newsmst01a.news.prodigy.com alt.2600.cardz:35602
rad-montreal
redbel@hotmail.com
news.dallas.sbcglobal.net
00000002
God is Evil, Satan is Good! PROOF
<165ac34a.0408051605.49c8091c@posting.google.com>
God is Evil, Satan is Good! PROOF
powerpulse@myway.com (powerpulse)
newsmst01a.news.prodigy.com alt.2600.cardz:35649
powerpulse
powerpulse@myway.com
news.dallas.sbcglobal.net
00000002
Being AVERAGE is like being BURIED ALIVED!
<69a57ec2.0408012051.497d0635@posting.google.com>
Being AVERAGE is like being BURIED ALIVED!
todayswebwealth@yahoo.com (James)
newsmst01a.news.prodigy.com alt.1d:85361 alt.23is.strange:5292 alt.2600.cardz:35640
James
todayswebwealth@yahoo.com
news.dallas.sbcglobal.net
00000002
YWHOo
where are all the
<_syLc.6490$iK.2725@newsread2.news.atl.earthlink.net>
where are all the
"John Cronin" <gatekeeper@pipeline.com>
newsmst01a.news.prodigy.com alt.2600.cardz:35605
John Cronin
gatekeeper@pipeline.com
YWHOo
news.dallas.sbcglobal.net
00000002
ALL CARDERS: READ THIS
<R2fVc.3688$2L3.433@newsread3.news.atl.earthlink.net>
ALL CARDERS: READ THIS
"Chucky" <c.sharpe@earthlink.net>
newsmst01a.news.prodigy.com alt.2600.cardz:35685
Chucky
c.sharpe@earthlink.net
news.dallas.sbcglobal.net
00000002
0m;j
Feng Shui products from our exclusive Feng Shui Parlour delivered free at your doorstep
<fed2647b.0408160022.56e9b975@posting.google.com>
Feng Shui products from our exclusive Feng Shui Parlour delivered free at your doorstep
smart2033@rediffmail.com (Smart2033)
newsmst01a.news.prodigy.com alt.2600.cardz:35673
Smart2033
smart2033@rediffmail.com
0m;j
news.dallas.sbcglobal.net
00000002
Osama Found Hanged
<4100606f.255340687@news.west.earthlink.net>
Re: Osama Found Hanged
Crawdad@bayou.com (Yomamma bin Crawdaddin)
<J1QLc.88126$ek5.47643@pd7tw2no> <cdornn$e45$1@reader08.wxs.nl>
newsmst01a.news.prodigy.com alt.2600:912661 alt.2600.414:13346 alt.2600.QnA:5691 alt.2600.aol:6489 alt.2600.archangel:10665 alt.2600.cardz:35607
Yomamma bin Crawdaddin
Crawdad@bayou.com
news.dallas.sbcglobal.net
00000002
Osama Found Hanged
<4100606f.255340687@news.west.earthlink.net>
Re: Osama Found Hanged
Crawdad@bayou.com (Yomamma bin Crawdaddin)
<J1QLc.88126$ek5.47643@pd7tw2no> <cdornn$e45$1@reader08.wxs.nl>
newsmst01a.news.prodigy.com alt.2600:912661 alt.2600.414:13346 alt.2600.QnA:5691 alt.2600.aol:6489 alt.2600.archangel:10665 alt.2600.cardz:35607
Yomamma bin Crawdaddin
Crawdad@bayou.com
news.dallas.sbcglobal.net
00000002
CVVS
<35884d4d.0408090935.70e8821f@posting.google.com>
CVVS
knapps16@yahoo.com (Lord Zee)
newsmst01a.news.prodigy.com alt.2600.cardz:35656
Lord Zee
knapps16@yahoo.com
news.dallas.sbcglobal.net
00000002
This girl needs to know her social is online
<rjq4i0hpruquc42tm044qieb9rkb4pg8p0@4ax.com>
This girl needs to know her social is online
doc@doc
newsmst01a.news.prodigy.com alt.2600.cardz:35677
doc@doc
doc@doc
news.dallas.sbcglobal.net
00000002
Free one for all you! Good cc inside
<bf9196c7.0407231209.5d0a18bd@posting.google.com>
Free one for all you! Good cc inside
robotjunkie39@yahoo.com (robot junkie)
newsmst01a.news.prodigy.com alt.2600.cardz:35610
robot junkie
robotjunkie39@yahoo.com
news.dallas.sbcglobal.net
00000002
Merchant accounts for sale...
<a8ae2f79.0408020119.892b335@posting.google.com>
Merchant accounts for sale...
anonymous_pal4ever@rediffmail.com (Hoger4Help)
newsmst01a.news.prodigy.com alt.2600.cardz:35642
Hoger4Help
anonymous_pal4ever@rediffmail.com
news.dallas.sbcglobal.net
00000002
german aol axx - lol.
<20040724143519.03983.00000328@mb-m17.aol.com>
german aol axx - lol.
idscanz@aol.com (id  scanz)
newsmst01a.news.prodigy.com alt.2600.cardz:35611
id  scanz
idscanz@aol.com
news.dallas.sbcglobal.net
00000002
More CVVs from Zee
<35884d4d.0408130350.47b79600@posting.google.com>
More CVVs from Zee
knapps16@yahoo.com (Lord Zee)
newsmst01a.news.prodigy.com alt.2600.cardz:35665
Lord Zee
knapps16@yahoo.com
news.dallas.sbcglobal.net
00000002
US and Int. PayPal's for sale
<bf9196c7.0407241811.2b3fd901@posting.google.com>
Re: US and Int. PayPal's for sale
robotjunkie39@yahoo.com (robot junkie)
<2hr2g0h8n5k6tfufiq6npod86a55r1beuu@4ax.com>
newsmst01a.news.prodigy.com alt.2600.cardz:35612
robot junkie
robotjunkie39@yahoo.com
news.dallas.sbcglobal.net
00000002
US and Int. PayPal's for sale
<bf9196c7.0407241811.2b3fd901@posting.google.com>
Re: US and Int. PayPal's for sale
robotjunkie39@yahoo.com (robot junkie)
<2hr2g0h8n5k6tfufiq6npod86a55r1beuu@4ax.com>
newsmst01a.news.prodigy.com alt.2600.cardz:35612
robot junkie
robotjunkie39@yahoo.com
news.dallas.sbcglobal.net
00000002
free one for al of you guts who need one HURRY HURRY MY FRIENDS
<bf9196c7.0407242240.56ee8f4e@posting.google.com>
free one for al of you guts who need one HURRY HURRY MY FRIENDS
robotjunkie39@yahoo.com (robot junkie)
newsmst01a.news.prodigy.com alt.2600.cardz:35613
robot junkie
robotjunkie39@yahoo.com
news.dallas.sbcglobal.net
00000002
free one for al of you guts who need one HURRY HURRY MY FRIENDS
<bf9196c7.0407242240.56ee8f4e@posting.google.com>
free one for al of you guts who need one HURRY HURRY MY FRIENDS
robotjunkie39@yahoo.com (robot junkie)
newsmst01a.news.prodigy.com alt.2600.cardz:35613
robot junkie
robotjunkie39@yahoo.com
news.dallas.sbcglobal.net
00000002
free card, FULL info, working now! snatch it quick!
<a31a7b4f.0407250734.20e967@posting.google.com>
free card, FULL info, working now! snatch it quick!
yesiam@imabadlittleboy.com (take me)
newsmst01a.news.prodigy.com alt.2600.cardz:35614
take me
yesiam@imabadlittleboy.com
news.dallas.sbcglobal.net
00000002
free card, FULL info, working now! snatch it quick!
<a31a7b4f.0407250734.20e967@posting.google.com>
free card, FULL info, working now! snatch it quick!
yesiam@imabadlittleboy.com (take me)
newsmst01a.news.prodigy.com alt.2600.cardz:35614
take me
yesiam@imabadlittleboy.com
news.dallas.sbcglobal.net
00000002
Tutorial site
<e4039874.0407250828.72ef6b49@posting.google.com>
Tutorial site
hooboo4777@hotmail.com (AllNet2007)
newsmst01a.news.prodigy.com alt.2600.cardz:35615
AllNet2007
hooboo4777@hotmail.com
news.dallas.sbcglobal.net
00000002
[VPASP] Encrypted .mdb's
<20040805040938.26080.00001338@mb-m28.aol.com>
[VPASP] Encrypted .mdb's
idscanz@aol.com (id  scanz)
newsmst01a.news.prodigy.com alt.2600.cardz:35648
id  scanz
idscanz@aol.com
news.dallas.sbcglobal.net
00000002
free card, FULL info, working now! snatch it quick!
<20040727130818.15107.00000758@mb-m02.aol.com>
Re: free card, FULL info, working now! snatch it quick!
idscanz@aol.com (id  scanz)
<b5963dae.0407270851.6f255deb@posting.google.com>
newsmst01a.news.prodigy.com alt.2600.cardz:35628
id  scanz
idscanz@aol.com
news.dallas.sbcglobal.net
00000002
EGOLD- MAKE THOUSANDS- UNLIMITED DEPOSITS IN YOUR EGOLD ACCT-EARLY STAGES, GET IN NOW AND MAKE MORE-3 GROUPS, 1,2,OR 3 DOLLAR GROUP
<b5c78310.0407260251.6e2a7146@posting.google.com>
EGOLD- MAKE THOUSANDS- UNLIMITED DEPOSITS IN YOUR EGOLD ACCT-EARLY STAGES, GET IN NOW AND MAKE MORE-3 GROUPS, 1,2,OR 3 DOLLAR GROUP
prpro@prweb.com (prpro)
newsmst01a.news.prodigy.com alt.2600.cardz:35617 alt.2600.programz:153521 alt.2600.warez:1126024 alt.2600.codez:91336 alt.2600.hackerz:265509
prpro
prpro@prweb.com
news.dallas.sbcglobal.net
00000002
EGOLD- MAKE THOUSANDS- UNLIMITED DEPOSITS IN YOUR EGOLD ACCT-EARLY STAGES, GET IN NOW AND MAKE MORE-3 GROUPS, 1,2,OR 3 DOLLAR GROUP
<b5c78310.0407260251.6e2a7146@posting.google.com>
EGOLD- MAKE THOUSANDS- UNLIMITED DEPOSITS IN YOUR EGOLD ACCT-EARLY STAGES, GET IN NOW AND MAKE MORE-3 GROUPS, 1,2,OR 3 DOLLAR GROUP
prpro@prweb.com (prpro)
newsmst01a.news.prodigy.com alt.2600.cardz:35617 alt.2600.programz:153521 alt.2600.warez:1126024 alt.2600.codez:91336 alt.2600.hackerz:265509
prpro
prpro@prweb.com
news.dallas.sbcglobal.net
00000002
New & used car prices
<ce2uia$e6l$2@titan.btinternet.com>
New & used car prices
"Rona" <wjytdtgu@viwsdsgs.com>
newsmst01a.news.prodigy.com alt.2600.cardz:35618
Rona
wjytdtgu@viwsdsgs.com
news.dallas.sbcglobal.net
00000002
What I can get you
<n57dh0post8vjktiis8ia599a9hd47v159@4ax.com>
What I can get you
Ammon-Ra <ammon-ra@ofir.dk>
newsmst01a.news.prodigy.com alt.2600.cardz:35653
Ammon-Ra
ammon-ra@ofir.dk
news.dallas.sbcglobal.net
00000002
free credit card validator and extractor
<a8ae2f79.0407261234.16245437@posting.google.com>
free credit card validator and extractor
anonymous_pal4ever@rediffmail.com (johny)
newsmst01a.news.prodigy.com alt.2600.cardz:35619
johny
anonymous_pal4ever@rediffmail.com
news.dallas.sbcglobal.net
00000002
Need a webcertificate/ will pay/trade or???
<bf9196c7.0408111539.59091d56@posting.google.com>
Need a webcertificate/ will pay/trade or???
robotjunkie39@yahoo.com (robot junkie)
newsmst01a.news.prodigy.com alt.2600.cardz:35661
robot junkie
robotjunkie39@yahoo.com
news.dallas.sbcglobal.net
00000002
free credit card validator and extractor - link
<a8ae2f79.0407261300.3dc6aa9e@posting.google.com>
free credit card validator and extractor - link
anonymous_pal4ever@rediffmail.com (johny)
newsmst01a.news.prodigy.com alt.2600.cardz:35620
johny
anonymous_pal4ever@rediffmail.com
news.dallas.sbcglobal.net
00000002
free credit card validator and extractor - link
<a8ae2f79.0407261300.3dc6aa9e@posting.google.com>
free credit card validator and extractor - link
anonymous_pal4ever@rediffmail.com (johny)
newsmst01a.news.prodigy.com alt.2600.cardz:35620
johny
anonymous_pal4ever@rediffmail.com
news.dallas.sbcglobal.net
00000002
!:;Rl
New way to get Credit Cards!
<40f9afc3$0$1803$a729d347@news.telepac.pt>
Re: New way to get Credit Cards!
"castro" <cazeza@sapo.pt>
<4063e4ed$0$3958$afc38c87@news.optusnet.com.au> <QKREc.73710$sj4.16525@news-server.bigpond.net.au>
newsmst01a.news.prodigy.com alt.2600.cardz:35597
castro
cazeza@sapo.pt
!:;Rl
news.dallas.sbcglobal.net
00000002
free credit card validator link - Corrected.
<a8ae2f79.0407262145.3bad798c@posting.google.com>
free credit card validator link - Corrected.
anonymous_pal4ever@rediffmail.com (johny)
newsmst01a.news.prodigy.com alt.2600.cardz:35623
johny
anonymous_pal4ever@rediffmail.com
news.dallas.sbcglobal.net
00000002
Business School
<SGWPc.453$Iu3.175@nwrdny02.gnilink.net>
Re: Business School
"HOT SWING" <SWING@verizon.net>
<b16a8cac.0408010611.15a77dec@posting.google.com>
newsmst01a.news.prodigy.com alt.1d:85374 alt.23is.strange:5296 alt.2600.cardz:35645
HOT SWING
SWING@verizon.net
news.dallas.sbcglobal.net
00000002
Extractor - Everyone are fooling. Here is a correct link to a password protected extractor with login details
<38d3c9bf.0407270033.2109feca@posting.google.com>
Extractor - Everyone are fooling. Here is a correct link to a password protected extractor with login details
hoger_ivan@yahoo.com (Hoger4Help)
newsmst01a.news.prodigy.com alt.2600.cardz:35624
Hoger4Help
hoger_ivan@yahoo.com
news.dallas.sbcglobal.net
00000002
Extractor - Everyone are fooling. Here is a correct link to a password protected extractor with login details
<38d3c9bf.0407270033.2109feca@posting.google.com>
Extractor - Everyone are fooling. Here is a correct link to a password protected extractor with login details
hoger_ivan@yahoo.com (Hoger4Help)
newsmst01a.news.prodigy.com alt.2600.cardz:35624
Hoger4Help
hoger_ivan@yahoo.com
news.dallas.sbcglobal.net
00000002
Extractor - Everyone are fooling. Here is a correct link to a password protected extractor with login details
<38d3c9bf.0407270034.18e05591@posting.google.com>
Extractor - Everyone are fooling. Here is a correct link to a password protected extractor with login details
hoger_ivan@yahoo.com (Hoger4Help)
newsmst01a.news.prodigy.com alt.2600.cardz:35625
Hoger4Help
hoger_ivan@yahoo.com
news.dallas.sbcglobal.net
00000002
Extractor - Everyone are fooling. Here is a correct link to a password protected extractor with login details
<38d3c9bf.0407270033.2109feca@posting.google.com>
Extractor - Everyone are fooling. Here is a correct link to a password protected extractor with login details
hoger_ivan@yahoo.com (Hoger4Help)
newsmst01a.news.prodigy.com alt.2600.cardz:35624
Hoger4Help
hoger_ivan@yahoo.com
news.dallas.sbcglobal.net
00000002
free card, FULL info, working now! snatch it quick!
<b5963dae.0407270851.6f255deb@posting.google.com>
Re: free card, FULL info, working now! snatch it quick!
igorv@medianis.net (fingaup)
<a31a7b4f.0407250734.20e967@posting.google.com> <20040725151733.23098.00002392@mb-m07.aol.com>
newsmst01a.news.prodigy.com alt.2600.cardz:35627
fingaup
igorv@medianis.net
news.dallas.sbcglobal.net
00000002
free card, FULL info, working now! snatch it quick!
<b5963dae.0407270851.6f255deb@posting.google.com>
Re: free card, FULL info, working now! snatch it quick!
igorv@medianis.net (fingaup)
<a31a7b4f.0407250734.20e967@posting.google.com> <20040725151733.23098.00002392@mb-m07.aol.com>
newsmst01a.news.prodigy.com alt.2600.cardz:35627
fingaup
igorv@medianis.net
news.dallas.sbcglobal.net
00000002
New way to get Credit Cards!
<QKREc.73710$sj4.16525@news-server.bigpond.net.au>
Re: New way to get Credit Cards!
"All Strata" <allstrata@allstrataservices.com.au>
<4063e4ed$0$3958$afc38c87@news.optusnet.com.au>
newsmst01a.news.prodigy.com alt.2600.cardz:35573
All Strata
allstrata@allstrataservices.com.au
news.dallas.sbcglobal.net
00000002
Diamond Engagement Ring Sale to promote new web division
<f90c2490.0407270928.496f2f8c@posting.google.com>
Diamond Engagement Ring Sale to promote new web division
remotecon2003@yahoo.com (Adamaunt)
newsmst01a.news.prodigy.com alt.2600.crackz:483975 alt.2600.codez:91341 alt.2600.cardz:35629
Adamaunt
remotecon2003@yahoo.com
news.dallas.sbcglobal.net
00000002
Opinion for cash - learn more - US, UK, CA, Europe, Asia, Caribbean, Africa
<707d18fe.0408170823.5c04da8d@posting.google.com>
Opinion for cash - learn more - US, UK, CA, Europe, Asia, Caribbean, Africa
janet_reese2@hotmail.com (Janet Reese)
newsmst01a.news.prodigy.com alt.2600.cardz:35675
Janet Reese
janet_reese2@hotmail.com
news.dallas.sbcglobal.net
00000002
CC's with CVV2 4 Sale
<838c2c62.0407101357.808364c@posting.google.com>
CC's with CVV2 4 Sale
krawling@tranceaddict.net (PsYcHo)
newsmst01a.news.prodigy.com alt.2600.cardz:35584
PsYcHo
krawling@tranceaddict.net
news.dallas.sbcglobal.net
00000002
5 Did you take your vitamin today? 54
<q1cOc.89748$%t6.11954@roc.nntpserver.com>
5 Did you take your vitamin today? 54
"Rocket3" <zwmzactk@xulxabrj.com>
newsmst01a.news.prodigy.com alt.2600.cardz:35632
Rocket3
zwmzactk@xulxabrj.com
news.dallas.sbcglobal.net
00000002
5 Did you take your vitamin today? 54
<q1cOc.89748$%t6.11954@roc.nntpserver.com>
5 Did you take your vitamin today? 54
"Rocket3" <zwmzactk@xulxabrj.com>
newsmst01a.news.prodigy.com alt.2600.cardz:35632
Rocket3
zwmzactk@xulxabrj.com
news.dallas.sbcglobal.net
00000002
Ladies and Gentelmen,
<cee7r7$15p$1@atlantis.news.tpi.pl>
Ladies and Gentelmen,
"Irena Talik" <andrzejfronc@neostrada.pl>
newsmst01a.news.prodigy.com alt.2600.cardz:35635
Irena Talik
andrzejfronc@neostrada.pl
news.dallas.sbcglobal.net
00000002
CC's with CVV2 4 Sale
<838c2c62.0407101357.808364c@posting.google.com>
CC's with CVV2 4 Sale
krawling@tranceaddict.net (PsYcHo)
newsmst01a.news.prodigy.com alt.2600.cardz:35584
PsYcHo
krawling@tranceaddict.net
news.dallas.sbcglobal.net
00000002
Millionaire
<a5a0c6b0.0407301533.4bc9720a@posting.google.com>
Millionaire
marshall_hendrix2002@yahoo.com (Marshall Hendrix)
newsmst01a.news.prodigy.com alt.1d:85350 alt.23is.strange:5281 alt.2600.cardz:35636
Marshall Hendrix
marshall_hendrix2002@yahoo.com
news.dallas.sbcglobal.net
00000002
Millionaire
<a5a0c6b0.0407301533.4bc9720a@posting.google.com>
Millionaire
marshall_hendrix2002@yahoo.com (Marshall Hendrix)
newsmst01a.news.prodigy.com alt.1d:85350 alt.23is.strange:5281 alt.2600.cardz:35636
Marshall Hendrix
marshall_hendrix2002@yahoo.com
news.dallas.sbcglobal.net
00000002
Learn grammar and spelling first
<noLOc.3838$cK.3485@newsread2.news.pas.earthlink.net>
Learn grammar and spelling first
"Key Wrangle" <keywrangle@earthlink.net>
<m62Oc.147234$OB3.36136@bgtnsc05-news.ops.worldnet.att.net>
newsmst01a.news.prodigy.com alt.2600.414:13361 alt.2600.archangel:10668 alt.2600.cardz:35637 alt.2600.codez:91347
Key Wrangle
keywrangle@earthlink.net
news.dallas.sbcglobal.net
00000002
free card, FULL info, working now! snatch it quick!
<WaaVc.3156$2L3.1460@newsread3.news.atl.earthlink.net>
Re: free card, FULL info, working now! snatch it quick!
"Chucky" <c.sharpe@earthlink.net>
<e8f3f107.0408191248.1693e18f@posting.google.com> <20040819171413.29244.00001280@mb-m19.aol.com>
newsmst01a.news.prodigy.com alt.2600.cardz:35684
Chucky
c.sharpe@earthlink.net
news.dallas.sbcglobal.net
00000002
Business School
<b16a8cac.0408010611.15a77dec@posting.google.com>
Business School
rachel_choi8@hotmail.com (Rachel)
newsmst01a.news.prodigy.com alt.1d:85360 alt.23is.strange:5291 alt.2600.cardz:35639
Rachel
rachel_choi8@hotmail.com
news.dallas.sbcglobal.net
00000002
5 Did you take your vitamin today? 54
<q1cOc.89748$%t6.11954@roc.nntpserver.com>
5 Did you take your vitamin today? 54
"Rocket3" <zwmzactk@xulxabrj.com>
newsmst01a.news.prodigy.com alt.2600.cardz:35632
Rocket3
zwmzactk@xulxabrj.com
news.dallas.sbcglobal.net
00000002
ANGLICAN COMMUNION CHOCK-FULL O' SODOMITES
<e418739b.0407010543.731afe46@posting.google.com>
ANGLICAN COMMUNION CHOCK-FULL O' SODOMITES
bsni7f902@sneakemail.com (Colonel Edmund J. Burke)
newsmst01a.news.prodigy.com alt.2600.cardz:35575
Colonel Edmund J. Burke
bsni7f902@sneakemail.com
news.dallas.sbcglobal.net
00000002
TjLx
Being AVERAGE is like being BURIED ALIVED!
<69a57ec2.0408012051.1446a734@posting.google.com>
Being AVERAGE is like being BURIED ALIVED!
todayswebwealth@yahoo.com (James)
newsmst01a.news.prodigy.com alt.1d:85362 alt.23is.strange:5293 alt.2600.cardz:35641
James
todayswebwealth@yahoo.com
TjLx
news.dallas.sbcglobal.net
00000002
More CVVs from Zee
<2393dffb.0408170628.465d3631@posting.google.com>
Re: More CVVs from Zee
hamman57@yahoo.com (Mixx)
<b5963dae.0408140325.6338086c@posting.google.com> <20040814202802.04751.00001333@mb-m12.aol.com>
newsmst01a.news.prodigy.com alt.2600.cardz:35674
Mixx
hamman57@yahoo.com
news.dallas.sbcglobal.net
00000002
Free one for all you! Good cc inside
<bf9196c7.0407231209.5d0a18bd@posting.google.com>
Free one for all you! Good cc inside
robotjunkie39@yahoo.com (robot junkie)
newsmst01a.news.prodigy.com alt.2600.cardz:35610
robot junkie
robotjunkie39@yahoo.com
news.dallas.sbcglobal.net
00000002
Merchant accounts for sale...
<a8ae2f79.0408020121.77096a10@posting.google.com>
Merchant accounts for sale...
anonymous_pal4ever@rediffmail.com (Hoger4Help)
newsmst01a.news.prodigy.com alt.2600.cardz:35643
Hoger4Help
anonymous_pal4ever@rediffmail.com
news.dallas.sbcglobal.net
00000002
More CVVs from Zee
<20040814202802.04751.00001333@mb-m12.aol.com>
Re: More CVVs from Zee
com2die@aol.com (com   2   die)
<b5963dae.0408140325.6338086c@posting.google.com>
newsmst01a.news.prodigy.com alt.2600.cardz:35671
com   2   die
com2die@aol.com
news.dallas.sbcglobal.net
00000002
free credit card validator link - Corrected.
<a8ae2f79.0407262145.3bad798c@posting.google.com>
free credit card validator link - Corrected.
anonymous_pal4ever@rediffmail.com (johny)
newsmst01a.news.prodigy.com alt.2600.cardz:35623
johny
anonymous_pal4ever@rediffmail.com
news.dallas.sbcglobal.net
00000002
FREEBIE for the vultures
<sylEc.169899$207.1007814@news20.bellglobal.com>
FREEBIE for the vultures
"DJ Spanky" <spankme@aol.com>
newsmst01a.news.prodigy.com alt.2600.cardz:35571
DJ Spanky
spankme@aol.com
news.dallas.sbcglobal.net
00000002
AD BLASTER $3500 weekly!
<31a209ea.0408191239.803fc4@posting.google.com>
AD BLASTER $3500 weekly!
jayd_jd@yahoo.com (Jayde)
newsmst01a.news.prodigy.com alt.2600.cardz:35681
Jayde
jayd_jd@yahoo.com
news.dallas.sbcglobal.net
00000002
Feng Shui products from our exclusive Feng Shui Parlour delivered free at your doorstep
<e6bce9a5.0408060748.45d60fb@posting.google.com>
Feng Shui products from our exclusive Feng Shui Parlour delivered free at your doorstep
amit_pardeshi007@rediffmail.com (Amit Pardeshi)
newsmst01a.news.prodigy.com alt.2600.cardz:35650
Amit Pardeshi
amit_pardeshi007@rediffmail.com
news.dallas.sbcglobal.net
00000002
Feng Shui products from our exclusive Feng Shui Parlour delivered free at your doorstep
<e6bce9a5.0408060748.45d60fb@posting.google.com>
Feng Shui products from our exclusive Feng Shui Parlour delivered free at your doorstep
amit_pardeshi007@rediffmail.com (Amit Pardeshi)
newsmst01a.news.prodigy.com alt.2600.cardz:35650
Amit Pardeshi
amit_pardeshi007@rediffmail.com
news.dallas.sbcglobal.net
00000002
Feng Shui products from our exclusive Feng Shui Parlour delivered free at your doorstep
<98e7bc7e.0408071013.7966e9a6@posting.google.com>
Re: Feng Shui products from our exclusive Feng Shui Parlour delivered free at your doorstep
targetmarketing@btopenworld.com (Teflon)
<e6bce9a5.0408060748.45d60fb@posting.google.com>
newsmst01a.news.prodigy.com alt.2600.cardz:35651
Teflon
targetmarketing@btopenworld.com
news.dallas.sbcglobal.net
00000002
Feng Shui products from our exclusive Feng Shui Parlour delivered free at your doorstep
<98e7bc7e.0408071013.7966e9a6@posting.google.com>
Re: Feng Shui products from our exclusive Feng Shui Parlour delivered free at your doorstep
targetmarketing@btopenworld.com (Teflon)
<e6bce9a5.0408060748.45d60fb@posting.google.com>
newsmst01a.news.prodigy.com alt.2600.cardz:35651
Teflon
targetmarketing@btopenworld.com
news.dallas.sbcglobal.net
00000002
Xenon 2
<J6lRc.127$ey6.8@newsfe6-gui.ntli.net>
Xenon 2
garycameron@hotmail.com
newsmst01a.news.prodigy.com alt.2600.archangel:10673 alt.2600.cardz:35652 alt.2600.codez:91363 alt.2600.crackz:484167 alt.2600.debate:13146
garycameron@hotmail.com
garycameron@hotmail.com
news.dallas.sbcglobal.net
00000002
Xenon 2
<J6lRc.127$ey6.8@newsfe6-gui.ntli.net>
Xenon 2
garycameron@hotmail.com
newsmst01a.news.prodigy.com alt.2600.archangel:10673 alt.2600.cardz:35652 alt.2600.codez:91363 alt.2600.crackz:484167 alt.2600.debate:13146
garycameron@hotmail.com
garycameron@hotmail.com
news.dallas.sbcglobal.net
00000002
What I can get you
<n57dh0post8vjktiis8ia599a9hd47v159@4ax.com>
What I can get you
Ammon-Ra <ammon-ra@ofir.dk>
newsmst01a.news.prodigy.com alt.2600.cardz:35653
Ammon-Ra
ammon-ra@ofir.dk
news.dallas.sbcglobal.net
00000002
Min info
<3Ooq1Xwh9I5i1SSXsbtz@my-mail.cc>
Min info
ruthiec138@my-mail.cc
newsmst01a.news.prodigy.com alt.2600.cardz:35574
ruthiec138@my-mail.cc
ruthiec138@my-mail.cc
news.dallas.sbcglobal.net
00000002
Start your own business
<8e5660a.0407020504.18afe761@posting.google.com>
Start your own business
weaverdor11@yahoo.com (Dorinda Weaver)
newsmst01a.news.prodigy.com alt.2600.cardz:35576
Dorinda Weaver
weaverdor11@yahoo.com
news.dallas.sbcglobal.net
00000002
CVVS
<cfcrnn$kpc$1@inews.gazeta.pl>
Re: CVVS
"Mereth" <mereth@wp.pl>
<35884d4d.0408090935.70e8821f@posting.google.com>
newsmst01a.news.prodigy.com alt.2600.cardz:35659
Mereth
mereth@wp.pl
news.dallas.sbcglobal.net
00000002
New & used car prices
<ce2uia$e6l$2@titan.btinternet.com>
New & used car prices
"Rona" <wjytdtgu@viwsdsgs.com>
newsmst01a.news.prodigy.com alt.2600.cardz:35618
Rona
wjytdtgu@viwsdsgs.com
news.dallas.sbcglobal.net
00000002
CVVS
<bf9196c7.0408111537.34c37ae4@posting.google.com>
Re: CVVS
robotjunkie39@yahoo.com (robot junkie)
<35884d4d.0408090935.70e8821f@posting.google.com> <cfcrnn$kpc$1@inews.gazeta.pl>
newsmst01a.news.prodigy.com alt.2600.cardz:35660
robot junkie
robotjunkie39@yahoo.com
news.dallas.sbcglobal.net
00000002
free credit card validator link - Corrected.
<a8ae2f79.0407262145.3bad798c@posting.google.com>
free credit card validator link - Corrected.
anonymous_pal4ever@rediffmail.com (johny)
newsmst01a.news.prodigy.com alt.2600.cardz:35623
johny
anonymous_pal4ever@rediffmail.com
news.dallas.sbcglobal.net
00000002
Want To Generate $$ 10,000 In 30 Days...
<39abfe74.0408151044.397b4c85@posting.google.com>
Want To Generate $$ 10,000 In 30 Days...
logaritmo50@hotmail.com (Logan Alcantara)
newsmst01a.news.prodigy.com alt.2600.cardz:35672
Logan Alcantara
logaritmo50@hotmail.com
news.dallas.sbcglobal.net
00000002
Extreme cheap Cvv2
<ttgmh0h2146561b94be0vri20ad0rk4ikd@4ax.com>
Extreme cheap Cvv2
Ammon-Ra <ammon-ra@ofir.dk>
newsmst01a.news.prodigy.com alt.2600.cardz:35662
Ammon-Ra
ammon-ra@ofir.dk
news.dallas.sbcglobal.net
00000002
New & used car prices
<ce2uia$e6l$2@titan.btinternet.com>
New & used car prices
"Rona" <wjytdtgu@viwsdsgs.com>
newsmst01a.news.prodigy.com alt.2600.cardz:35618
Rona
wjytdtgu@viwsdsgs.com
news.dallas.sbcglobal.net
00000002
german aol axx - lol.
<20040724143519.03983.00000328@mb-m17.aol.com>
german aol axx - lol.
idscanz@aol.com (id  scanz)
newsmst01a.news.prodigy.com alt.2600.cardz:35611
id  scanz
idscanz@aol.com
news.dallas.sbcglobal.net
00000002
Full Profiles with 700 up credit scores + Ebay accounts with 50+ Feedback for Sale
<176dfea4.0408132115.44ed47fe@posting.google.com>
Full Profiles with 700 up credit scores + Ebay accounts with 50+ Feedback for Sale
swq04@yahoo.com (EightBalleR)
newsmst01a.news.prodigy.com alt.2600.cardz:35666
EightBalleR
swq04@yahoo.com
news.dallas.sbcglobal.net
00000002
Full Profiles with 700 up credit scores + Ebay accounts with 50+ Feedback for Sale
<176dfea4.0408132115.44ed47fe@posting.google.com>
Full Profiles with 700 up credit scores + Ebay accounts with 50+ Feedback for Sale
swq04@yahoo.com (EightBalleR)
newsmst01a.news.prodigy.com alt.2600.cardz:35666
EightBalleR
swq04@yahoo.com
news.dallas.sbcglobal.net
00000002
Full Profiles with 700 up credit scores + Ebay accounts with 50+ Feedback for Sale
<176dfea4.0408132115.6b54086a@posting.google.com>
Full Profiles with 700 up credit scores + Ebay accounts with 50+ Feedback for Sale
swq04@yahoo.com (EightBalleR)
newsmst01a.news.prodigy.com alt.2600.cardz:35667
EightBalleR
swq04@yahoo.com
news.dallas.sbcglobal.net
00000002
Full Profiles with 700 up credit scores + Ebay accounts with 50+ Feedback for Sale
<176dfea4.0408132115.44ed47fe@posting.google.com>
Full Profiles with 700 up credit scores + Ebay accounts with 50+ Feedback for Sale
swq04@yahoo.com (EightBalleR)
newsmst01a.news.prodigy.com alt.2600.cardz:35666
EightBalleR
swq04@yahoo.com
news.dallas.sbcglobal.net
00000002
Full Profiles with 700 up credit scores + Ebay accounts with 50+ Feedback for Sale
<176dfea4.0408132116.539c817e@posting.google.com>
Full Profiles with 700 up credit scores + Ebay accounts with 50+ Feedback for Sale
swq04@yahoo.com (EightBalleR)
newsmst01a.news.prodigy.com alt.2600.cardz:35668
EightBalleR
swq04@yahoo.com
news.dallas.sbcglobal.net
00000002
free card, FULL info, working now! snatch it quick!
<W7SUc.57$F7.31@news-server.bigpond.net.au>
Re: free card, FULL info, working now! snatch it quick!
"Yvonne Francis" <mapafoot@bigpond.com>
<a31a7b4f.0407250734.20e967@posting.google.com>
newsmst01a.news.prodigy.com alt.2600.cardz:35679
Yvonne Francis
mapafoot@bigpond.com
news.dallas.sbcglobal.net
00000002
Ideas for drops?
<bf9196c7.0407021803.3abb5d92@posting.google.com>
Re: Ideas for drops?
robotjunkie39@yahoo.com (robot junkie)
<lYADc.1631$Ax1.43330@news20.bellglobal.com>
newsmst01a.news.prodigy.com alt.2600.cardz:35577
robot junkie
robotjunkie39@yahoo.com
news.dallas.sbcglobal.net
00000002
CC's with CVV2 4 Sale
<20040711191652.12238.00001703@mb-m01.aol.com>
Re: CC's with CVV2 4 Sale
idscanz@aol.com (id scanz)
<838c2c62.0407110249.6936de8d@posting.google.com>
newsmst01a.news.prodigy.com alt.2600.cardz:35589
id scanz
idscanz@aol.com
news.dallas.sbcglobal.net
00000002
free credit card validator and extractor
<a8ae2f79.0407261234.16245437@posting.google.com>
free credit card validator and extractor
anonymous_pal4ever@rediffmail.com (johny)
newsmst01a.news.prodigy.com alt.2600.cardz:35619
johny
anonymous_pal4ever@rediffmail.com
news.dallas.sbcglobal.net
00000002
Osama Found Hanged
<cdornn$e45$1@reader08.wxs.nl>
Re: Osama Found Hanged
Hans van Eynsbergen <Hans@NOSPAMhvane.cotse.net>
<J1QLc.88126$ek5.47643@pd7tw2no>
newsmst01a.news.prodigy.com alt.2600:912632 alt.2600.414:13345 alt.2600.QnA:5690 alt.2600.aol:6488 alt.2600.archangel:10664 alt.2600.cardz:35606
Hans van Eynsbergen
Hans@NOSPAMhvane.cotse.net
news.dallas.sbcglobal.net
00000002
Opinion for cash - learn more - US, UK, CA, Europe, Asia, Caribbean, Africa
<707d18fe.0408170823.5c04da8d@posting.google.com>
Opinion for cash - learn more - US, UK, CA, Europe, Asia, Caribbean, Africa
janet_reese2@hotmail.com (Janet Reese)
newsmst01a.news.prodigy.com alt.2600.cardz:35675
Janet Reese
janet_reese2@hotmail.com
news.dallas.sbcglobal.net
00000002
More CVVs from Zee
<20040817161926.22984.00003786@mb-m07.aol.com>
Re: More CVVs from Zee
com2die@aol.com (com   2   die)
<2393dffb.0408170628.465d3631@posting.google.com>
newsmst01a.news.prodigy.com alt.2600.cardz:35676
com   2   die
com2die@aol.com
news.dallas.sbcglobal.net
00000002
Free one for all you! Good cc inside
<bf9196c7.0407231209.5d0a18bd@posting.google.com>
Free one for all you! Good cc inside
robotjunkie39@yahoo.com (robot junkie)
newsmst01a.news.prodigy.com alt.2600.cardz:35610
robot junkie
robotjunkie39@yahoo.com
news.dallas.sbcglobal.net
00000002
fuckin idiots
<8e2b4fff.0407180438.4b2dda98@posting.google.com>
fuckin idiots
officerdibble@fsmail.net (officerdibble)
newsmst01a.news.prodigy.com alt.2600.cardz:35599
officerdibble
officerdibble@fsmail.net
news.dallas.sbcglobal.net
00000002
FUN MUSIC
<8cccf207.0408172051.134beea4@posting.google.com>
FUN MUSIC
m4bv010@yahoo.com (bvrep)
newsmst01a.news.prodigy.com alt.2600.cardz:35678
bvrep
m4bv010@yahoo.com
news.dallas.sbcglobal.net
00000002
FUN MUSIC
<8cccf207.0408172051.134beea4@posting.google.com>
FUN MUSIC
m4bv010@yahoo.com (bvrep)
newsmst01a.news.prodigy.com alt.2600.cardz:35678
bvrep
m4bv010@yahoo.com
news.dallas.sbcglobal.net
00000002
free card, FULL info, working now! snatch it quick!
<230131fe.0408191139.5d6a45c@posting.google.com>
Re: free card, FULL info, working now! snatch it quick!
jh@email.mw (jh)
<a31a7b4f.0407250734.20e967@posting.google.com> <W7SUc.57$F7.31@news-server.bigpond.net.au>
newsmst01a.news.prodigy.com alt.2600.cardz:35680
jh@email.mw
news.dallas.sbcglobal.net
00000002
free card, FULL info, working now! snatch it quick!
<230131fe.0408191139.5d6a45c@posting.google.com>
Re: free card, FULL info, working now! snatch it quick!
jh@email.mw (jh)
<a31a7b4f.0407250734.20e967@posting.google.com> <W7SUc.57$F7.31@news-server.bigpond.net.au>
newsmst01a.news.prodigy.com alt.2600.cardz:35680
jh@email.mw
news.dallas.sbcglobal.net
00000002
Tutorial site
<e4039874.0407250828.72ef6b49@posting.google.com>
Tutorial site
hooboo4777@hotmail.com (AllNet2007)
newsmst01a.news.prodigy.com alt.2600.cardz:35615
AllNet2007
hooboo4777@hotmail.com
news.dallas.sbcglobal.net
00000002
verify your CC easily
<398d7ad6.0406300902.62c13837@posting.google.com>
Re: verify your CC easily
mrflym@hotmail.com (mrflym)
<398d7ad6.0405162029.7a4c7f31@posting.google.com> <398d7ad6.0405270357.46e15114@posting.google.com> <398d7ad6.0406091347.5da7ec2d@posting.google.com>
newsmst01a.news.prodigy.com alt.2600.cardz:35572
mrflym
mrflym@hotmail.com
news.dallas.sbcglobal.net
00000002
free card, FULL info, working now! snatch it quick!
<20040819171413.29244.00001280@mb-m19.aol.com>
Re: free card, FULL info, working now! snatch it quick!
totalterror@aol.com (TOTAL     TERROR)
<e8f3f107.0408191248.1693e18f@posting.google.com>
newsmst01a.news.prodigy.com alt.2600.cardz:35683
TOTAL     TERROR
totalterror@aol.com
news.dallas.sbcglobal.net
00000002
free card, FULL info, working now! snatch it quick!
<230131fe.0408191139.5d6a45c@posting.google.com>
Re: free card, FULL info, working now! snatch it quick!
jh@email.mw (jh)
<a31a7b4f.0407250734.20e967@posting.google.com> <W7SUc.57$F7.31@news-server.bigpond.net.au>
newsmst01a.news.prodigy.com alt.2600.cardz:35680
jh@email.mw
news.dallas.sbcglobal.net
00000002
free card, FULL info, working now! snatch it quick!
<WaaVc.3156$2L3.1460@newsread3.news.atl.earthlink.net>
Re: free card, FULL info, working now! snatch it quick!
"Chucky" <c.sharpe@earthlink.net>
<e8f3f107.0408191248.1693e18f@posting.google.com> <20040819171413.29244.00001280@mb-m19.aol.com>
newsmst01a.news.prodigy.com alt.2600.cardz:35684
Chucky
c.sharpe@earthlink.net
news.dallas.sbcglobal.net
00000002
YWHOo
where are all the
<_syLc.6490$iK.2725@newsread2.news.atl.earthlink.net>
where are all the
"John Cronin" <gatekeeper@pipeline.com>
newsmst01a.news.prodigy.com alt.2600.cardz:35605
John Cronin
gatekeeper@pipeline.com
YWHOo
news.dallas.sbcglobal.net
00000002
free card, FULL info, working now! snatch it quick!
<yWiVc.3767$2L3.1220@newsread3.news.atl.earthlink.net>
Re: free card, FULL info, working now! snatch it quick!
"Chucky" <c.sharpe@earthlink.net>
<e8f3f107.0408191248.1693e18f@posting.google.com> <20040819171413.29244.00001280@mb-m19.aol.com> <WaaVc.3156$2L3.1460@newsread3.news.atl.earthlink.net>
newsmst01a.news.prodigy.com alt.2600.cardz:35686
Chucky
c.sharpe@earthlink.net
news.dallas.sbcglobal.net
00000002
free card, FULL info, working now! snatch it quick!
<yWiVc.3767$2L3.1220@newsread3.news.atl.earthlink.net>
Re: free card, FULL info, working now! snatch it quick!
"Chucky" <c.sharpe@earthlink.net>
<e8f3f107.0408191248.1693e18f@posting.google.com> <20040819171413.29244.00001280@mb-m19.aol.com> <WaaVc.3156$2L3.1460@newsread3.news.atl.earthlink.net>
newsmst01a.news.prodigy.com alt.2600.cardz:35686
Chucky
c.sharpe@earthlink.net
news.dallas.sbcglobal.net
00000002
Help Please
<40dc8d25.5776836@news.monroeaccess.net>
Help Please
lucky@aol.com
newsmst01a.news.prodigy.com alt.2600.cardz:35568
lucky@aol.com
lucky@aol.com
news.dallas.sbcglobal.net
00000002
Ideas for drops?
<lYADc.1631$Ax1.43330@news20.bellglobal.com>
Ideas for drops?
"DJ Spanky" <spankme@aol.com>
newsmst01a.news.prodigy.com alt.2600.cardz:35570
DJ Spanky
spankme@aol.com
news.dallas.sbcglobal.net
00000002
FREEBIE for the vultures
<sylEc.169899$207.1007814@news20.bellglobal.com>
FREEBIE for the vultures
"DJ Spanky" <spankme@aol.com>
newsmst01a.news.prodigy.com alt.2600.cardz:35571
DJ Spanky
spankme@aol.com
news.dallas.sbcglobal.net
00000002
verify your CC easily
<398d7ad6.0406300902.62c13837@posting.google.com>
Re: verify your CC easily
mrflym@hotmail.com (mrflym)
<398d7ad6.0405162029.7a4c7f31@posting.google.com> <398d7ad6.0405270357.46e15114@posting.google.com> <398d7ad6.0406091347.5da7ec2d@posting.google.com>
newsmst01a.news.prodigy.com alt.2600.cardz:35572
mrflym
mrflym@hotmail.com
news.dallas.sbcglobal.net
00000002
New way to get Credit Cards!
<QKREc.73710$sj4.16525@news-server.bigpond.net.au>
Re: New way to get Credit Cards!
"All Strata" <allstrata@allstrataservices.com.au>
<4063e4ed$0$3958$afc38c87@news.optusnet.com.au>
newsmst01a.news.prodigy.com alt.2600.cardz:35573
All Strata
allstrata@allstrataservices.com.au
news.dallas.sbcglobal.net
00000002
Min info
<3Ooq1Xwh9I5i1SSXsbtz@my-mail.cc>
Min info
ruthiec138@my-mail.cc
newsmst01a.news.prodigy.com alt.2600.cardz:35574
ruthiec138@my-mail.cc
ruthiec138@my-mail.cc
news.dallas.sbcglobal.net
00000002
ANGLICAN COMMUNION CHOCK-FULL O' SODOMITES
<e418739b.0407010543.731afe46@posting.google.com>
ANGLICAN COMMUNION CHOCK-FULL O' SODOMITES
bsni7f902@sneakemail.com (Colonel Edmund J. Burke)
newsmst01a.news.prodigy.com alt.2600.cardz:35575
Colonel Edmund J. Burke
bsni7f902@sneakemail.com
news.dallas.sbcglobal.net
00000002
Start your own business
<8e5660a.0407020504.18afe761@posting.google.com>
Start your own business
weaverdor11@yahoo.com (Dorinda Weaver)
newsmst01a.news.prodigy.com alt.2600.cardz:35576
Dorinda Weaver
weaverdor11@yahoo.com
news.dallas.sbcglobal.net
00000002
Ideas for drops?
<bf9196c7.0407021803.3abb5d92@posting.google.com>
Re: Ideas for drops?
robotjunkie39@yahoo.com (robot junkie)
<lYADc.1631$Ax1.43330@news20.bellglobal.com>
newsmst01a.news.prodigy.com alt.2600.cardz:35577
robot junkie
robotjunkie39@yahoo.com
news.dallas.sbcglobal.net
00000002
verify your CC easily
<AMVFc.34506$GQ3.893911@twister2.libero.it>
Re: verify your CC easily
"_HyLLuS_" <users@shqiperiaonline.com>
<398d7ad6.0405162029.7a4c7f31@posting.google.com> <398d7ad6.0405270357.46e15114@posting.google.com> <398d7ad6.0406091347.5da7ec2d@posting.google.com> <398d7ad6.0406300902.62c13837@posting.google.com>
newsmst01a.news.prodigy.com alt.2600.cardz:35578
_HyLLuS_
users@shqiperiaonline.com
news.dallas.sbcglobal.net
00000002
cvv?
<20040704213724.04264.00000984@mb-m15.aol.com>
cvv?
dreckschloider@aol.com (dreckschloider)
newsmst01a.news.prodigy.com alt.2600.cardz:35579
dreckschloider
dreckschloider@aol.com
news.dallas.sbcglobal.net
00000002
cvv?
<20040704213724.04264.00000984@mb-m15.aol.com>
cvv?
dreckschloider@aol.com (dreckschloider)
newsmst01a.news.prodigy.com alt.2600.cardz:35579
dreckschloider
dreckschloider@aol.com
news.dallas.sbcglobal.net
00000002
Some womans social security and address and birthdate
<i6ioe0lvevr8u581srtcd9b2kq4dn9vdm6@4ax.com>
Some womans social security and address and birthdate
doc@doc
newsmst01a.news.prodigy.com alt.2600.cardz:35581
doc@doc
doc@doc
news.dallas.sbcglobal.net
00000002
ebay accts available
<bf9196c7.0407091502.45485569@posting.google.com>
ebay accts available
robotjunkie39@yahoo.com (robot junkie)
newsmst01a.news.prodigy.com alt.2600.cardz:35582
robot junkie
robotjunkie39@yahoo.com
news.dallas.sbcglobal.net
00000002
ebay accts available
<20040710161055.12238.00001659@mb-m01.aol.com>
Re: ebay accts available
idscanz@aol.com (id scanz)
<bf9196c7.0407091502.45485569@posting.google.com>
newsmst01a.news.prodigy.com alt.2600.cardz:35583
id scanz
idscanz@aol.com
news.dallas.sbcglobal.net
00000002
CC's with CVV2 4 Sale
<20040710210533.12238.00001668@mb-m01.aol.com>
Re: CC's with CVV2 4 Sale
idscanz@aol.com (id scanz)
<838c2c62.0407101357.808364c@posting.google.com>
newsmst01a.news.prodigy.com alt.2600.cardz:35585
id scanz
idscanz@aol.com
news.dallas.sbcglobal.net
00000002
CC's with CVV2 4 Sale
<20040710210533.12238.00001668@mb-m01.aol.com>
Re: CC's with CVV2 4 Sale
idscanz@aol.com (id scanz)
<838c2c62.0407101357.808364c@posting.google.com>
newsmst01a.news.prodigy.com alt.2600.cardz:35585
id scanz
idscanz@aol.com
news.dallas.sbcglobal.net
00000002
ebay accts available
<bf9196c7.0407101953.4e150177@posting.google.com>
Re: ebay accts available
robotjunkie39@yahoo.com (robot junkie)
<bf9196c7.0407091502.45485569@posting.google.com> <20040710161055.12238.00001659@mb-m01.aol.com>
newsmst01a.news.prodigy.com alt.2600.cardz:35586
robot junkie
robotjunkie39@yahoo.com
news.dallas.sbcglobal.net
00000002
ebay accts available
<20040711030158.12124.00001522@mb-m01.aol.com>
Re: ebay accts available
idscanz@aol.com (id scanz)
<bf9196c7.0407101953.4e150177@posting.google.com>
newsmst01a.news.prodigy.com alt.2600.cardz:35587
id scanz
idscanz@aol.com
news.dallas.sbcglobal.net
00000002
ebay accts available
<20040711030158.12124.00001522@mb-m01.aol.com>
Re: ebay accts available
idscanz@aol.com (id scanz)
<bf9196c7.0407101953.4e150177@posting.google.com>
newsmst01a.news.prodigy.com alt.2600.cardz:35587
id scanz
idscanz@aol.com
news.dallas.sbcglobal.net
00000002
CC's with CVV2 4 Sale
<838c2c62.0407110249.6936de8d@posting.google.com>
Re: CC's with CVV2 4 Sale
krawling@tranceaddict.net (PsYcHo)
<838c2c62.0407101357.808364c@posting.google.com> <20040710210533.12238.00001668@mb-m01.aol.com>
newsmst01a.news.prodigy.com alt.2600.cardz:35588
PsYcHo
krawling@tranceaddict.net
news.dallas.sbcglobal.net
00000002
CC's with CVV2 4 Sale
<20040711191652.12238.00001703@mb-m01.aol.com>
Re: CC's with CVV2 4 Sale
idscanz@aol.com (id scanz)
<838c2c62.0407110249.6936de8d@posting.google.com>
newsmst01a.news.prodigy.com alt.2600.cardz:35589
id scanz
idscanz@aol.com
news.dallas.sbcglobal.net
00000002
Free non ratio ftp's
<6c22c523.0407120502.5d18bf7f@posting.google.com>
Free non ratio ftp's
who_cares162@hotmail.com (just_me)
newsmst01a.news.prodigy.com alt.2600.cardz:35590
just_me
who_cares162@hotmail.com
news.dallas.sbcglobal.net
00000002
Free non ratio ftp's
<6c22c523.0407120502.5d18bf7f@posting.google.com>
Free non ratio ftp's
who_cares162@hotmail.com (just_me)
newsmst01a.news.prodigy.com alt.2600.cardz:35590
just_me
who_cares162@hotmail.com
news.dallas.sbcglobal.net
00000002
Magnetic Stripe Encoding Problem
<9284584e.0407141234.57342895@posting.google.com>
Magnetic Stripe Encoding Problem
yabapmatt@gmail.com (CardMaster19)
newsmst01a.news.prodigy.com alt.2600.cardz:35591
CardMaster19
yabapmatt@gmail.com
news.dallas.sbcglobal.net
00000002
!:;Rl
New way to get Credit Cards!
<40f9afc3$0$1803$a729d347@news.telepac.pt>
Re: New way to get Credit Cards!
"castro" <cazeza@sapo.pt>
<4063e4ed$0$3958$afc38c87@news.optusnet.com.au> <QKREc.73710$sj4.16525@news-server.bigpond.net.au>
newsmst01a.news.prodigy.com alt.2600.cardz:35597
castro
cazeza@sapo.pt
!:;Rl
news.dallas.sbcglobal.net
00000002
New way to get Credit Cards!
<8e2b4fff.0407180432.3f07bdf9@posting.google.com>
Re: New way to get Credit Cards!
officerdibble@fsmail.net (officerdibble)
<4063e4ed$0$3958$afc38c87@news.optusnet.com.au> <QKREc.73710$sj4.16525@news-server.bigpond.net.au> <40f9afc3$0$1803$a729d347@news.telepac.pt>
newsmst01a.news.prodigy.com alt.2600.cardz:35598
officerdibble
officerdibble@fsmail.net
news.dallas.sbcglobal.net
00000002
fuckin idiots
<8e2b4fff.0407180438.4b2dda98@posting.google.com>
fuckin idiots
officerdibble@fsmail.net (officerdibble)
newsmst01a.news.prodigy.com alt.2600.cardz:35599
officerdibble
officerdibble@fsmail.net
news.dallas.sbcglobal.net
00000002
Magnetic Stripe Encoding Problem
<1e39f62f.0407181026.2d7ef360@posting.google.com>
Re: Magnetic Stripe Encoding Problem
redbel@hotmail.com (rad-montreal)
<9284584e.0407141234.57342895@posting.google.com> <cd6pot$fav$1@inews.gazeta.pl>
newsmst01a.news.prodigy.com alt.2600.cardz:35600
rad-montreal
redbel@hotmail.com
news.dallas.sbcglobal.net
00000002
Magnetic Stripe Encoding Problem
<1e39f62f.0407181027.60553670@posting.google.com>
Re: Magnetic Stripe Encoding Problem
redbel@hotmail.com (rad-montreal)
<9284584e.0407141234.57342895@posting.google.com> <cd6pot$fav$1@inews.gazeta.pl>
newsmst01a.news.prodigy.com alt.2600.cardz:35601
rad-montreal
redbel@hotmail.com
news.dallas.sbcglobal.net
00000002
Magnetic Stripe Encoding Problem
<1e39f62f.0407181027.60553670@posting.google.com>
Re: Magnetic Stripe Encoding Problem
redbel@hotmail.com (rad-montreal)
<9284584e.0407141234.57342895@posting.google.com> <cd6pot$fav$1@inews.gazeta.pl>
newsmst01a.news.prodigy.com alt.2600.cardz:35601
rad-montreal
redbel@hotmail.com
news.dallas.sbcglobal.net
00000002
carerz partner from canada needed
<1e39f62f.0407191049.2679942a@posting.google.com>
carerz partner from canada needed
redbel@hotmail.com (rad-montreal)
newsmst01a.news.prodigy.com alt.2600.cardz:35602
rad-montreal
redbel@hotmail.com
news.dallas.sbcglobal.net
00000002
carerz partner from canada needed
<1e39f62f.0407191049.2679942a@posting.google.com>
carerz partner from canada needed
redbel@hotmail.com (rad-montreal)
newsmst01a.news.prodigy.com alt.2600.cardz:35602
rad-montreal
redbel@hotmail.com
news.dallas.sbcglobal.net
00000002
cading partner from canada needed
<1e39f62f.0407200943.36908b8c@posting.google.com>
Re: cading partner from canada needed
redbel@hotmail.com (rad-montreal)
<1e39f62f.0407191049.2679942a@posting.google.com>
newsmst01a.news.prodigy.com alt.2600.cardz:35603
rad-montreal
redbel@hotmail.com
news.dallas.sbcglobal.net
00000002
cading partner from canada needed
<1e39f62f.0407200943.36908b8c@posting.google.com>
Re: cading partner from canada needed
redbel@hotmail.com (rad-montreal)
<1e39f62f.0407191049.2679942a@posting.google.com>
newsmst01a.news.prodigy.com alt.2600.cardz:35603
rad-montreal
redbel@hotmail.com
news.dallas.sbcglobal.net
00000002
ICVerify
<WlgLc.1168182$ef4.136928@news.easynews.com>
ICVerify
"Amisima" <dh7777@counter-strike.org>
newsmst01a.news.prodigy.com alt.2600.cardz:35604
Amisima
dh7777@counter-strike.org
news.dallas.sbcglobal.net
00000002
ICVerify
<WlgLc.1168182$ef4.136928@news.easynews.com>
ICVerify
"Amisima" <dh7777@counter-strike.org>
newsmst01a.news.prodigy.com alt.2600.cardz:35604
Amisima
dh7777@counter-strike.org
news.dallas.sbcglobal.net
00000002
YWHOo
where are all the
<_syLc.6490$iK.2725@newsread2.news.atl.earthlink.net>
where are all the
"John Cronin" <gatekeeper@pipeline.com>
newsmst01a.news.prodigy.com alt.2600.cardz:35605
John Cronin
gatekeeper@pipeline.com
YWHOo
news.dallas.sbcglobal.net
00000002
Osama Found Hanged
<cdornn$e45$1@reader08.wxs.nl>
Re: Osama Found Hanged
Hans van Eynsbergen <Hans@NOSPAMhvane.cotse.net>
<J1QLc.88126$ek5.47643@pd7tw2no>
newsmst01a.news.prodigy.com alt.2600:912632 alt.2600.414:13345 alt.2600.QnA:5690 alt.2600.aol:6488 alt.2600.archangel:10664 alt.2600.cardz:35606
Hans van Eynsbergen
Hans@NOSPAMhvane.cotse.net
news.dallas.sbcglobal.net
00000002
Osama Found Hanged
<4100606f.255340687@news.west.earthlink.net>
Re: Osama Found Hanged
Crawdad@bayou.com (Yomamma bin Crawdaddin)
<J1QLc.88126$ek5.47643@pd7tw2no> <cdornn$e45$1@reader08.wxs.nl>
newsmst01a.news.prodigy.com alt.2600:912661 alt.2600.414:13346 alt.2600.QnA:5691 alt.2600.aol:6489 alt.2600.archangel:10665 alt.2600.cardz:35607
Yomamma bin Crawdaddin
Crawdad@bayou.com
news.dallas.sbcglobal.net
00000002
ccpowah
<20040723072643.15298.00000209@mb-m04.aol.com>
ccpowah
idscanz@aol.com (id  scanz)
newsmst01a.news.prodigy.com alt.2600.cardz:35608
id  scanz
idscanz@aol.com
news.dallas.sbcglobal.net
00000002
ccpowah
<20040723072643.15298.00000209@mb-m04.aol.com>
ccpowah
idscanz@aol.com (id  scanz)
newsmst01a.news.prodigy.com alt.2600.cardz:35608
id  scanz
idscanz@aol.com
news.dallas.sbcglobal.net
00000002
US and Int. PayPal's for sale
<2hr2g0h8n5k6tfufiq6npod86a55r1beuu@4ax.com>
US and Int. PayPal's for sale
Ammon-Ra <ammon-ra@ofir.dk>
newsmst01a.news.prodigy.com alt.2600.cardz:35609
Ammon-Ra
ammon-ra@ofir.dk
news.dallas.sbcglobal.net
00000002
US and Int. PayPal's for sale
<2hr2g0h8n5k6tfufiq6npod86a55r1beuu@4ax.com>
US and Int. PayPal's for sale
Ammon-Ra <ammon-ra@ofir.dk>
newsmst01a.news.prodigy.com alt.2600.cardz:35609
Ammon-Ra
ammon-ra@ofir.dk
news.dallas.sbcglobal.net
00000002
german aol axx - lol.
<20040724143519.03983.00000328@mb-m17.aol.com>
german aol axx - lol.
idscanz@aol.com (id  scanz)
newsmst01a.news.prodigy.com alt.2600.cardz:35611
id  scanz
idscanz@aol.com
news.dallas.sbcglobal.net
00000002
US and Int. PayPal's for sale
<bf9196c7.0407241811.2b3fd901@posting.google.com>
Re: US and Int. PayPal's for sale
robotjunkie39@yahoo.com (robot junkie)
<2hr2g0h8n5k6tfufiq6npod86a55r1beuu@4ax.com>
newsmst01a.news.prodigy.com alt.2600.cardz:35612
robot junkie
robotjunkie39@yahoo.com
news.dallas.sbcglobal.net
00000002
free one for al of you guts who need one HURRY HURRY MY FRIENDS
<bf9196c7.0407242240.56ee8f4e@posting.google.com>
free one for al of you guts who need one HURRY HURRY MY FRIENDS
robotjunkie39@yahoo.com (robot junkie)
newsmst01a.news.prodigy.com alt.2600.cardz:35613
robot junkie
robotjunkie39@yahoo.com
news.dallas.sbcglobal.net
00000002
free card, FULL info, working now! snatch it quick!
<a31a7b4f.0407250734.20e967@posting.google.com>
free card, FULL info, working now! snatch it quick!
yesiam@imabadlittleboy.com (take me)
newsmst01a.news.prodigy.com alt.2600.cardz:35614
take me
yesiam@imabadlittleboy.com
news.dallas.sbcglobal.net
00000002
Tutorial site
<e4039874.0407250828.72ef6b49@posting.google.com>
Tutorial site
hooboo4777@hotmail.com (AllNet2007)
newsmst01a.news.prodigy.com alt.2600.cardz:35615
AllNet2007
hooboo4777@hotmail.com
news.dallas.sbcglobal.net
00000002
DA	|r
free card, FULL info, working now! snatch it quick!
<20040725151733.23098.00002392@mb-m07.aol.com>
Re: free card, FULL info, working now! snatch it quick!
idscanz@aol.com (id  scanz)
<a31a7b4f.0407250734.20e967@posting.google.com>
newsmst01a.news.prodigy.com alt.2600.cardz:35616
id  scanz
idscanz@aol.com
DA	|r
news.dallas.sbcglobal.net
00000002
DA	|r
free card, FULL info, working now! snatch it quick!
<20040725151733.23098.00002392@mb-m07.aol.com>
Re: free card, FULL info, working now! snatch it quick!
idscanz@aol.com (id  scanz)
<a31a7b4f.0407250734.20e967@posting.google.com>
newsmst01a.news.prodigy.com alt.2600.cardz:35616
id  scanz
idscanz@aol.com
DA	|r
news.dallas.sbcglobal.net
00000002
free credit card validator and extractor
<a8ae2f79.0407261234.16245437@posting.google.com>
free credit card validator and extractor
anonymous_pal4ever@rediffmail.com (johny)
newsmst01a.news.prodigy.com alt.2600.cardz:35619
johny
anonymous_pal4ever@rediffmail.com
news.dallas.sbcglobal.net
00000002
free credit card validator and extractor - link
<a8ae2f79.0407261300.3dc6aa9e@posting.google.com>
free credit card validator and extractor - link
anonymous_pal4ever@rediffmail.com (johny)
newsmst01a.news.prodigy.com alt.2600.cardz:35620
johny
anonymous_pal4ever@rediffmail.com
news.dallas.sbcglobal.net
00000002
free credit card validator and extractor - link
<20040726183511.04194.00001915@mb-m15.aol.com>
Re: free credit card validator and extractor - link
idscanz@aol.com (id  scanz)
<a8ae2f79.0407261300.3dc6aa9e@posting.google.com>
newsmst01a.news.prodigy.com alt.2600.cardz:35621
id  scanz
idscanz@aol.com
news.dallas.sbcglobal.net
00000002
free credit card validator and extractor - link
<20040726183511.04194.00001915@mb-m15.aol.com>
Re: free credit card validator and extractor - link
idscanz@aol.com (id  scanz)
<a8ae2f79.0407261300.3dc6aa9e@posting.google.com>
newsmst01a.news.prodigy.com alt.2600.cardz:35621
id  scanz
idscanz@aol.com
news.dallas.sbcglobal.net
00000002
y;~cs
ebay accts available
<6792120d.0407261454.3a42da9b@posting.google.com>
Re: ebay accts available
bigtalker3@yahoo.com (Lincoln'smole)
<bf9196c7.0407101953.4e150177@posting.google.com> <20040711030158.12124.00001522@mb-m01.aol.com>
newsmst01a.news.prodigy.com alt.2600.cardz:35622
Lincoln'smole
bigtalker3@yahoo.com
y;~cs
news.dallas.sbcglobal.net
00000002
y;~cs
ebay accts available
<6792120d.0407261454.3a42da9b@posting.google.com>
Re: ebay accts available
bigtalker3@yahoo.com (Lincoln'smole)
<bf9196c7.0407101953.4e150177@posting.google.com> <20040711030158.12124.00001522@mb-m01.aol.com>
newsmst01a.news.prodigy.com alt.2600.cardz:35622
Lincoln'smole
bigtalker3@yahoo.com
y;~cs
news.dallas.sbcglobal.net
00000002
Extractor - Everyone are fooling. Here is a correct link to a password protected extractor with login details
<38d3c9bf.0407270034.18e05591@posting.google.com>
Extractor - Everyone are fooling. Here is a correct link to a password protected extractor with login details
hoger_ivan@yahoo.com (Hoger4Help)
newsmst01a.news.prodigy.com alt.2600.cardz:35625
Hoger4Help
hoger_ivan@yahoo.com
news.dallas.sbcglobal.net
00000002
Extractor - Everyone are fooling. Here is a correct link to a password protected extractor with login details
<38d3c9bf.0407270034.18e05591@posting.google.com>
Extractor - Everyone are fooling. Here is a correct link to a password protected extractor with login details
hoger_ivan@yahoo.com (Hoger4Help)
newsmst01a.news.prodigy.com alt.2600.cardz:35625
Hoger4Help
hoger_ivan@yahoo.com
news.dallas.sbcglobal.net
00000002
free card, FULL info, working now! snatch it quick!
<b5963dae.0407270851.6f255deb@posting.google.com>
Re: free card, FULL info, working now! snatch it quick!
igorv@medianis.net (fingaup)
<a31a7b4f.0407250734.20e967@posting.google.com> <20040725151733.23098.00002392@mb-m07.aol.com>
newsmst01a.news.prodigy.com alt.2600.cardz:35627
fingaup
igorv@medianis.net
news.dallas.sbcglobal.net
00000002
free card, FULL info, working now! snatch it quick!
<20040727130818.15107.00000758@mb-m02.aol.com>
Re: free card, FULL info, working now! snatch it quick!
idscanz@aol.com (id  scanz)
<b5963dae.0407270851.6f255deb@posting.google.com>
newsmst01a.news.prodigy.com alt.2600.cardz:35628
id  scanz
idscanz@aol.com
news.dallas.sbcglobal.net
00000002
free card, FULL info, working now! snatch it quick!
<20040727130818.15107.00000758@mb-m02.aol.com>
Re: free card, FULL info, working now! snatch it quick!
idscanz@aol.com (id  scanz)
<b5963dae.0407270851.6f255deb@posting.google.com>
newsmst01a.news.prodigy.com alt.2600.cardz:35628
id  scanz
idscanz@aol.com
news.dallas.sbcglobal.net
00000002
merchant number
<y%%Nc.1387$Jp6.1244@newsread3.news.atl.earthlink.net>
merchant number
"John Cronin" <gatekeeper@pipeline.com>
newsmst01a.news.prodigy.com alt.2600.cardz:35631
John Cronin
gatekeeper@pipeline.com
news.dallas.sbcglobal.net
00000002
merchant number
<y%%Nc.1387$Jp6.1244@newsread3.news.atl.earthlink.net>
merchant number
"John Cronin" <gatekeeper@pipeline.com>
newsmst01a.news.prodigy.com alt.2600.cardz:35631
John Cronin
gatekeeper@pipeline.com
news.dallas.sbcglobal.net
00000002
Ladies and Gentelmen,
<cee7r7$15p$1@atlantis.news.tpi.pl>
Ladies and Gentelmen,
"Irena Talik" <andrzejfronc@neostrada.pl>
newsmst01a.news.prodigy.com alt.2600.cardz:35635
Irena Talik
andrzejfronc@neostrada.pl
news.dallas.sbcglobal.net
00000002
Ladies and Gentelmen,
<cee7r7$15p$1@atlantis.news.tpi.pl>
Ladies and Gentelmen,
"Irena Talik" <andrzejfronc@neostrada.pl>
newsmst01a.news.prodigy.com alt.2600.cardz:35635
Irena Talik
andrzejfronc@neostrada.pl
news.dallas.sbcglobal.net
00000002
Millionaire
<a5a0c6b0.0407301533.4bc9720a@posting.google.com>
Millionaire
marshall_hendrix2002@yahoo.com (Marshall Hendrix)
newsmst01a.news.prodigy.com alt.1d:85350 alt.23is.strange:5281 alt.2600.cardz:35636
Marshall Hendrix
marshall_hendrix2002@yahoo.com
news.dallas.sbcglobal.net
00000002
Business School
<b16a8cac.0408010611.15a77dec@posting.google.com>
Business School
rachel_choi8@hotmail.com (Rachel)
newsmst01a.news.prodigy.com alt.1d:85360 alt.23is.strange:5291 alt.2600.cardz:35639
Rachel
rachel_choi8@hotmail.com
news.dallas.sbcglobal.net
00000002
Business School
<b16a8cac.0408010611.15a77dec@posting.google.com>
Business School
rachel_choi8@hotmail.com (Rachel)
newsmst01a.news.prodigy.com alt.1d:85360 alt.23is.strange:5291 alt.2600.cardz:35639
Rachel
rachel_choi8@hotmail.com
news.dallas.sbcglobal.net
00000002
Being AVERAGE is like being BURIED ALIVED!
<69a57ec2.0408012051.497d0635@posting.google.com>
Being AVERAGE is like being BURIED ALIVED!
todayswebwealth@yahoo.com (James)
newsmst01a.news.prodigy.com alt.1d:85361 alt.23is.strange:5292 alt.2600.cardz:35640
James
todayswebwealth@yahoo.com
news.dallas.sbcglobal.net
00000002
Being AVERAGE is like being BURIED ALIVED!
<69a57ec2.0408012051.497d0635@posting.google.com>
Being AVERAGE is like being BURIED ALIVED!
todayswebwealth@yahoo.com (James)
newsmst01a.news.prodigy.com alt.1d:85361 alt.23is.strange:5292 alt.2600.cardz:35640
James
todayswebwealth@yahoo.com
news.dallas.sbcglobal.net
00000002
TjLx
Being AVERAGE is like being BURIED ALIVED!
<69a57ec2.0408012051.1446a734@posting.google.com>
Being AVERAGE is like being BURIED ALIVED!
todayswebwealth@yahoo.com (James)
newsmst01a.news.prodigy.com alt.1d:85362 alt.23is.strange:5293 alt.2600.cardz:35641
James
todayswebwealth@yahoo.com
TjLx
news.dallas.sbcglobal.net
00000002
TjLx
Being AVERAGE is like being BURIED ALIVED!
<69a57ec2.0408012051.1446a734@posting.google.com>
Being AVERAGE is like being BURIED ALIVED!
todayswebwealth@yahoo.com (James)
newsmst01a.news.prodigy.com alt.1d:85362 alt.23is.strange:5293 alt.2600.cardz:35641
James
todayswebwealth@yahoo.com
TjLx
news.dallas.sbcglobal.net
00000002
Merchant accounts for sale...
<a8ae2f79.0408020119.892b335@posting.google.com>
Merchant accounts for sale...
anonymous_pal4ever@rediffmail.com (Hoger4Help)
newsmst01a.news.prodigy.com alt.2600.cardz:35642
Hoger4Help
anonymous_pal4ever@rediffmail.com
news.dallas.sbcglobal.net
00000002
Merchant accounts for sale...
<a8ae2f79.0408020119.892b335@posting.google.com>
Merchant accounts for sale...
anonymous_pal4ever@rediffmail.com (Hoger4Help)
newsmst01a.news.prodigy.com alt.2600.cardz:35642
Hoger4Help
anonymous_pal4ever@rediffmail.com
news.dallas.sbcglobal.net
00000002
Merchant accounts for sale...
<a8ae2f79.0408020121.77096a10@posting.google.com>
Merchant accounts for sale...
anonymous_pal4ever@rediffmail.com (Hoger4Help)
newsmst01a.news.prodigy.com alt.2600.cardz:35643
Hoger4Help
anonymous_pal4ever@rediffmail.com
news.dallas.sbcglobal.net
00000002
Merchant accounts for sale...
<a8ae2f79.0408020121.77096a10@posting.google.com>
Merchant accounts for sale...
anonymous_pal4ever@rediffmail.com (Hoger4Help)
newsmst01a.news.prodigy.com alt.2600.cardz:35643
Hoger4Help
anonymous_pal4ever@rediffmail.com
news.dallas.sbcglobal.net
00000002
Being AVERAGE is like being BURIED ALIVED!
<PGWPc.2181$rM6.1800@trndny03>
Re: Being AVERAGE is like being BURIED ALIVED!
"HOT SWING" <SWING@verizon.net>
<69a57ec2.0408012051.497d0635@posting.google.com>
newsmst01a.news.prodigy.com alt.1d:85373 alt.23is.strange:5295 alt.2600.cardz:35644
HOT SWING
SWING@verizon.net
news.dallas.sbcglobal.net
00000002
Being AVERAGE is like being BURIED ALIVED!
<PGWPc.2181$rM6.1800@trndny03>
Re: Being AVERAGE is like being BURIED ALIVED!
"HOT SWING" <SWING@verizon.net>
<69a57ec2.0408012051.497d0635@posting.google.com>
newsmst01a.news.prodigy.com alt.1d:85373 alt.23is.strange:5295 alt.2600.cardz:35644
HOT SWING
SWING@verizon.net
news.dallas.sbcglobal.net
00000002
Business School
<SGWPc.453$Iu3.175@nwrdny02.gnilink.net>
Re: Business School
"HOT SWING" <SWING@verizon.net>
<b16a8cac.0408010611.15a77dec@posting.google.com>
newsmst01a.news.prodigy.com alt.1d:85374 alt.23is.strange:5296 alt.2600.cardz:35645
HOT SWING
SWING@verizon.net
news.dallas.sbcglobal.net
00000002
Business School
<SGWPc.453$Iu3.175@nwrdny02.gnilink.net>
Re: Business School
"HOT SWING" <SWING@verizon.net>
<b16a8cac.0408010611.15a77dec@posting.google.com>
newsmst01a.news.prodigy.com alt.1d:85374 alt.23is.strange:5296 alt.2600.cardz:35645
HOT SWING
SWING@verizon.net
news.dallas.sbcglobal.net
00000002
Hundreds of easy cards.
<78994229.0408041158.2a8ea15@posting.google.com>
Hundreds of easy cards.
dr_fleks@yahoo.com (Dr.Flex)
newsmst01a.news.prodigy.com alt.2600.cardz:35647
Dr.Flex
dr_fleks@yahoo.com
news.dallas.sbcglobal.net
00000002
Hundreds of easy cards.
<78994229.0408041158.2a8ea15@posting.google.com>
Hundreds of easy cards.
dr_fleks@yahoo.com (Dr.Flex)
newsmst01a.news.prodigy.com alt.2600.cardz:35647
Dr.Flex
dr_fleks@yahoo.com
news.dallas.sbcglobal.net
00000002
[VPASP] Encrypted .mdb's
<20040805040938.26080.00001338@mb-m28.aol.com>
[VPASP] Encrypted .mdb's
idscanz@aol.com (id  scanz)
newsmst01a.news.prodigy.com alt.2600.cardz:35648
id  scanz
idscanz@aol.com
news.dallas.sbcglobal.net
00000002
[VPASP] Encrypted .mdb's
<20040805040938.26080.00001338@mb-m28.aol.com>
[VPASP] Encrypted .mdb's
idscanz@aol.com (id  scanz)
newsmst01a.news.prodigy.com alt.2600.cardz:35648
id  scanz
idscanz@aol.com
news.dallas.sbcglobal.net
00000002
God is Evil, Satan is Good! PROOF
<165ac34a.0408051605.49c8091c@posting.google.com>
God is Evil, Satan is Good! PROOF
powerpulse@myway.com (powerpulse)
newsmst01a.news.prodigy.com alt.2600.cardz:35649
powerpulse
powerpulse@myway.com
news.dallas.sbcglobal.net
00000002
God is Evil, Satan is Good! PROOF
<165ac34a.0408051605.49c8091c@posting.google.com>
God is Evil, Satan is Good! PROOF
powerpulse@myway.com (powerpulse)
newsmst01a.news.prodigy.com alt.2600.cardz:35649
powerpulse
powerpulse@myway.com
news.dallas.sbcglobal.net
00000002
Feng Shui products from our exclusive Feng Shui Parlour delivered free at your doorstep
<e6bce9a5.0408060748.45d60fb@posting.google.com>
Feng Shui products from our exclusive Feng Shui Parlour delivered free at your doorstep
amit_pardeshi007@rediffmail.com (Amit Pardeshi)
newsmst01a.news.prodigy.com alt.2600.cardz:35650
Amit Pardeshi
amit_pardeshi007@rediffmail.com
news.dallas.sbcglobal.net
00000002
Feng Shui products from our exclusive Feng Shui Parlour delivered free at your doorstep
<98e7bc7e.0408071013.7966e9a6@posting.google.com>
Re: Feng Shui products from our exclusive Feng Shui Parlour delivered free at your doorstep
targetmarketing@btopenworld.com (Teflon)
<e6bce9a5.0408060748.45d60fb@posting.google.com>
newsmst01a.news.prodigy.com alt.2600.cardz:35651
Teflon
targetmarketing@btopenworld.com
news.dallas.sbcglobal.net
00000002
What I can get you
<n57dh0post8vjktiis8ia599a9hd47v159@4ax.com>
What I can get you
Ammon-Ra <ammon-ra@ofir.dk>
newsmst01a.news.prodigy.com alt.2600.cardz:35653
Ammon-Ra
ammon-ra@ofir.dk
news.dallas.sbcglobal.net
00000002
CVVS
<35884d4d.0408090935.70e8821f@posting.google.com>
CVVS
knapps16@yahoo.com (Lord Zee)
newsmst01a.news.prodigy.com alt.2600.cardz:35656
Lord Zee
knapps16@yahoo.com
news.dallas.sbcglobal.net
00000002
CVVS
<35884d4d.0408090935.70e8821f@posting.google.com>
CVVS
knapps16@yahoo.com (Lord Zee)
newsmst01a.news.prodigy.com alt.2600.cardz:35656
Lord Zee
knapps16@yahoo.com
news.dallas.sbcglobal.net
00000002
CVVS
<20040810221758.28913.00001018@mb-m26.aol.com>
Re: CVVS
com2die@aol.com (com   2   die)
<35884d4d.0408090935.70e8821f@posting.google.com>
newsmst01a.news.prodigy.com alt.2600.cardz:35658
com   2   die
com2die@aol.com
news.dallas.sbcglobal.net
00000002
CVVS
<20040810221758.28913.00001018@mb-m26.aol.com>
Re: CVVS
com2die@aol.com (com   2   die)
<35884d4d.0408090935.70e8821f@posting.google.com>
newsmst01a.news.prodigy.com alt.2600.cardz:35658
com   2   die
com2die@aol.com
news.dallas.sbcglobal.net
00000002
CVVS
<cfcrnn$kpc$1@inews.gazeta.pl>
Re: CVVS
"Mereth" <mereth@wp.pl>
<35884d4d.0408090935.70e8821f@posting.google.com>
newsmst01a.news.prodigy.com alt.2600.cardz:35659
Mereth
mereth@wp.pl
news.dallas.sbcglobal.net
00000002
CVVS
<cfcrnn$kpc$1@inews.gazeta.pl>
Re: CVVS
"Mereth" <mereth@wp.pl>
<35884d4d.0408090935.70e8821f@posting.google.com>
newsmst01a.news.prodigy.com alt.2600.cardz:35659
Mereth
mereth@wp.pl
news.dallas.sbcglobal.net
00000002
CVVS
<bf9196c7.0408111537.34c37ae4@posting.google.com>
Re: CVVS
robotjunkie39@yahoo.com (robot junkie)
<35884d4d.0408090935.70e8821f@posting.google.com> <cfcrnn$kpc$1@inews.gazeta.pl>
newsmst01a.news.prodigy.com alt.2600.cardz:35660
robot junkie
robotjunkie39@yahoo.com
news.dallas.sbcglobal.net
00000002
CVVS
<bf9196c7.0408111537.34c37ae4@posting.google.com>
Re: CVVS
robotjunkie39@yahoo.com (robot junkie)
<35884d4d.0408090935.70e8821f@posting.google.com> <cfcrnn$kpc$1@inews.gazeta.pl>
newsmst01a.news.prodigy.com alt.2600.cardz:35660
robot junkie
robotjunkie39@yahoo.com
news.dallas.sbcglobal.net
00000002
Need a webcertificate/ will pay/trade or???
<bf9196c7.0408111539.59091d56@posting.google.com>
Need a webcertificate/ will pay/trade or???
robotjunkie39@yahoo.com (robot junkie)
newsmst01a.news.prodigy.com alt.2600.cardz:35661
robot junkie
robotjunkie39@yahoo.com
news.dallas.sbcglobal.net
00000002
Need a webcertificate/ will pay/trade or???
<bf9196c7.0408111539.59091d56@posting.google.com>
Need a webcertificate/ will pay/trade or???
robotjunkie39@yahoo.com (robot junkie)
newsmst01a.news.prodigy.com alt.2600.cardz:35661
robot junkie
robotjunkie39@yahoo.com
news.dallas.sbcglobal.net
00000002
Extreme cheap Cvv2
<ttgmh0h2146561b94be0vri20ad0rk4ikd@4ax.com>
Extreme cheap Cvv2
Ammon-Ra <ammon-ra@ofir.dk>
newsmst01a.news.prodigy.com alt.2600.cardz:35662
Ammon-Ra
ammon-ra@ofir.dk
news.dallas.sbcglobal.net
00000002
Extreme cheap Cvv2
<ttgmh0h2146561b94be0vri20ad0rk4ikd@4ax.com>
Extreme cheap Cvv2
Ammon-Ra <ammon-ra@ofir.dk>
newsmst01a.news.prodigy.com alt.2600.cardz:35662
Ammon-Ra
ammon-ra@ofir.dk
news.dallas.sbcglobal.net
00000002
More CVVs from Zee
<35884d4d.0408130350.47b79600@posting.google.com>
More CVVs from Zee
knapps16@yahoo.com (Lord Zee)
newsmst01a.news.prodigy.com alt.2600.cardz:35665
Lord Zee
knapps16@yahoo.com
news.dallas.sbcglobal.net
00000002
More CVVs from Zee
<35884d4d.0408130350.47b79600@posting.google.com>
More CVVs from Zee
knapps16@yahoo.com (Lord Zee)
newsmst01a.news.prodigy.com alt.2600.cardz:35665
Lord Zee
knapps16@yahoo.com
news.dallas.sbcglobal.net
00000002
Full Profiles with 700 up credit scores + Ebay accounts with 50+ Feedback for Sale
<176dfea4.0408132115.6b54086a@posting.google.com>
Full Profiles with 700 up credit scores + Ebay accounts with 50+ Feedback for Sale
swq04@yahoo.com (EightBalleR)
newsmst01a.news.prodigy.com alt.2600.cardz:35667
EightBalleR
swq04@yahoo.com
news.dallas.sbcglobal.net
00000002
Full Profiles with 700 up credit scores + Ebay accounts with 50+ Feedback for Sale
<176dfea4.0408132115.6b54086a@posting.google.com>
Full Profiles with 700 up credit scores + Ebay accounts with 50+ Feedback for Sale
swq04@yahoo.com (EightBalleR)
newsmst01a.news.prodigy.com alt.2600.cardz:35667
EightBalleR
swq04@yahoo.com
news.dallas.sbcglobal.net
00000002
Full Profiles with 700 up credit scores + Ebay accounts with 50+ Feedback for Sale
<176dfea4.0408132116.539c817e@posting.google.com>
Full Profiles with 700 up credit scores + Ebay accounts with 50+ Feedback for Sale
swq04@yahoo.com (EightBalleR)
newsmst01a.news.prodigy.com alt.2600.cardz:35668
EightBalleR
swq04@yahoo.com
news.dallas.sbcglobal.net
00000002
Full Profiles with 700 up credit scores + Ebay accounts with 50+ Feedback for Sale
<176dfea4.0408132116.539c817e@posting.google.com>
Full Profiles with 700 up credit scores + Ebay accounts with 50+ Feedback for Sale
swq04@yahoo.com (EightBalleR)
newsmst01a.news.prodigy.com alt.2600.cardz:35668
EightBalleR
swq04@yahoo.com
news.dallas.sbcglobal.net
00000002
More CVVs from Zee
<752d832d.0408132155.569c157a@posting.google.com>
Re: More CVVs from Zee
lc20@rediffmail.com (lone crusader)
<35884d4d.0408130350.47b79600@posting.google.com>
newsmst01a.news.prodigy.com alt.2600.cardz:35669
lone crusader
lc20@rediffmail.com
news.dallas.sbcglobal.net
00000002
More CVVs from Zee
<752d832d.0408132155.569c157a@posting.google.com>
Re: More CVVs from Zee
lc20@rediffmail.com (lone crusader)
<35884d4d.0408130350.47b79600@posting.google.com>
newsmst01a.news.prodigy.com alt.2600.cardz:35669
lone crusader
lc20@rediffmail.com
news.dallas.sbcglobal.net
00000002
More CVVs from Zee
<b5963dae.0408140325.6338086c@posting.google.com>
Re: More CVVs from Zee
igorv@medianis.net (fingaup)
<35884d4d.0408130350.47b79600@posting.google.com>
newsmst01a.news.prodigy.com alt.2600.cardz:35670
fingaup
igorv@medianis.net
news.dallas.sbcglobal.net
00000002
More CVVs from Zee
<b5963dae.0408140325.6338086c@posting.google.com>
Re: More CVVs from Zee
igorv@medianis.net (fingaup)
<35884d4d.0408130350.47b79600@posting.google.com>
newsmst01a.news.prodigy.com alt.2600.cardz:35670
fingaup
igorv@medianis.net
news.dallas.sbcglobal.net
00000002
More CVVs from Zee
<20040814202802.04751.00001333@mb-m12.aol.com>
Re: More CVVs from Zee
com2die@aol.com (com   2   die)
<b5963dae.0408140325.6338086c@posting.google.com>
newsmst01a.news.prodigy.com alt.2600.cardz:35671
com   2   die
com2die@aol.com
news.dallas.sbcglobal.net
00000002
More CVVs from Zee
<20040814202802.04751.00001333@mb-m12.aol.com>
Re: More CVVs from Zee
com2die@aol.com (com   2   die)
<b5963dae.0408140325.6338086c@posting.google.com>
newsmst01a.news.prodigy.com alt.2600.cardz:35671
com   2   die
com2die@aol.com
news.dallas.sbcglobal.net
00000002
Want To Generate $$ 10,000 In 30 Days...
<39abfe74.0408151044.397b4c85@posting.google.com>
Want To Generate $$ 10,000 In 30 Days...
logaritmo50@hotmail.com (Logan Alcantara)
newsmst01a.news.prodigy.com alt.2600.cardz:35672
Logan Alcantara
logaritmo50@hotmail.com
news.dallas.sbcglobal.net
00000002
Want To Generate $$ 10,000 In 30 Days...
<39abfe74.0408151044.397b4c85@posting.google.com>
Want To Generate $$ 10,000 In 30 Days...
logaritmo50@hotmail.com (Logan Alcantara)
newsmst01a.news.prodigy.com alt.2600.cardz:35672
Logan Alcantara
logaritmo50@hotmail.com
news.dallas.sbcglobal.net
00000002
0m;j
Feng Shui products from our exclusive Feng Shui Parlour delivered free at your doorstep
<fed2647b.0408160022.56e9b975@posting.google.com>
Feng Shui products from our exclusive Feng Shui Parlour delivered free at your doorstep
smart2033@rediffmail.com (Smart2033)
newsmst01a.news.prodigy.com alt.2600.cardz:35673
Smart2033
smart2033@rediffmail.com
0m;j
news.dallas.sbcglobal.net
00000002
0m;j
Feng Shui products from our exclusive Feng Shui Parlour delivered free at your doorstep
<fed2647b.0408160022.56e9b975@posting.google.com>
Feng Shui products from our exclusive Feng Shui Parlour delivered free at your doorstep
smart2033@rediffmail.com (Smart2033)
newsmst01a.news.prodigy.com alt.2600.cardz:35673
Smart2033
smart2033@rediffmail.com
0m;j
news.dallas.sbcglobal.net
00000002
More CVVs from Zee
<2393dffb.0408170628.465d3631@posting.google.com>
Re: More CVVs from Zee
hamman57@yahoo.com (Mixx)
<b5963dae.0408140325.6338086c@posting.google.com> <20040814202802.04751.00001333@mb-m12.aol.com>
newsmst01a.news.prodigy.com alt.2600.cardz:35674
Mixx
hamman57@yahoo.com
news.dallas.sbcglobal.net
00000002
More CVVs from Zee
<2393dffb.0408170628.465d3631@posting.google.com>
Re: More CVVs from Zee
hamman57@yahoo.com (Mixx)
<b5963dae.0408140325.6338086c@posting.google.com> <20040814202802.04751.00001333@mb-m12.aol.com>
newsmst01a.news.prodigy.com alt.2600.cardz:35674
Mixx
hamman57@yahoo.com
news.dallas.sbcglobal.net
00000002
Opinion for cash - learn more - US, UK, CA, Europe, Asia, Caribbean, Africa
<707d18fe.0408170823.5c04da8d@posting.google.com>
Opinion for cash - learn more - US, UK, CA, Europe, Asia, Caribbean, Africa
janet_reese2@hotmail.com (Janet Reese)
newsmst01a.news.prodigy.com alt.2600.cardz:35675
Janet Reese
janet_reese2@hotmail.com
news.dallas.sbcglobal.net
00000002
More CVVs from Zee
<20040817161926.22984.00003786@mb-m07.aol.com>
Re: More CVVs from Zee
com2die@aol.com (com   2   die)
<2393dffb.0408170628.465d3631@posting.google.com>
newsmst01a.news.prodigy.com alt.2600.cardz:35676
com   2   die
com2die@aol.com
news.dallas.sbcglobal.net
00000002
More CVVs from Zee
<20040817161926.22984.00003786@mb-m07.aol.com>
Re: More CVVs from Zee
com2die@aol.com (com   2   die)
<2393dffb.0408170628.465d3631@posting.google.com>
newsmst01a.news.prodigy.com alt.2600.cardz:35676
com   2   die
com2die@aol.com
news.dallas.sbcglobal.net
00000002
This girl needs to know her social is online
<rjq4i0hpruquc42tm044qieb9rkb4pg8p0@4ax.com>
This girl needs to know her social is online
doc@doc
newsmst01a.news.prodigy.com alt.2600.cardz:35677
doc@doc
doc@doc
news.dallas.sbcglobal.net
00000002
This girl needs to know her social is online
<rjq4i0hpruquc42tm044qieb9rkb4pg8p0@4ax.com>
This girl needs to know her social is online
doc@doc
newsmst01a.news.prodigy.com alt.2600.cardz:35677
doc@doc
doc@doc
news.dallas.sbcglobal.net
00000002
FUN MUSIC
<8cccf207.0408172051.134beea4@posting.google.com>
FUN MUSIC
m4bv010@yahoo.com (bvrep)
newsmst01a.news.prodigy.com alt.2600.cardz:35678
bvrep
m4bv010@yahoo.com
news.dallas.sbcglobal.net
00000002
free card, FULL info, working now! snatch it quick!
<W7SUc.57$F7.31@news-server.bigpond.net.au>
Re: free card, FULL info, working now! snatch it quick!
"Yvonne Francis" <mapafoot@bigpond.com>
<a31a7b4f.0407250734.20e967@posting.google.com>
newsmst01a.news.prodigy.com alt.2600.cardz:35679
Yvonne Francis
mapafoot@bigpond.com
news.dallas.sbcglobal.net
00000002
free card, FULL info, working now! snatch it quick!
<W7SUc.57$F7.31@news-server.bigpond.net.au>
Re: free card, FULL info, working now! snatch it quick!
"Yvonne Francis" <mapafoot@bigpond.com>
<a31a7b4f.0407250734.20e967@posting.google.com>
newsmst01a.news.prodigy.com alt.2600.cardz:35679
Yvonne Francis
mapafoot@bigpond.com
news.dallas.sbcglobal.net
00000002
AD BLASTER $3500 weekly!
<31a209ea.0408191239.803fc4@posting.google.com>
AD BLASTER $3500 weekly!
jayd_jd@yahoo.com (Jayde)
newsmst01a.news.prodigy.com alt.2600.cardz:35681
Jayde
jayd_jd@yahoo.com
news.dallas.sbcglobal.net
00000002
AD BLASTER $3500 weekly!
<31a209ea.0408191239.803fc4@posting.google.com>
AD BLASTER $3500 weekly!
jayd_jd@yahoo.com (Jayde)
newsmst01a.news.prodigy.com alt.2600.cardz:35681
Jayde
jayd_jd@yahoo.com
news.dallas.sbcglobal.net
00000002
free card, FULL info, working now! snatch it quick!
<e8f3f107.0408191248.1693e18f@posting.google.com>
Re: free card, FULL info, working now! snatch it quick!
regalyke@yahoo.com (Regal)
<a31a7b4f.0407250734.20e967@posting.google.com> <W7SUc.57$F7.31@news-server.bigpond.net.au>
newsmst01a.news.prodigy.com alt.2600.cardz:35682
Regal
regalyke@yahoo.com
news.dallas.sbcglobal.net
00000002
free card, FULL info, working now! snatch it quick!
<e8f3f107.0408191248.1693e18f@posting.google.com>
Re: free card, FULL info, working now! snatch it quick!
regalyke@yahoo.com (Regal)
<a31a7b4f.0407250734.20e967@posting.google.com> <W7SUc.57$F7.31@news-server.bigpond.net.au>
newsmst01a.news.prodigy.com alt.2600.cardz:35682
Regal
regalyke@yahoo.com
news.dallas.sbcglobal.net
00000002
free card, FULL info, working now! snatch it quick!
<20040819171413.29244.00001280@mb-m19.aol.com>
Re: free card, FULL info, working now! snatch it quick!
totalterror@aol.com (TOTAL     TERROR)
<e8f3f107.0408191248.1693e18f@posting.google.com>
newsmst01a.news.prodigy.com alt.2600.cardz:35683
TOTAL     TERROR
totalterror@aol.com
news.dallas.sbcglobal.net
00000002
free card, FULL info, working now! snatch it quick!
<20040819171413.29244.00001280@mb-m19.aol.com>
Re: free card, FULL info, working now! snatch it quick!
totalterror@aol.com (TOTAL     TERROR)
<e8f3f107.0408191248.1693e18f@posting.google.com>
newsmst01a.news.prodigy.com alt.2600.cardz:35683
TOTAL     TERROR
totalterror@aol.com
news.dallas.sbcglobal.net
00000002
free card, FULL info, working now! snatch it quick!
<WaaVc.3156$2L3.1460@newsread3.news.atl.earthlink.net>
Re: free card, FULL info, working now! snatch it quick!
"Chucky" <c.sharpe@earthlink.net>
<e8f3f107.0408191248.1693e18f@posting.google.com> <20040819171413.29244.00001280@mb-m19.aol.com>
newsmst01a.news.prodigy.com alt.2600.cardz:35684
Chucky
c.sharpe@earthlink.net
news.dallas.sbcglobal.net
00000002
ALL CARDERS: READ THIS
<R2fVc.3688$2L3.433@newsread3.news.atl.earthlink.net>
ALL CARDERS: READ THIS
"Chucky" <c.sharpe@earthlink.net>
newsmst01a.news.prodigy.com alt.2600.cardz:35685
Chucky
c.sharpe@earthlink.net
news.dallas.sbcglobal.net
00000002
ALL CARDERS: READ THIS
<R2fVc.3688$2L3.433@newsread3.news.atl.earthlink.net>
ALL CARDERS: READ THIS
"Chucky" <c.sharpe@earthlink.net>
newsmst01a.news.prodigy.com alt.2600.cardz:35685
Chucky
c.sharpe@earthlink.net
news.dallas.sbcglobal.net
00000002
free card, FULL info, working now! snatch it quick!
<yWiVc.3767$2L3.1220@newsread3.news.atl.earthlink.net>
Re: free card, FULL info, working now! snatch it quick!
"Chucky" <c.sharpe@earthlink.net>
<e8f3f107.0408191248.1693e18f@posting.google.com> <20040819171413.29244.00001280@mb-m19.aol.com> <WaaVc.3156$2L3.1460@newsread3.news.atl.earthlink.net>
newsmst01a.news.prodigy.com alt.2600.cardz:35686
Chucky
c.sharpe@earthlink.net
news.dallas.sbcglobal.net
00000002
