d/d 3671-144-7:	Documents and Settings
d/d 3673-144-7:	Documents and Settings/All Users
d/d 3707-144-7:	Documents and Settings/All Users/Application Data
d/d 3708-144-7:	Documents and Settings/All Users/Application Data/Microsoft
d/d 3709-144-1:	Documents and Settings/All Users/Application Data/Microsoft/Crypto
d/d 3712-144-1:	Documents and Settings/All Users/Application Data/Microsoft/Crypto/DSS
d/d 3713-144-1:	Documents and Settings/All Users/Application Data/Microsoft/Crypto/DSS/MachineKeys
d/d 3710-144-1:	Documents and Settings/All Users/Application Data/Microsoft/Crypto/RSA
d/d 3711-144-1:	Documents and Settings/All Users/Application Data/Microsoft/Crypto/RSA/MachineKeys
d/d 10977-144-1:	Documents and Settings/All Users/Application Data/Microsoft/Dr Watson
d/d 7325-144-1:	Documents and Settings/All Users/Application Data/Microsoft/HTML Help
d/d 7287-144-7:	Documents and Settings/All Users/Application Data/Microsoft/Media Index
d/d 4759-144-1:	Documents and Settings/All Users/Application Data/Microsoft/Network
d/d 4762-144-1:	Documents and Settings/All Users/Application Data/Microsoft/Network/Connections
d/d 4763-144-1:	Documents and Settings/All Users/Application Data/Microsoft/Network/Connections/Pbk
d/d 5663-144-7:	Documents and Settings/All Users/Application Data/Microsoft/User Account Pictures
d/d 5664-144-7:	Documents and Settings/All Users/Application Data/Microsoft/User Account Pictures/Default Pictures
d/d 3793-144-1:	Documents and Settings/All Users/Desktop
d/d 3803-144-7:	Documents and Settings/All Users/Documents
d/d 5515-144-7:	Documents and Settings/All Users/Documents/My Music
d/d 5723-144-7:	Documents and Settings/All Users/Documents/My Music/Sample Music
d/d 5510-144-1:	Documents and Settings/All Users/Documents/My Pictures
d/d 5718-144-7:	Documents and Settings/All Users/Documents/My Pictures/Sample Pictures
d/d 6334-144-1:	Documents and Settings/All Users/DRM
d/d 3802-144-1:	Documents and Settings/All Users/Favorites
d/d 3794-144-7:	Documents and Settings/All Users/Start Menu
d/d 3796-144-6:	Documents and Settings/All Users/Start Menu/Programs
d/d 4769-144-7:	Documents and Settings/All Users/Start Menu/Programs/Accessories
d/d 5481-144-7:	Documents and Settings/All Users/Start Menu/Programs/Accessories/Accessibility
d/d 4770-144-7:	Documents and Settings/All Users/Start Menu/Programs/Accessories/Communications
d/d 5477-144-7:	Documents and Settings/All Users/Start Menu/Programs/Accessories/Entertainment
d/d 5472-144-7:	Documents and Settings/All Users/Start Menu/Programs/Accessories/System Tools
d/d 5459-144-7:	Documents and Settings/All Users/Start Menu/Programs/Administrative Tools
d/d 12241-144-5:	Documents and Settings/All Users/Start Menu/Programs/Ethereal
d/d 9984-144-6:	Documents and Settings/All Users/Start Menu/Programs/Faber Toys
d/d 5484-144-6:	Documents and Settings/All Users/Start Menu/Programs/Games
d/d 10111-144-1:	Documents and Settings/All Users/Start Menu/Programs/GlobalSCAPE
d/d 10112-144-5:	Documents and Settings/All Users/Start Menu/Programs/GlobalSCAPE/CuteFTP
d/d 10126-144-5:	Documents and Settings/All Users/Start Menu/Programs/GlobalSCAPE/CuteHTML
d/d 11777-144-5:	Documents and Settings/All Users/Start Menu/Programs/Look@LAN
d/d 10072-144-5:	Documents and Settings/All Users/Start Menu/Programs/mIRC
d/d 10173-144-6:	Documents and Settings/All Users/Start Menu/Programs/Powertoys for Windows XP
d/d 3798-144-1:	Documents and Settings/All Users/Start Menu/Programs/Startup
d/d 3801-144-1:	Documents and Settings/All Users/Templates
d/d 3672-144-9:	Documents and Settings/Default User
d/d 3714-144-7:	Documents and Settings/Default User/Application Data
d/d 3715-144-7:	Documents and Settings/Default User/Application Data/Microsoft
d/d 687-144-1:	Documents and Settings/Default User/Application Data/Microsoft/Internet Explorer
d/d 3716-144-1:	Documents and Settings/Default User/Application Data/Microsoft/SystemCertificates
d/d 3717-144-6:	Documents and Settings/Default User/Application Data/Microsoft/SystemCertificates/My
d/d 3718-144-1:	Documents and Settings/Default User/Application Data/Microsoft/SystemCertificates/My/Certificates
d/d 3719-144-1:	Documents and Settings/Default User/Application Data/Microsoft/SystemCertificates/My/CRLs
d/d 3720-144-1:	Documents and Settings/Default User/Application Data/Microsoft/SystemCertificates/My/CTLs
d/d 3772-144-1:	Documents and Settings/Default User/Cookies
d/d 3773-144-1:	Documents and Settings/Default User/Desktop
d/d 3774-144-1:	Documents and Settings/Default User/Favorites
d/d 3787-144-7:	Documents and Settings/Default User/Local Settings
d/d 3789-144-1:	Documents and Settings/Default User/Local Settings/Application Data
d/d 3791-144-1:	Documents and Settings/Default User/Local Settings/History
d/d 6608-144-1:	Documents and Settings/Default User/Local Settings/History/History.IE5
d/d 3792-144-1:	Documents and Settings/Default User/Local Settings/Temp
d/d 3790-144-1:	Documents and Settings/Default User/Local Settings/Temporary Internet Files
d/d 6596-144-6:	Documents and Settings/Default User/Local Settings/Temporary Internet Files/Content.IE5
d/d 6599-144-1:	Documents and Settings/Default User/Local Settings/Temporary Internet Files/Content.IE5/HYU1BON0
d/d 6601-144-1:	Documents and Settings/Default User/Local Settings/Temporary Internet Files/Content.IE5/JIRVJY9X
d/d 6605-144-1:	Documents and Settings/Default User/Local Settings/Temporary Internet Files/Content.IE5/PN0J7OQM
d/d 6603-144-1:	Documents and Settings/Default User/Local Settings/Temporary Internet Files/Content.IE5/PTV39NDQ
d/d 3776-144-1:	Documents and Settings/Default User/My Documents
d/d 3775-144-1:	Documents and Settings/Default User/NetHood
d/d 3777-144-1:	Documents and Settings/Default User/PrintHood
d/d 3778-144-1:	Documents and Settings/Default User/Recent
d/d 3779-144-6:	Documents and Settings/Default User/SendTo
d/d 3780-144-1:	Documents and Settings/Default User/Start Menu
d/d 3783-144-6:	Documents and Settings/Default User/Start Menu/Programs
d/d 6308-144-7:	Documents and Settings/Default User/Start Menu/Programs/Accessories
d/d 7303-144-7:	Documents and Settings/Default User/Start Menu/Programs/Accessories/Accessibility
d/d 7315-144-1:	Documents and Settings/Default User/Start Menu/Programs/Accessories/Entertainment
d/d 3785-144-1:	Documents and Settings/Default User/Start Menu/Programs/Startup
d/d 3782-144-7:	Documents and Settings/Default User/Templates
d/d 390-144-6:	Documents and Settings/LocalService
d/d 402-144-1:	Documents and Settings/LocalService/Application Data
d/d 403-144-6:	Documents and Settings/LocalService/Application Data/Microsoft
d/d 429-144-1:	Documents and Settings/LocalService/Application Data/Microsoft/Credentials
d/d 430-144-1:	Documents and Settings/LocalService/Application Data/Microsoft/Credentials/S-1-5-19
d/d 409-144-1:	Documents and Settings/LocalService/Application Data/Microsoft/Internet Explorer
d/d 404-144-1:	Documents and Settings/LocalService/Application Data/Microsoft/SystemCertificates
d/d 405-144-1:	Documents and Settings/LocalService/Application Data/Microsoft/SystemCertificates/My
d/d 408-144-1:	Documents and Settings/LocalService/Application Data/Microsoft/SystemCertificates/My/Certificates
d/d 407-144-1:	Documents and Settings/LocalService/Application Data/Microsoft/SystemCertificates/My/CRLs
d/d 406-144-1:	Documents and Settings/LocalService/Application Data/Microsoft/SystemCertificates/My/CTLs
d/d 401-144-1:	Documents and Settings/LocalService/Cookies
d/d 392-144-6:	Documents and Settings/LocalService/Local Settings
d/d 419-144-1:	Documents and Settings/LocalService/Local Settings/Application Data
d/d 420-144-1:	Documents and Settings/LocalService/Local Settings/Application Data/Microsoft
d/d 427-144-1:	Documents and Settings/LocalService/Local Settings/Application Data/Microsoft/Credentials
d/d 428-144-1:	Documents and Settings/LocalService/Local Settings/Application Data/Microsoft/Credentials/S-1-5-19
d/d 421-144-1:	Documents and Settings/LocalService/Local Settings/Application Data/Microsoft/Windows
d/d 399-144-1:	Documents and Settings/LocalService/Local Settings/History
d/d 400-144-1:	Documents and Settings/LocalService/Local Settings/History/History.IE5
d/d 426-144-1:	Documents and Settings/LocalService/Local Settings/Temp
d/d 393-144-1:	Documents and Settings/LocalService/Local Settings/Temporary Internet Files
d/d 394-144-5:	Documents and Settings/LocalService/Local Settings/Temporary Internet Files/Content.IE5
d/d 435-144-1:	Documents and Settings/LocalService/Local Settings/Temporary Internet Files/Content.IE5/0J47LBSH
d/d 439-144-1:	Documents and Settings/LocalService/Local Settings/Temporary Internet Files/Content.IE5/1W3Z0ESY
d/d 441-144-1:	Documents and Settings/LocalService/Local Settings/Temporary Internet Files/Content.IE5/PDET39YN
d/d 437-144-1:	Documents and Settings/LocalService/Local Settings/Temporary Internet Files/Content.IE5/TFR9CXUT
d/d 344-144-6:	Documents and Settings/Mr. Evil
d/d 8398-144-6:	Documents and Settings/Mr. Evil/Application Data
d/d 12260-144-1:	Documents and Settings/Mr. Evil/Application Data/Ethereal
d/d 9835-144-1:	Documents and Settings/Mr. Evil/Application Data/Identities
d/d 9836-144-1:	Documents and Settings/Mr. Evil/Application Data/Identities/{EF086998-1115-4ECD-9B13-9ADC067B4929}
d/d 8432-144-6:	Documents and Settings/Mr. Evil/Application Data/Microsoft
d/d 11427-144-1:	Documents and Settings/Mr. Evil/Application Data/Microsoft/Address Book
d/d 9806-144-1:	Documents and Settings/Mr. Evil/Application Data/Microsoft/Credentials
d/d 9807-144-1:	Documents and Settings/Mr. Evil/Application Data/Microsoft/Credentials/S-1-5-21-2000478354-688789844-1708537768-1003
d/d 11433-144-1:	Documents and Settings/Mr. Evil/Application Data/Microsoft/HTML Help
d/d 8449-144-1:	Documents and Settings/Mr. Evil/Application Data/Microsoft/Internet Explorer
d/d 9819-144-6:	Documents and Settings/Mr. Evil/Application Data/Microsoft/Internet Explorer/Quick Launch
d/d 8434-144-1:	Documents and Settings/Mr. Evil/Application Data/Microsoft/SystemCertificates
d/d 8437-144-1:	Documents and Settings/Mr. Evil/Application Data/Microsoft/SystemCertificates/My
d/d 8443-144-1:	Documents and Settings/Mr. Evil/Application Data/Microsoft/SystemCertificates/My/Certificates
d/d 8441-144-1:	Documents and Settings/Mr. Evil/Application Data/Microsoft/SystemCertificates/My/CRLs
d/d 8439-144-1:	Documents and Settings/Mr. Evil/Application Data/Microsoft/SystemCertificates/My/CTLs
d/d 198-144-1:	Documents and Settings/Mr. Evil/Application Data/Microsoft/Windows
d/d 199-144-1:	Documents and Settings/Mr. Evil/Application Data/Microsoft/Windows/Themes
d/d 8396-144-5:	Documents and Settings/Mr. Evil/Cookies
d/d 8394-144-5:	Documents and Settings/Mr. Evil/Desktop
d/d 10141-144-7:	Documents and Settings/Mr. Evil/Desktop/Tools
d/d 8392-144-6:	Documents and Settings/Mr. Evil/Favorites
d/d 9791-144-5:	Documents and Settings/Mr. Evil/Favorites/Links
d/d 8330-144-6:	Documents and Settings/Mr. Evil/Local Settings
d/d 8390-144-6:	Documents and Settings/Mr. Evil/Local Settings/Application Data
d/d 11408-144-1:	Documents and Settings/Mr. Evil/Local Settings/Application Data/Identities
d/d 11409-144-1:	Documents and Settings/Mr. Evil/Local Settings/Application Data/Identities/{EF086998-1115-4ECD-9B13-9ADC067B4929}
d/d 11412-144-1:	Documents and Settings/Mr. Evil/Local Settings/Application Data/Identities/{EF086998-1115-4ECD-9B13-9ADC067B4929}/Microsoft
d/d 11424-144-6:	Documents and Settings/Mr. Evil/Local Settings/Application Data/Identities/{EF086998-1115-4ECD-9B13-9ADC067B4929}/Microsoft/Outlook Express
d/d 9799-144-6:	Documents and Settings/Mr. Evil/Local Settings/Application Data/Microsoft
d/d 9870-144-1:	Documents and Settings/Mr. Evil/Local Settings/Application Data/Microsoft/CD Burning
d/d 9804-144-1:	Documents and Settings/Mr. Evil/Local Settings/Application Data/Microsoft/Credentials
d/d 9805-144-1:	Documents and Settings/Mr. Evil/Local Settings/Application Data/Microsoft/Credentials/S-1-5-21-2000478354-688789844-1708537768-1003
d/d 10993-144-1:	Documents and Settings/Mr. Evil/Local Settings/Application Data/Microsoft/Internet Explorer
d/d 9800-144-1:	Documents and Settings/Mr. Evil/Local Settings/Application Data/Microsoft/Windows
d/d 8386-144-1:	Documents and Settings/Mr. Evil/Local Settings/History
d/d 8388-144-5:	Documents and Settings/Mr. Evil/Local Settings/History/History.IE5
d/d 11566-144-1:	Documents and Settings/Mr. Evil/Local Settings/History/History.IE5/MSHist012004081620040823
d/d 452-144-1:	Documents and Settings/Mr. Evil/Local Settings/History/History.IE5/MSHist012004082520040826
d/d 11904-144-1:	Documents and Settings/Mr. Evil/Local Settings/History/History.IE5/MSHist012004082620040827
d/d 11716-144-1:	Documents and Settings/Mr. Evil/Local Settings/History/History.IE5/MSHist012004082720040828
d/d 8384-144-5:	Documents and Settings/Mr. Evil/Local Settings/Temp
d/d 10142-144-1:	Documents and Settings/Mr. Evil/Local Settings/Temp/Temporary Directory 1 for powertoysetup.zip
d/d 8332-144-1:	Documents and Settings/Mr. Evil/Local Settings/Temporary Internet Files
d/d 8334-144-1:	Documents and Settings/Mr. Evil/Local Settings/Temporary Internet Files/Content.IE5
d/d 8375-144-6:	Documents and Settings/Mr. Evil/Local Settings/Temporary Internet Files/Content.IE5/HYU1BON0
d/d 8361-144-6:	Documents and Settings/Mr. Evil/Local Settings/Temporary Internet Files/Content.IE5/JIRVJY9X
d/d 8356-144-6:	Documents and Settings/Mr. Evil/Local Settings/Temporary Internet Files/Content.IE5/PN0J7OQM
d/d 8354-144-6:	Documents and Settings/Mr. Evil/Local Settings/Temporary Internet Files/Content.IE5/PTV39NDQ
d/d 7356-144-6:	Documents and Settings/Mr. Evil/My Documents
d/d 9814-144-1:	Documents and Settings/Mr. Evil/My Documents/My Music
d/d 9811-144-1:	Documents and Settings/Mr. Evil/My Documents/My Pictures
d/d 7321-144-5:	Documents and Settings/Mr. Evil/NetHood
d/d 11894-144-1:	Documents and Settings/Mr. Evil/NetHood/a on Andrews-1
d/d 11889-144-1:	Documents and Settings/Mr. Evil/NetHood/andrews (c) on Andrews-1
d/d 11886-144-1:	Documents and Settings/Mr. Evil/NetHood/CD Drive (F) on Andrews-1
d/d 11884-144-1:	Documents and Settings/Mr. Evil/NetHood/d on Andrews-1
d/d 11897-144-1:	Documents and Settings/Mr. Evil/NetHood/e on Andrews-1
d/d 11907-144-1:	Documents and Settings/Mr. Evil/NetHood/Temp on m1200 (4.12.220.254)
d/d 11565-144-1:	Documents and Settings/Mr. Evil/NetHood/Temp on N-1a9odn6zxk4lq
d/d 7319-144-1:	Documents and Settings/Mr. Evil/PrintHood
d/d 7282-144-5:	Documents and Settings/Mr. Evil/Recent
d/d 7281-144-5:	Documents and Settings/Mr. Evil/SendTo
d/d 3665-144-1:	Documents and Settings/Mr. Evil/Start Menu
d/d 4156-144-5:	Documents and Settings/Mr. Evil/Start Menu/Programs
d/d 10188-144-1:	Documents and Settings/Mr. Evil/Start Menu/Programs/123 WASP
d/d 4746-144-6:	Documents and Settings/Mr. Evil/Start Menu/Programs/Accessories
d/d 5712-144-6:	Documents and Settings/Mr. Evil/Start Menu/Programs/Accessories/Accessibility
d/d 5502-144-1:	Documents and Settings/Mr. Evil/Start Menu/Programs/Accessories/Entertainment
d/d 10063-144-1:	Documents and Settings/Mr. Evil/Start Menu/Programs/Agent Newsreader
d/d 9936-144-6:	Documents and Settings/Mr. Evil/Start Menu/Programs/Anonymizer Toolbar
d/d 9964-144-1:	Documents and Settings/Mr. Evil/Start Menu/Programs/Cain
d/d 4186-144-1:	Documents and Settings/Mr. Evil/Start Menu/Programs/Startup
d/d 346-144-6:	Documents and Settings/Mr. Evil/Templates
d/d 349-144-6:	Documents and Settings/NetworkService
d/d 361-144-1:	Documents and Settings/NetworkService/Application Data
d/d 362-144-6:	Documents and Settings/NetworkService/Application Data/Microsoft
d/d 388-144-1:	Documents and Settings/NetworkService/Application Data/Microsoft/Credentials
d/d 389-144-1:	Documents and Settings/NetworkService/Application Data/Microsoft/Credentials/S-1-5-20
d/d 368-144-1:	Documents and Settings/NetworkService/Application Data/Microsoft/Internet Explorer
d/d 363-144-1:	Documents and Settings/NetworkService/Application Data/Microsoft/SystemCertificates
d/d 364-144-1:	Documents and Settings/NetworkService/Application Data/Microsoft/SystemCertificates/My
d/d 367-144-1:	Documents and Settings/NetworkService/Application Data/Microsoft/SystemCertificates/My/Certificates
d/d 366-144-1:	Documents and Settings/NetworkService/Application Data/Microsoft/SystemCertificates/My/CRLs
d/d 365-144-1:	Documents and Settings/NetworkService/Application Data/Microsoft/SystemCertificates/My/CTLs
d/d 360-144-1:	Documents and Settings/NetworkService/Cookies
d/d 351-144-6:	Documents and Settings/NetworkService/Local Settings
d/d 378-144-1:	Documents and Settings/NetworkService/Local Settings/Application Data
d/d 379-144-1:	Documents and Settings/NetworkService/Local Settings/Application Data/Microsoft
d/d 386-144-1:	Documents and Settings/NetworkService/Local Settings/Application Data/Microsoft/Credentials
d/d 387-144-1:	Documents and Settings/NetworkService/Local Settings/Application Data/Microsoft/Credentials/S-1-5-20
d/d 380-144-1:	Documents and Settings/NetworkService/Local Settings/Application Data/Microsoft/Windows
d/d 358-144-1:	Documents and Settings/NetworkService/Local Settings/History
d/d 359-144-1:	Documents and Settings/NetworkService/Local Settings/History/History.IE5
d/d 385-144-1:	Documents and Settings/NetworkService/Local Settings/Temp
d/d 352-144-1:	Documents and Settings/NetworkService/Local Settings/Temporary Internet Files
d/d 353-144-1:	Documents and Settings/NetworkService/Local Settings/Temporary Internet Files/Content.IE5
d/d 357-144-1:	Documents and Settings/NetworkService/Local Settings/Temporary Internet Files/Content.IE5/HYU1BON0
d/d 356-144-1:	Documents and Settings/NetworkService/Local Settings/Temporary Internet Files/Content.IE5/JIRVJY9X
d/d 355-144-1:	Documents and Settings/NetworkService/Local Settings/Temporary Internet Files/Content.IE5/PN0J7OQM
d/d 354-144-1:	Documents and Settings/NetworkService/Local Settings/Temporary Internet Files/Content.IE5/PTV39NDQ
d/d 330-144-7:	My Documents
d/d 10091-144-1:	My Documents/ARCHIVE
d/d 10209-144-5:	My Documents/ARCHIVE/Arj
d/d 10146-144-5:	My Documents/ARCHIVE/Pkzip
d/d 10245-144-5:	My Documents/COMMANDS
d/d 10286-144-6:	My Documents/DICTIONARIES
d/d 10294-144-1:	My Documents/ENUMERATION
d/d 10304-144-5:	My Documents/ENUMERATION/NT
d/d 10487-144-5:	My Documents/ENUMERATION/NT/Cerberus
d/d 10501-144-1:	My Documents/ENUMERATION/NT/Cerberus/Reports
d/d 10450-144-6:	My Documents/ENUMERATION/NT/Cerberus Internet Scanner
d/d 10454-144-5:	My Documents/ENUMERATION/NT/Cerberus Internet Scanner/files
d/d 10468-144-5:	My Documents/ENUMERATION/NT/Cerberus Internet Scanner/files/Reports
d/d 10485-144-1:	My Documents/ENUMERATION/NT/Cerberus Webscan
d/d 10432-144-6:	My Documents/ENUMERATION/NT/DumpTools
d/d 443-144-1:	My Documents/ENUMERATION/NT/DumpTools/Dumpevt
d/d 10439-144-1:	My Documents/ENUMERATION/NT/DumpTools/Dumpreg
d/d 10436-144-1:	My Documents/ENUMERATION/NT/DumpTools/DumpSec
d/d 10409-144-5:	My Documents/ENUMERATION/NT/enum
d/d 10419-144-6:	My Documents/ENUMERATION/NT/enum/enum readme file_files
d/d 10412-144-5:	My Documents/ENUMERATION/NT/enum/files
d/d 10405-144-1:	My Documents/ENUMERATION/NT/ferret suite
d/d 10403-144-1:	My Documents/ENUMERATION/NT/GetAcct
d/d 10382-144-5:	My Documents/ENUMERATION/NT/Legion
d/d 10378-144-1:	My Documents/ENUMERATION/NT/nbtdump
d/d 10368-144-5:	My Documents/ENUMERATION/NT/nbtscan
d/d 10372-144-1:	My Documents/ENUMERATION/NT/nbtscan/files
d/d 10361-144-6:	My Documents/ENUMERATION/NT/Nt_admin_tools
d/d 10339-144-5:	My Documents/ENUMERATION/NT/ogre
d/d 10328-144-5:	My Documents/ENUMERATION/NT/SamSpade
d/d 10326-144-1:	My Documents/ENUMERATION/NT/Sid2user User2sid
d/d 10324-144-1:	My Documents/ENUMERATION/NT/Userdump
d/d 10318-144-6:	My Documents/ENUMERATION/NT/winfingerprint
d/d 10321-144-1:	My Documents/ENUMERATION/NT/winfingerprint/About Winfingerprint 2_files
d/d 10310-144-5:	My Documents/ENUMERATION/NT/winfo
d/d 10316-144-1:	My Documents/ENUMERATION/NT/winfo/The winfo FAQ_files
d/d 10314-144-1:	My Documents/ENUMERATION/NT/winfo/winfo_files
d/d 10295-144-5:	My Documents/ENUMERATION/Unix
d/d 10300-144-5:	My Documents/ENUMERATION/Unix/Nessus
d/d 10503-144-1:	My Documents/EXPLOITATION
d/d 10525-144-5:	My Documents/EXPLOITATION/NT
d/d 10632-144-5:	My Documents/EXPLOITATION/NT/Brutus
d/d 10629-144-1:	My Documents/EXPLOITATION/NT/bsniff
d/d 10631-144-1:	My Documents/EXPLOITATION/NT/bsniff/dump
d/d 10627-144-1:	My Documents/EXPLOITATION/NT/fpipe
d/d 10624-144-1:	My Documents/EXPLOITATION/NT/Get Admin
d/d 10622-144-1:	My Documents/EXPLOITATION/NT/Hk
d/d 10620-144-1:	My Documents/EXPLOITATION/NT/John
d/d 10618-144-1:	My Documents/EXPLOITATION/NT/l0pht301
d/d 10592-144-5:	My Documents/EXPLOITATION/NT/lsadump2
d/d 10605-144-6:	My Documents/EXPLOITATION/NT/lsadump2/LSADUMP2 Readme file_files
d/d 10590-144-1:	My Documents/EXPLOITATION/NT/NAT
d/d 10585-144-1:	My Documents/EXPLOITATION/NT/netbus
d/d 10583-144-1:	My Documents/EXPLOITATION/NT/Netcat
d/d 10575-144-1:	My Documents/EXPLOITATION/NT/Pwdump
d/d 10580-144-1:	My Documents/EXPLOITATION/NT/Pwdump/pwdump3_files
d/d 10572-144-1:	My Documents/EXPLOITATION/NT/Scripts
d/d 10438-144-1:	My Documents/EXPLOITATION/NT/sechole
d/d 10551-144-6:	My Documents/EXPLOITATION/NT/SMBGrind Crack
d/d 10564-144-1:	My Documents/EXPLOITATION/NT/SMBGrind Crack/Password User Lists
d/d 10560-144-1:	My Documents/EXPLOITATION/NT/SMBGrind Crack/utils
d/d 10533-144-1:	My Documents/EXPLOITATION/NT/vnc
d/d 10549-144-1:	My Documents/EXPLOITATION/NT/vnc/vncviewer
d/d 10534-144-5:	My Documents/EXPLOITATION/NT/vnc/winvnc
d/d 10528-144-1:	My Documents/EXPLOITATION/NT/WinVNC
d/d 10531-144-1:	My Documents/EXPLOITATION/NT/WinVNC/Docs
d/d 10529-144-1:	My Documents/EXPLOITATION/NT/WinVNC/Windows
d/d 10504-144-1:	My Documents/EXPLOITATION/Unix
d/d 10513-144-6:	My Documents/EXPLOITATION/Unix/dsniff 2.3
d/d 10523-144-1:	My Documents/EXPLOITATION/Unix/dsniff 2.3/dsniff Frequently Asked Questions_files
d/d 10517-144-6:	My Documents/EXPLOITATION/Unix/dsniff 2.3/Switched networks lose security advantage due packet tool
d/d 10521-144-1:	My Documents/EXPLOITATION/Unix/dsniff 2.3/Switched networks lose security advantage due packet tool/securitywatchfiles
d/d 10506-144-1:	My Documents/EXPLOITATION/Unix/WinVNC
d/d 10511-144-1:	My Documents/EXPLOITATION/Unix/WinVNC/Docs
d/d 10509-144-1:	My Documents/EXPLOITATION/Unix/WinVNC/Linux
d/d 10507-144-1:	My Documents/EXPLOITATION/Unix/WinVNC/Solaris Sparc
d/d 10640-144-1:	My Documents/FOOTPRINTING
d/d 10644-144-5:	My Documents/FOOTPRINTING/NT
d/d 10670-144-5:	My Documents/FOOTPRINTING/NT/Nmapnt
d/d 10866-144-1:	My Documents/FOOTPRINTING/NT/Nmapnt/DRIVERS
d/d 10875-144-1:	My Documents/FOOTPRINTING/NT/Nmapnt/DRIVERS/Packet2K
d/d 10871-144-1:	My Documents/FOOTPRINTING/NT/Nmapnt/DRIVERS/Packet95
d/d 10867-144-1:	My Documents/FOOTPRINTING/NT/Nmapnt/DRIVERS/PacketNT
d/d 10676-144-6:	My Documents/FOOTPRINTING/NT/Nmapnt/nmapNT-src
d/d 10852-144-5:	My Documents/FOOTPRINTING/NT/Nmapnt/nmapNT-src/docs
d/d 10791-144-6:	My Documents/FOOTPRINTING/NT/Nmapnt/nmapNT-src/libpcap-possiblymodified
d/d 10848-144-1:	My Documents/FOOTPRINTING/NT/Nmapnt/nmapNT-src/libpcap-possiblymodified/bpf
d/d 10849-144-1:	My Documents/FOOTPRINTING/NT/Nmapnt/nmapNT-src/libpcap-possiblymodified/bpf/net
d/d 10843-144-5:	My Documents/FOOTPRINTING/NT/Nmapnt/nmapNT-src/libpcap-possiblymodified/lbl
d/d 10839-144-1:	My Documents/FOOTPRINTING/NT/Nmapnt/nmapNT-src/libpcap-possiblymodified/linux-include
d/d 10840-144-1:	My Documents/FOOTPRINTING/NT/Nmapnt/nmapNT-src/libpcap-possiblymodified/linux-include/netinet
d/d 10835-144-1:	My Documents/FOOTPRINTING/NT/Nmapnt/nmapNT-src/libpcap-possiblymodified/SUNOS4
d/d 10782-144-5:	My Documents/FOOTPRINTING/NT/Nmapnt/nmapNT-src/nmapfe
d/d 10732-144-5:	My Documents/FOOTPRINTING/NT/Nmapnt/nmapNT-src/nmapNT
d/d 10776-144-1:	My Documents/FOOTPRINTING/NT/Nmapnt/nmapNT-src/nmapNT/NET
d/d 10765-144-5:	My Documents/FOOTPRINTING/NT/Nmapnt/nmapNT-src/nmapNT/NETINET
d/d 10763-144-1:	My Documents/FOOTPRINTING/NT/Nmapnt/nmapNT-src/nmapNT/RPC
d/d 10653-144-5:	My Documents/FOOTPRINTING/NT/NSTPro2
d/d 10651-144-1:	My Documents/FOOTPRINTING/NT/superscan
d/d 10648-144-1:	My Documents/FOOTPRINTING/NT/wspingpropack
d/d 10641-144-1:	My Documents/FOOTPRINTING/UNIX
d/d 10879-144-1:	My Documents/MISCELLANEOUS
d/d 10883-144-1:	My Documents/MISCELLANEOUS/MSSQL
d/d 10881-144-1:	My Documents/MISCELLANEOUS/PhoneSweep
d/d 10890-144-5:	My Documents/NOVELL
d/d 10910-144-5:	My Documents/NOVELL/Nut18
d/d 10907-144-1:	My Documents/NOVELL/Pandora (use under Linux)
d/d 134-144-4:	Program Files
d/d 5363-144-6:	Program Files/MSN
d/d 5364-144-7:	Program Files/MSN/MSNCoreFiles
d/d 5407-144-1:	Program Files/MSN/MSNCoreFiles/1033
d/d 5409-144-6:	Program Files/MSN/MSNCoreFiles/Markets
d/d 5422-144-1:	Program Files/MSN/MSNCoreFiles/Markets/100
d/d 5413-144-1:	Program Files/MSN/MSNCoreFiles/Markets/14
d/d 5425-144-1:	Program Files/MSN/MSNCoreFiles/Markets/150
d/d 5428-144-1:	Program Files/MSN/MSNCoreFiles/Markets/163
d/d 5431-144-1:	Program Files/MSN/MSNCoreFiles/Markets/188
d/d 5419-144-1:	Program Files/MSN/MSNCoreFiles/Markets/220
d/d 5410-144-1:	Program Files/MSN/MSNCoreFiles/Markets/222
d/d 5434-144-1:	Program Files/MSN/MSNCoreFiles/Markets/238
d/d 5416-144-1:	Program Files/MSN/MSNCoreFiles/Markets/36
d/d 5401-144-6:	Program Files/MSN/MSNCoreFiles/Setup
d/d 9972-144-5:	Program Files/123WASP
d/d 244-144-4:	Program Files/Accessories
d/d 245-144-4:	Program Files/Accessories/HyperTerminal
d/d 10007-144-5:	Program Files/Agent
d/d 10015-144-5:	Program Files/Agent/All_COD
d/d 10008-144-5:	Program Files/Agent/Data
d/d 11407-144-1:	Program Files/Agent/Data/temp
d/d 2926-144-1:	Program Files/Anonymizer
d/d 9934-144-1:	Program Files/Anonymizer/Core
d/d 9902-144-5:	Program Files/Anonymizer/thanks
d/d 7291-144-1:	Program Files/Anonymizer/Toolbar
d/d 9823-144-5:	Program Files/Anonymizer/Toolbar/Images
d/d 9947-144-5:	Program Files/Cain
d/d 9962-144-1:	Program Files/Cain/Driver
d/d 9956-144-1:	Program Files/Cain/Wordlists
d/d 232-144-3:	Program Files/CHAT
d/d 135-144-7:	Program Files/Common Files
d/d 203-144-4:	Program Files/Common Files/Microsoft Shared
d/d 272-144-1:	Program Files/Common Files/Microsoft Shared/DAO
d/d 210-144-3:	Program Files/Common Files/Microsoft Shared/MSINFO
d/d 4072-144-6:	Program Files/Common Files/Microsoft Shared/Speech
d/d 4088-144-1:	Program Files/Common Files/Microsoft Shared/Speech/1033
d/d 5553-144-8:	Program Files/Common Files/Microsoft Shared/Stationery
d/d 204-144-6:	Program Files/Common Files/Microsoft Shared/TEXTCONV
d/d 207-144-3:	Program Files/Common Files/Microsoft Shared/TRIEDIT
d/d 219-144-3:	Program Files/Common Files/Microsoft Shared/VGX
d/d 221-144-7:	Program Files/Common Files/Microsoft Shared/Web Folders
d/d 224-144-4:	Program Files/Common Files/Microsoft Shared/Web Server Extensions
d/d 225-144-6:	Program Files/Common Files/Microsoft Shared/Web Server Extensions/40
d/d 7340-144-1:	Program Files/Common Files/Microsoft Shared/Web Server Extensions/40/admcgi
d/d 7341-144-1:	Program Files/Common Files/Microsoft Shared/Web Server Extensions/40/admcgi/scripts
d/d 7342-144-1:	Program Files/Common Files/Microsoft Shared/Web Server Extensions/40/admisapi
d/d 7343-144-1:	Program Files/Common Files/Microsoft Shared/Web Server Extensions/40/admisapi/scripts
d/d 226-144-6:	Program Files/Common Files/Microsoft Shared/Web Server Extensions/40/BIN
d/d 230-144-3:	Program Files/Common Files/Microsoft Shared/Web Server Extensions/40/BIN/1033
d/d 7334-144-1:	Program Files/Common Files/Microsoft Shared/Web Server Extensions/40/bots
d/d 7335-144-1:	Program Files/Common Files/Microsoft Shared/Web Server Extensions/40/bots/vinavbar
d/d 7327-144-1:	Program Files/Common Files/Microsoft Shared/Web Server Extensions/40/isapi
d/d 7328-144-1:	Program Files/Common Files/Microsoft Shared/Web Server Extensions/40/isapi/_vti_adm
d/d 7331-144-1:	Program Files/Common Files/Microsoft Shared/Web Server Extensions/40/isapi/_vti_aut
d/d 7333-144-1:	Program Files/Common Files/Microsoft Shared/Web Server Extensions/40/servsupp
d/d 7329-144-1:	Program Files/Common Files/Microsoft Shared/Web Server Extensions/40/_vti_bin
d/d 7330-144-1:	Program Files/Common Files/Microsoft Shared/Web Server Extensions/40/_vti_bin/_vti_adm
d/d 7332-144-1:	Program Files/Common Files/Microsoft Shared/Web Server Extensions/40/_vti_bin/_vti_aut
d/d 274-144-1:	Program Files/Common Files/MSSoap
d/d 275-144-6:	Program Files/Common Files/MSSoap/Binaries
d/d 282-144-1:	Program Files/Common Files/MSSoap/Binaries/Resources
d/d 283-144-1:	Program Files/Common Files/MSSoap/Binaries/Resources/1033
d/d 4091-144-1:	Program Files/Common Files/ODBC
d/d 4092-144-1:	Program Files/Common Files/ODBC/Data Sources
d/d 5602-144-1:	Program Files/Common Files/Services
d/d 4076-144-1:	Program Files/Common Files/SpeechEngines
d/d 4077-144-7:	Program Files/Common Files/SpeechEngines/Microsoft
d/d 4078-144-1:	Program Files/Common Files/SpeechEngines/Microsoft/Lexicon
d/d 4079-144-1:	Program Files/Common Files/SpeechEngines/Microsoft/Lexicon/1033
d/d 4082-144-1:	Program Files/Common Files/SpeechEngines/Microsoft/TTS
d/d 4083-144-1:	Program Files/Common Files/SpeechEngines/Microsoft/TTS/1033
d/d 136-144-6:	Program Files/Common Files/SYSTEM
d/d 137-144-3:	Program Files/Common Files/SYSTEM/ADO
d/d 156-144-3:	Program Files/Common Files/SYSTEM/MSADC
d/d 176-144-4:	Program Files/Common Files/SYSTEM/ole db
d/d 5466-144-1:	Program Files/ComPlus Applications
d/d 327-144-3:	Program Files/DirectX
d/d 328-144-3:	Program Files/DirectX/Setup
d/d 12042-144-5:	Program Files/Ethereal
d/d 12079-144-5:	Program Files/Ethereal/diameter
d/d 12103-144-1:	Program Files/Ethereal/etc
d/d 12104-144-1:	Program Files/Ethereal/etc/gtk-2.0
d/d 12107-144-1:	Program Files/Ethereal/etc/pango
d/d 12085-144-5:	Program Files/Ethereal/help
d/d 12110-144-1:	Program Files/Ethereal/lib
d/d 12111-144-1:	Program Files/Ethereal/lib/gtk-2.0
d/d 12112-144-1:	Program Files/Ethereal/lib/gtk-2.0/2.4.0
d/d 12128-144-6:	Program Files/Ethereal/lib/gtk-2.0/2.4.0/immodules
d/d 12113-144-5:	Program Files/Ethereal/lib/gtk-2.0/2.4.0/loaders
d/d 12138-144-1:	Program Files/Ethereal/lib/pango
d/d 12139-144-1:	Program Files/Ethereal/lib/pango/1.4.0
d/d 12140-144-5:	Program Files/Ethereal/lib/pango/1.4.0/modules
d/d 12158-144-1:	Program Files/Ethereal/plugins
d/d 12159-144-6:	Program Files/Ethereal/plugins/0.10.6
d/d 12180-144-1:	Program Files/Ethereal/snmp
d/d 12181-144-6:	Program Files/Ethereal/snmp/mibs
d/d 9949-144-6:	Program Files/Faber Toys
d/d 9973-144-1:	Program Files/Faber Toys/Language
d/d 10093-144-1:	Program Files/GlobalSCAPE
d/d 10094-144-5:	Program Files/GlobalSCAPE/CuteFTP
d/d 10119-144-5:	Program Files/GlobalSCAPE/CuteFTP/CuteHTML
d/d 246-144-4:	Program Files/Internet Explorer
d/d 255-144-4:	Program Files/Internet Explorer/Connection Wizard
d/d 247-144-3:	Program Files/Internet Explorer/PLUGINS
d/d 253-144-3:	Program Files/Internet Explorer/SIGNUP
d/d 11737-144-5:	Program Files/Look@LAN
d/d 11739-144-1:	Program Files/Look@LAN/Report
d/d 11740-144-5:	Program Files/Look@LAN/Report/images
d/d 11760-144-1:	Program Files/Look@LAN/sounds
d/d 5437-144-7:	Program Files/Messenger
d/d 7336-144-1:	Program Files/microsoft frontpage
d/d 7337-144-1:	Program Files/microsoft frontpage/version3.0
d/d 7338-144-1:	Program Files/microsoft frontpage/version3.0/bin
d/d 10071-144-5:	Program Files/mIRC
d/d 11069-144-1:	Program Files/mIRC/channels
d/d 11070-144-1:	Program Files/mIRC/download
d/d 11067-144-5:	Program Files/mIRC/logs
d/d 11068-144-1:	Program Files/mIRC/sounds
d/d 5975-144-7:	Program Files/Movie Maker
d/d 5981-144-1:	Program Files/Movie Maker/MUI
d/d 5982-144-1:	Program Files/Movie Maker/MUI/0409
d/d 281-144-9:	Program Files/Windows Media Player
d/d 5986-144-6:	Program Files/Windows Media Player/Skins
d/d 7289-144-1:	Program Files/Windows Media Player/Visualizations
d/d 5125-144-7:	Program Files/Windows NT
d/d 5327-144-1:	Program Files/Windows NT/Accessories
d/d 5257-144-6:	Program Files/Windows NT/Pinball
d/d 5455-144-1:	Program Files/WindowsUpdate
d/d 7354-144-1:	Program Files/xerox
d/d 7355-144-1:	Program Files/xerox/nwwia
d/d 5332-144-1:	Program Files/MSN Gaming Zone
d/d 5333-144-6:	Program Files/MSN Gaming Zone/Windows
d/d 279-144-7:	Program Files/NetMeeting
d/d 12011-144-6:	Program Files/Network Stumbler
d/d 237-144-7:	Program Files/Online Services
d/d 238-144-3:	Program Files/Online Services/MSN50
d/d 240-144-3:	Program Files/Online Services/MSN50/OCX
d/d 280-144-7:	Program Files/Outlook Express
d/d 234-144-3:	Program Files/PLUS!
d/d 235-144-3:	Program Files/PLUS!/THEMES
d/d 285-144-4:	Program Files/Uninstall Information
d/d 308-144-4:	Program Files/Uninstall Information/ConnectionConfiguration
d/d 316-144-4:	Program Files/Uninstall Information/IE UserData
d/d 320-144-4:	Program Files/Uninstall Information/IE.HKCUZoneInfo
d/d 310-144-4:	Program Files/Uninstall Information/IE.HKLMZoneInfo
d/d 292-144-4:	Program Files/Uninstall Information/IE40.Assoc
d/d 294-144-4:	Program Files/Uninstall Information/IE40.Browser
d/d 288-144-4:	Program Files/Uninstall Information/IE40.BrowseUI
d/d 286-144-4:	Program Files/Uninstall Information/IE40.Comctl32
d/d 290-144-4:	Program Files/Uninstall Information/IE40.Controls
d/d 304-144-4:	Program Files/Uninstall Information/IE40.Shdoc401
d/d 296-144-4:	Program Files/Uninstall Information/IE40.Shell
d/d 312-144-4:	Program Files/Uninstall Information/IE40.Shell32
d/d 306-144-4:	Program Files/Uninstall Information/IE40.UserAgent
d/d 322-144-4:	Program Files/Uninstall Information/IE4Shell95UserData
d/d 300-144-4:	Program Files/Uninstall Information/IEContentAdvisor.Assoc
d/d 298-144-4:	Program Files/Uninstall Information/mshtml.DllReg
d/d 302-144-4:	Program Files/Uninstall Information/mshtml.Install
d/d 314-144-3:	Program Files/Uninstall Information/MSIEFTP
d/d 10133-144-1:	Program Files/Whois
d/d 12047-144-5:	Program Files/WinPcap
d/d 11736-144-1:	RECYCLER
d/d 11812-144-6:	RECYCLER/S-1-5-21-2000478354-688789844-1708537768-1003
d/d 411-144-1:	System Volume Information
d/d 10519-144-1:	Temp
d/d 17-144-3:	WIN98
d/d 11-144-4:	$Extend
d/d 458-144-6:	WINDOWS
d/d 3633-144-3:	WINDOWS/mui
d/d 6330-144-1:	WINDOWS/Offline Web Pages
d/d 5609-144-1:	WINDOWS/PCHEALTH
d/d 5610-144-6:	WINDOWS/PCHEALTH/HELPCTR
d/d 5611-144-1:	WINDOWS/PCHEALTH/HELPCTR/BATCH
d/d 5726-144-6:	WINDOWS/PCHEALTH/HELPCTR/Binaries
d/d 6335-144-6:	WINDOWS/PCHEALTH/HELPCTR/Config
d/d 6563-144-1:	WINDOWS/PCHEALTH/HELPCTR/Config/Cache
d/d 6562-144-1:	WINDOWS/PCHEALTH/HELPCTR/Config/CheckPoint
d/d 6347-144-6:	WINDOWS/PCHEALTH/HELPCTR/Database
d/d 6336-144-6:	WINDOWS/PCHEALTH/HELPCTR/DataColl
d/d 6353-144-1:	WINDOWS/PCHEALTH/HELPCTR/HelpFiles
d/d 6349-144-6:	WINDOWS/PCHEALTH/HELPCTR/Indices
d/d 6340-144-1:	WINDOWS/PCHEALTH/HELPCTR/InstalledSKUs
d/d 6337-144-1:	WINDOWS/PCHEALTH/HELPCTR/Logs
d/d 6339-144-7:	WINDOWS/PCHEALTH/HELPCTR/OfflineCache
d/d 6623-144-8:	WINDOWS/PCHEALTH/HELPCTR/OfflineCache/Professional_32#0409
d/d 6341-144-7:	WINDOWS/PCHEALTH/HELPCTR/PackageStore
d/d 6350-144-6:	WINDOWS/PCHEALTH/HELPCTR/System
d/d 6380-144-6:	WINDOWS/PCHEALTH/HELPCTR/System/blurbs
d/d 6392-144-7:	WINDOWS/PCHEALTH/HELPCTR/System/CompatCtr
d/d 6397-144-1:	WINDOWS/PCHEALTH/HELPCTR/System/css
d/d 6398-144-6:	WINDOWS/PCHEALTH/HELPCTR/System/DFS
d/d 6403-144-1:	WINDOWS/PCHEALTH/HELPCTR/System/dialogs
d/d 6567-144-1:	WINDOWS/PCHEALTH/HELPCTR/System/DVDUpgrd
d/d 6405-144-1:	WINDOWS/PCHEALTH/HELPCTR/System/ErrMsg
d/d 6406-144-6:	WINDOWS/PCHEALTH/HELPCTR/System/errors
d/d 6518-144-6:	WINDOWS/PCHEALTH/HELPCTR/System/images
d/d 6586-144-6:	WINDOWS/PCHEALTH/HELPCTR/System/images/16x16
d/d 6526-144-6:	WINDOWS/PCHEALTH/HELPCTR/System/images/24x24
d/d 6529-144-1:	WINDOWS/PCHEALTH/HELPCTR/System/images/32x32
d/d 6530-144-6:	WINDOWS/PCHEALTH/HELPCTR/System/images/48x48
d/d 6535-144-1:	WINDOWS/PCHEALTH/HELPCTR/System/images/Centers
d/d 6539-144-6:	WINDOWS/PCHEALTH/HELPCTR/System/images/Expando
d/d 6358-144-1:	WINDOWS/PCHEALTH/HELPCTR/System/NetDiag
d/d 6413-144-6:	WINDOWS/PCHEALTH/HELPCTR/System/panels
d/d 6426-144-7:	WINDOWS/PCHEALTH/HELPCTR/System/panels/subpanels
d/d 6433-144-1:	WINDOWS/PCHEALTH/HELPCTR/System/rc
d/d 7179-144-7:	WINDOWS/PCHEALTH/HELPCTR/System/Remote Assistance
d/d 7244-144-6:	WINDOWS/PCHEALTH/HELPCTR/System/Remote Assistance/Common
d/d 7240-144-1:	WINDOWS/PCHEALTH/HELPCTR/System/Remote Assistance/Css
d/d 7188-144-1:	WINDOWS/PCHEALTH/HELPCTR/System/Remote Assistance/Interaction
d/d 7189-144-6:	WINDOWS/PCHEALTH/HELPCTR/System/Remote Assistance/Interaction/Client
d/d 7221-144-6:	WINDOWS/PCHEALTH/HELPCTR/System/Remote Assistance/Interaction/Common
d/d 7208-144-6:	WINDOWS/PCHEALTH/HELPCTR/System/Remote Assistance/Interaction/Server
d/d 6434-144-6:	WINDOWS/PCHEALTH/HELPCTR/System/scripts
d/d 6360-144-6:	WINDOWS/PCHEALTH/HELPCTR/System/sysinfo
d/d 6444-144-6:	WINDOWS/PCHEALTH/HELPCTR/System/sysinfo/graphics
d/d 6583-144-6:	WINDOWS/PCHEALTH/HELPCTR/System/sysinfo/graphics/33x16pie
d/d 6465-144-6:	WINDOWS/PCHEALTH/HELPCTR/System/sysinfo/graphics/47x24pie
d/d 6435-144-7:	WINDOWS/PCHEALTH/HELPCTR/System/UpdateCtr
d/d 6351-144-1:	WINDOWS/PCHEALTH/HELPCTR/System_OEM
d/d 6338-144-1:	WINDOWS/PCHEALTH/HELPCTR/Temp
d/d 6352-144-1:	WINDOWS/PCHEALTH/HELPCTR/Vendors
d/d 7118-144-7:	WINDOWS/PCHEALTH/HELPCTR/Vendors/CN=Microsoft Corporation,L=Redmond,S=Washington,C=US
d/d 7119-144-7:	WINDOWS/PCHEALTH/HELPCTR/Vendors/CN=Microsoft Corporation,L=Redmond,S=Washington,C=US/Remote Assistance
d/d 7170-144-6:	WINDOWS/PCHEALTH/HELPCTR/Vendors/CN=Microsoft Corporation,L=Redmond,S=Washington,C=US/Remote Assistance/Common
d/d 7166-144-1:	WINDOWS/PCHEALTH/HELPCTR/Vendors/CN=Microsoft Corporation,L=Redmond,S=Washington,C=US/Remote Assistance/Css
d/d 7122-144-1:	WINDOWS/PCHEALTH/HELPCTR/Vendors/CN=Microsoft Corporation,L=Redmond,S=Washington,C=US/Remote Assistance/Escalation
d/d 7123-144-6:	WINDOWS/PCHEALTH/HELPCTR/Vendors/CN=Microsoft Corporation,L=Redmond,S=Washington,C=US/Remote Assistance/Escalation/Common
d/d 7151-144-6:	WINDOWS/PCHEALTH/HELPCTR/Vendors/CN=Microsoft Corporation,L=Redmond,S=Washington,C=US/Remote Assistance/Escalation/Email
d/d 7164-144-1:	WINDOWS/PCHEALTH/HELPCTR/Vendors/CN=Microsoft Corporation,L=Redmond,S=Washington,C=US/Remote Assistance/Escalation/Unsolicited
d/d 5743-144-1:	WINDOWS/PCHEALTH/UploadLB
d/d 5744-144-1:	WINDOWS/PCHEALTH/UploadLB/Binaries
d/d 6344-144-1:	WINDOWS/PCHEALTH/UploadLB/Config
d/d 432-144-6:	WINDOWS/Prefetch
d/d 5462-144-7:	WINDOWS/Registration
d/d 5463-144-1:	WINDOWS/Registration/CRMLog
d/d 2257-144-6:	WINDOWS/repair
d/d 3620-144-4:	WINDOWS/Resources
d/d 3621-144-3:	WINDOWS/Resources/Themes
d/d 3622-144-3:	WINDOWS/Resources/Themes/Luna
d/d 3623-144-3:	WINDOWS/Resources/Themes/Luna/Shell
d/d 3628-144-4:	WINDOWS/Resources/Themes/Luna/Shell/Homestead
d/d 3626-144-3:	WINDOWS/Resources/Themes/Luna/Shell/Metallic
d/d 3624-144-4:	WINDOWS/Resources/Themes/Luna/Shell/NormalColor
d/d 3593-144-6:	WINDOWS/security
d/d 4143-144-1:	WINDOWS/security/Database
d/d 3601-144-3:	WINDOWS/security/logs
d/d 3594-144-4:	WINDOWS/security/templates
d/d 3588-144-3:	WINDOWS/addins
d/d 3607-144-3:	WINDOWS/AppPatch
d/d 3485-144-3:	WINDOWS/Config
d/d 3589-144-4:	WINDOWS/Connection Wizard
d/d 3513-144-7:	WINDOWS/Cursors
d/d 3618-144-6:	WINDOWS/Debug
d/d 3619-144-3:	WINDOWS/Debug/UserMode
d/d 10152-144-1:	WINDOWS/Downloaded Installations
d/d 6328-144-1:	WINDOWS/Downloaded Program Files
d/d 3590-144-4:	WINDOWS/Driver Cache
d/d 3591-144-3:	WINDOWS/Driver Cache/i386
d/d 2930-144-3:	WINDOWS/Help
d/d 2931-144-6:	WINDOWS/Help/Tours
d/d 2948-144-3:	WINDOWS/Help/Tours/htmlTour
d/d 2932-144-3:	WINDOWS/Help/Tours/mmTour
d/d 6010-144-7:	WINDOWS/Help/Tours/WindowsMediaPlayer
d/d 6012-144-1:	WINDOWS/Help/Tours/WindowsMediaPlayer/Audio
d/d 6014-144-6:	WINDOWS/Help/Tours/WindowsMediaPlayer/Audio/Wav
d/d 6024-144-1:	WINDOWS/Help/Tours/WindowsMediaPlayer/Cnt
d/d 6027-144-1:	WINDOWS/Help/Tours/WindowsMediaPlayer/Css
d/d 6030-144-6:	WINDOWS/Help/Tours/WindowsMediaPlayer/Img
d/d 6036-144-6:	WINDOWS/Help/Tours/WindowsMediaPlayer/Img/Btn
d/d 6052-144-6:	WINDOWS/Help/Tours/WindowsMediaPlayer/Img/WMarks
d/d 6062-144-1:	WINDOWS/Help/Tours/WindowsMediaPlayer/Scr
d/d 6067-144-6:	WINDOWS/Help/Tours/WindowsMediaPlayer/Video
d/d 3637-144-3:	WINDOWS/ime
d/d 7351-144-1:	WINDOWS/ime/chsime
d/d 7352-144-1:	WINDOWS/ime/chsime/applets
d/d 3640-144-3:	WINDOWS/ime/CHTIME
d/d 3641-144-3:	WINDOWS/ime/CHTIME/Applets
d/d 3638-144-3:	WINDOWS/ime/imejp
d/d 3639-144-3:	WINDOWS/ime/imejp/applets
d/d 3642-144-3:	WINDOWS/ime/imejp98
d/d 7339-144-1:	WINDOWS/ime/imjp8_1
d/d 7346-144-1:	WINDOWS/ime/imjp8_1/applets
d/d 7344-144-1:	WINDOWS/ime/imkr6_1
d/d 7347-144-1:	WINDOWS/ime/imkr6_1/applets
d/d 7345-144-1:	WINDOWS/ime/imkr6_1/dicts
d/d 7349-144-1:	WINDOWS/ime/shared
d/d 7350-144-1:	WINDOWS/ime/shared/res
d/d 2259-144-3:	WINDOWS/inf
d/d 3551-144-3:	WINDOWS/java
d/d 3552-144-3:	WINDOWS/java/classes
d/d 3553-144-3:	WINDOWS/java/trustlib
d/d 3514-144-3:	WINDOWS/Media
d/d 3486-144-3:	WINDOWS/msagent
d/d 3500-144-3:	WINDOWS/msagent/chars
d/d 3487-144-3:	WINDOWS/msagent/intl
d/d 3605-144-3:	WINDOWS/msapps
d/d 3606-144-3:	WINDOWS/msapps/msinfo
d/d 220-144-6:	WINDOWS/srchasst
d/d 6267-144-1:	WINDOWS/srchasst/chars
d/d 6271-144-1:	WINDOWS/srchasst/mui
d/d 6272-144-6:	WINDOWS/srchasst/mui/0409
d/d 2254-144-6:	WINDOWS/system
d/d 459-144-6:	WINDOWS/system32
d/d 7348-144-1:	WINDOWS/system32/xircom
d/d 4927-144-6:	WINDOWS/system32/Com
d/d 700-144-6:	WINDOWS/system32/oobe
d/d 5849-144-6:	WINDOWS/system32/oobe/actsetup
d/d 5780-144-6:	WINDOWS/system32/oobe/error
d/d 701-144-3:	WINDOWS/system32/oobe/html
d/d 5966-144-1:	WINDOWS/system32/oobe/html/dslmain
d/d 5963-144-1:	WINDOWS/system32/oobe/html/iconnect
d/d 702-144-3:	WINDOWS/system32/oobe/html/ispsgnup
d/d 5970-144-1:	WINDOWS/system32/oobe/html/isptype
d/d 703-144-6:	WINDOWS/system32/oobe/html/mouse
d/d 5878-144-6:	WINDOWS/system32/oobe/html/mouse/images
d/d 704-144-3:	WINDOWS/system32/oobe/html/oemcust
d/d 705-144-3:	WINDOWS/system32/oobe/html/oemhw
d/d 706-144-3:	WINDOWS/system32/oobe/html/oemreg
d/d 5972-144-1:	WINDOWS/system32/oobe/html/sconnect
d/d 5911-144-1:	WINDOWS/system32/oobe/icserror
d/d 707-144-6:	WINDOWS/system32/oobe/images
d/d 5913-144-6:	WINDOWS/system32/oobe/isperror
d/d 709-144-3:	WINDOWS/system32/oobe/sample
d/d 708-144-6:	WINDOWS/system32/oobe/setup
d/d 5840-144-6:	WINDOWS/system32/oobe/regerror
d/d 646-144-3:	WINDOWS/system32/Setup
d/d 620-144-3:	WINDOWS/system32/ras
d/d 710-144-3:	WINDOWS/system32/1025
d/d 711-144-3:	WINDOWS/system32/1028
d/d 712-144-3:	WINDOWS/system32/1031
d/d 713-144-3:	WINDOWS/system32/1033
d/d 715-144-3:	WINDOWS/system32/1037
d/d 716-144-3:	WINDOWS/system32/1041
d/d 717-144-3:	WINDOWS/system32/1042
d/d 718-144-3:	WINDOWS/system32/1054
d/d 719-144-3:	WINDOWS/system32/2052
d/d 720-144-3:	WINDOWS/system32/3076
d/d 748-144-3:	WINDOWS/system32/3com_dmi
d/d 3721-144-6:	WINDOWS/system32/CatRoot
d/d 3722-144-1:	WINDOWS/system32/CatRoot/{127D0A1D-4EF2-11D1-8608-00C04FC295EE}
d/d 3734-144-7:	WINDOWS/system32/CatRoot/{F750E6C3-38EE-11D1-85E5-00C04FC295EE}
d/d 3736-144-1:	WINDOWS/system32/CatRoot/{F750E6C3-38EE-11D1-85E5-00C04FC295EE}/TempDir
d/d 3723-144-6:	WINDOWS/system32/CatRoot2
d/d 3724-144-7:	WINDOWS/system32/CatRoot2/{127D0A1D-4EF2-11D1-8608-00C04FC295EE}
d/d 3735-144-7:	WINDOWS/system32/CatRoot2/{F750E6C3-38EE-11D1-85E5-00C04FC295EE}
d/d 460-144-3:	WINDOWS/system32/config
d/d 9657-144-7:	WINDOWS/system32/config/systemprofile
d/d 9684-144-1:	WINDOWS/system32/config/systemprofile/Application Data
d/d 9685-144-7:	WINDOWS/system32/config/systemprofile/Application Data/Microsoft
d/d 9691-144-1:	WINDOWS/system32/config/systemprofile/Application Data/Microsoft/Internet Explorer
d/d 9686-144-1:	WINDOWS/system32/config/systemprofile/Application Data/Microsoft/SystemCertificates
d/d 9687-144-1:	WINDOWS/system32/config/systemprofile/Application Data/Microsoft/SystemCertificates/My
d/d 9690-144-1:	WINDOWS/system32/config/systemprofile/Application Data/Microsoft/SystemCertificates/My/Certificates
d/d 9689-144-1:	WINDOWS/system32/config/systemprofile/Application Data/Microsoft/SystemCertificates/My/CRLs
d/d 9688-144-1:	WINDOWS/system32/config/systemprofile/Application Data/Microsoft/SystemCertificates/My/CTLs
d/d 9683-144-1:	WINDOWS/system32/config/systemprofile/Cookies
d/d 9682-144-1:	WINDOWS/system32/config/systemprofile/Desktop
d/d 9681-144-1:	WINDOWS/system32/config/systemprofile/Favorites
d/d 9670-144-7:	WINDOWS/system32/config/systemprofile/Local Settings
d/d 9680-144-1:	WINDOWS/system32/config/systemprofile/Local Settings/Application Data
d/d 9678-144-1:	WINDOWS/system32/config/systemprofile/Local Settings/History
d/d 9679-144-1:	WINDOWS/system32/config/systemprofile/Local Settings/History/History.IE5
d/d 347-144-1:	WINDOWS/system32/config/systemprofile/Local Settings/History/History.IE5/MSHist012004081920040820
d/d 9677-144-1:	WINDOWS/system32/config/systemprofile/Local Settings/Temp
d/d 9671-144-1:	WINDOWS/system32/config/systemprofile/Local Settings/Temporary Internet Files
d/d 9672-144-6:	WINDOWS/system32/config/systemprofile/Local Settings/Temporary Internet Files/Content.IE5
d/d 9676-144-6:	WINDOWS/system32/config/systemprofile/Local Settings/Temporary Internet Files/Content.IE5/HYU1BON0
d/d 9675-144-6:	WINDOWS/system32/config/systemprofile/Local Settings/Temporary Internet Files/Content.IE5/JIRVJY9X
d/d 9674-144-1:	WINDOWS/system32/config/systemprofile/Local Settings/Temporary Internet Files/Content.IE5/PN0J7OQM
d/d 9673-144-1:	WINDOWS/system32/config/systemprofile/Local Settings/Temporary Internet Files/Content.IE5/PTV39NDQ
d/d 9669-144-1:	WINDOWS/system32/config/systemprofile/My Documents
d/d 9668-144-1:	WINDOWS/system32/config/systemprofile/NetHood
d/d 9667-144-1:	WINDOWS/system32/config/systemprofile/PrintHood
d/d 9666-144-1:	WINDOWS/system32/config/systemprofile/Recent
d/d 9665-144-6:	WINDOWS/system32/config/systemprofile/SendTo
d/d 9659-144-1:	WINDOWS/system32/config/systemprofile/Start Menu
d/d 9660-144-6:	WINDOWS/system32/config/systemprofile/Start Menu/Programs
d/d 9662-144-7:	WINDOWS/system32/config/systemprofile/Start Menu/Programs/Accessories
d/d 9664-144-7:	WINDOWS/system32/config/systemprofile/Start Menu/Programs/Accessories/Accessibility
d/d 9663-144-1:	WINDOWS/system32/config/systemprofile/Start Menu/Programs/Accessories/Entertainment
d/d 9661-144-1:	WINDOWS/system32/config/systemprofile/Start Menu/Programs/Startup
d/d 9658-144-7:	WINDOWS/system32/config/systemprofile/Templates
d/d 644-144-3:	WINDOWS/system32/dhcp
d/d 6079-144-1:	WINDOWS/system32/DirectX
d/d 6080-144-7:	WINDOWS/system32/DirectX/Dinput
d/d 688-144-9:	WINDOWS/system32/dllcache
d/d 473-144-3:	WINDOWS/system32/drivers
d/d 480-144-3:	WINDOWS/system32/drivers/disdn
d/d 474-144-3:	WINDOWS/system32/drivers/etc
d/d 685-144-3:	WINDOWS/system32/ias
d/d 744-144-3:	WINDOWS/system32/IME
d/d 746-144-3:	WINDOWS/system32/IME/CINTLGNT
d/d 745-144-3:	WINDOWS/system32/IME/PINTLGNT
d/d 747-144-3:	WINDOWS/system32/IME/TINTLGNT
d/d 743-144-3:	WINDOWS/system32/inetsrv
d/d 6076-144-1:	WINDOWS/system32/Macromed
d/d 6077-144-1:	WINDOWS/system32/Macromed/Flash
d/d 689-144-3:	WINDOWS/system32/export
d/d 12039-144-1:	WINDOWS/system32/Microsoft
d/d 12045-144-1:	WINDOWS/system32/Microsoft/Protect
d/d 12046-144-1:	WINDOWS/system32/Microsoft/Protect/S-1-5-18
d/d 12058-144-1:	WINDOWS/system32/Microsoft/Protect/S-1-5-18/User
d/d 4950-144-1:	WINDOWS/system32/MsDtc
d/d 4951-144-1:	WINDOWS/system32/MsDtc/Trace
d/d 696-144-3:	WINDOWS/system32/mui
d/d 697-144-3:	WINDOWS/system32/mui/0009
d/d 699-144-3:	WINDOWS/system32/mui/dispspec
d/d 682-144-3:	WINDOWS/system32/npp
d/d 5658-144-6:	WINDOWS/system32/Restore
d/d 645-144-3:	WINDOWS/system32/ShellExt
d/d 627-144-3:	WINDOWS/system32/spool
d/d 628-144-3:	WINDOWS/system32/spool/drivers
d/d 631-144-3:	WINDOWS/system32/spool/drivers/color
d/d 629-144-6:	WINDOWS/system32/spool/drivers/w32x86
d/d 630-144-6:	WINDOWS/system32/spool/drivers/w32x86/3
d/d 4768-144-1:	WINDOWS/system32/spool/PRINTERS
d/d 641-144-3:	WINDOWS/system32/spool/prtprocs
d/d 642-144-3:	WINDOWS/system32/spool/prtprocs/w32x86
d/d 663-144-6:	WINDOWS/system32/wbem
d/d 668-144-3:	WINDOWS/system32/wbem/xml
d/d 5497-144-6:	WINDOWS/system32/wbem/Logs
d/d 665-144-3:	WINDOWS/system32/wbem/mof
d/d 667-144-3:	WINDOWS/system32/wbem/mof/bad
d/d 666-144-3:	WINDOWS/system32/wbem/mof/good
d/d 5499-144-7:	WINDOWS/system32/wbem/Performance
d/d 664-144-4:	WINDOWS/system32/wbem/Repository
d/d 5505-144-6:	WINDOWS/system32/wbem/Repository/FS
d/d 7353-144-1:	WINDOWS/system32/wbem/snmp
d/d 643-144-3:	WINDOWS/system32/wins
d/d 721-144-3:	WINDOWS/system32/usmt
d/d 690-144-3:	WINDOWS/system32/icsxml
d/d 5541-144-1:	WINDOWS/Tasks
d/d 3602-144-6:	WINDOWS/Temp
d/d 3603-144-3:	WINDOWS/twain_32
d/d 3554-144-7:	WINDOWS/Web
d/d 3555-144-3:	WINDOWS/Web/printers
d/d 3556-144-3:	WINDOWS/Web/printers/images
d/d 5693-144-7:	WINDOWS/Web/Wallpaper
d/d 3634-144-6:	WINDOWS/WinSxS
d/d 3636-144-4:	WINDOWS/WinSxS/InstallTemp
d/d 3635-144-7:	WINDOWS/WinSxS/Manifests
d/d 3690-144-10:	WINDOWS/WinSxS/x86_Microsoft.Tools.VisualCPlusPlus.Runtime-Libraries_6595b64144ccf1df_6.0.0.0_x-ww_ff9986d7
d/d 3697-144-1:	WINDOWS/WinSxS/x86_Microsoft.Windows.Common-Controls_6595b64144ccf1df_6.0.0.0_x-ww_1382d70a
d/d 3701-144-7:	WINDOWS/WinSxS/x86_Microsoft.Windows.CPlusPlusRuntime_6595b64144ccf1df_7.0.0.0_x-ww_2726e76a
d/d 3684-144-1:	WINDOWS/WinSxS/x86_Microsoft.Windows.GdiPlus_6595b64144ccf1df_1.0.0.0_x-ww_8d353f13
d/d 3400-144-6:	WINDOWS/Fonts
d/d 9846-144-6:	WINDOWS/Installer
d/d 9861-144-1:	WINDOWS/Installer/{350C97B0-3D7C-4EE8-BAA9-00BCB3D54227}
d/d 10180-144-6:	WINDOWS/Installer/{6C31E111-96BB-4ADC-9C81-E6D3EEDDD8D3}
V/V 12305:	$OrphanFiles
