/tmp/agentic-sift-evidence-mhmhnwjl/mnt/vol0/Program Files/Cain/Install.log
/tmp/agentic-sift-evidence-mhmhnwjl/mnt/vol0/Program Files/Cain/Abel.dll
/tmp/agentic-sift-evidence-mhmhnwjl/mnt/vol0/Program Files/Cain/Abel.dll.sig
/tmp/agentic-sift-evidence-mhmhnwjl/mnt/vol0/Program Files/Cain/Abel.exe
/tmp/agentic-sift-evidence-mhmhnwjl/mnt/vol0/Program Files/Cain/Abel.exe.sig
/tmp/agentic-sift-evidence-mhmhnwjl/mnt/vol0/Program Files/Cain/APR.LST
/tmp/agentic-sift-evidence-mhmhnwjl/mnt/vol0/Program Files/Cain/Cain.exe
/tmp/agentic-sift-evidence-mhmhnwjl/mnt/vol0/Program Files/Cain/Cain.exe.sig
/tmp/agentic-sift-evidence-mhmhnwjl/mnt/vol0/Program Files/Cain/CCD.LST
/tmp/agentic-sift-evidence-mhmhnwjl/mnt/vol0/Program Files/Cain/CERT.LST
/tmp/agentic-sift-evidence-mhmhnwjl/mnt/vol0/Program Files/Cain/Credits.txt
/tmp/agentic-sift-evidence-mhmhnwjl/mnt/vol0/Program Files/Cain/Driver/WinPcap_3_0_1a.exe
/tmp/agentic-sift-evidence-mhmhnwjl/mnt/vol0/Program Files/Cain/DRR.LST
/tmp/agentic-sift-evidence-mhmhnwjl/mnt/vol0/Program Files/Cain/FTP.LST
/tmp/agentic-sift-evidence-mhmhnwjl/mnt/vol0/Program Files/Cain/HOSTS.LST
/tmp/agentic-sift-evidence-mhmhnwjl/mnt/vol0/Program Files/Cain/HTTP.LST
/tmp/agentic-sift-evidence-mhmhnwjl/mnt/vol0/Program Files/Cain/HTTPS.LST
/tmp/agentic-sift-evidence-mhmhnwjl/mnt/vol0/Program Files/Cain/ICQ.LST
/tmp/agentic-sift-evidence-mhmhnwjl/mnt/vol0/Program Files/Cain/IKE-PSK.LST
/tmp/agentic-sift-evidence-mhmhnwjl/mnt/vol0/Program Files/Cain/IMAP.LST
/tmp/agentic-sift-evidence-mhmhnwjl/mnt/vol0/Program Files/Cain/K5.LST
/tmp/agentic-sift-evidence-mhmhnwjl/mnt/vol0/Program Files/Cain/LMNT.LST
/tmp/agentic-sift-evidence-mhmhnwjl/mnt/vol0/Program Files/Cain/MSN.LST
/tmp/agentic-sift-evidence-mhmhnwjl/mnt/vol0/Program Files/Cain/NNTP.LST
/tmp/agentic-sift-evidence-mhmhnwjl/mnt/vol0/Program Files/Cain/oui.txt
/tmp/agentic-sift-evidence-mhmhnwjl/mnt/vol0/Program Files/Cain/POP3.LST
/tmp/agentic-sift-evidence-mhmhnwjl/mnt/vol0/Program Files/Cain/RADIUS.LST
/tmp/agentic-sift-evidence-mhmhnwjl/mnt/vol0/Program Files/Cain/RADIUS_USERS.LST
/tmp/agentic-sift-evidence-mhmhnwjl/mnt/vol0/Program Files/Cain/SMB.LST
/tmp/agentic-sift-evidence-mhmhnwjl/mnt/vol0/Program Files/Cain/SMTP.LST
/tmp/agentic-sift-evidence-mhmhnwjl/mnt/vol0/Program Files/Cain/SSH-1.LST
/tmp/agentic-sift-evidence-mhmhnwjl/mnt/vol0/Program Files/Cain/TDS.LST
/tmp/agentic-sift-evidence-mhmhnwjl/mnt/vol0/Program Files/Cain/TELNET.LST
/tmp/agentic-sift-evidence-mhmhnwjl/mnt/vol0/Program Files/Cain/UNINSTAL.EXE
/tmp/agentic-sift-evidence-mhmhnwjl/mnt/vol0/Program Files/Cain/VNC.LST
/tmp/agentic-sift-evidence-mhmhnwjl/mnt/vol0/Program Files/Cain/Whats.new
/tmp/agentic-sift-evidence-mhmhnwjl/mnt/vol0/Program Files/Cain/Wordlists/Wordlist.txt
