/tmp/agentic-sift-evidence-mhmhnwjl/mnt/vol0/Documents and Settings/All Users/Application Data/Microsoft/Dr Watson/drwtsn32.log
/tmp/agentic-sift-evidence-mhmhnwjl/mnt/vol0/Documents and Settings/All Users/Start Menu/Programs/mIRC
/tmp/agentic-sift-evidence-mhmhnwjl/mnt/vol0/Documents and Settings/All Users/Start Menu/Programs/mIRC/mIRC Help.lnk
/tmp/agentic-sift-evidence-mhmhnwjl/mnt/vol0/Documents and Settings/LocalService/Local Settings/Application Data/Microsoft/Windows/UsrClass.dat.LOG
/tmp/agentic-sift-evidence-mhmhnwjl/mnt/vol0/Documents and Settings/LocalService/ntuser.dat.LOG
/tmp/agentic-sift-evidence-mhmhnwjl/mnt/vol0/Documents and Settings/Mr. Evil/Cookies/mr. evil@www.netstumbler[2].txt
/tmp/agentic-sift-evidence-mhmhnwjl/mnt/vol0/Documents and Settings/Mr. Evil/Desktop/Tools/mIRC.lnk
/tmp/agentic-sift-evidence-mhmhnwjl/mnt/vol0/Documents and Settings/Mr. Evil/Local Settings/Application Data/Identities/{EF086998-1115-4ECD-9B13-9ADC067B4929}/Microsoft/Outlook Express/cleanup.log
/tmp/agentic-sift-evidence-mhmhnwjl/mnt/vol0/Documents and Settings/Mr. Evil/Local Settings/Application Data/Identities/{EF086998-1115-4ECD-9B13-9ADC067B4929}/Microsoft/Outlook Express/alt.2600.cardz.dbx
/tmp/agentic-sift-evidence-mhmhnwjl/mnt/vol0/Documents and Settings/Mr. Evil/Local Settings/Application Data/Identities/{EF086998-1115-4ECD-9B13-9ADC067B4929}/Microsoft/Outlook Express/alt.2600.codez.dbx
/tmp/agentic-sift-evidence-mhmhnwjl/mnt/vol0/Documents and Settings/Mr. Evil/Local Settings/Application Data/Identities/{EF086998-1115-4ECD-9B13-9ADC067B4929}/Microsoft/Outlook Express/alt.2600.crackz.dbx
/tmp/agentic-sift-evidence-mhmhnwjl/mnt/vol0/Documents and Settings/Mr. Evil/Local Settings/Application Data/Identities/{EF086998-1115-4ECD-9B13-9ADC067B4929}/Microsoft/Outlook Express/alt.2600.dbx
/tmp/agentic-sift-evidence-mhmhnwjl/mnt/vol0/Documents and Settings/Mr. Evil/Local Settings/Application Data/Identities/{EF086998-1115-4ECD-9B13-9ADC067B4929}/Microsoft/Outlook Express/alt.2600.hackerz.dbx
/tmp/agentic-sift-evidence-mhmhnwjl/mnt/vol0/Documents and Settings/Mr. Evil/Local Settings/Application Data/Identities/{EF086998-1115-4ECD-9B13-9ADC067B4929}/Microsoft/Outlook Express/alt.2600.moderated.dbx
/tmp/agentic-sift-evidence-mhmhnwjl/mnt/vol0/Documents and Settings/Mr. Evil/Local Settings/Application Data/Identities/{EF086998-1115-4ECD-9B13-9ADC067B4929}/Microsoft/Outlook Express/alt.2600.phreakz.dbx
/tmp/agentic-sift-evidence-mhmhnwjl/mnt/vol0/Documents and Settings/Mr. Evil/Local Settings/Application Data/Identities/{EF086998-1115-4ECD-9B13-9ADC067B4929}/Microsoft/Outlook Express/alt.2600.programz.dbx
/tmp/agentic-sift-evidence-mhmhnwjl/mnt/vol0/Documents and Settings/Mr. Evil/Local Settings/Application Data/Identities/{EF086998-1115-4ECD-9B13-9ADC067B4929}/Microsoft/Outlook Express/alt.binaries.hacking.beginner.dbx
/tmp/agentic-sift-evidence-mhmhnwjl/mnt/vol0/Documents and Settings/Mr. Evil/Local Settings/Application Data/Identities/{EF086998-1115-4ECD-9B13-9ADC067B4929}/Microsoft/Outlook Express/alt.binaries.hacking.computers.dbx
/tmp/agentic-sift-evidence-mhmhnwjl/mnt/vol0/Documents and Settings/Mr. Evil/Local Settings/Application Data/Identities/{EF086998-1115-4ECD-9B13-9ADC067B4929}/Microsoft/Outlook Express/alt.binaries.hacking.utilities.dbx
/tmp/agentic-sift-evidence-mhmhnwjl/mnt/vol0/Documents and Settings/Mr. Evil/Local Settings/Application Data/Identities/{EF086998-1115-4ECD-9B13-9ADC067B4929}/Microsoft/Outlook Express/alt.binaries.hacking.websites.dbx
/tmp/agentic-sift-evidence-mhmhnwjl/mnt/vol0/Documents and Settings/Mr. Evil/Local Settings/Application Data/Identities/{EF086998-1115-4ECD-9B13-9ADC067B4929}/Microsoft/Outlook Express/alt.dss.hack.dbx
/tmp/agentic-sift-evidence-mhmhnwjl/mnt/vol0/Documents and Settings/Mr. Evil/Local Settings/Application Data/Identities/{EF086998-1115-4ECD-9B13-9ADC067B4929}/Microsoft/Outlook Express/alt.hacking.dbx
/tmp/agentic-sift-evidence-mhmhnwjl/mnt/vol0/Documents and Settings/Mr. Evil/Local Settings/Application Data/Identities/{EF086998-1115-4ECD-9B13-9ADC067B4929}/Microsoft/Outlook Express/alt.nl.binaries.hack.dbx
/tmp/agentic-sift-evidence-mhmhnwjl/mnt/vol0/Documents and Settings/Mr. Evil/Local Settings/Application Data/Identities/{EF086998-1115-4ECD-9B13-9ADC067B4929}/Microsoft/Outlook Express/alt.stupidity.hackers.malicious.dbx
/tmp/agentic-sift-evidence-mhmhnwjl/mnt/vol0/Documents and Settings/Mr. Evil/Local Settings/Application Data/Identities/{EF086998-1115-4ECD-9B13-9ADC067B4929}/Microsoft/Outlook Express/Deleted Items.dbx
/tmp/agentic-sift-evidence-mhmhnwjl/mnt/vol0/Documents and Settings/Mr. Evil/Local Settings/Application Data/Identities/{EF086998-1115-4ECD-9B13-9ADC067B4929}/Microsoft/Outlook Express/Folders.dbx
/tmp/agentic-sift-evidence-mhmhnwjl/mnt/vol0/Documents and Settings/Mr. Evil/Local Settings/Application Data/Identities/{EF086998-1115-4ECD-9B13-9ADC067B4929}/Microsoft/Outlook Express/free.binaries.hackers.malicious.dbx
/tmp/agentic-sift-evidence-mhmhnwjl/mnt/vol0/Documents and Settings/Mr. Evil/Local Settings/Application Data/Identities/{EF086998-1115-4ECD-9B13-9ADC067B4929}/Microsoft/Outlook Express/free.binaries.hacking.beginner.dbx
/tmp/agentic-sift-evidence-mhmhnwjl/mnt/vol0/Documents and Settings/Mr. Evil/Local Settings/Application Data/Identities/{EF086998-1115-4ECD-9B13-9ADC067B4929}/Microsoft/Outlook Express/free.binaries.hacking.computers.dbx
/tmp/agentic-sift-evidence-mhmhnwjl/mnt/vol0/Documents and Settings/Mr. Evil/Local Settings/Application Data/Identities/{EF086998-1115-4ECD-9B13-9ADC067B4929}/Microsoft/Outlook Express/free.binaries.hacking.talentless.troll-haven.dbx
/tmp/agentic-sift-evidence-mhmhnwjl/mnt/vol0/Documents and Settings/Mr. Evil/Local Settings/Application Data/Identities/{EF086998-1115-4ECD-9B13-9ADC067B4929}/Microsoft/Outlook Express/free.binaries.hacking.talentless.troll_haven.dbx
/tmp/agentic-sift-evidence-mhmhnwjl/mnt/vol0/Documents and Settings/Mr. Evil/Local Settings/Application Data/Identities/{EF086998-1115-4ECD-9B13-9ADC067B4929}/Microsoft/Outlook Express/free.binaries.hacking.utilities.dbx
/tmp/agentic-sift-evidence-mhmhnwjl/mnt/vol0/Documents and Settings/Mr. Evil/Local Settings/Application Data/Identities/{EF086998-1115-4ECD-9B13-9ADC067B4929}/Microsoft/Outlook Express/free.binaries.hacking.websites.dbx
/tmp/agentic-sift-evidence-mhmhnwjl/mnt/vol0/Documents and Settings/Mr. Evil/Local Settings/Application Data/Identities/{EF086998-1115-4ECD-9B13-9ADC067B4929}/Microsoft/Outlook Express/Inbox.dbx
/tmp/agentic-sift-evidence-mhmhnwjl/mnt/vol0/Documents and Settings/Mr. Evil/Local Settings/Application Data/Identities/{EF086998-1115-4ECD-9B13-9ADC067B4929}/Microsoft/Outlook Express/Offline.dbx
/tmp/agentic-sift-evidence-mhmhnwjl/mnt/vol0/Documents and Settings/Mr. Evil/Local Settings/Application Data/Identities/{EF086998-1115-4ECD-9B13-9ADC067B4929}/Microsoft/Outlook Express/Outbox.dbx
/tmp/agentic-sift-evidence-mhmhnwjl/mnt/vol0/Documents and Settings/Mr. Evil/Local Settings/Application Data/Microsoft/Windows/UsrClass.dat.LOG
/tmp/agentic-sift-evidence-mhmhnwjl/mnt/vol0/Documents and Settings/Mr. Evil/Local Settings/Temporary Internet Files/Content.IE5/PN0J7OQM/netstumbler[1].htm
/tmp/agentic-sift-evidence-mhmhnwjl/mnt/vol0/Documents and Settings/Mr. Evil/ntuser.dat.LOG
/tmp/agentic-sift-evidence-mhmhnwjl/mnt/vol0/Documents and Settings/NetworkService/Local Settings/Application Data/Microsoft/Windows/UsrClass.dat.LOG
/tmp/agentic-sift-evidence-mhmhnwjl/mnt/vol0/Documents and Settings/NetworkService/ntuser.dat.LOG
/tmp/agentic-sift-evidence-mhmhnwjl/mnt/vol0/My Documents/FOOTPRINTING/NT/Nmapnt/nmapNT-src/libpcap-possiblymodified/config.log
/tmp/agentic-sift-evidence-mhmhnwjl/mnt/vol0/Program Files/123WASP/INSTALL.LOG
/tmp/agentic-sift-evidence-mhmhnwjl/mnt/vol0/Program Files/Agent/INSTALL.LOG
/tmp/agentic-sift-evidence-mhmhnwjl/mnt/vol0/Program Files/Cain/Install.log
/tmp/agentic-sift-evidence-mhmhnwjl/mnt/vol0/Program Files/GlobalSCAPE/CuteFTP/CuteHTML/INSTALL2.LOG
/tmp/agentic-sift-evidence-mhmhnwjl/mnt/vol0/Program Files/GlobalSCAPE/CuteFTP/INSTALL.LOG
/tmp/agentic-sift-evidence-mhmhnwjl/mnt/vol0/Program Files/mIRC
/tmp/agentic-sift-evidence-mhmhnwjl/mnt/vol0/Program Files/mIRC/logs/#Chataholics.UnderNet.log
/tmp/agentic-sift-evidence-mhmhnwjl/mnt/vol0/Program Files/mIRC/logs/#CyberCafe.UnderNet.log
/tmp/agentic-sift-evidence-mhmhnwjl/mnt/vol0/Program Files/mIRC/logs/#Elite.Hackers.UnderNet.log
/tmp/agentic-sift-evidence-mhmhnwjl/mnt/vol0/Program Files/mIRC/logs/#evilfork.EFnet.log
/tmp/agentic-sift-evidence-mhmhnwjl/mnt/vol0/Program Files/mIRC/logs/#funny.UnderNet.log
/tmp/agentic-sift-evidence-mhmhnwjl/mnt/vol0/Program Files/mIRC/logs/#houston.UnderNet.log
/tmp/agentic-sift-evidence-mhmhnwjl/mnt/vol0/Program Files/mIRC/logs/#ISO-WAREZ.EFnet.log
/tmp/agentic-sift-evidence-mhmhnwjl/mnt/vol0/Program Files/mIRC/logs/#LuxShell.UnderNet.log
/tmp/agentic-sift-evidence-mhmhnwjl/mnt/vol0/Program Files/mIRC/logs/#mp3xserv.UnderNet.log
/tmp/agentic-sift-evidence-mhmhnwjl/mnt/vol0/Program Files/mIRC/logs/#thedarktower.AfterNET.log
/tmp/agentic-sift-evidence-mhmhnwjl/mnt/vol0/Program Files/mIRC/logs/#ushells.UnderNet.log
/tmp/agentic-sift-evidence-mhmhnwjl/mnt/vol0/Program Files/mIRC/logs/m5tar.UnderNet.log
/tmp/agentic-sift-evidence-mhmhnwjl/mnt/vol0/Program Files/mIRC/mirc.exe
/tmp/agentic-sift-evidence-mhmhnwjl/mnt/vol0/Program Files/mIRC/mirc.hlp
/tmp/agentic-sift-evidence-mhmhnwjl/mnt/vol0/Program Files/mIRC/mirc.ini
/tmp/agentic-sift-evidence-mhmhnwjl/mnt/vol0/Program Files/Network Stumbler/netstumbler.chm
/tmp/agentic-sift-evidence-mhmhnwjl/mnt/vol0/Program Files/Network Stumbler/NetStumbler.exe
/tmp/agentic-sift-evidence-mhmhnwjl/mnt/vol0/Program Files/WinPcap/INSTALL.LOG
/tmp/agentic-sift-evidence-mhmhnwjl/mnt/vol0/System Volume Information/tracking.log
/tmp/agentic-sift-evidence-mhmhnwjl/mnt/vol0/WINDOWS/msgsocm.log
/tmp/agentic-sift-evidence-mhmhnwjl/mnt/vol0/WINDOWS/msmqinst.log
/tmp/agentic-sift-evidence-mhmhnwjl/mnt/vol0/WINDOWS/ntdtcsetup.log
/tmp/agentic-sift-evidence-mhmhnwjl/mnt/vol0/WINDOWS/ocgen.log
/tmp/agentic-sift-evidence-mhmhnwjl/mnt/vol0/WINDOWS/ocmsn.log
/tmp/agentic-sift-evidence-mhmhnwjl/mnt/vol0/WINDOWS/PCHEALTH/HELPCTR/Logs/hcupdate.log
/tmp/agentic-sift-evidence-mhmhnwjl/mnt/vol0/WINDOWS/Prefetch/NETSTUMBLER.EXE-0BFEE568.pf
/tmp/agentic-sift-evidence-mhmhnwjl/mnt/vol0/WINDOWS/Prefetch/NETSTUMBLERINSTALLER_0_4_0.EX-0BD9920C.pf
/tmp/agentic-sift-evidence-mhmhnwjl/mnt/vol0/WINDOWS/Prefetch/MIRC.EXE-0661EC22.pf
/tmp/agentic-sift-evidence-mhmhnwjl/mnt/vol0/WINDOWS/Prefetch/MIRC612.EXE-02791C37.pf
/tmp/agentic-sift-evidence-mhmhnwjl/mnt/vol0/WINDOWS/0.log
/tmp/agentic-sift-evidence-mhmhnwjl/mnt/vol0/WINDOWS/comsetup.log
/tmp/agentic-sift-evidence-mhmhnwjl/mnt/vol0/WINDOWS/Debug/NetSetup.LOG
/tmp/agentic-sift-evidence-mhmhnwjl/mnt/vol0/WINDOWS/Debug/oakley.log
/tmp/agentic-sift-evidence-mhmhnwjl/mnt/vol0/WINDOWS/Debug/PASSWD.LOG
/tmp/agentic-sift-evidence-mhmhnwjl/mnt/vol0/WINDOWS/Debug/UserMode/userenv.log
/tmp/agentic-sift-evidence-mhmhnwjl/mnt/vol0/WINDOWS/DtcInstall.log
/tmp/agentic-sift-evidence-mhmhnwjl/mnt/vol0/WINDOWS/Sti_Trace.log
/tmp/agentic-sift-evidence-mhmhnwjl/mnt/vol0/WINDOWS/system32/CatRoot2/edb.log
/tmp/agentic-sift-evidence-mhmhnwjl/mnt/vol0/WINDOWS/system32/CatRoot2/res1.log
/tmp/agentic-sift-evidence-mhmhnwjl/mnt/vol0/WINDOWS/system32/CatRoot2/res2.log
/tmp/agentic-sift-evidence-mhmhnwjl/mnt/vol0/WINDOWS/system32/config/default.LOG
/tmp/agentic-sift-evidence-mhmhnwjl/mnt/vol0/WINDOWS/system32/config/SAM.LOG
/tmp/agentic-sift-evidence-mhmhnwjl/mnt/vol0/WINDOWS/system32/config/SECURITY.LOG
/tmp/agentic-sift-evidence-mhmhnwjl/mnt/vol0/WINDOWS/system32/config/software.LOG
/tmp/agentic-sift-evidence-mhmhnwjl/mnt/vol0/WINDOWS/system32/config/system.LOG
/tmp/agentic-sift-evidence-mhmhnwjl/mnt/vol0/WINDOWS/system32/config/TempKey.LOG
/tmp/agentic-sift-evidence-mhmhnwjl/mnt/vol0/WINDOWS/system32/config/userdiff.LOG
/tmp/agentic-sift-evidence-mhmhnwjl/mnt/vol0/WINDOWS/system32/MsDtc/MSDTC.LOG
/tmp/agentic-sift-evidence-mhmhnwjl/mnt/vol0/WINDOWS/system32/MsDtc/Trace/dtctrace.log
/tmp/agentic-sift-evidence-mhmhnwjl/mnt/vol0/WINDOWS/system32/wbem/Logs/FrameWork.log
/tmp/agentic-sift-evidence-mhmhnwjl/mnt/vol0/WINDOWS/system32/wbem/Logs/mofcomp.log
/tmp/agentic-sift-evidence-mhmhnwjl/mnt/vol0/WINDOWS/system32/wbem/Logs/setup.log
/tmp/agentic-sift-evidence-mhmhnwjl/mnt/vol0/WINDOWS/system32/wbem/Logs/wbemcore.log
/tmp/agentic-sift-evidence-mhmhnwjl/mnt/vol0/WINDOWS/system32/wbem/Logs/wbemess.log
/tmp/agentic-sift-evidence-mhmhnwjl/mnt/vol0/WINDOWS/system32/wbem/Logs/WinMgmt.log
/tmp/agentic-sift-evidence-mhmhnwjl/mnt/vol0/WINDOWS/system32/wbem/Logs/wmiadap.log
/tmp/agentic-sift-evidence-mhmhnwjl/mnt/vol0/WINDOWS/system32/wbem/Logs/wmiprov.log
/tmp/agentic-sift-evidence-mhmhnwjl/mnt/vol0/WINDOWS/tsoc.log
/tmp/agentic-sift-evidence-mhmhnwjl/mnt/vol0/WINDOWS/FaxSetup.log
/tmp/agentic-sift-evidence-mhmhnwjl/mnt/vol0/WINDOWS/iis6.log
/tmp/agentic-sift-evidence-mhmhnwjl/mnt/vol0/WINDOWS/imsins.log
/tmp/agentic-sift-evidence-mhmhnwjl/mnt/vol0/WINDOWS/setuperr.log
/tmp/agentic-sift-evidence-mhmhnwjl/mnt/vol0/WINDOWS/regopt.log
/tmp/agentic-sift-evidence-mhmhnwjl/mnt/vol0/WINDOWS/repair/setup.log
/tmp/agentic-sift-evidence-mhmhnwjl/mnt/vol0/WINDOWS/security/edb.log
/tmp/agentic-sift-evidence-mhmhnwjl/mnt/vol0/WINDOWS/security/edb00002.log
/tmp/agentic-sift-evidence-mhmhnwjl/mnt/vol0/WINDOWS/security/logs/backup.log
/tmp/agentic-sift-evidence-mhmhnwjl/mnt/vol0/WINDOWS/security/logs/SceRoot.log
/tmp/agentic-sift-evidence-mhmhnwjl/mnt/vol0/WINDOWS/security/logs/scesetup.log
/tmp/agentic-sift-evidence-mhmhnwjl/mnt/vol0/WINDOWS/security/res1.log
/tmp/agentic-sift-evidence-mhmhnwjl/mnt/vol0/WINDOWS/security/res2.log
/tmp/agentic-sift-evidence-mhmhnwjl/mnt/vol0/WINDOWS/sessmgr.setup.log
/tmp/agentic-sift-evidence-mhmhnwjl/mnt/vol0/WINDOWS/setupact.log
/tmp/agentic-sift-evidence-mhmhnwjl/mnt/vol0/WINDOWS/setupapi.log
/tmp/agentic-sift-evidence-mhmhnwjl/mnt/vol0/WINDOWS/wiadebug.log
/tmp/agentic-sift-evidence-mhmhnwjl/mnt/vol0/WINDOWS/wiaservc.log
/tmp/agentic-sift-evidence-mhmhnwjl/mnt/vol0/WINDOWS/Windows Update.log
