/tmp/agentic-sift-evidence-mhmhnwjl/mnt/vol0
/tmp/agentic-sift-evidence-mhmhnwjl/mnt/vol0/Documents and Settings
/tmp/agentic-sift-evidence-mhmhnwjl/mnt/vol0/Documents and Settings/All Users
/tmp/agentic-sift-evidence-mhmhnwjl/mnt/vol0/Documents and Settings/Default User
/tmp/agentic-sift-evidence-mhmhnwjl/mnt/vol0/Documents and Settings/LocalService
/tmp/agentic-sift-evidence-mhmhnwjl/mnt/vol0/Documents and Settings/Mr. Evil
/tmp/agentic-sift-evidence-mhmhnwjl/mnt/vol0/Documents and Settings/NetworkService
/tmp/agentic-sift-evidence-mhmhnwjl/mnt/vol0/My Documents
/tmp/agentic-sift-evidence-mhmhnwjl/mnt/vol0/My Documents/ARCHIVE
/tmp/agentic-sift-evidence-mhmhnwjl/mnt/vol0/My Documents/COMMANDS
/tmp/agentic-sift-evidence-mhmhnwjl/mnt/vol0/My Documents/DICTIONARIES
/tmp/agentic-sift-evidence-mhmhnwjl/mnt/vol0/My Documents/ENUMERATION
/tmp/agentic-sift-evidence-mhmhnwjl/mnt/vol0/My Documents/EXPLOITATION
/tmp/agentic-sift-evidence-mhmhnwjl/mnt/vol0/My Documents/FOOTPRINTING
/tmp/agentic-sift-evidence-mhmhnwjl/mnt/vol0/My Documents/MISCELLANEOUS
/tmp/agentic-sift-evidence-mhmhnwjl/mnt/vol0/My Documents/NOVELL
/tmp/agentic-sift-evidence-mhmhnwjl/mnt/vol0/Program Files
/tmp/agentic-sift-evidence-mhmhnwjl/mnt/vol0/Program Files/MSN
/tmp/agentic-sift-evidence-mhmhnwjl/mnt/vol0/Program Files/123WASP
/tmp/agentic-sift-evidence-mhmhnwjl/mnt/vol0/Program Files/Accessories
/tmp/agentic-sift-evidence-mhmhnwjl/mnt/vol0/Program Files/Agent
/tmp/agentic-sift-evidence-mhmhnwjl/mnt/vol0/Program Files/Anonymizer
/tmp/agentic-sift-evidence-mhmhnwjl/mnt/vol0/Program Files/Cain
/tmp/agentic-sift-evidence-mhmhnwjl/mnt/vol0/Program Files/CHAT
/tmp/agentic-sift-evidence-mhmhnwjl/mnt/vol0/Program Files/Common Files
/tmp/agentic-sift-evidence-mhmhnwjl/mnt/vol0/Program Files/ComPlus Applications
/tmp/agentic-sift-evidence-mhmhnwjl/mnt/vol0/Program Files/DirectX
/tmp/agentic-sift-evidence-mhmhnwjl/mnt/vol0/Program Files/Ethereal
/tmp/agentic-sift-evidence-mhmhnwjl/mnt/vol0/Program Files/Faber Toys
/tmp/agentic-sift-evidence-mhmhnwjl/mnt/vol0/Program Files/GlobalSCAPE
/tmp/agentic-sift-evidence-mhmhnwjl/mnt/vol0/Program Files/Internet Explorer
/tmp/agentic-sift-evidence-mhmhnwjl/mnt/vol0/Program Files/Look@LAN
/tmp/agentic-sift-evidence-mhmhnwjl/mnt/vol0/Program Files/Messenger
/tmp/agentic-sift-evidence-mhmhnwjl/mnt/vol0/Program Files/microsoft frontpage
/tmp/agentic-sift-evidence-mhmhnwjl/mnt/vol0/Program Files/mIRC
/tmp/agentic-sift-evidence-mhmhnwjl/mnt/vol0/Program Files/Movie Maker
/tmp/agentic-sift-evidence-mhmhnwjl/mnt/vol0/Program Files/MSN Gaming Zone
/tmp/agentic-sift-evidence-mhmhnwjl/mnt/vol0/Program Files/NetMeeting
/tmp/agentic-sift-evidence-mhmhnwjl/mnt/vol0/Program Files/Network Stumbler
/tmp/agentic-sift-evidence-mhmhnwjl/mnt/vol0/Program Files/Online Services
/tmp/agentic-sift-evidence-mhmhnwjl/mnt/vol0/Program Files/Outlook Express
/tmp/agentic-sift-evidence-mhmhnwjl/mnt/vol0/Program Files/PLUS!
/tmp/agentic-sift-evidence-mhmhnwjl/mnt/vol0/Program Files/Uninstall Information
/tmp/agentic-sift-evidence-mhmhnwjl/mnt/vol0/Program Files/Whois
/tmp/agentic-sift-evidence-mhmhnwjl/mnt/vol0/Program Files/Windows Media Player
/tmp/agentic-sift-evidence-mhmhnwjl/mnt/vol0/Program Files/Windows NT
/tmp/agentic-sift-evidence-mhmhnwjl/mnt/vol0/Program Files/WindowsUpdate
/tmp/agentic-sift-evidence-mhmhnwjl/mnt/vol0/Program Files/WinPcap
/tmp/agentic-sift-evidence-mhmhnwjl/mnt/vol0/Program Files/xerox
/tmp/agentic-sift-evidence-mhmhnwjl/mnt/vol0/RECYCLER
/tmp/agentic-sift-evidence-mhmhnwjl/mnt/vol0/RECYCLER/S-1-5-21-2000478354-688789844-1708537768-1003
/tmp/agentic-sift-evidence-mhmhnwjl/mnt/vol0/System Volume Information
/tmp/agentic-sift-evidence-mhmhnwjl/mnt/vol0/Temp
/tmp/agentic-sift-evidence-mhmhnwjl/mnt/vol0/WIN98
/tmp/agentic-sift-evidence-mhmhnwjl/mnt/vol0/WINDOWS
/tmp/agentic-sift-evidence-mhmhnwjl/mnt/vol0/WINDOWS/mui
/tmp/agentic-sift-evidence-mhmhnwjl/mnt/vol0/WINDOWS/Offline Web Pages
/tmp/agentic-sift-evidence-mhmhnwjl/mnt/vol0/WINDOWS/PCHEALTH
/tmp/agentic-sift-evidence-mhmhnwjl/mnt/vol0/WINDOWS/Prefetch
/tmp/agentic-sift-evidence-mhmhnwjl/mnt/vol0/WINDOWS/Registration
/tmp/agentic-sift-evidence-mhmhnwjl/mnt/vol0/WINDOWS/addins
/tmp/agentic-sift-evidence-mhmhnwjl/mnt/vol0/WINDOWS/AppPatch
/tmp/agentic-sift-evidence-mhmhnwjl/mnt/vol0/WINDOWS/Config
/tmp/agentic-sift-evidence-mhmhnwjl/mnt/vol0/WINDOWS/Connection Wizard
/tmp/agentic-sift-evidence-mhmhnwjl/mnt/vol0/WINDOWS/Cursors
/tmp/agentic-sift-evidence-mhmhnwjl/mnt/vol0/WINDOWS/Debug
/tmp/agentic-sift-evidence-mhmhnwjl/mnt/vol0/WINDOWS/Downloaded Installations
/tmp/agentic-sift-evidence-mhmhnwjl/mnt/vol0/WINDOWS/Downloaded Program Files
/tmp/agentic-sift-evidence-mhmhnwjl/mnt/vol0/WINDOWS/Driver Cache
/tmp/agentic-sift-evidence-mhmhnwjl/mnt/vol0/WINDOWS/srchasst
/tmp/agentic-sift-evidence-mhmhnwjl/mnt/vol0/WINDOWS/system
/tmp/agentic-sift-evidence-mhmhnwjl/mnt/vol0/WINDOWS/system32
/tmp/agentic-sift-evidence-mhmhnwjl/mnt/vol0/WINDOWS/Tasks
/tmp/agentic-sift-evidence-mhmhnwjl/mnt/vol0/WINDOWS/Temp
/tmp/agentic-sift-evidence-mhmhnwjl/mnt/vol0/WINDOWS/twain_32
/tmp/agentic-sift-evidence-mhmhnwjl/mnt/vol0/WINDOWS/Fonts
/tmp/agentic-sift-evidence-mhmhnwjl/mnt/vol0/WINDOWS/Help
/tmp/agentic-sift-evidence-mhmhnwjl/mnt/vol0/WINDOWS/ime
/tmp/agentic-sift-evidence-mhmhnwjl/mnt/vol0/WINDOWS/inf
/tmp/agentic-sift-evidence-mhmhnwjl/mnt/vol0/WINDOWS/Installer
/tmp/agentic-sift-evidence-mhmhnwjl/mnt/vol0/WINDOWS/java
/tmp/agentic-sift-evidence-mhmhnwjl/mnt/vol0/WINDOWS/Media
/tmp/agentic-sift-evidence-mhmhnwjl/mnt/vol0/WINDOWS/msagent
/tmp/agentic-sift-evidence-mhmhnwjl/mnt/vol0/WINDOWS/msapps
/tmp/agentic-sift-evidence-mhmhnwjl/mnt/vol0/WINDOWS/repair
/tmp/agentic-sift-evidence-mhmhnwjl/mnt/vol0/WINDOWS/Resources
/tmp/agentic-sift-evidence-mhmhnwjl/mnt/vol0/WINDOWS/security
/tmp/agentic-sift-evidence-mhmhnwjl/mnt/vol0/WINDOWS/Web
/tmp/agentic-sift-evidence-mhmhnwjl/mnt/vol0/WINDOWS/WinSxS
/tmp/agentic-sift-evidence-mhmhnwjl/mnt/vol0/$Extend
