Parsed Plugins file.
Launching disablesr v.20200515
Error in disablesr: Unable to open '/cases/evidence/SOFTWARE': No such file or directory at /usr/share/regripper/plugins/disablesr.pl line 44.

disablesr complete.
Launching runonceex v.20200427
Error in runonceex: Unable to open '/cases/evidence/SOFTWARE': No such file or directory at /usr/share/regripper/plugins/runonceex.pl line 45.

runonceex complete.
Launching srum v.20200518
Error in srum: Unable to open '/cases/evidence/SOFTWARE': No such file or directory at /usr/share/regripper/plugins/srum.pl line 44.

srum complete.
Launching termserv v.20200506
Error in termserv: Unable to open '/cases/evidence/SOFTWARE': No such file or directory at /usr/share/regripper/plugins/termserv.pl line 57.

termserv complete.
Error in tracing: Unable to open '/cases/evidence/SOFTWARE': No such file or directory at /usr/share/regripper/plugins/tracing.pl line 43.

tracing complete.
Launching dcom v.20200525
Error in dcom: Unable to open '/cases/evidence/SOFTWARE': No such file or directory at /usr/share/regripper/plugins/dcom.pl line 49.

dcom complete.
Launching inprocserver v.20200427
Error in inprocserver: Unable to open '/cases/evidence/SOFTWARE': No such file or directory at /usr/share/regripper/plugins/inprocserver.pl line 65.

inprocserver complete.
Error in killsuit_tln: Unable to open '/cases/evidence/SOFTWARE': No such file or directory at /usr/share/regripper/plugins/killsuit_tln.pl line 42.

killsuit_tln complete.
Launching printdemon v.20200514
Error in printdemon: Unable to open '/cases/evidence/SOFTWARE': No such file or directory at /usr/share/regripper/plugins/printdemon.pl line 41.

printdemon complete.
Launching emdmgmt v.20200511
Error in emdmgmt: Unable to open '/cases/evidence/SOFTWARE': No such file or directory at /usr/share/regripper/plugins/emdmgmt.pl line 44.

emdmgmt complete.
Launching shelloverlay v.20100308
Error in shelloverlay: Unable to open '/cases/evidence/SOFTWARE': No such file or directory at /usr/share/regripper/plugins/shelloverlay.pl line 46.

shelloverlay complete.
Error in at_tln: Unable to open '/cases/evidence/SOFTWARE': No such file or directory at /usr/share/regripper/plugins/at_tln.pl line 37.

at_tln complete.
Error in direct: Unable to open '/cases/evidence/SOFTWARE': No such file or directory at /usr/share/regripper/plugins/direct.pl line 45.

direct complete.
Launching networklist_tln v.20150812
Error in networklist_tln: Unable to open '/cases/evidence/SOFTWARE': No such file or directory at /usr/share/regripper/plugins/networklist_tln.pl line 48.

networklist_tln complete.
Launching uninstall v.20200525
Error in uninstall: Unable to open '/cases/evidence/SOFTWARE': No such file or directory at /usr/share/regripper/plugins/uninstall.pl line 56.

uninstall complete.
Launching run v.20200511
Error in run: Can't call method "get_embedded_filename" on an undefined value at /usr/local/bin/rip.pl line 460.

run complete.
Launching heap v.20200427
Error in heap: Unable to open '/cases/evidence/SOFTWARE': No such file or directory at /usr/share/regripper/plugins/heap.pl line 45.

heap complete.
Launching appcompatflags v.20200525
Error in appcompatflags: Unable to open '/cases/evidence/SOFTWARE': No such file or directory at /usr/share/regripper/plugins/appcompatflags.pl line 66.

appcompatflags complete.
Launching powershellcore v.20200525
Error in powershellcore: Unable to open '/cases/evidence/SOFTWARE': No such file or directory at /usr/share/regripper/plugins/powershellcore.pl line 46.

powershellcore complete.
Launching spp_clients v.20130429
Error in spp_clients: Unable to open '/cases/evidence/SOFTWARE': No such file or directory at /usr/share/regripper/plugins/spp_clients.pl line 38.

spp_clients complete.
Launching clsid v.20200526
Error in clsid: Can't call method "get_embedded_filename" on an undefined value at /usr/local/bin/rip.pl line 460.

clsid complete.
Launching run_tln v.20221222
Error in run_tln: Can't call method "get_embedded_filename" on an undefined value at /usr/local/bin/rip.pl line 460.

run_tln complete.
Launching systemindex v.20200518
Error in systemindex: Unable to open '/cases/evidence/SOFTWARE': No such file or directory at /usr/share/regripper/plugins/systemindex.pl line 40.

systemindex complete.
Launching calibrator v.20200427
Error in calibrator: Unable to open '/cases/evidence/SOFTWARE': No such file or directory at /usr/share/regripper/plugins/calibrator.pl line 43.

calibrator complete.
Launching susclient v.20200518
Error in susclient: Unable to open '/cases/evidence/SOFTWARE': No such file or directory at /usr/share/regripper/plugins/susclient.pl line 46.

susclient complete.
Launching psscript v.20200525
Error in psscript: Unable to open '/cases/evidence/SOFTWARE': No such file or directory at /usr/share/regripper/plugins/psscript.pl line 44.

psscript complete.
Launching tasks v.20200427
Error in tasks: Unable to open '/cases/evidence/SOFTWARE': No such file or directory at /usr/share/regripper/plugins/tasks.pl line 46.

tasks complete.
Launching uninstall v.20120523
Error in uninstall_tln: Unable to open '/cases/evidence/SOFTWARE': No such file or directory at /usr/share/regripper/plugins/uninstall_tln.pl line 52.

uninstall_tln complete.
Launching scriptleturl v.20200525
Error in scriptleturl: Unable to open '/cases/evidence/SOFTWARE': No such file or directory at /usr/share/regripper/plugins/scriptleturl.pl line 46.

scriptleturl complete.
Launching ddpe v.20221128
Error in ddpe: Unable to open '/cases/evidence/SOFTWARE': No such file or directory at /usr/share/regripper/plugins/ddpe.pl line 44.

ddpe complete.
Launching wbem v.20200511
Error in wbem: Unable to open '/cases/evidence/SOFTWARE': No such file or directory at /usr/share/regripper/plugins/wbem.pl line 45.

wbem complete.
Launching landesk (TLN) v.20130214
Error in landesk_tln: Unable to open '/cases/evidence/SOFTWARE': No such file or directory at /usr/share/regripper/plugins/landesk_tln.pl line 41.

landesk_tln complete.
Launching gpohist v.
Error in gpohist: Unable to open '/cases/evidence/SOFTWARE': No such file or directory at /usr/share/regripper/plugins/gpohist.pl line 51.

gpohist complete.
Launching landesk v.20200517
Error in landesk: Unable to open '/cases/evidence/SOFTWARE': No such file or directory at /usr/share/regripper/plugins/landesk.pl line 47.

landesk complete.
Launching apppaths v.20200511
Error in apppaths: Unable to open '/cases/evidence/SOFTWARE': No such file or directory at /usr/share/regripper/plugins/apppaths.pl line 53.

apppaths complete.
Error in clsid_tln: Can't call method "get_embedded_filename" on an undefined value at /usr/local/bin/rip.pl line 460.

clsid_tln complete.
Launching taskcache v.20200427
Error in taskcache: Unable to open '/cases/evidence/SOFTWARE': No such file or directory at /usr/share/regripper/plugins/taskcache.pl line 50.

taskcache complete.
Launching uac v.20200427
Error in uac: Unable to open '/cases/evidence/SOFTWARE': No such file or directory at /usr/share/regripper/plugins/uac.pl line 45.

uac complete.
Launching wow64 v.20200515
Error in wow64: Unable to open '/cases/evidence/SOFTWARE': No such file or directory at /usr/share/regripper/plugins/wow64.pl line 46.

wow64 complete.
Launching winlogon_tln v.20130429
Error in winlogon_tln: Unable to open '/cases/evidence/SOFTWARE': No such file or directory at /usr/share/regripper/plugins/winlogon_tln.pl line 42.

winlogon_tln complete.
Launching watp v.20200427
Error in watp: Unable to open '/cases/evidence/SOFTWARE': No such file or directory at /usr/share/regripper/plugins/watp.pl line 45.

watp complete.
Launching netsh v.20200515
Error in netsh: Unable to open '/cases/evidence/SOFTWARE': No such file or directory at /usr/share/regripper/plugins/netsh.pl line 46.

netsh complete.
Launching appkeys v.20200517
Error in appkeys: Unable to open '/cases/evidence/SOFTWARE': No such file or directory at /usr/share/regripper/plugins/appkeys.pl line 45.

appkeys complete.
Launching audiodev v.20200525
Error in audiodev: Unable to open '/cases/evidence/SOFTWARE': No such file or directory at /usr/share/regripper/plugins/audiodev.pl line 49.

audiodev complete.
Launching lastloggedon v.20200517
Error in lastloggedon: Unable to open '/cases/evidence/SOFTWARE': No such file or directory at /usr/share/regripper/plugins/lastloggedon.pl line 44.

lastloggedon complete.
Launching execpolicy v.20200517
Error in execpolicy: Unable to open '/cases/evidence/SOFTWARE': No such file or directory at /usr/share/regripper/plugins/execpolicy.pl line 44.

execpolicy complete.
Launching btconfig v.20200526
Error in btconfig: Unable to open '/cases/evidence/SOFTWARE': No such file or directory at /usr/share/regripper/plugins/btconfig.pl line 39.

btconfig complete.
Launching drivers32 v.20200525
Error in drivers32: Unable to open '/cases/evidence/SOFTWARE': No such file or directory at /usr/share/regripper/plugins/drivers32.pl line 47.

drivers32 complete.
Launching runvirtual v.20200427
Error in runvirtual: Unable to open '/cases/evidence/SOFTWARE': No such file or directory at /usr/share/regripper/plugins/runvirtual.pl line 42.

runvirtual complete.
Launching wab v.20200427
Error in wab: Unable to open '/cases/evidence/SOFTWARE': No such file or directory at /usr/share/regripper/plugins/wab.pl line 44.

wab complete.
Launching gpohist_tln v.
Error in gpohist_tln: Unable to open '/cases/evidence/SOFTWARE': No such file or directory at /usr/share/regripper/plugins/gpohist_tln.pl line 50.

gpohist_tln complete.
Launching msis v.20200517
Error in msis: Unable to open '/cases/evidence/SOFTWARE': No such file or directory at /usr/share/regripper/plugins/msis.pl line 45.

msis complete.
Launching secctr v.20200517
Error in secctr: Unable to open '/cases/evidence/SOFTWARE': No such file or directory at /usr/share/regripper/plugins/secctr.pl line 42.

secctr complete.
Launching appinitdlls v.20200427
Error in appinitdlls: Unable to open '/cases/evidence/SOFTWARE': No such file or directory at /usr/share/regripper/plugins/appinitdlls.pl line 53.

appinitdlls complete.
Error in tasks_tln: Unable to open '/cases/evidence/SOFTWARE': No such file or directory at /usr/share/regripper/plugins/tasks_tln.pl line 44.

tasks_tln complete.
Launching winver v.20200525
Error in winver: Unable to open '/cases/evidence/SOFTWARE': No such file or directory at /usr/share/regripper/plugins/winver.pl line 52.

winver complete.
Launching pslogging v.20200515
Error in pslogging: Unable to open '/cases/evidence/SOFTWARE': No such file or directory at /usr/share/regripper/plugins/pslogging.pl line 44.

pslogging complete.
Launching disablemru v.20190924
Error in disablemru: Unable to open '/cases/evidence/SOFTWARE': No such file or directory at /usr/share/regripper/plugins/disablemru.pl line 41.

disablemru complete.
Launching installer v.20200517
Error in installer: Unable to open '/cases/evidence/SOFTWARE': No such file or directory at /usr/share/regripper/plugins/installer.pl line 40.

installer complete.
Launching thispcpolicy v.20200511
Error in thispcpolicy: Unable to open '/cases/evidence/SOFTWARE': No such file or directory at /usr/share/regripper/plugins/thispcpolicy.pl line 57.

thispcpolicy complete.
Error in tracing_tln: Unable to open '/cases/evidence/SOFTWARE': No such file or directory at /usr/share/regripper/plugins/tracing_tln.pl line 42.

tracing_tln complete.
Launching apppaths_tln v.20130429
Error in apppaths_tln: Unable to open '/cases/evidence/SOFTWARE': No such file or directory at /usr/share/regripper/plugins/apppaths_tln.pl line 47.

apppaths_tln complete.
Launching profilelist v.20200518
Error in profilelist: Unable to open '/cases/evidence/SOFTWARE': No such file or directory at /usr/share/regripper/plugins/profilelist.pl line 45.

profilelist complete.
Launching ssid v.20200515
Error in ssid: Unable to open '/cases/evidence/SOFTWARE': No such file or directory at /usr/share/regripper/plugins/ssid.pl line 158.

ssid complete.
Launching defender v.20200427
Error in defender: Unable to open '/cases/evidence/SOFTWARE': No such file or directory at /usr/share/regripper/plugins/defender.pl line 50.

defender complete.
Launching allowedenum v.20200511
Error in allowedenum: Unable to open '/cases/evidence/SOFTWARE': No such file or directory at /usr/share/regripper/plugins/allowedenum.pl line 53.

allowedenum complete.
Launching sfc v.20200517
Error in sfc: Unable to open '/cases/evidence/SOFTWARE': No such file or directory at /usr/share/regripper/plugins/sfc.pl line 42.

sfc complete.
Launching killsuit v.20200427
Error in killsuit: Unable to open '/cases/evidence/SOFTWARE': No such file or directory at /usr/share/regripper/plugins/killsuit.pl line 43.

killsuit complete.
Launching at v.20200525
Error in at: Unable to open '/cases/evidence/SOFTWARE': No such file or directory at /usr/share/regripper/plugins/at.pl line 41.

at complete.
Launching ryuk_gpo v.20200427
Error in ryuk_gpo: Unable to open '/cases/evidence/SOFTWARE': No such file or directory at /usr/share/regripper/plugins/ryuk_gpo.pl line 45.

ryuk_gpo complete.
Launching ica_sessions v.20200528
Error in ica_sessions: Unable to open '/cases/evidence/SOFTWARE': No such file or directory at /usr/share/regripper/plugins/ica_sessions.pl line 43.

ica_sessions complete.
Error in wab_tln: Unable to open '/cases/evidence/SOFTWARE': No such file or directory at /usr/share/regripper/plugins/wab_tln.pl line 43.

wab_tln complete.
Launching macaddr v.20200515
Error in macaddr: Unable to open '/cases/evidence/SOFTWARE': No such file or directory at /usr/share/regripper/plugins/macaddr.pl line 44.

macaddr complete.
Launching licenses v.20200526
Error in licenses: Unable to open '/cases/evidence/SOFTWARE': No such file or directory at /usr/share/regripper/plugins/licenses.pl line 43.

licenses complete.
Launching injectdll64 v.20200427
Error in injectdll64: Unable to open '/cases/evidence/SOFTWARE': No such file or directory at /usr/share/regripper/plugins/injectdll64.pl line 48.

injectdll64 complete.
Launching uacbypass v.20200511
Error in uacbypass: Unable to open '/cases/evidence/SOFTWARE': No such file or directory at /usr/share/regripper/plugins/uacbypass.pl line 47.

uacbypass complete.
Launching networkcards v.20200518
Error in networkcards: Unable to open '/cases/evidence/SOFTWARE': No such file or directory at /usr/share/regripper/plugins/networkcards.pl line 38.

networkcards complete.
Launching cmd_shell v.20200515
Error in cmd_shell: Unable to open '/cases/evidence/SOFTWARE': No such file or directory at /usr/share/regripper/plugins/cmd_shell.pl line 51.

cmd_shell complete.
Error in volinfocache: Unable to open '/cases/evidence/SOFTWARE': No such file or directory at /usr/share/regripper/plugins/volinfocache.pl line 49.

volinfocache complete.
Launching outlook_homepage v.20201002
Error in outlook_homepage: Unable to open '/cases/evidence/SOFTWARE': No such file or directory at /usr/share/regripper/plugins/outlook_homepage.pl line 48.

outlook_homepage complete.
Launching exefile v.20211214
Error in exefile: Unable to open '/cases/evidence/SOFTWARE': No such file or directory at /usr/share/regripper/plugins/exefile.pl line 44.

exefile complete.
Launching schedagent v.20200518
Error in schedagent: Unable to open '/cases/evidence/SOFTWARE': No such file or directory at /usr/share/regripper/plugins/schedagent.pl line 39.

schedagent complete.
Error in direct_tln: Unable to open '/cases/evidence/SOFTWARE': No such file or directory at /usr/share/regripper/plugins/direct_tln.pl line 44.

direct_tln complete.
Launching wsh_settings v.20200517
Error in wsh_settings: Unable to open '/cases/evidence/SOFTWARE': No such file or directory at /usr/share/regripper/plugins/wsh_settings.pl line 45.

wsh_settings complete.
Error in taskcache_tln: Unable to open '/cases/evidence/SOFTWARE': No such file or directory at /usr/share/regripper/plugins/taskcache_tln.pl line 47.

taskcache_tln complete.
Error in appkeys_tln: Unable to open '/cases/evidence/SOFTWARE': No such file or directory at /usr/share/regripper/plugins/appkeys_tln.pl line 43.

appkeys_tln complete.
Error in runvirtual_tln: Unable to open '/cases/evidence/SOFTWARE': No such file or directory at /usr/share/regripper/plugins/runvirtual_tln.pl line 41.

runvirtual_tln complete.
Launching portdev v.20090118
Error in portdev: Unable to open '/cases/evidence/SOFTWARE': No such file or directory at /usr/share/regripper/plugins/portdev.pl line 41.

portdev complete.
Launching networklist v.20200518
Error in networklist: Unable to open '/cases/evidence/SOFTWARE': No such file or directory at /usr/share/regripper/plugins/networklist.pl line 54.

networklist complete.
Launching imagefile v.20200515
Error in imagefile: Unable to open '/cases/evidence/SOFTWARE': No such file or directory at /usr/share/regripper/plugins/imagefile.pl line 51.

imagefile complete.
