/tmp/agentic-sift-evidence-mhmhnwjl/mnt/vol0/Program Files
/tmp/agentic-sift-evidence-mhmhnwjl/mnt/vol0/Program Files/MSN
/tmp/agentic-sift-evidence-mhmhnwjl/mnt/vol0/Program Files/MSN/MSN Explorer.lnk
/tmp/agentic-sift-evidence-mhmhnwjl/mnt/vol0/Program Files/MSN/MSNCoreFiles
/tmp/agentic-sift-evidence-mhmhnwjl/mnt/vol0/Program Files/MSN/MSNCoreFiles/msncpq.ico
/tmp/agentic-sift-evidence-mhmhnwjl/mnt/vol0/Program Files/MSN/MSNCoreFiles/1033
/tmp/agentic-sift-evidence-mhmhnwjl/mnt/vol0/Program Files/MSN/MSNCoreFiles/1033/dwintl.dll
/tmp/agentic-sift-evidence-mhmhnwjl/mnt/vol0/Program Files/MSN/MSNCoreFiles/copymar.exe
/tmp/agentic-sift-evidence-mhmhnwjl/mnt/vol0/Program Files/MSN/MSNCoreFiles/csapi3t1.dll
/tmp/agentic-sift-evidence-mhmhnwjl/mnt/vol0/Program Files/MSN/MSNCoreFiles/custdial.dll
/tmp/agentic-sift-evidence-mhmhnwjl/mnt/vol0/Program Files/MSN/MSNCoreFiles/dw.exe
/tmp/agentic-sift-evidence-mhmhnwjl/mnt/vol0/Program Files/MSN/MSNCoreFiles/dwprivacy.hta
/tmp/agentic-sift-evidence-mhmhnwjl/mnt/vol0/Program Files/MSN/MSNCoreFiles/highcont.mar
/tmp/agentic-sift-evidence-mhmhnwjl/mnt/vol0/Program Files/MSN/MSNCoreFiles/license.txt
/tmp/agentic-sift-evidence-mhmhnwjl/mnt/vol0/Program Files/MSN/MSNCoreFiles/logonmgr.dll
/tmp/agentic-sift-evidence-mhmhnwjl/mnt/vol0/Program Files/MSN/MSNCoreFiles/mail.mar
/tmp/agentic-sift-evidence-mhmhnwjl/mnt/vol0/Program Files/MSN/MSNCoreFiles/manifest.xml
/tmp/agentic-sift-evidence-mhmhnwjl/mnt/vol0/Program Files/MSN/MSNCoreFiles/market.ini
/tmp/agentic-sift-evidence-mhmhnwjl/mnt/vol0/Program Files/MSN/MSNCoreFiles/market.mar
/tmp/agentic-sift-evidence-mhmhnwjl/mnt/vol0/Program Files/MSN/MSNCoreFiles/Markets
/tmp/agentic-sift-evidence-mhmhnwjl/mnt/vol0/Program Files/MSN/MSNCoreFiles/Markets/100
/tmp/agentic-sift-evidence-mhmhnwjl/mnt/vol0/Program Files/MSN/MSNCoreFiles/Markets/100/market.ini
/tmp/agentic-sift-evidence-mhmhnwjl/mnt/vol0/Program Files/MSN/MSNCoreFiles/Markets/100/market.mar
/tmp/agentic-sift-evidence-mhmhnwjl/mnt/vol0/Program Files/MSN/MSNCoreFiles/Markets/14
/tmp/agentic-sift-evidence-mhmhnwjl/mnt/vol0/Program Files/MSN/MSNCoreFiles/Markets/14/market.ini
/tmp/agentic-sift-evidence-mhmhnwjl/mnt/vol0/Program Files/MSN/MSNCoreFiles/Markets/14/market.mar
/tmp/agentic-sift-evidence-mhmhnwjl/mnt/vol0/Program Files/MSN/MSNCoreFiles/Markets/150
/tmp/agentic-sift-evidence-mhmhnwjl/mnt/vol0/Program Files/MSN/MSNCoreFiles/Markets/150/market.ini
/tmp/agentic-sift-evidence-mhmhnwjl/mnt/vol0/Program Files/MSN/MSNCoreFiles/Markets/150/market.mar
/tmp/agentic-sift-evidence-mhmhnwjl/mnt/vol0/Program Files/MSN/MSNCoreFiles/Markets/163
/tmp/agentic-sift-evidence-mhmhnwjl/mnt/vol0/Program Files/MSN/MSNCoreFiles/Markets/163/market.ini
/tmp/agentic-sift-evidence-mhmhnwjl/mnt/vol0/Program Files/MSN/MSNCoreFiles/Markets/163/market.mar
/tmp/agentic-sift-evidence-mhmhnwjl/mnt/vol0/Program Files/MSN/MSNCoreFiles/Markets/188
/tmp/agentic-sift-evidence-mhmhnwjl/mnt/vol0/Program Files/MSN/MSNCoreFiles/Markets/188/market.ini
/tmp/agentic-sift-evidence-mhmhnwjl/mnt/vol0/Program Files/MSN/MSNCoreFiles/Markets/188/market.mar
/tmp/agentic-sift-evidence-mhmhnwjl/mnt/vol0/Program Files/MSN/MSNCoreFiles/Markets/220
/tmp/agentic-sift-evidence-mhmhnwjl/mnt/vol0/Program Files/MSN/MSNCoreFiles/Markets/220/market.ini
/tmp/agentic-sift-evidence-mhmhnwjl/mnt/vol0/Program Files/MSN/MSNCoreFiles/Markets/220/market.mar
/tmp/agentic-sift-evidence-mhmhnwjl/mnt/vol0/Program Files/MSN/MSNCoreFiles/Markets/222
/tmp/agentic-sift-evidence-mhmhnwjl/mnt/vol0/Program Files/MSN/MSNCoreFiles/Markets/222/market.ini
/tmp/agentic-sift-evidence-mhmhnwjl/mnt/vol0/Program Files/MSN/MSNCoreFiles/Markets/222/market.mar
/tmp/agentic-sift-evidence-mhmhnwjl/mnt/vol0/Program Files/MSN/MSNCoreFiles/Markets/238
/tmp/agentic-sift-evidence-mhmhnwjl/mnt/vol0/Program Files/MSN/MSNCoreFiles/Markets/238/market.ini
/tmp/agentic-sift-evidence-mhmhnwjl/mnt/vol0/Program Files/MSN/MSNCoreFiles/Markets/238/market.mar
/tmp/agentic-sift-evidence-mhmhnwjl/mnt/vol0/Program Files/MSN/MSNCoreFiles/Markets/36
/tmp/agentic-sift-evidence-mhmhnwjl/mnt/vol0/Program Files/MSN/MSNCoreFiles/Markets/36/market.ini
/tmp/agentic-sift-evidence-mhmhnwjl/mnt/vol0/Program Files/MSN/MSNCoreFiles/Markets/36/market.mar
/tmp/agentic-sift-evidence-mhmhnwjl/mnt/vol0/Program Files/MSN/MSNCoreFiles/migrate.dll
/tmp/agentic-sift-evidence-mhmhnwjl/mnt/vol0/Program Files/MSN/MSNCoreFiles/migrate.ini
/tmp/agentic-sift-evidence-mhmhnwjl/mnt/vol0/Program Files/MSN/MSNCoreFiles/msdbx.dll
/tmp/agentic-sift-evidence-mhmhnwjl/mnt/vol0/Program Files/MSN/MSNCoreFiles/msmom.dll
/tmp/agentic-sift-evidence-mhmhnwjl/mnt/vol0/Program Files/MSN/MSNCoreFiles/msn6.exe
/tmp/agentic-sift-evidence-mhmhnwjl/mnt/vol0/Program Files/MSN/MSNCoreFiles/msndell.ico
/tmp/agentic-sift-evidence-mhmhnwjl/mnt/vol0/Program Files/MSN/MSNCoreFiles/msnemail.ico
/tmp/agentic-sift-evidence-mhmhnwjl/mnt/vol0/Program Files/MSN/MSNCoreFiles/msnmetal.dll
/tmp/agentic-sift-evidence-mhmhnwjl/mnt/vol0/Program Files/MSN/MSNCoreFiles/msnmetal.jcf
/tmp/agentic-sift-evidence-mhmhnwjl/mnt/vol0/Program Files/MSN/MSNCoreFiles/msnmetal.we
/tmp/agentic-sift-evidence-mhmhnwjl/mnt/vol0/Program Files/MSN/MSNCoreFiles/msnms.ico
/tmp/agentic-sift-evidence-mhmhnwjl/mnt/vol0/Program Files/MSN/MSNCoreFiles/msnmtllc.dll
/tmp/agentic-sift-evidence-mhmhnwjl/mnt/vol0/Program Files/MSN/MSNCoreFiles/msnread.htm
/tmp/agentic-sift-evidence-mhmhnwjl/mnt/vol0/Program Files/MSN/MSNCoreFiles/msnspell.dll
/tmp/agentic-sift-evidence-mhmhnwjl/mnt/vol0/Program Files/MSN/MSNCoreFiles/newalert.wav
/tmp/agentic-sift-evidence-mhmhnwjl/mnt/vol0/Program Files/MSN/MSNCoreFiles/newemail.wav
/tmp/agentic-sift-evidence-mhmhnwjl/mnt/vol0/Program Files/MSN/MSNCoreFiles/online.wav
/tmp/agentic-sift-evidence-mhmhnwjl/mnt/vol0/Program Files/MSN/MSNCoreFiles/popc.dll
/tmp/agentic-sift-evidence-mhmhnwjl/mnt/vol0/Program Files/MSN/MSNCoreFiles/Setup
/tmp/agentic-sift-evidence-mhmhnwjl/mnt/vol0/Program Files/MSN/MSNCoreFiles/Setup/migrate.dll
/tmp/agentic-sift-evidence-mhmhnwjl/mnt/vol0/Program Files/MSN/MSNCoreFiles/Setup/msn.inf
/tmp/agentic-sift-evidence-mhmhnwjl/mnt/vol0/Program Files/MSN/MSNCoreFiles/Setup/msn9xmig.dll
/tmp/agentic-sift-evidence-mhmhnwjl/mnt/vol0/Program Files/MSN/MSNCoreFiles/Setup/msnunin.exe
/tmp/agentic-sift-evidence-mhmhnwjl/mnt/vol0/Program Files/MSN/MSNCoreFiles/Setup/msnupgrd.inf
/tmp/agentic-sift-evidence-mhmhnwjl/mnt/vol0/Program Files/MSN/MSNCoreFiles/signup.mar
/tmp/agentic-sift-evidence-mhmhnwjl/mnt/vol0/Program Files/MSN/MSNCoreFiles/sqdll.dll
/tmp/agentic-sift-evidence-mhmhnwjl/mnt/vol0/Program Files/MSN/MSNCoreFiles/themedef.mar
/tmp/agentic-sift-evidence-mhmhnwjl/mnt/vol0/Program Files/MSN/MSNCoreFiles/ui.mar
/tmp/agentic-sift-evidence-mhmhnwjl/mnt/vol0/Program Files/MSN/MSNCoreFiles/update.exe
/tmp/agentic-sift-evidence-mhmhnwjl/mnt/vol0/Program Files/123WASP
/tmp/agentic-sift-evidence-mhmhnwjl/mnt/vol0/Program Files/123WASP/123wasp.exe
/tmp/agentic-sift-evidence-mhmhnwjl/mnt/vol0/Program Files/123WASP/HELP.htm
/tmp/agentic-sift-evidence-mhmhnwjl/mnt/vol0/Program Files/123WASP/HISTORY.txt
/tmp/agentic-sift-evidence-mhmhnwjl/mnt/vol0/Program Files/123WASP/INSTALL.LOG
/tmp/agentic-sift-evidence-mhmhnwjl/mnt/vol0/Program Files/123WASP/LICENSE.txt
/tmp/agentic-sift-evidence-mhmhnwjl/mnt/vol0/Program Files/123WASP/README.txt
/tmp/agentic-sift-evidence-mhmhnwjl/mnt/vol0/Program Files/123WASP/UNWISE.EXE
/tmp/agentic-sift-evidence-mhmhnwjl/mnt/vol0/Program Files/Accessories
/tmp/agentic-sift-evidence-mhmhnwjl/mnt/vol0/Program Files/Accessories/HyperTerminal
/tmp/agentic-sift-evidence-mhmhnwjl/mnt/vol0/Program Files/Agent
/tmp/agentic-sift-evidence-mhmhnwjl/mnt/vol0/Program Files/Agent/8859-1.cod
/tmp/agentic-sift-evidence-mhmhnwjl/mnt/vol0/Program Files/Agent/8859-15.cod
/tmp/agentic-sift-evidence-mhmhnwjl/mnt/vol0/Program Files/Agent/8859-1w.cod
/tmp/agentic-sift-evidence-mhmhnwjl/mnt/vol0/Program Files/Agent/agent.cnt
/tmp/agentic-sift-evidence-mhmhnwjl/mnt/vol0/Program Files/Agent/agent.exe
/tmp/agentic-sift-evidence-mhmhnwjl/mnt/vol0/Program Files/Agent/agent.hlp
/tmp/agentic-sift-evidence-mhmhnwjl/mnt/vol0/Program Files/Agent/All_COD
/tmp/agentic-sift-evidence-mhmhnwjl/mnt/vol0/Program Files/Agent/All_COD/8859-1.cod
/tmp/agentic-sift-evidence-mhmhnwjl/mnt/vol0/Program Files/Agent/All_COD/8859-10.cod
/tmp/agentic-sift-evidence-mhmhnwjl/mnt/vol0/Program Files/Agent/All_COD/8859-11.cod
/tmp/agentic-sift-evidence-mhmhnwjl/mnt/vol0/Program Files/Agent/All_COD/8859-13.cod
/tmp/agentic-sift-evidence-mhmhnwjl/mnt/vol0/Program Files/Agent/All_COD/8859-14.cod
/tmp/agentic-sift-evidence-mhmhnwjl/mnt/vol0/Program Files/Agent/All_COD/8859-15.cod
/tmp/agentic-sift-evidence-mhmhnwjl/mnt/vol0/Program Files/Agent/All_COD/8859-1w.cod
/tmp/agentic-sift-evidence-mhmhnwjl/mnt/vol0/Program Files/Agent/All_COD/8859-2.cod
/tmp/agentic-sift-evidence-mhmhnwjl/mnt/vol0/Program Files/Agent/All_COD/8859-3.cod
/tmp/agentic-sift-evidence-mhmhnwjl/mnt/vol0/Program Files/Agent/All_COD/8859-4.cod
/tmp/agentic-sift-evidence-mhmhnwjl/mnt/vol0/Program Files/Agent/All_COD/8859-5.cod
/tmp/agentic-sift-evidence-mhmhnwjl/mnt/vol0/Program Files/Agent/All_COD/8859-6.cod
/tmp/agentic-sift-evidence-mhmhnwjl/mnt/vol0/Program Files/Agent/All_COD/8859-7.cod
/tmp/agentic-sift-evidence-mhmhnwjl/mnt/vol0/Program Files/Agent/All_COD/8859-8.cod
/tmp/agentic-sift-evidence-mhmhnwjl/mnt/vol0/Program Files/Agent/All_COD/8859-9.cod
/tmp/agentic-sift-evidence-mhmhnwjl/mnt/vol0/Program Files/Agent/All_COD/CP1250.cod
/tmp/agentic-sift-evidence-mhmhnwjl/mnt/vol0/Program Files/Agent/All_COD/CP1251.cod
/tmp/agentic-sift-evidence-mhmhnwjl/mnt/vol0/Program Files/Agent/All_COD/CP1252.cod
/tmp/agentic-sift-evidence-mhmhnwjl/mnt/vol0/Program Files/Agent/All_COD/CP1253.cod
/tmp/agentic-sift-evidence-mhmhnwjl/mnt/vol0/Program Files/Agent/All_COD/CP1254.cod
/tmp/agentic-sift-evidence-mhmhnwjl/mnt/vol0/Program Files/Agent/All_COD/CP1255.cod
/tmp/agentic-sift-evidence-mhmhnwjl/mnt/vol0/Program Files/Agent/All_COD/CP1256.cod
/tmp/agentic-sift-evidence-mhmhnwjl/mnt/vol0/Program Files/Agent/All_COD/CP1257.cod
/tmp/agentic-sift-evidence-mhmhnwjl/mnt/vol0/Program Files/Agent/All_COD/cp1258.cod
/tmp/agentic-sift-evidence-mhmhnwjl/mnt/vol0/Program Files/Agent/All_COD/cp1361.cod
/tmp/agentic-sift-evidence-mhmhnwjl/mnt/vol0/Program Files/Agent/All_COD/cp874.cod
/tmp/agentic-sift-evidence-mhmhnwjl/mnt/vol0/Program Files/Agent/All_COD/CP932.cod
/tmp/agentic-sift-evidence-mhmhnwjl/mnt/vol0/Program Files/Agent/All_COD/cp936.cod
/tmp/agentic-sift-evidence-mhmhnwjl/mnt/vol0/Program Files/Agent/All_COD/cp949.cod
/tmp/agentic-sift-evidence-mhmhnwjl/mnt/vol0/Program Files/Agent/All_COD/cp950.cod
/tmp/agentic-sift-evidence-mhmhnwjl/mnt/vol0/Program Files/Agent/All_COD/koi8.cod
/tmp/agentic-sift-evidence-mhmhnwjl/mnt/vol0/Program Files/Agent/All_COD/koi8ru.cod
/tmp/agentic-sift-evidence-mhmhnwjl/mnt/vol0/Program Files/Agent/All_COD/koi8u.cod
/tmp/agentic-sift-evidence-mhmhnwjl/mnt/vol0/Program Files/Agent/All_COD/macroman.cod
/tmp/agentic-sift-evidence-mhmhnwjl/mnt/vol0/Program Files/Agent/All_COD/norweg.cod
/tmp/agentic-sift-evidence-mhmhnwjl/mnt/vol0/Program Files/Agent/All_COD/swedish.cod
/tmp/agentic-sift-evidence-mhmhnwjl/mnt/vol0/Program Files/Agent/All_COD/tis-620.cod
/tmp/agentic-sift-evidence-mhmhnwjl/mnt/vol0/Program Files/Agent/All_COD/viscii.cod
/tmp/agentic-sift-evidence-mhmhnwjl/mnt/vol0/Program Files/Agent/cp1252.cod
/tmp/agentic-sift-evidence-mhmhnwjl/mnt/vol0/Program Files/Agent/Data
/tmp/agentic-sift-evidence-mhmhnwjl/mnt/vol0/Program Files/Agent/Data/00000152.DAT
/tmp/agentic-sift-evidence-mhmhnwjl/mnt/vol0/Program Files/Agent/Data/00000152.IDX
/tmp/agentic-sift-evidence-mhmhnwjl/mnt/vol0/Program Files/Agent/Data/00000157.DAT
/tmp/agentic-sift-evidence-mhmhnwjl/mnt/vol0/Program Files/Agent/Data/00000157.IDX
/tmp/agentic-sift-evidence-mhmhnwjl/mnt/vol0/Program Files/Agent/Data/00000158.DAT
/tmp/agentic-sift-evidence-mhmhnwjl/mnt/vol0/Program Files/Agent/Data/00000158.IDX
/tmp/agentic-sift-evidence-mhmhnwjl/mnt/vol0/Program Files/Agent/Data/000004AF.DAT
/tmp/agentic-sift-evidence-mhmhnwjl/mnt/vol0/Program Files/Agent/Data/000004AF.IDX
/tmp/agentic-sift-evidence-mhmhnwjl/mnt/vol0/Program Files/Agent/Data/000004B0.DAT
/tmp/agentic-sift-evidence-mhmhnwjl/mnt/vol0/Program Files/Agent/Data/000004B0.IDX
/tmp/agentic-sift-evidence-mhmhnwjl/mnt/vol0/Program Files/Agent/Data/000004B1.DAT
/tmp/agentic-sift-evidence-mhmhnwjl/mnt/vol0/Program Files/Agent/Data/000004B1.IDX
/tmp/agentic-sift-evidence-mhmhnwjl/mnt/vol0/Program Files/Agent/Data/00000D28.DAT
/tmp/agentic-sift-evidence-mhmhnwjl/mnt/vol0/Program Files/Agent/Data/00000D28.IDX
/tmp/agentic-sift-evidence-mhmhnwjl/mnt/vol0/Program Files/Agent/Data/0000168F.DAT
/tmp/agentic-sift-evidence-mhmhnwjl/mnt/vol0/Program Files/Agent/Data/0000168F.IDX
/tmp/agentic-sift-evidence-mhmhnwjl/mnt/vol0/Program Files/Agent/Data/0000169B.DAT
/tmp/agentic-sift-evidence-mhmhnwjl/mnt/vol0/Program Files/Agent/Data/0000169B.IDX
/tmp/agentic-sift-evidence-mhmhnwjl/mnt/vol0/Program Files/Agent/Data/AGENT.INI
/tmp/agentic-sift-evidence-mhmhnwjl/mnt/vol0/Program Files/Agent/Data/errorlog.txt
/tmp/agentic-sift-evidence-mhmhnwjl/mnt/vol0/Program Files/Agent/Data/FILTERS.DAT
/tmp/agentic-sift-evidence-mhmhnwjl/mnt/vol0/Program Files/Agent/Data/FILTERS.IDX
/tmp/agentic-sift-evidence-mhmhnwjl/mnt/vol0/Program Files/Agent/Data/GROUPS.DAT
/tmp/agentic-sift-evidence-mhmhnwjl/mnt/vol0/Program Files/Agent/Data/GROUPS.IDX
/tmp/agentic-sift-evidence-mhmhnwjl/mnt/vol0/Program Files/Agent/Data/GRPDAT.BAK
/tmp/agentic-sift-evidence-mhmhnwjl/mnt/vol0/Program Files/Agent/Data/GRPIDX.BAK
/tmp/agentic-sift-evidence-mhmhnwjl/mnt/vol0/Program Files/Agent/Data/RANGES.BAK
/tmp/agentic-sift-evidence-mhmhnwjl/mnt/vol0/Program Files/Agent/Data/RANGES.DAT
/tmp/agentic-sift-evidence-mhmhnwjl/mnt/vol0/Program Files/Agent/Data/temp
/tmp/agentic-sift-evidence-mhmhnwjl/mnt/vol0/Program Files/Agent/Data/urltype.dat
/tmp/agentic-sift-evidence-mhmhnwjl/mnt/vol0/Program Files/Agent/Data/WORDS.DAT
/tmp/agentic-sift-evidence-mhmhnwjl/mnt/vol0/Program Files/Agent/Data/WORDS.IDX
/tmp/agentic-sift-evidence-mhmhnwjl/mnt/vol0/Program Files/Agent/Data/XPOST.DAT
/tmp/agentic-sift-evidence-mhmhnwjl/mnt/vol0/Program Files/Agent/INSTALL.LOG
/tmp/agentic-sift-evidence-mhmhnwjl/mnt/vol0/Program Files/Agent/macroman.cod
/tmp/agentic-sift-evidence-mhmhnwjl/mnt/vol0/Program Files/Agent/MAINENU.CLX
/tmp/agentic-sift-evidence-mhmhnwjl/mnt/vol0/Program Files/Agent/MAINENU.TLX
/tmp/agentic-sift-evidence-mhmhnwjl/mnt/vol0/Program Files/Agent/norweg.cod
/tmp/agentic-sift-evidence-mhmhnwjl/mnt/vol0/Program Files/Agent/order.txt
/tmp/agentic-sift-evidence-mhmhnwjl/mnt/vol0/Program Files/Agent/readme.txt
/tmp/agentic-sift-evidence-mhmhnwjl/mnt/vol0/Program Files/Agent/swedish.cod
/tmp/agentic-sift-evidence-mhmhnwjl/mnt/vol0/Program Files/Agent/unwise.exe
/tmp/agentic-sift-evidence-mhmhnwjl/mnt/vol0/Program Files/Anonymizer
/tmp/agentic-sift-evidence-mhmhnwjl/mnt/vol0/Program Files/Anonymizer/Core
/tmp/agentic-sift-evidence-mhmhnwjl/mnt/vol0/Program Files/Anonymizer/Core/Anonymizer.dll
/tmp/agentic-sift-evidence-mhmhnwjl/mnt/vol0/Program Files/Anonymizer/thanks
/tmp/agentic-sift-evidence-mhmhnwjl/mnt/vol0/Program Files/Anonymizer/thanks/3_nav.gif
/tmp/agentic-sift-evidence-mhmhnwjl/mnt/vol0/Program Files/Anonymizer/thanks/1_bottombar.gif
/tmp/agentic-sift-evidence-mhmhnwjl/mnt/vol0/Program Files/Anonymizer/thanks/1_bottom_nav.gif
/tmp/agentic-sift-evidence-mhmhnwjl/mnt/vol0/Program Files/Anonymizer/thanks/1_nav.gif
/tmp/agentic-sift-evidence-mhmhnwjl/mnt/vol0/Program Files/Anonymizer/thanks/1_topbar.gif
/tmp/agentic-sift-evidence-mhmhnwjl/mnt/vol0/Program Files/Anonymizer/thanks/1_top_nav.gif
/tmp/agentic-sift-evidence-mhmhnwjl/mnt/vol0/Program Files/Anonymizer/thanks/2_bottombar.gif
/tmp/agentic-sift-evidence-mhmhnwjl/mnt/vol0/Program Files/Anonymizer/thanks/2_bottom_nav.gif
/tmp/agentic-sift-evidence-mhmhnwjl/mnt/vol0/Program Files/Anonymizer/thanks/2_topbar.gif
/tmp/agentic-sift-evidence-mhmhnwjl/mnt/vol0/Program Files/Anonymizer/thanks/2_top_nav.gif
/tmp/agentic-sift-evidence-mhmhnwjl/mnt/vol0/Program Files/Anonymizer/thanks/3_bottombar.gif
/tmp/agentic-sift-evidence-mhmhnwjl/mnt/vol0/Program Files/Anonymizer/thanks/3_topbar.gif
/tmp/agentic-sift-evidence-mhmhnwjl/mnt/vol0/Program Files/Anonymizer/thanks/4_topbar.gif
/tmp/agentic-sift-evidence-mhmhnwjl/mnt/vol0/Program Files/Anonymizer/thanks/5_topbar.gif
/tmp/agentic-sift-evidence-mhmhnwjl/mnt/vol0/Program Files/Anonymizer/thanks/6_topbar.gif
/tmp/agentic-sift-evidence-mhmhnwjl/mnt/vol0/Program Files/Anonymizer/thanks/7_topbar.gif
/tmp/agentic-sift-evidence-mhmhnwjl/mnt/vol0/Program Files/Anonymizer/thanks/8_topbar.gif
/tmp/agentic-sift-evidence-mhmhnwjl/mnt/vol0/Program Files/Anonymizer/thanks/black_box.gif
/tmp/agentic-sift-evidence-mhmhnwjl/mnt/vol0/Program Files/Anonymizer/thanks/blue_box.gif
/tmp/agentic-sift-evidence-mhmhnwjl/mnt/vol0/Program Files/Anonymizer/thanks/button_active_bar.gif
/tmp/agentic-sift-evidence-mhmhnwjl/mnt/vol0/Program Files/Anonymizer/thanks/buy_now.gif
/tmp/agentic-sift-evidence-mhmhnwjl/mnt/vol0/Program Files/Anonymizer/thanks/free_trial.gif
/tmp/agentic-sift-evidence-mhmhnwjl/mnt/vol0/Program Files/Anonymizer/thanks/go.gif
/tmp/agentic-sift-evidence-mhmhnwjl/mnt/vol0/Program Files/Anonymizer/thanks/id_protection_header.gif
/tmp/agentic-sift-evidence-mhmhnwjl/mnt/vol0/Program Files/Anonymizer/thanks/index.html
/tmp/agentic-sift-evidence-mhmhnwjl/mnt/vol0/Program Files/Anonymizer/thanks/more_info.gif
/tmp/agentic-sift-evidence-mhmhnwjl/mnt/vol0/Program Files/Anonymizer/thanks/style.css
/tmp/agentic-sift-evidence-mhmhnwjl/mnt/vol0/Program Files/Anonymizer/thanks/support_girl.gif
/tmp/agentic-sift-evidence-mhmhnwjl/mnt/vol0/Program Files/Anonymizer/thanks/toolbar_image.gif
/tmp/agentic-sift-evidence-mhmhnwjl/mnt/vol0/Program Files/Anonymizer/thanks/ultimate_security.gif
/tmp/agentic-sift-evidence-mhmhnwjl/mnt/vol0/Program Files/Anonymizer/Toolbar
/tmp/agentic-sift-evidence-mhmhnwjl/mnt/vol0/Program Files/Anonymizer/Toolbar/AnonymizerBar.dll
/tmp/agentic-sift-evidence-mhmhnwjl/mnt/vol0/Program Files/Anonymizer/Toolbar/Images
/tmp/agentic-sift-evidence-mhmhnwjl/mnt/vol0/Program Files/Anonymizer/Toolbar/Images/anonshield-D.bmp
/tmp/agentic-sift-evidence-mhmhnwjl/mnt/vol0/Program Files/Anonymizer/Toolbar/Images/anonshieldfree-D.bmp
/tmp/agentic-sift-evidence-mhmhnwjl/mnt/vol0/Program Files/Anonymizer/Toolbar/Images/custom-A.bmp
/tmp/agentic-sift-evidence-mhmhnwjl/mnt/vol0/Program Files/Anonymizer/Toolbar/Images/custom-D.bmp
/tmp/agentic-sift-evidence-mhmhnwjl/mnt/vol0/Program Files/Anonymizer/Toolbar/Images/custom-G.bmp
/tmp/agentic-sift-evidence-mhmhnwjl/mnt/vol0/Program Files/Anonymizer/Toolbar/Images/custom-M.bmp
/tmp/agentic-sift-evidence-mhmhnwjl/mnt/vol0/Program Files/Anonymizer/Toolbar/Images/help-A.bmp
/tmp/agentic-sift-evidence-mhmhnwjl/mnt/vol0/Program Files/Anonymizer/Toolbar/Images/help-D.bmp
/tmp/agentic-sift-evidence-mhmhnwjl/mnt/vol0/Program Files/Anonymizer/Toolbar/Images/help-M.bmp
/tmp/agentic-sift-evidence-mhmhnwjl/mnt/vol0/Program Files/Anonymizer/Toolbar/Images/maximum-A.bmp
/tmp/agentic-sift-evidence-mhmhnwjl/mnt/vol0/Program Files/Anonymizer/Toolbar/Images/maximum-D.bmp
/tmp/agentic-sift-evidence-mhmhnwjl/mnt/vol0/Program Files/Anonymizer/Toolbar/Images/maximum-G.bmp
/tmp/agentic-sift-evidence-mhmhnwjl/mnt/vol0/Program Files/Anonymizer/Toolbar/Images/maximum-M.bmp
/tmp/agentic-sift-evidence-mhmhnwjl/mnt/vol0/Program Files/Anonymizer/Toolbar/Images/normal-A.bmp
/tmp/agentic-sift-evidence-mhmhnwjl/mnt/vol0/Program Files/Anonymizer/Toolbar/Images/normal-D.bmp
/tmp/agentic-sift-evidence-mhmhnwjl/mnt/vol0/Program Files/Anonymizer/Toolbar/Images/normal-G.bmp
/tmp/agentic-sift-evidence-mhmhnwjl/mnt/vol0/Program Files/Anonymizer/Toolbar/Images/normal-M.bmp
/tmp/agentic-sift-evidence-mhmhnwjl/mnt/vol0/Program Files/Anonymizer/Toolbar/Images/off-A.bmp
/tmp/agentic-sift-evidence-mhmhnwjl/mnt/vol0/Program Files/Anonymizer/Toolbar/Images/off-D.bmp
/tmp/agentic-sift-evidence-mhmhnwjl/mnt/vol0/Program Files/Anonymizer/Toolbar/Images/off-M.bmp
/tmp/agentic-sift-evidence-mhmhnwjl/mnt/vol0/Program Files/Anonymizer/Toolbar/Images/on-A.bmp
/tmp/agentic-sift-evidence-mhmhnwjl/mnt/vol0/Program Files/Anonymizer/Toolbar/Images/on-D.bmp
/tmp/agentic-sift-evidence-mhmhnwjl/mnt/vol0/Program Files/Anonymizer/Toolbar/Images/on-M.bmp
/tmp/agentic-sift-evidence-mhmhnwjl/mnt/vol0/Program Files/Anonymizer/Toolbar/Images/security-D.bmp
/tmp/agentic-sift-evidence-mhmhnwjl/mnt/vol0/Program Files/Anonymizer/Toolbar/Images/setcustom-A.bmp
/tmp/agentic-sift-evidence-mhmhnwjl/mnt/vol0/Program Files/Anonymizer/Toolbar/Images/setcustom-D.bmp
/tmp/agentic-sift-evidence-mhmhnwjl/mnt/vol0/Program Files/Anonymizer/Toolbar/Images/setcustom-M.bmp
/tmp/agentic-sift-evidence-mhmhnwjl/mnt/vol0/Program Files/Anonymizer/Toolbar/Images/software-A.bmp
/tmp/agentic-sift-evidence-mhmhnwjl/mnt/vol0/Program Files/Anonymizer/Toolbar/Images/software-D.bmp
/tmp/agentic-sift-evidence-mhmhnwjl/mnt/vol0/Program Files/Anonymizer/Toolbar/Images/software-M.bmp
/tmp/agentic-sift-evidence-mhmhnwjl/mnt/vol0/Program Files/Anonymizer/Toolbar/Images/upgrade-A.bmp
/tmp/agentic-sift-evidence-mhmhnwjl/mnt/vol0/Program Files/Anonymizer/Toolbar/Images/upgrade-D.bmp
/tmp/agentic-sift-evidence-mhmhnwjl/mnt/vol0/Program Files/Anonymizer/Toolbar/Images/upgrade-M.bmp
/tmp/agentic-sift-evidence-mhmhnwjl/mnt/vol0/Program Files/Anonymizer/uninst-anonymizer.exe
/tmp/agentic-sift-evidence-mhmhnwjl/mnt/vol0/Program Files/Cain
/tmp/agentic-sift-evidence-mhmhnwjl/mnt/vol0/Program Files/Cain/Install.log
/tmp/agentic-sift-evidence-mhmhnwjl/mnt/vol0/Program Files/Cain/Abel.dll
/tmp/agentic-sift-evidence-mhmhnwjl/mnt/vol0/Program Files/Cain/Abel.dll.sig
/tmp/agentic-sift-evidence-mhmhnwjl/mnt/vol0/Program Files/Cain/Abel.exe
/tmp/agentic-sift-evidence-mhmhnwjl/mnt/vol0/Program Files/Cain/Abel.exe.sig
/tmp/agentic-sift-evidence-mhmhnwjl/mnt/vol0/Program Files/Cain/APR.LST
/tmp/agentic-sift-evidence-mhmhnwjl/mnt/vol0/Program Files/Cain/Cain.exe
/tmp/agentic-sift-evidence-mhmhnwjl/mnt/vol0/Program Files/Cain/Cain.exe.sig
/tmp/agentic-sift-evidence-mhmhnwjl/mnt/vol0/Program Files/Cain/CCD.LST
/tmp/agentic-sift-evidence-mhmhnwjl/mnt/vol0/Program Files/Cain/CERT.LST
/tmp/agentic-sift-evidence-mhmhnwjl/mnt/vol0/Program Files/Cain/Credits.txt
/tmp/agentic-sift-evidence-mhmhnwjl/mnt/vol0/Program Files/Cain/Driver
/tmp/agentic-sift-evidence-mhmhnwjl/mnt/vol0/Program Files/Cain/Driver/WinPcap_3_0_1a.exe
/tmp/agentic-sift-evidence-mhmhnwjl/mnt/vol0/Program Files/Cain/DRR.LST
/tmp/agentic-sift-evidence-mhmhnwjl/mnt/vol0/Program Files/Cain/FTP.LST
/tmp/agentic-sift-evidence-mhmhnwjl/mnt/vol0/Program Files/Cain/HOSTS.LST
/tmp/agentic-sift-evidence-mhmhnwjl/mnt/vol0/Program Files/Cain/HTTP.LST
/tmp/agentic-sift-evidence-mhmhnwjl/mnt/vol0/Program Files/Cain/HTTPS.LST
/tmp/agentic-sift-evidence-mhmhnwjl/mnt/vol0/Program Files/Cain/ICQ.LST
/tmp/agentic-sift-evidence-mhmhnwjl/mnt/vol0/Program Files/Cain/IKE-PSK.LST
/tmp/agentic-sift-evidence-mhmhnwjl/mnt/vol0/Program Files/Cain/IMAP.LST
/tmp/agentic-sift-evidence-mhmhnwjl/mnt/vol0/Program Files/Cain/K5.LST
/tmp/agentic-sift-evidence-mhmhnwjl/mnt/vol0/Program Files/Cain/LMNT.LST
/tmp/agentic-sift-evidence-mhmhnwjl/mnt/vol0/Program Files/Cain/MSN.LST
/tmp/agentic-sift-evidence-mhmhnwjl/mnt/vol0/Program Files/Cain/NNTP.LST
/tmp/agentic-sift-evidence-mhmhnwjl/mnt/vol0/Program Files/Cain/oui.txt
/tmp/agentic-sift-evidence-mhmhnwjl/mnt/vol0/Program Files/Cain/POP3.LST
/tmp/agentic-sift-evidence-mhmhnwjl/mnt/vol0/Program Files/Cain/RADIUS.LST
/tmp/agentic-sift-evidence-mhmhnwjl/mnt/vol0/Program Files/Cain/RADIUS_USERS.LST
/tmp/agentic-sift-evidence-mhmhnwjl/mnt/vol0/Program Files/Cain/SMB.LST
/tmp/agentic-sift-evidence-mhmhnwjl/mnt/vol0/Program Files/Cain/SMTP.LST
/tmp/agentic-sift-evidence-mhmhnwjl/mnt/vol0/Program Files/Cain/SSH-1.LST
/tmp/agentic-sift-evidence-mhmhnwjl/mnt/vol0/Program Files/Cain/TDS.LST
/tmp/agentic-sift-evidence-mhmhnwjl/mnt/vol0/Program Files/Cain/TELNET.LST
/tmp/agentic-sift-evidence-mhmhnwjl/mnt/vol0/Program Files/Cain/UNINSTAL.EXE
/tmp/agentic-sift-evidence-mhmhnwjl/mnt/vol0/Program Files/Cain/VNC.LST
/tmp/agentic-sift-evidence-mhmhnwjl/mnt/vol0/Program Files/Cain/Whats.new
/tmp/agentic-sift-evidence-mhmhnwjl/mnt/vol0/Program Files/Cain/Wordlists
/tmp/agentic-sift-evidence-mhmhnwjl/mnt/vol0/Program Files/Cain/Wordlists/Wordlist.txt
/tmp/agentic-sift-evidence-mhmhnwjl/mnt/vol0/Program Files/CHAT
/tmp/agentic-sift-evidence-mhmhnwjl/mnt/vol0/Program Files/Common Files
/tmp/agentic-sift-evidence-mhmhnwjl/mnt/vol0/Program Files/Common Files/Microsoft Shared
/tmp/agentic-sift-evidence-mhmhnwjl/mnt/vol0/Program Files/Common Files/Microsoft Shared/DAO
/tmp/agentic-sift-evidence-mhmhnwjl/mnt/vol0/Program Files/Common Files/Microsoft Shared/DAO/dao360.dll
/tmp/agentic-sift-evidence-mhmhnwjl/mnt/vol0/Program Files/Common Files/Microsoft Shared/MSINFO
/tmp/agentic-sift-evidence-mhmhnwjl/mnt/vol0/Program Files/Common Files/Microsoft Shared/MSINFO/IEFILES5.INF
/tmp/agentic-sift-evidence-mhmhnwjl/mnt/vol0/Program Files/Common Files/Microsoft Shared/MSINFO/IEINFO5.OCX
/tmp/agentic-sift-evidence-mhmhnwjl/mnt/vol0/Program Files/Common Files/Microsoft Shared/MSINFO/MSIAV.OCX
/tmp/agentic-sift-evidence-mhmhnwjl/mnt/vol0/Program Files/Common Files/Microsoft Shared/MSINFO/MSICDROM.OCX
/tmp/agentic-sift-evidence-mhmhnwjl/mnt/vol0/Program Files/Common Files/Microsoft Shared/MSINFO/msinfo32.exe
/tmp/agentic-sift-evidence-mhmhnwjl/mnt/vol0/Program Files/Common Files/Microsoft Shared/MSINFO/MSIOLERG.OCX
/tmp/agentic-sift-evidence-mhmhnwjl/mnt/vol0/Program Files/Common Files/Microsoft Shared/MSINFO/MSIPRINT.OCX
/tmp/agentic-sift-evidence-mhmhnwjl/mnt/vol0/Program Files/Common Files/Microsoft Shared/MSINFO/MSISYS.OCX
/tmp/agentic-sift-evidence-mhmhnwjl/mnt/vol0/Program Files/Common Files/Microsoft Shared/MSINFO/MSUPDATE.OCX
/tmp/agentic-sift-evidence-mhmhnwjl/mnt/vol0/Program Files/Common Files/Microsoft Shared/MSINFO/TXTVIEW.OCX
/tmp/agentic-sift-evidence-mhmhnwjl/mnt/vol0/Program Files/Common Files/Microsoft Shared/Speech
/tmp/agentic-sift-evidence-mhmhnwjl/mnt/vol0/Program Files/Common Files/Microsoft Shared/Speech/1033
/tmp/agentic-sift-evidence-mhmhnwjl/mnt/vol0/Program Files/Common Files/Microsoft Shared/Speech/1033/spcplui.dll
/tmp/agentic-sift-evidence-mhmhnwjl/mnt/vol0/Program Files/Common Files/Microsoft Shared/Speech/sapi.cpl
/tmp/agentic-sift-evidence-mhmhnwjl/mnt/vol0/Program Files/Common Files/Microsoft Shared/Speech/sapi.dll
/tmp/agentic-sift-evidence-mhmhnwjl/mnt/vol0/Program Files/Common Files/Microsoft Shared/Speech/sapisvr.exe
/tmp/agentic-sift-evidence-mhmhnwjl/mnt/vol0/Program Files/Common Files/Microsoft Shared/Stationery
/tmp/agentic-sift-evidence-mhmhnwjl/mnt/vol0/Program Files/Common Files/Microsoft Shared/Stationery/aleabanr.gif
/tmp/agentic-sift-evidence-mhmhnwjl/mnt/vol0/Program Files/Common Files/Microsoft Shared/Stationery/amaizrul.gif
/tmp/agentic-sift-evidence-mhmhnwjl/mnt/vol0/Program Files/Common Files/Microsoft Shared/Stationery/anabnr2.gif
/tmp/agentic-sift-evidence-mhmhnwjl/mnt/vol0/Program Files/Common Files/Microsoft Shared/Stationery/aswrule.gif
/tmp/agentic-sift-evidence-mhmhnwjl/mnt/vol0/Program Files/Common Files/Microsoft Shared/Stationery/Blank Bkgrd.gif
/tmp/agentic-sift-evidence-mhmhnwjl/mnt/vol0/Program Files/Common Files/Microsoft Shared/Stationery/Blank.htm
/tmp/agentic-sift-evidence-mhmhnwjl/mnt/vol0/Program Files/Common Files/Microsoft Shared/Stationery/Btzhsepa.gif
/tmp/agentic-sift-evidence-mhmhnwjl/mnt/vol0/Program Files/Common Files/Microsoft Shared/Stationery/citbannA.gif
/tmp/agentic-sift-evidence-mhmhnwjl/mnt/vol0/Program Files/Common Files/Microsoft Shared/Stationery/Citrus Punch Bkgrd.gif
/tmp/agentic-sift-evidence-mhmhnwjl/mnt/vol0/Program Files/Common Files/Microsoft Shared/Stationery/Citrus Punch.htm
/tmp/agentic-sift-evidence-mhmhnwjl/mnt/vol0/Program Files/Common Files/Microsoft Shared/Stationery/Clear Day Bkgrd.jpg
/tmp/agentic-sift-evidence-mhmhnwjl/mnt/vol0/Program Files/Common Files/Microsoft Shared/Stationery/Clear Day.htm
/tmp/agentic-sift-evidence-mhmhnwjl/mnt/vol0/Program Files/Common Files/Microsoft Shared/Stationery/Fiesta Bkgrd.jpg
/tmp/agentic-sift-evidence-mhmhnwjl/mnt/vol0/Program Files/Common Files/Microsoft Shared/Stationery/Fiesta.htm
/tmp/agentic-sift-evidence-mhmhnwjl/mnt/vol0/Program Files/Common Files/Microsoft Shared/Stationery/Glacier Bkgrd.jpg
/tmp/agentic-sift-evidence-mhmhnwjl/mnt/vol0/Program Files/Common Files/Microsoft Shared/Stationery/Glacier.htm
/tmp/agentic-sift-evidence-mhmhnwjl/mnt/vol0/Program Files/Common Files/Microsoft Shared/Stationery/Ivy.gif
/tmp/agentic-sift-evidence-mhmhnwjl/mnt/vol0/Program Files/Common Files/Microsoft Shared/Stationery/Ivy.htm
/tmp/agentic-sift-evidence-mhmhnwjl/mnt/vol0/Program Files/Common Files/Microsoft Shared/Stationery/Leaves Bkgrd.jpg
/tmp/agentic-sift-evidence-mhmhnwjl/mnt/vol0/Program Files/Common Files/Microsoft Shared/Stationery/Leaves.htm
/tmp/agentic-sift-evidence-mhmhnwjl/mnt/vol0/Program Files/Common Files/Microsoft Shared/Stationery/Maize Bkgrd.jpg
/tmp/agentic-sift-evidence-mhmhnwjl/mnt/vol0/Program Files/Common Files/Microsoft Shared/Stationery/Maize.htm
/tmp/agentic-sift-evidence-mhmhnwjl/mnt/vol0/Program Files/Common Files/Microsoft Shared/Stationery/Nature Bkgrd.jpg
/tmp/agentic-sift-evidence-mhmhnwjl/mnt/vol0/Program Files/Common Files/Microsoft Shared/Stationery/Nature.htm
/tmp/agentic-sift-evidence-mhmhnwjl/mnt/vol0/Program Files/Common Files/Microsoft Shared/Stationery/Network Blitz Bkgrd.gif
/tmp/agentic-sift-evidence-mhmhnwjl/mnt/vol0/Program Files/Common Files/Microsoft Shared/Stationery/Pie Charts Bkgrd.jpg
/tmp/agentic-sift-evidence-mhmhnwjl/mnt/vol0/Program Files/Common Files/Microsoft Shared/Stationery/Pie Charts.htm
/tmp/agentic-sift-evidence-mhmhnwjl/mnt/vol0/Program Files/Common Files/Microsoft Shared/Stationery/sunbannA.gif
/tmp/agentic-sift-evidence-mhmhnwjl/mnt/vol0/Program Files/Common Files/Microsoft Shared/Stationery/Sunflower Bkgrd.jpg
/tmp/agentic-sift-evidence-mhmhnwjl/mnt/vol0/Program Files/Common Files/Microsoft Shared/Stationery/Sunflower.htm
/tmp/agentic-sift-evidence-mhmhnwjl/mnt/vol0/Program Files/Common Files/Microsoft Shared/Stationery/Sweets Bkgrd.gif
/tmp/agentic-sift-evidence-mhmhnwjl/mnt/vol0/Program Files/Common Files/Microsoft Shared/Stationery/Sweets.htm
/tmp/agentic-sift-evidence-mhmhnwjl/mnt/vol0/Program Files/Common Files/Microsoft Shared/Stationery/tech.gif
/tmp/agentic-sift-evidence-mhmhnwjl/mnt/vol0/Program Files/Common Files/Microsoft Shared/Stationery/Technical.htm
/tmp/agentic-sift-evidence-mhmhnwjl/mnt/vol0/Program Files/Common Files/Microsoft Shared/Stationery/fieruled.gif
/tmp/agentic-sift-evidence-mhmhnwjl/mnt/vol0/Program Files/Common Files/Microsoft Shared/Stationery/Network Blitz.htm
/tmp/agentic-sift-evidence-mhmhnwjl/mnt/vol0/Program Files/Common Files/Microsoft Shared/TEXTCONV
/tmp/agentic-sift-evidence-mhmhnwjl/mnt/vol0/Program Files/Common Files/Microsoft Shared/TEXTCONV/html32.cnv
/tmp/agentic-sift-evidence-mhmhnwjl/mnt/vol0/Program Files/Common Files/Microsoft Shared/TEXTCONV/msconv97.dll
/tmp/agentic-sift-evidence-mhmhnwjl/mnt/vol0/Program Files/Common Files/Microsoft Shared/TEXTCONV/mswrd632.wpc
/tmp/agentic-sift-evidence-mhmhnwjl/mnt/vol0/Program Files/Common Files/Microsoft Shared/TEXTCONV/mswrd832.cnv
/tmp/agentic-sift-evidence-mhmhnwjl/mnt/vol0/Program Files/Common Files/Microsoft Shared/TEXTCONV/write32.wpc
/tmp/agentic-sift-evidence-mhmhnwjl/mnt/vol0/Program Files/Common Files/Microsoft Shared/TRIEDIT
/tmp/agentic-sift-evidence-mhmhnwjl/mnt/vol0/Program Files/Common Files/Microsoft Shared/TRIEDIT/DHTMLED.OCX
/tmp/agentic-sift-evidence-mhmhnwjl/mnt/vol0/Program Files/Common Files/Microsoft Shared/TRIEDIT/TRIEDIT.DLL
/tmp/agentic-sift-evidence-mhmhnwjl/mnt/vol0/Program Files/Common Files/Microsoft Shared/VGX
/tmp/agentic-sift-evidence-mhmhnwjl/mnt/vol0/Program Files/Common Files/Microsoft Shared/VGX/vgx.dll
/tmp/agentic-sift-evidence-mhmhnwjl/mnt/vol0/Program Files/Common Files/Microsoft Shared/Web Folders
/tmp/agentic-sift-evidence-mhmhnwjl/mnt/vol0/Program Files/Common Files/Microsoft Shared/Web Folders/MSONSEXT.DLL
/tmp/agentic-sift-evidence-mhmhnwjl/mnt/vol0/Program Files/Common Files/Microsoft Shared/Web Folders/MSOWS409.DLL
/tmp/agentic-sift-evidence-mhmhnwjl/mnt/vol0/Program Files/Common Files/Microsoft Shared/Web Folders/PUBPLACE.HTT
/tmp/agentic-sift-evidence-mhmhnwjl/mnt/vol0/Program Files/Common Files/Microsoft Shared/Web Folders/RAGENT.DLL
/tmp/agentic-sift-evidence-mhmhnwjl/mnt/vol0/Program Files/Common Files/Microsoft Shared/Web Server Extensions
/tmp/agentic-sift-evidence-mhmhnwjl/mnt/vol0/Program Files/Common Files/Microsoft Shared/Web Server Extensions/40
/tmp/agentic-sift-evidence-mhmhnwjl/mnt/vol0/Program Files/Common Files/Microsoft Shared/Web Server Extensions/40/admcgi
/tmp/agentic-sift-evidence-mhmhnwjl/mnt/vol0/Program Files/Common Files/Microsoft Shared/Web Server Extensions/40/admcgi/scripts
/tmp/agentic-sift-evidence-mhmhnwjl/mnt/vol0/Program Files/Common Files/Microsoft Shared/Web Server Extensions/40/admisapi
/tmp/agentic-sift-evidence-mhmhnwjl/mnt/vol0/Program Files/Common Files/Microsoft Shared/Web Server Extensions/40/admisapi/scripts
/tmp/agentic-sift-evidence-mhmhnwjl/mnt/vol0/Program Files/Common Files/Microsoft Shared/Web Server Extensions/40/BIN
/tmp/agentic-sift-evidence-mhmhnwjl/mnt/vol0/Program Files/Common Files/Microsoft Shared/Web Server Extensions/40/BIN/1033
/tmp/agentic-sift-evidence-mhmhnwjl/mnt/vol0/Program Files/Common Files/Microsoft Shared/Web Server Extensions/40/BIN/1033/FPEXT.MSG
/tmp/agentic-sift-evidence-mhmhnwjl/mnt/vol0/Program Files/Common Files/Microsoft Shared/Web Server Extensions/40/BIN/FP4ANWI.DLL
/tmp/agentic-sift-evidence-mhmhnwjl/mnt/vol0/Program Files/Common Files/Microsoft Shared/Web Server Extensions/40/BIN/fp4autl.dll
/tmp/agentic-sift-evidence-mhmhnwjl/mnt/vol0/Program Files/Common Files/Microsoft Shared/Web Server Extensions/40/BIN/FP4AWEC.DLL
/tmp/agentic-sift-evidence-mhmhnwjl/mnt/vol0/Program Files/Common Files/Microsoft Shared/Web Server Extensions/40/bots
/tmp/agentic-sift-evidence-mhmhnwjl/mnt/vol0/Program Files/Common Files/Microsoft Shared/Web Server Extensions/40/bots/vinavbar
/tmp/agentic-sift-evidence-mhmhnwjl/mnt/vol0/Program Files/Common Files/Microsoft Shared/Web Server Extensions/40/isapi
/tmp/agentic-sift-evidence-mhmhnwjl/mnt/vol0/Program Files/Common Files/Microsoft Shared/Web Server Extensions/40/isapi/_vti_adm
/tmp/agentic-sift-evidence-mhmhnwjl/mnt/vol0/Program Files/Common Files/Microsoft Shared/Web Server Extensions/40/isapi/_vti_aut
/tmp/agentic-sift-evidence-mhmhnwjl/mnt/vol0/Program Files/Common Files/Microsoft Shared/Web Server Extensions/40/servsupp
/tmp/agentic-sift-evidence-mhmhnwjl/mnt/vol0/Program Files/Common Files/Microsoft Shared/Web Server Extensions/40/_vti_bin
/tmp/agentic-sift-evidence-mhmhnwjl/mnt/vol0/Program Files/Common Files/Microsoft Shared/Web Server Extensions/40/_vti_bin/_vti_adm
/tmp/agentic-sift-evidence-mhmhnwjl/mnt/vol0/Program Files/Common Files/Microsoft Shared/Web Server Extensions/40/_vti_bin/_vti_aut
/tmp/agentic-sift-evidence-mhmhnwjl/mnt/vol0/Program Files/Common Files/MSSoap
/tmp/agentic-sift-evidence-mhmhnwjl/mnt/vol0/Program Files/Common Files/MSSoap/Binaries
/tmp/agentic-sift-evidence-mhmhnwjl/mnt/vol0/Program Files/Common Files/MSSoap/Binaries/mssoap1.dll
/tmp/agentic-sift-evidence-mhmhnwjl/mnt/vol0/Program Files/Common Files/MSSoap/Binaries/Resources
/tmp/agentic-sift-evidence-mhmhnwjl/mnt/vol0/Program Files/Common Files/MSSoap/Binaries/Resources/1033
/tmp/agentic-sift-evidence-mhmhnwjl/mnt/vol0/Program Files/Common Files/MSSoap/Binaries/Resources/1033/mssoapr.dll
/tmp/agentic-sift-evidence-mhmhnwjl/mnt/vol0/Program Files/Common Files/MSSoap/Binaries/wisc10.dll
/tmp/agentic-sift-evidence-mhmhnwjl/mnt/vol0/Program Files/Common Files/ODBC
/tmp/agentic-sift-evidence-mhmhnwjl/mnt/vol0/Program Files/Common Files/ODBC/Data Sources
/tmp/agentic-sift-evidence-mhmhnwjl/mnt/vol0/Program Files/Common Files/Services
/tmp/agentic-sift-evidence-mhmhnwjl/mnt/vol0/Program Files/Common Files/Services/bigfoot.bmp
/tmp/agentic-sift-evidence-mhmhnwjl/mnt/vol0/Program Files/Common Files/Services/verisign.bmp
/tmp/agentic-sift-evidence-mhmhnwjl/mnt/vol0/Program Files/Common Files/Services/whowhere.bmp
/tmp/agentic-sift-evidence-mhmhnwjl/mnt/vol0/Program Files/Common Files/SpeechEngines
/tmp/agentic-sift-evidence-mhmhnwjl/mnt/vol0/Program Files/Common Files/SpeechEngines/Microsoft
/tmp/agentic-sift-evidence-mhmhnwjl/mnt/vol0/Program Files/Common Files/SpeechEngines/Microsoft/Lexicon
/tmp/agentic-sift-evidence-mhmhnwjl/mnt/vol0/Program Files/Common Files/SpeechEngines/Microsoft/Lexicon/1033
/tmp/agentic-sift-evidence-mhmhnwjl/mnt/vol0/Program Files/Common Files/SpeechEngines/Microsoft/Lexicon/1033/ltts1033.lxa
/tmp/agentic-sift-evidence-mhmhnwjl/mnt/vol0/Program Files/Common Files/SpeechEngines/Microsoft/Lexicon/1033/r1033tts.lxa
/tmp/agentic-sift-evidence-mhmhnwjl/mnt/vol0/Program Files/Common Files/SpeechEngines/Microsoft/spcommon.dll
/tmp/agentic-sift-evidence-mhmhnwjl/mnt/vol0/Program Files/Common Files/SpeechEngines/Microsoft/TTS
/tmp/agentic-sift-evidence-mhmhnwjl/mnt/vol0/Program Files/Common Files/SpeechEngines/Microsoft/TTS/1033
/tmp/agentic-sift-evidence-mhmhnwjl/mnt/vol0/Program Files/Common Files/SpeechEngines/Microsoft/TTS/1033/sam.sdf
/tmp/agentic-sift-evidence-mhmhnwjl/mnt/vol0/Program Files/Common Files/SpeechEngines/Microsoft/TTS/1033/sam.spd
/tmp/agentic-sift-evidence-mhmhnwjl/mnt/vol0/Program Files/Common Files/SpeechEngines/Microsoft/TTS/1033/spttseng.dll
/tmp/agentic-sift-evidence-mhmhnwjl/mnt/vol0/Program Files/Common Files/SYSTEM
/tmp/agentic-sift-evidence-mhmhnwjl/mnt/vol0/Program Files/Common Files/SYSTEM/ADO
/tmp/agentic-sift-evidence-mhmhnwjl/mnt/vol0/Program Files/Common Files/SYSTEM/ADO/ADOAPT15.REG
/tmp/agentic-sift-evidence-mhmhnwjl/mnt/vol0/Program Files/Common Files/SYSTEM/ADO/ADOFRE15.REG
/tmp/agentic-sift-evidence-mhmhnwjl/mnt/vol0/Program Files/Common Files/SYSTEM/ADO/adojavas.inc
/tmp/agentic-sift-evidence-mhmhnwjl/mnt/vol0/Program Files/Common Files/SYSTEM/ADO/adovbs.inc
/tmp/agentic-sift-evidence-mhmhnwjl/mnt/vol0/Program Files/Common Files/SYSTEM/ADO/MAKAPT15.BAT
/tmp/agentic-sift-evidence-mhmhnwjl/mnt/vol0/Program Files/Common Files/SYSTEM/ADO/MAKFRE15.BAT
/tmp/agentic-sift-evidence-mhmhnwjl/mnt/vol0/Program Files/Common Files/SYSTEM/ADO/MDACReadme.htm
/tmp/agentic-sift-evidence-mhmhnwjl/mnt/vol0/Program Files/Common Files/SYSTEM/ADO/msader15.dll
/tmp/agentic-sift-evidence-mhmhnwjl/mnt/vol0/Program Files/Common Files/SYSTEM/ADO/msado15.dll
/tmp/agentic-sift-evidence-mhmhnwjl/mnt/vol0/Program Files/Common Files/SYSTEM/ADO/msado20.tlb
/tmp/agentic-sift-evidence-mhmhnwjl/mnt/vol0/Program Files/Common Files/SYSTEM/ADO/msado21.tlb
/tmp/agentic-sift-evidence-mhmhnwjl/mnt/vol0/Program Files/Common Files/SYSTEM/ADO/msado25.tlb
/tmp/agentic-sift-evidence-mhmhnwjl/mnt/vol0/Program Files/Common Files/SYSTEM/ADO/msado26.tlb
/tmp/agentic-sift-evidence-mhmhnwjl/mnt/vol0/Program Files/Common Files/SYSTEM/ADO/msadomd.dll
/tmp/agentic-sift-evidence-mhmhnwjl/mnt/vol0/Program Files/Common Files/SYSTEM/ADO/msador15.dll
/tmp/agentic-sift-evidence-mhmhnwjl/mnt/vol0/Program Files/Common Files/SYSTEM/ADO/msadox.dll
/tmp/agentic-sift-evidence-mhmhnwjl/mnt/vol0/Program Files/Common Files/SYSTEM/ADO/msadrh15.dll
/tmp/agentic-sift-evidence-mhmhnwjl/mnt/vol0/Program Files/Common Files/SYSTEM/ADO/msjro.dll
/tmp/agentic-sift-evidence-mhmhnwjl/mnt/vol0/Program Files/Common Files/SYSTEM/directdb.dll
/tmp/agentic-sift-evidence-mhmhnwjl/mnt/vol0/Program Files/Common Files/SYSTEM/MSADC
/tmp/agentic-sift-evidence-mhmhnwjl/mnt/vol0/Program Files/Common Files/SYSTEM/MSADC/ADCJAVAS.INC
/tmp/agentic-sift-evidence-mhmhnwjl/mnt/vol0/Program Files/Common Files/SYSTEM/MSADC/ADCVBS.INC
/tmp/agentic-sift-evidence-mhmhnwjl/mnt/vol0/Program Files/Common Files/SYSTEM/MSADC/HANDLER.REG
/tmp/agentic-sift-evidence-mhmhnwjl/mnt/vol0/Program Files/Common Files/SYSTEM/MSADC/HANDSAFE.REG
/tmp/agentic-sift-evidence-mhmhnwjl/mnt/vol0/Program Files/Common Files/SYSTEM/MSADC/HANDUNSF.REG
/tmp/agentic-sift-evidence-mhmhnwjl/mnt/vol0/Program Files/Common Files/SYSTEM/MSADC/msadce.dll
/tmp/agentic-sift-evidence-mhmhnwjl/mnt/vol0/Program Files/Common Files/SYSTEM/MSADC/msadcer.dll
/tmp/agentic-sift-evidence-mhmhnwjl/mnt/vol0/Program Files/Common Files/SYSTEM/MSADC/msadcf.dll
/tmp/agentic-sift-evidence-mhmhnwjl/mnt/vol0/Program Files/Common Files/SYSTEM/MSADC/msadcfr.dll
/tmp/agentic-sift-evidence-mhmhnwjl/mnt/vol0/Program Files/Common Files/SYSTEM/MSADC/msadco.dll
/tmp/agentic-sift-evidence-mhmhnwjl/mnt/vol0/Program Files/Common Files/SYSTEM/MSADC/msadcor.dll
/tmp/agentic-sift-evidence-mhmhnwjl/mnt/vol0/Program Files/Common Files/SYSTEM/MSADC/msadcs.dll
/tmp/agentic-sift-evidence-mhmhnwjl/mnt/vol0/Program Files/Common Files/SYSTEM/MSADC/msadds.dll
/tmp/agentic-sift-evidence-mhmhnwjl/mnt/vol0/Program Files/Common Files/SYSTEM/MSADC/msaddsr.dll
/tmp/agentic-sift-evidence-mhmhnwjl/mnt/vol0/Program Files/Common Files/SYSTEM/MSADC/msdaprsr.dll
/tmp/agentic-sift-evidence-mhmhnwjl/mnt/vol0/Program Files/Common Files/SYSTEM/MSADC/msdaprst.dll
/tmp/agentic-sift-evidence-mhmhnwjl/mnt/vol0/Program Files/Common Files/SYSTEM/MSADC/msdarem.dll
/tmp/agentic-sift-evidence-mhmhnwjl/mnt/vol0/Program Files/Common Files/SYSTEM/MSADC/msdaremr.dll
/tmp/agentic-sift-evidence-mhmhnwjl/mnt/vol0/Program Files/Common Files/SYSTEM/MSADC/msdfmap.dll
/tmp/agentic-sift-evidence-mhmhnwjl/mnt/vol0/Program Files/Common Files/SYSTEM/ole db
/tmp/agentic-sift-evidence-mhmhnwjl/mnt/vol0/Program Files/Common Files/SYSTEM/ole db/msdadc.dll
/tmp/agentic-sift-evidence-mhmhnwjl/mnt/vol0/Program Files/Common Files/SYSTEM/ole db/msdaenum.dll
/tmp/agentic-sift-evidence-mhmhnwjl/mnt/vol0/Program Files/Common Files/SYSTEM/ole db/msdaer.dll
/tmp/agentic-sift-evidence-mhmhnwjl/mnt/vol0/Program Files/Common Files/SYSTEM/ole db/MSDAIPP.DLL
/tmp/agentic-sift-evidence-mhmhnwjl/mnt/vol0/Program Files/Common Files/SYSTEM/ole db/msdaora.dll
/tmp/agentic-sift-evidence-mhmhnwjl/mnt/vol0/Program Files/Common Files/SYSTEM/ole db/msdaorar.dll
/tmp/agentic-sift-evidence-mhmhnwjl/mnt/vol0/Program Files/Common Files/SYSTEM/ole db/msdaosp.dll
/tmp/agentic-sift-evidence-mhmhnwjl/mnt/vol0/Program Files/Common Files/SYSTEM/ole db/MSDAPML.DLL
/tmp/agentic-sift-evidence-mhmhnwjl/mnt/vol0/Program Files/Common Files/SYSTEM/ole db/msdaps.dll
/tmp/agentic-sift-evidence-mhmhnwjl/mnt/vol0/Program Files/Common Files/SYSTEM/ole db/msdasc.dll
/tmp/agentic-sift-evidence-mhmhnwjl/mnt/vol0/Program Files/Common Files/SYSTEM/ole db/msdasql.dll
/tmp/agentic-sift-evidence-mhmhnwjl/mnt/vol0/Program Files/Common Files/SYSTEM/ole db/msdasqlr.dll
/tmp/agentic-sift-evidence-mhmhnwjl/mnt/vol0/Program Files/Common Files/SYSTEM/ole db/MSDATL2.DLL
/tmp/agentic-sift-evidence-mhmhnwjl/mnt/vol0/Program Files/Common Files/SYSTEM/ole db/msdatl3.dll
/tmp/agentic-sift-evidence-mhmhnwjl/mnt/vol0/Program Files/Common Files/SYSTEM/ole db/msdatt.dll
/tmp/agentic-sift-evidence-mhmhnwjl/mnt/vol0/Program Files/Common Files/SYSTEM/ole db/msdaurl.dll
/tmp/agentic-sift-evidence-mhmhnwjl/mnt/vol0/Program Files/Common Files/SYSTEM/ole db/msxactps.dll
/tmp/agentic-sift-evidence-mhmhnwjl/mnt/vol0/Program Files/Common Files/SYSTEM/ole db/oledb32.dll
/tmp/agentic-sift-evidence-mhmhnwjl/mnt/vol0/Program Files/Common Files/SYSTEM/ole db/oledb32r.dll
/tmp/agentic-sift-evidence-mhmhnwjl/mnt/vol0/Program Files/Common Files/SYSTEM/ole db/oledbjvs.inc
/tmp/agentic-sift-evidence-mhmhnwjl/mnt/vol0/Program Files/Common Files/SYSTEM/ole db/oledbvbs.inc
/tmp/agentic-sift-evidence-mhmhnwjl/mnt/vol0/Program Files/Common Files/SYSTEM/ole db/sqloledb.dll
/tmp/agentic-sift-evidence-mhmhnwjl/mnt/vol0/Program Files/Common Files/SYSTEM/ole db/sqloledb.rll
/tmp/agentic-sift-evidence-mhmhnwjl/mnt/vol0/Program Files/Common Files/SYSTEM/ole db/sqlsoldb.chm
/tmp/agentic-sift-evidence-mhmhnwjl/mnt/vol0/Program Files/Common Files/SYSTEM/ole db/sqlxmlx.dll
/tmp/agentic-sift-evidence-mhmhnwjl/mnt/vol0/Program Files/Common Files/SYSTEM/ole db/sqlxmlx.rll
/tmp/agentic-sift-evidence-mhmhnwjl/mnt/vol0/Program Files/Common Files/SYSTEM/wab32.dll
/tmp/agentic-sift-evidence-mhmhnwjl/mnt/vol0/Program Files/Common Files/SYSTEM/wab32res.dll
/tmp/agentic-sift-evidence-mhmhnwjl/mnt/vol0/Program Files/ComPlus Applications
/tmp/agentic-sift-evidence-mhmhnwjl/mnt/vol0/Program Files/desktop.ini
/tmp/agentic-sift-evidence-mhmhnwjl/mnt/vol0/Program Files/DirectX
/tmp/agentic-sift-evidence-mhmhnwjl/mnt/vol0/Program Files/DirectX/Setup
/tmp/agentic-sift-evidence-mhmhnwjl/mnt/vol0/Program Files/DirectX/Setup/DxDiag.lnk
/tmp/agentic-sift-evidence-mhmhnwjl/mnt/vol0/Program Files/Ethereal
/tmp/agentic-sift-evidence-mhmhnwjl/mnt/vol0/Program Files/Ethereal/libglib-2.0-0.dll
/tmp/agentic-sift-evidence-mhmhnwjl/mnt/vol0/Program Files/Ethereal/adns_dll.dll
/tmp/agentic-sift-evidence-mhmhnwjl/mnt/vol0/Program Files/Ethereal/AUTHORS-SHORT
/tmp/agentic-sift-evidence-mhmhnwjl/mnt/vol0/Program Files/Ethereal/capinfo.exe
/tmp/agentic-sift-evidence-mhmhnwjl/mnt/vol0/Program Files/Ethereal/capinfo.html
/tmp/agentic-sift-evidence-mhmhnwjl/mnt/vol0/Program Files/Ethereal/COPYING
/tmp/agentic-sift-evidence-mhmhnwjl/mnt/vol0/Program Files/Ethereal/diameter
/tmp/agentic-sift-evidence-mhmhnwjl/mnt/vol0/Program Files/Ethereal/diameter/dictionary.dtd
/tmp/agentic-sift-evidence-mhmhnwjl/mnt/vol0/Program Files/Ethereal/diameter/dictionary.xml
/tmp/agentic-sift-evidence-mhmhnwjl/mnt/vol0/Program Files/Ethereal/diameter/mobileipv4.xml
/tmp/agentic-sift-evidence-mhmhnwjl/mnt/vol0/Program Files/Ethereal/diameter/nasreq.xml
/tmp/agentic-sift-evidence-mhmhnwjl/mnt/vol0/Program Files/Ethereal/diameter/sunping.xml
/tmp/agentic-sift-evidence-mhmhnwjl/mnt/vol0/Program Files/Ethereal/editcap.exe
/tmp/agentic-sift-evidence-mhmhnwjl/mnt/vol0/Program Files/Ethereal/editcap.html
/tmp/agentic-sift-evidence-mhmhnwjl/mnt/vol0/Program Files/Ethereal/etc
/tmp/agentic-sift-evidence-mhmhnwjl/mnt/vol0/Program Files/Ethereal/etc/gtk-2.0
/tmp/agentic-sift-evidence-mhmhnwjl/mnt/vol0/Program Files/Ethereal/etc/gtk-2.0/gdk-pixbuf.loaders
/tmp/agentic-sift-evidence-mhmhnwjl/mnt/vol0/Program Files/Ethereal/etc/gtk-2.0/gtkrc
/tmp/agentic-sift-evidence-mhmhnwjl/mnt/vol0/Program Files/Ethereal/etc/pango
/tmp/agentic-sift-evidence-mhmhnwjl/mnt/vol0/Program Files/Ethereal/etc/pango/pango.aliases
/tmp/agentic-sift-evidence-mhmhnwjl/mnt/vol0/Program Files/Ethereal/etc/pango/pango.modules
/tmp/agentic-sift-evidence-mhmhnwjl/mnt/vol0/Program Files/Ethereal/ethereal-filter.html
/tmp/agentic-sift-evidence-mhmhnwjl/mnt/vol0/Program Files/Ethereal/ethereal.exe
/tmp/agentic-sift-evidence-mhmhnwjl/mnt/vol0/Program Files/Ethereal/ethereal.html
/tmp/agentic-sift-evidence-mhmhnwjl/mnt/vol0/Program Files/Ethereal/FAQ
/tmp/agentic-sift-evidence-mhmhnwjl/mnt/vol0/Program Files/Ethereal/help
/tmp/agentic-sift-evidence-mhmhnwjl/mnt/vol0/Program Files/Ethereal/help/capture_filters.txt
/tmp/agentic-sift-evidence-mhmhnwjl/mnt/vol0/Program Files/Ethereal/help/capturing.txt
/tmp/agentic-sift-evidence-mhmhnwjl/mnt/vol0/Program Files/Ethereal/help/display_filters.txt
/tmp/agentic-sift-evidence-mhmhnwjl/mnt/vol0/Program Files/Ethereal/help/faq.txt
/tmp/agentic-sift-evidence-mhmhnwjl/mnt/vol0/Program Files/Ethereal/help/getting_started.txt
/tmp/agentic-sift-evidence-mhmhnwjl/mnt/vol0/Program Files/Ethereal/help/overview.txt
/tmp/agentic-sift-evidence-mhmhnwjl/mnt/vol0/Program Files/Ethereal/help/toc
/tmp/agentic-sift-evidence-mhmhnwjl/mnt/vol0/Program Files/Ethereal/help/well_known.txt
/tmp/agentic-sift-evidence-mhmhnwjl/mnt/vol0/Program Files/Ethereal/iconv.dll
/tmp/agentic-sift-evidence-mhmhnwjl/mnt/vol0/Program Files/Ethereal/intl.dll
/tmp/agentic-sift-evidence-mhmhnwjl/mnt/vol0/Program Files/Ethereal/lib
/tmp/agentic-sift-evidence-mhmhnwjl/mnt/vol0/Program Files/Ethereal/lib/gtk-2.0
/tmp/agentic-sift-evidence-mhmhnwjl/mnt/vol0/Program Files/Ethereal/lib/gtk-2.0/2.4.0
/tmp/agentic-sift-evidence-mhmhnwjl/mnt/vol0/Program Files/Ethereal/lib/gtk-2.0/2.4.0/immodules
/tmp/agentic-sift-evidence-mhmhnwjl/mnt/vol0/Program Files/Ethereal/lib/gtk-2.0/2.4.0/immodules/im-am-et.dll
/tmp/agentic-sift-evidence-mhmhnwjl/mnt/vol0/Program Files/Ethereal/lib/gtk-2.0/2.4.0/immodules/im-cedilla.dll
/tmp/agentic-sift-evidence-mhmhnwjl/mnt/vol0/Program Files/Ethereal/lib/gtk-2.0/2.4.0/immodules/im-cyrillic-translit.dll
/tmp/agentic-sift-evidence-mhmhnwjl/mnt/vol0/Program Files/Ethereal/lib/gtk-2.0/2.4.0/immodules/im-inuktitut.dll
/tmp/agentic-sift-evidence-mhmhnwjl/mnt/vol0/Program Files/Ethereal/lib/gtk-2.0/2.4.0/immodules/im-ipa.dll
/tmp/agentic-sift-evidence-mhmhnwjl/mnt/vol0/Program Files/Ethereal/lib/gtk-2.0/2.4.0/immodules/im-thai-broken.dll
/tmp/agentic-sift-evidence-mhmhnwjl/mnt/vol0/Program Files/Ethereal/lib/gtk-2.0/2.4.0/immodules/im-ti-er.dll
/tmp/agentic-sift-evidence-mhmhnwjl/mnt/vol0/Program Files/Ethereal/lib/gtk-2.0/2.4.0/immodules/im-ti-et.dll
/tmp/agentic-sift-evidence-mhmhnwjl/mnt/vol0/Program Files/Ethereal/lib/gtk-2.0/2.4.0/immodules/im-viqr.dll
/tmp/agentic-sift-evidence-mhmhnwjl/mnt/vol0/Program Files/Ethereal/lib/gtk-2.0/2.4.0/loaders
/tmp/agentic-sift-evidence-mhmhnwjl/mnt/vol0/Program Files/Ethereal/lib/gtk-2.0/2.4.0/loaders/libpixbufloader-ani.dll
/tmp/agentic-sift-evidence-mhmhnwjl/mnt/vol0/Program Files/Ethereal/lib/gtk-2.0/2.4.0/loaders/libpixbufloader-bmp.dll
/tmp/agentic-sift-evidence-mhmhnwjl/mnt/vol0/Program Files/Ethereal/lib/gtk-2.0/2.4.0/loaders/libpixbufloader-gif.dll
/tmp/agentic-sift-evidence-mhmhnwjl/mnt/vol0/Program Files/Ethereal/lib/gtk-2.0/2.4.0/loaders/libpixbufloader-ico.dll
/tmp/agentic-sift-evidence-mhmhnwjl/mnt/vol0/Program Files/Ethereal/lib/gtk-2.0/2.4.0/loaders/libpixbufloader-jpeg.dll
/tmp/agentic-sift-evidence-mhmhnwjl/mnt/vol0/Program Files/Ethereal/lib/gtk-2.0/2.4.0/loaders/libpixbufloader-pcx.dll
/tmp/agentic-sift-evidence-mhmhnwjl/mnt/vol0/Program Files/Ethereal/lib/gtk-2.0/2.4.0/loaders/libpixbufloader-png.dll
/tmp/agentic-sift-evidence-mhmhnwjl/mnt/vol0/Program Files/Ethereal/lib/gtk-2.0/2.4.0/loaders/libpixbufloader-pnm.dll
/tmp/agentic-sift-evidence-mhmhnwjl/mnt/vol0/Program Files/Ethereal/lib/gtk-2.0/2.4.0/loaders/libpixbufloader-ras.dll
/tmp/agentic-sift-evidence-mhmhnwjl/mnt/vol0/Program Files/Ethereal/lib/gtk-2.0/2.4.0/loaders/libpixbufloader-tga.dll
/tmp/agentic-sift-evidence-mhmhnwjl/mnt/vol0/Program Files/Ethereal/lib/gtk-2.0/2.4.0/loaders/libpixbufloader-tiff.dll
/tmp/agentic-sift-evidence-mhmhnwjl/mnt/vol0/Program Files/Ethereal/lib/gtk-2.0/2.4.0/loaders/libpixbufloader-wbmp.dll
/tmp/agentic-sift-evidence-mhmhnwjl/mnt/vol0/Program Files/Ethereal/lib/gtk-2.0/2.4.0/loaders/libpixbufloader-xbm.dll
/tmp/agentic-sift-evidence-mhmhnwjl/mnt/vol0/Program Files/Ethereal/lib/gtk-2.0/2.4.0/loaders/libpixbufloader-xpm.dll
/tmp/agentic-sift-evidence-mhmhnwjl/mnt/vol0/Program Files/Ethereal/lib/pango
/tmp/agentic-sift-evidence-mhmhnwjl/mnt/vol0/Program Files/Ethereal/lib/pango/1.4.0
/tmp/agentic-sift-evidence-mhmhnwjl/mnt/vol0/Program Files/Ethereal/lib/pango/1.4.0/modules
/tmp/agentic-sift-evidence-mhmhnwjl/mnt/vol0/Program Files/Ethereal/lib/pango/1.4.0/modules/pango-arabic-fc.dll
/tmp/agentic-sift-evidence-mhmhnwjl/mnt/vol0/Program Files/Ethereal/lib/pango/1.4.0/modules/pango-basic-fc.dll
/tmp/agentic-sift-evidence-mhmhnwjl/mnt/vol0/Program Files/Ethereal/lib/pango/1.4.0/modules/pango-basic-win32.dll
/tmp/agentic-sift-evidence-mhmhnwjl/mnt/vol0/Program Files/Ethereal/lib/pango/1.4.0/modules/pango-hangul-fc.dll
/tmp/agentic-sift-evidence-mhmhnwjl/mnt/vol0/Program Files/Ethereal/lib/pango/1.4.0/modules/pango-hebrew-fc.dll
/tmp/agentic-sift-evidence-mhmhnwjl/mnt/vol0/Program Files/Ethereal/lib/pango/1.4.0/modules/pango-indic-fc.dll
/tmp/agentic-sift-evidence-mhmhnwjl/mnt/vol0/Program Files/Ethereal/lib/pango/1.4.0/modules/pango-thai-fc.dll
/tmp/agentic-sift-evidence-mhmhnwjl/mnt/vol0/Program Files/Ethereal/libatk-1.0-0.dll
/tmp/agentic-sift-evidence-mhmhnwjl/mnt/vol0/Program Files/Ethereal/libethereal.dll
/tmp/agentic-sift-evidence-mhmhnwjl/mnt/vol0/Program Files/Ethereal/libgdk-win32-2.0-0.dll
/tmp/agentic-sift-evidence-mhmhnwjl/mnt/vol0/Program Files/Ethereal/libgdk_pixbuf-2.0-0.dll
/tmp/agentic-sift-evidence-mhmhnwjl/mnt/vol0/Program Files/Ethereal/libgmodule-2.0-0.dll
/tmp/agentic-sift-evidence-mhmhnwjl/mnt/vol0/Program Files/Ethereal/libgobject-2.0-0.dll
/tmp/agentic-sift-evidence-mhmhnwjl/mnt/vol0/Program Files/Ethereal/libgtk-win32-2.0-0.dll
/tmp/agentic-sift-evidence-mhmhnwjl/mnt/vol0/Program Files/Ethereal/libpango-1.0-0.dll
/tmp/agentic-sift-evidence-mhmhnwjl/mnt/vol0/Program Files/Ethereal/libpangowin32-1.0-0.dll
/tmp/agentic-sift-evidence-mhmhnwjl/mnt/vol0/Program Files/Ethereal/manuf
/tmp/agentic-sift-evidence-mhmhnwjl/mnt/vol0/Program Files/Ethereal/mergecap.exe
/tmp/agentic-sift-evidence-mhmhnwjl/mnt/vol0/Program Files/Ethereal/mergecap.html
/tmp/agentic-sift-evidence-mhmhnwjl/mnt/vol0/Program Files/Ethereal/pcre.dll
/tmp/agentic-sift-evidence-mhmhnwjl/mnt/vol0/Program Files/Ethereal/pcrepattern.3.txt
/tmp/agentic-sift-evidence-mhmhnwjl/mnt/vol0/Program Files/Ethereal/plugins
/tmp/agentic-sift-evidence-mhmhnwjl/mnt/vol0/Program Files/Ethereal/plugins/0.10.6
/tmp/agentic-sift-evidence-mhmhnwjl/mnt/vol0/Program Files/Ethereal/plugins/0.10.6/acn.dll
/tmp/agentic-sift-evidence-mhmhnwjl/mnt/vol0/Program Files/Ethereal/plugins/0.10.6/artnet.dll
/tmp/agentic-sift-evidence-mhmhnwjl/mnt/vol0/Program Files/Ethereal/plugins/0.10.6/asn1.dll
/tmp/agentic-sift-evidence-mhmhnwjl/mnt/vol0/Program Files/Ethereal/plugins/0.10.6/ciscosm.dll
/tmp/agentic-sift-evidence-mhmhnwjl/mnt/vol0/Program Files/Ethereal/plugins/0.10.6/coseventcomm.dll
/tmp/agentic-sift-evidence-mhmhnwjl/mnt/vol0/Program Files/Ethereal/plugins/0.10.6/cosnaming.dll
/tmp/agentic-sift-evidence-mhmhnwjl/mnt/vol0/Program Files/Ethereal/plugins/0.10.6/docsis.dll
/tmp/agentic-sift-evidence-mhmhnwjl/mnt/vol0/Program Files/Ethereal/plugins/0.10.6/enttec.dll
/tmp/agentic-sift-evidence-mhmhnwjl/mnt/vol0/Program Files/Ethereal/plugins/0.10.6/gryphon.dll
/tmp/agentic-sift-evidence-mhmhnwjl/mnt/vol0/Program Files/Ethereal/plugins/0.10.6/irda.dll
/tmp/agentic-sift-evidence-mhmhnwjl/mnt/vol0/Program Files/Ethereal/plugins/0.10.6/lwres.dll
/tmp/agentic-sift-evidence-mhmhnwjl/mnt/vol0/Program Files/Ethereal/plugins/0.10.6/megaco.dll
/tmp/agentic-sift-evidence-mhmhnwjl/mnt/vol0/Program Files/Ethereal/plugins/0.10.6/mgcp.dll
/tmp/agentic-sift-evidence-mhmhnwjl/mnt/vol0/Program Files/Ethereal/plugins/0.10.6/opsi.dll
/tmp/agentic-sift-evidence-mhmhnwjl/mnt/vol0/Program Files/Ethereal/plugins/0.10.6/pcli.dll
/tmp/agentic-sift-evidence-mhmhnwjl/mnt/vol0/Program Files/Ethereal/plugins/0.10.6/rdm.dll
/tmp/agentic-sift-evidence-mhmhnwjl/mnt/vol0/Program Files/Ethereal/plugins/0.10.6/rlm.dll
/tmp/agentic-sift-evidence-mhmhnwjl/mnt/vol0/Program Files/Ethereal/plugins/0.10.6/rtnet.dll
/tmp/agentic-sift-evidence-mhmhnwjl/mnt/vol0/Program Files/Ethereal/plugins/0.10.6/rudp.dll
/tmp/agentic-sift-evidence-mhmhnwjl/mnt/vol0/Program Files/Ethereal/plugins/0.10.6/v5ua.dll
/tmp/agentic-sift-evidence-mhmhnwjl/mnt/vol0/Program Files/Ethereal/README
/tmp/agentic-sift-evidence-mhmhnwjl/mnt/vol0/Program Files/Ethereal/README.win32
/tmp/agentic-sift-evidence-mhmhnwjl/mnt/vol0/Program Files/Ethereal/snmp
/tmp/agentic-sift-evidence-mhmhnwjl/mnt/vol0/Program Files/Ethereal/snmp/mibs
/tmp/agentic-sift-evidence-mhmhnwjl/mnt/vol0/Program Files/Ethereal/snmp/mibs/.index
/tmp/agentic-sift-evidence-mhmhnwjl/mnt/vol0/Program Files/Ethereal/snmp/mibs/AGENTX-MIB.txt
/tmp/agentic-sift-evidence-mhmhnwjl/mnt/vol0/Program Files/Ethereal/snmp/mibs/DISMAN-EVENT-MIB.txt
/tmp/agentic-sift-evidence-mhmhnwjl/mnt/vol0/Program Files/Ethereal/snmp/mibs/DISMAN-SCHEDULE-MIB.txt
/tmp/agentic-sift-evidence-mhmhnwjl/mnt/vol0/Program Files/Ethereal/snmp/mibs/DISMAN-SCRIPT-MIB.txt
/tmp/agentic-sift-evidence-mhmhnwjl/mnt/vol0/Program Files/Ethereal/snmp/mibs/EtherLike-MIB.txt
/tmp/agentic-sift-evidence-mhmhnwjl/mnt/vol0/Program Files/Ethereal/snmp/mibs/HCNUM-TC.txt
/tmp/agentic-sift-evidence-mhmhnwjl/mnt/vol0/Program Files/Ethereal/snmp/mibs/HOST-RESOURCES-MIB.txt
/tmp/agentic-sift-evidence-mhmhnwjl/mnt/vol0/Program Files/Ethereal/snmp/mibs/HOST-RESOURCES-TYPES.txt
/tmp/agentic-sift-evidence-mhmhnwjl/mnt/vol0/Program Files/Ethereal/snmp/mibs/IANA-ADDRESS-FAMILY-NUMBERS-MIB.txt
/tmp/agentic-sift-evidence-mhmhnwjl/mnt/vol0/Program Files/Ethereal/snmp/mibs/IANA-LANGUAGE-MIB.txt
/tmp/agentic-sift-evidence-mhmhnwjl/mnt/vol0/Program Files/Ethereal/snmp/mibs/IANAifType-MIB.txt
/tmp/agentic-sift-evidence-mhmhnwjl/mnt/vol0/Program Files/Ethereal/snmp/mibs/IF-INVERTED-STACK-MIB.txt
/tmp/agentic-sift-evidence-mhmhnwjl/mnt/vol0/Program Files/Ethereal/snmp/mibs/IF-MIB.txt
/tmp/agentic-sift-evidence-mhmhnwjl/mnt/vol0/Program Files/Ethereal/snmp/mibs/INET-ADDRESS-MIB.txt
/tmp/agentic-sift-evidence-mhmhnwjl/mnt/vol0/Program Files/Ethereal/snmp/mibs/IP-FORWARD-MIB.txt
/tmp/agentic-sift-evidence-mhmhnwjl/mnt/vol0/Program Files/Ethereal/snmp/mibs/IP-MIB.txt
/tmp/agentic-sift-evidence-mhmhnwjl/mnt/vol0/Program Files/Ethereal/snmp/mibs/IPV6-ICMP-MIB.txt
/tmp/agentic-sift-evidence-mhmhnwjl/mnt/vol0/Program Files/Ethereal/snmp/mibs/IPV6-MIB.txt
/tmp/agentic-sift-evidence-mhmhnwjl/mnt/vol0/Program Files/Ethereal/snmp/mibs/IPV6-TC.txt
/tmp/agentic-sift-evidence-mhmhnwjl/mnt/vol0/Program Files/Ethereal/snmp/mibs/IPV6-TCP-MIB.txt
/tmp/agentic-sift-evidence-mhmhnwjl/mnt/vol0/Program Files/Ethereal/snmp/mibs/IPV6-UDP-MIB.txt
/tmp/agentic-sift-evidence-mhmhnwjl/mnt/vol0/Program Files/Ethereal/snmp/mibs/LM-SENSORS-MIB.txt
/tmp/agentic-sift-evidence-mhmhnwjl/mnt/vol0/Program Files/Ethereal/snmp/mibs/MTA-MIB.txt
/tmp/agentic-sift-evidence-mhmhnwjl/mnt/vol0/Program Files/Ethereal/snmp/mibs/NET-SNMP-AGENT-MIB.txt
/tmp/agentic-sift-evidence-mhmhnwjl/mnt/vol0/Program Files/Ethereal/snmp/mibs/NET-SNMP-EXAMPLES-MIB.txt
/tmp/agentic-sift-evidence-mhmhnwjl/mnt/vol0/Program Files/Ethereal/snmp/mibs/NET-SNMP-MIB.txt
/tmp/agentic-sift-evidence-mhmhnwjl/mnt/vol0/Program Files/Ethereal/snmp/mibs/NET-SNMP-MONITOR-MIB.txt
/tmp/agentic-sift-evidence-mhmhnwjl/mnt/vol0/Program Files/Ethereal/snmp/mibs/NET-SNMP-SYSTEM-MIB.txt
/tmp/agentic-sift-evidence-mhmhnwjl/mnt/vol0/Program Files/Ethereal/snmp/mibs/NET-SNMP-TC.txt
/tmp/agentic-sift-evidence-mhmhnwjl/mnt/vol0/Program Files/Ethereal/snmp/mibs/NETWORK-SERVICES-MIB.txt
/tmp/agentic-sift-evidence-mhmhnwjl/mnt/vol0/Program Files/Ethereal/snmp/mibs/NOTIFICATION-LOG-MIB.txt
/tmp/agentic-sift-evidence-mhmhnwjl/mnt/vol0/Program Files/Ethereal/snmp/mibs/RFC-1215.txt
/tmp/agentic-sift-evidence-mhmhnwjl/mnt/vol0/Program Files/Ethereal/snmp/mibs/RFC1155-SMI.txt
/tmp/agentic-sift-evidence-mhmhnwjl/mnt/vol0/Program Files/Ethereal/snmp/mibs/RFC1213-MIB.txt
/tmp/agentic-sift-evidence-mhmhnwjl/mnt/vol0/Program Files/Ethereal/snmp/mibs/RMON-MIB.txt
/tmp/agentic-sift-evidence-mhmhnwjl/mnt/vol0/Program Files/Ethereal/snmp/mibs/SMUX-MIB.txt
/tmp/agentic-sift-evidence-mhmhnwjl/mnt/vol0/Program Files/Ethereal/snmp/mibs/SNMP-COMMUNITY-MIB.txt
/tmp/agentic-sift-evidence-mhmhnwjl/mnt/vol0/Program Files/Ethereal/snmp/mibs/SNMP-FRAMEWORK-MIB.txt
/tmp/agentic-sift-evidence-mhmhnwjl/mnt/vol0/Program Files/Ethereal/snmp/mibs/SNMP-MPD-MIB.txt
/tmp/agentic-sift-evidence-mhmhnwjl/mnt/vol0/Program Files/Ethereal/snmp/mibs/SNMP-PROXY-MIB.txt
/tmp/agentic-sift-evidence-mhmhnwjl/mnt/vol0/Program Files/Ethereal/snmp/mibs/SNMP-TARGET-MIB.txt
/tmp/agentic-sift-evidence-mhmhnwjl/mnt/vol0/Program Files/Ethereal/snmp/mibs/SNMP-USER-BASED-SM-MIB.txt
/tmp/agentic-sift-evidence-mhmhnwjl/mnt/vol0/Program Files/Ethereal/snmp/mibs/SNMP-VIEW-BASED-ACM-MIB.txt
/tmp/agentic-sift-evidence-mhmhnwjl/mnt/vol0/Program Files/Ethereal/snmp/mibs/SNMPv2-CONF.txt
/tmp/agentic-sift-evidence-mhmhnwjl/mnt/vol0/Program Files/Ethereal/snmp/mibs/SNMPv2-MIB.txt
/tmp/agentic-sift-evidence-mhmhnwjl/mnt/vol0/Program Files/Ethereal/snmp/mibs/SNMPv2-SMI.txt
/tmp/agentic-sift-evidence-mhmhnwjl/mnt/vol0/Program Files/Ethereal/snmp/mibs/SNMPv2-TC.txt
/tmp/agentic-sift-evidence-mhmhnwjl/mnt/vol0/Program Files/Ethereal/snmp/mibs/SNMPv2-TM.txt
/tmp/agentic-sift-evidence-mhmhnwjl/mnt/vol0/Program Files/Ethereal/snmp/mibs/TCP-MIB.txt
/tmp/agentic-sift-evidence-mhmhnwjl/mnt/vol0/Program Files/Ethereal/snmp/mibs/TUNNEL-MIB.txt
/tmp/agentic-sift-evidence-mhmhnwjl/mnt/vol0/Program Files/Ethereal/snmp/mibs/UCD-DEMO-MIB.txt
/tmp/agentic-sift-evidence-mhmhnwjl/mnt/vol0/Program Files/Ethereal/snmp/mibs/UCD-DISKIO-MIB.txt
/tmp/agentic-sift-evidence-mhmhnwjl/mnt/vol0/Program Files/Ethereal/snmp/mibs/UCD-DLMOD-MIB.txt
/tmp/agentic-sift-evidence-mhmhnwjl/mnt/vol0/Program Files/Ethereal/snmp/mibs/UCD-IPFILTER-MIB.txt
/tmp/agentic-sift-evidence-mhmhnwjl/mnt/vol0/Program Files/Ethereal/snmp/mibs/UCD-IPFWACC-MIB.txt
/tmp/agentic-sift-evidence-mhmhnwjl/mnt/vol0/Program Files/Ethereal/snmp/mibs/UCD-SNMP-MIB-OLD.txt
/tmp/agentic-sift-evidence-mhmhnwjl/mnt/vol0/Program Files/Ethereal/snmp/mibs/UCD-SNMP-MIB.txt
/tmp/agentic-sift-evidence-mhmhnwjl/mnt/vol0/Program Files/Ethereal/snmp/mibs/UDP-MIB.txt
/tmp/agentic-sift-evidence-mhmhnwjl/mnt/vol0/Program Files/Ethereal/snmp/mibs/SNMP-NOTIFICATION-MIB.txt
/tmp/agentic-sift-evidence-mhmhnwjl/mnt/vol0/Program Files/Ethereal/tethereal.exe
/tmp/agentic-sift-evidence-mhmhnwjl/mnt/vol0/Program Files/Ethereal/tethereal.html
/tmp/agentic-sift-evidence-mhmhnwjl/mnt/vol0/Program Files/Ethereal/text2pcap.exe
/tmp/agentic-sift-evidence-mhmhnwjl/mnt/vol0/Program Files/Ethereal/text2pcap.html
/tmp/agentic-sift-evidence-mhmhnwjl/mnt/vol0/Program Files/Ethereal/uninstall.exe
/tmp/agentic-sift-evidence-mhmhnwjl/mnt/vol0/Program Files/Ethereal/wiretap-0.1.dll
/tmp/agentic-sift-evidence-mhmhnwjl/mnt/vol0/Program Files/Ethereal/zlib1.dll
/tmp/agentic-sift-evidence-mhmhnwjl/mnt/vol0/Program Files/Faber Toys
/tmp/agentic-sift-evidence-mhmhnwjl/mnt/vol0/Program Files/Faber Toys/Config.cfg
/tmp/agentic-sift-evidence-mhmhnwjl/mnt/vol0/Program Files/Faber Toys/Faber Toys.exe
/tmp/agentic-sift-evidence-mhmhnwjl/mnt/vol0/Program Files/Faber Toys/Features.txt
/tmp/agentic-sift-evidence-mhmhnwjl/mnt/vol0/Program Files/Faber Toys/Language
/tmp/agentic-sift-evidence-mhmhnwjl/mnt/vol0/Program Files/Faber Toys/Language/Dutch.dat
/tmp/agentic-sift-evidence-mhmhnwjl/mnt/vol0/Program Files/Faber Toys/Language/English.dat
/tmp/agentic-sift-evidence-mhmhnwjl/mnt/vol0/Program Files/Faber Toys/Language/French.dat
/tmp/agentic-sift-evidence-mhmhnwjl/mnt/vol0/Program Files/Faber Toys/Language/German.dat
/tmp/agentic-sift-evidence-mhmhnwjl/mnt/vol0/Program Files/Faber Toys/Language/Italian.dat
/tmp/agentic-sift-evidence-mhmhnwjl/mnt/vol0/Program Files/Faber Toys/Language/Romanian.dat
/tmp/agentic-sift-evidence-mhmhnwjl/mnt/vol0/Program Files/Faber Toys/License.txt
/tmp/agentic-sift-evidence-mhmhnwjl/mnt/vol0/Program Files/Faber Toys/PropertiesCache.dat
/tmp/agentic-sift-evidence-mhmhnwjl/mnt/vol0/Program Files/Faber Toys/unins000.dat
/tmp/agentic-sift-evidence-mhmhnwjl/mnt/vol0/Program Files/Faber Toys/unins000.exe
/tmp/agentic-sift-evidence-mhmhnwjl/mnt/vol0/Program Files/folder.htt
/tmp/agentic-sift-evidence-mhmhnwjl/mnt/vol0/Program Files/GlobalSCAPE
/tmp/agentic-sift-evidence-mhmhnwjl/mnt/vol0/Program Files/GlobalSCAPE/CuteFTP
/tmp/agentic-sift-evidence-mhmhnwjl/mnt/vol0/Program Files/GlobalSCAPE/CuteFTP/Ad468x60.gzf
/tmp/agentic-sift-evidence-mhmhnwjl/mnt/vol0/Program Files/GlobalSCAPE/CuteFTP/Ad468x60.url
/tmp/agentic-sift-evidence-mhmhnwjl/mnt/vol0/Program Files/GlobalSCAPE/CuteFTP/comctl32.old
/tmp/agentic-sift-evidence-mhmhnwjl/mnt/vol0/Program Files/GlobalSCAPE/CuteFTP/commands.dat
/tmp/agentic-sift-evidence-mhmhnwjl/mnt/vol0/Program Files/GlobalSCAPE/CuteFTP/cuteftp.cnt
/tmp/agentic-sift-evidence-mhmhnwjl/mnt/vol0/Program Files/GlobalSCAPE/CuteFTP/cuteftp.hlp
/tmp/agentic-sift-evidence-mhmhnwjl/mnt/vol0/Program Files/GlobalSCAPE/CuteFTP/CuteHTML
/tmp/agentic-sift-evidence-mhmhnwjl/mnt/vol0/Program Files/GlobalSCAPE/CuteFTP/CuteHTML/cutehtml.cnt
/tmp/agentic-sift-evidence-mhmhnwjl/mnt/vol0/Program Files/GlobalSCAPE/CuteFTP/CuteHTML/cutehtml.exe
/tmp/agentic-sift-evidence-mhmhnwjl/mnt/vol0/Program Files/GlobalSCAPE/CuteFTP/CuteHTML/cutehtml.hlp
/tmp/agentic-sift-evidence-mhmhnwjl/mnt/vol0/Program Files/GlobalSCAPE/CuteFTP/CuteHTML/html.txt
/tmp/agentic-sift-evidence-mhmhnwjl/mnt/vol0/Program Files/GlobalSCAPE/CuteFTP/CuteHTML/INSTALL2.LOG
/tmp/agentic-sift-evidence-mhmhnwjl/mnt/vol0/Program Files/GlobalSCAPE/CuteFTP/CuteHTML/tagtips.dat
/tmp/agentic-sift-evidence-mhmhnwjl/mnt/vol0/Program Files/GlobalSCAPE/CuteFTP/CuteHTML/unreg.exe
/tmp/agentic-sift-evidence-mhmhnwjl/mnt/vol0/Program Files/GlobalSCAPE/CuteFTP/CuteSearch0008.dll
/tmp/agentic-sift-evidence-mhmhnwjl/mnt/vol0/Program Files/GlobalSCAPE/CuteFTP/CuteSearch0008.sfo
/tmp/agentic-sift-evidence-mhmhnwjl/mnt/vol0/Program Files/GlobalSCAPE/CuteFTP/cutftp32.exe
/tmp/agentic-sift-evidence-mhmhnwjl/mnt/vol0/Program Files/GlobalSCAPE/CuteFTP/INSTALL.LOG
/tmp/agentic-sift-evidence-mhmhnwjl/mnt/vol0/Program Files/GlobalSCAPE/CuteFTP/LICENSE.TXT
/tmp/agentic-sift-evidence-mhmhnwjl/mnt/vol0/Program Files/GlobalSCAPE/CuteFTP/notes.txt
/tmp/agentic-sift-evidence-mhmhnwjl/mnt/vol0/Program Files/GlobalSCAPE/CuteFTP/smdata.dat
/tmp/agentic-sift-evidence-mhmhnwjl/mnt/vol0/Program Files/GlobalSCAPE/CuteFTP/unwise32.exe
/tmp/agentic-sift-evidence-mhmhnwjl/mnt/vol0/Program Files/GlobalSCAPE/CuteFTP/wizdata.dat
/tmp/agentic-sift-evidence-mhmhnwjl/mnt/vol0/Program Files/Internet Explorer
/tmp/agentic-sift-evidence-mhmhnwjl/mnt/vol0/Program Files/Internet Explorer/Connection Wizard
/tmp/agentic-sift-evidence-mhmhnwjl/mnt/vol0/Program Files/Internet Explorer/Connection Wizard/icwconn.dll
/tmp/agentic-sift-evidence-mhmhnwjl/mnt/vol0/Program Files/Internet Explorer/Connection Wizard/icwconn1.exe
/tmp/agentic-sift-evidence-mhmhnwjl/mnt/vol0/Program Files/Internet Explorer/Connection Wizard/icwconn2.exe
/tmp/agentic-sift-evidence-mhmhnwjl/mnt/vol0/Program Files/Internet Explorer/Connection Wizard/icwdl.dll
/tmp/agentic-sift-evidence-mhmhnwjl/mnt/vol0/Program Files/Internet Explorer/Connection Wizard/icwhelp.dll
/tmp/agentic-sift-evidence-mhmhnwjl/mnt/vol0/Program Files/Internet Explorer/Connection Wizard/icwip.dun
/tmp/agentic-sift-evidence-mhmhnwjl/mnt/vol0/Program Files/Internet Explorer/Connection Wizard/ICWOOBE.EXE
/tmp/agentic-sift-evidence-mhmhnwjl/mnt/vol0/Program Files/Internet Explorer/Connection Wizard/icwres.dll
/tmp/agentic-sift-evidence-mhmhnwjl/mnt/vol0/Program Files/Internet Explorer/Connection Wizard/icwrmind.exe
/tmp/agentic-sift-evidence-mhmhnwjl/mnt/vol0/Program Files/Internet Explorer/Connection Wizard/icwtutor.exe
/tmp/agentic-sift-evidence-mhmhnwjl/mnt/vol0/Program Files/Internet Explorer/Connection Wizard/icwutil.dll
/tmp/agentic-sift-evidence-mhmhnwjl/mnt/vol0/Program Files/Internet Explorer/Connection Wizard/icwx25a.dun
/tmp/agentic-sift-evidence-mhmhnwjl/mnt/vol0/Program Files/Internet Explorer/Connection Wizard/icwx25b.dun
/tmp/agentic-sift-evidence-mhmhnwjl/mnt/vol0/Program Files/Internet Explorer/Connection Wizard/icwx25c.dun
/tmp/agentic-sift-evidence-mhmhnwjl/mnt/vol0/Program Files/Internet Explorer/Connection Wizard/inetwiz.exe
/tmp/agentic-sift-evidence-mhmhnwjl/mnt/vol0/Program Files/Internet Explorer/Connection Wizard/isignup.exe
/tmp/agentic-sift-evidence-mhmhnwjl/mnt/vol0/Program Files/Internet Explorer/Connection Wizard/msicw.isp
/tmp/agentic-sift-evidence-mhmhnwjl/mnt/vol0/Program Files/Internet Explorer/Connection Wizard/msn.isp
/tmp/agentic-sift-evidence-mhmhnwjl/mnt/vol0/Program Files/Internet Explorer/Connection Wizard/phone.icw
/tmp/agentic-sift-evidence-mhmhnwjl/mnt/vol0/Program Files/Internet Explorer/Connection Wizard/phone.ver
/tmp/agentic-sift-evidence-mhmhnwjl/mnt/vol0/Program Files/Internet Explorer/Connection Wizard/state.icw
/tmp/agentic-sift-evidence-mhmhnwjl/mnt/vol0/Program Files/Internet Explorer/Connection Wizard/support.icw
/tmp/agentic-sift-evidence-mhmhnwjl/mnt/vol0/Program Files/Internet Explorer/Connection Wizard/trialoc.dll
/tmp/agentic-sift-evidence-mhmhnwjl/mnt/vol0/Program Files/Internet Explorer/HMMAPI.DLL
/tmp/agentic-sift-evidence-mhmhnwjl/mnt/vol0/Program Files/Internet Explorer/IE4.DLL
/tmp/agentic-sift-evidence-mhmhnwjl/mnt/vol0/Program Files/Internet Explorer/IEDETECT.DLL
/tmp/agentic-sift-evidence-mhmhnwjl/mnt/vol0/Program Files/Internet Explorer/IESETUP.CIF
/tmp/agentic-sift-evidence-mhmhnwjl/mnt/vol0/Program Files/Internet Explorer/IEXPLORE.EXE
/tmp/agentic-sift-evidence-mhmhnwjl/mnt/vol0/Program Files/Internet Explorer/PLUGINS
/tmp/agentic-sift-evidence-mhmhnwjl/mnt/vol0/Program Files/Internet Explorer/SIGNUP
/tmp/agentic-sift-evidence-mhmhnwjl/mnt/vol0/Program Files/Internet Explorer/SIGNUP/INSTALL.INS
/tmp/agentic-sift-evidence-mhmhnwjl/mnt/vol0/Program Files/Look@LAN
/tmp/agentic-sift-evidence-mhmhnwjl/mnt/vol0/Program Files/Look@LAN/CLAManual.chm
/tmp/agentic-sift-evidence-mhmhnwjl/mnt/vol0/Program Files/Look@LAN/hostlist.dat
/tmp/agentic-sift-evidence-mhmhnwjl/mnt/vol0/Program Files/Look@LAN/irunin.bmp
/tmp/agentic-sift-evidence-mhmhnwjl/mnt/vol0/Program Files/Look@LAN/irunin.dat
/tmp/agentic-sift-evidence-mhmhnwjl/mnt/vol0/Program Files/Look@LAN/irunin.ini
/tmp/agentic-sift-evidence-mhmhnwjl/mnt/vol0/Program Files/Look@LAN/irunin.lng
/tmp/agentic-sift-evidence-mhmhnwjl/mnt/vol0/Program Files/Look@LAN/lalassoc.dat
/tmp/agentic-sift-evidence-mhmhnwjl/mnt/vol0/Program Files/Look@LAN/lalservices.dat
/tmp/agentic-sift-evidence-mhmhnwjl/mnt/vol0/Program Files/Look@LAN/License.txt
/tmp/agentic-sift-evidence-mhmhnwjl/mnt/vol0/Program Files/Look@LAN/Look@LAN on the WEB.url
/tmp/agentic-sift-evidence-mhmhnwjl/mnt/vol0/Program Files/Look@LAN/LookAtHost.ENG
/tmp/agentic-sift-evidence-mhmhnwjl/mnt/vol0/Program Files/Look@LAN/LookAtHost.exe
/tmp/agentic-sift-evidence-mhmhnwjl/mnt/vol0/Program Files/Look@LAN/LookAtLan.ENG
/tmp/agentic-sift-evidence-mhmhnwjl/mnt/vol0/Program Files/Look@LAN/LookAtLan.exe
/tmp/agentic-sift-evidence-mhmhnwjl/mnt/vol0/Program Files/Look@LAN/Report
/tmp/agentic-sift-evidence-mhmhnwjl/mnt/vol0/Program Files/Look@LAN/Report/images
/tmp/agentic-sift-evidence-mhmhnwjl/mnt/vol0/Program Files/Look@LAN/Report/images/home.gif
/tmp/agentic-sift-evidence-mhmhnwjl/mnt/vol0/Program Files/Look@LAN/Report/images/hop.gif
/tmp/agentic-sift-evidence-mhmhnwjl/mnt/vol0/Program Files/Look@LAN/Report/images/lan.gif
/tmp/agentic-sift-evidence-mhmhnwjl/mnt/vol0/Program Files/Look@LAN/Report/images/logo.jpg
/tmp/agentic-sift-evidence-mhmhnwjl/mnt/vol0/Program Files/Look@LAN/Report/images/miniature.gif
/tmp/agentic-sift-evidence-mhmhnwjl/mnt/vol0/Program Files/Look@LAN/Report/images/minip.gif
/tmp/agentic-sift-evidence-mhmhnwjl/mnt/vol0/Program Files/Look@LAN/Report/images/notwin.gif
/tmp/agentic-sift-evidence-mhmhnwjl/mnt/vol0/Program Files/Look@LAN/Report/images/off.gif
/tmp/agentic-sift-evidence-mhmhnwjl/mnt/vol0/Program Files/Look@LAN/Report/images/offline.gif
/tmp/agentic-sift-evidence-mhmhnwjl/mnt/vol0/Program Files/Look@LAN/Report/images/on.gif
/tmp/agentic-sift-evidence-mhmhnwjl/mnt/vol0/Program Files/Look@LAN/Report/images/online.gif
/tmp/agentic-sift-evidence-mhmhnwjl/mnt/vol0/Program Files/Look@LAN/Report/images/report.gif
/tmp/agentic-sift-evidence-mhmhnwjl/mnt/vol0/Program Files/Look@LAN/Report/images/stats.gif
/tmp/agentic-sift-evidence-mhmhnwjl/mnt/vol0/Program Files/Look@LAN/Report/images/thingOFF.gif
/tmp/agentic-sift-evidence-mhmhnwjl/mnt/vol0/Program Files/Look@LAN/Report/images/thingON.gif
/tmp/agentic-sift-evidence-mhmhnwjl/mnt/vol0/Program Files/Look@LAN/Report/images/windows.gif
/tmp/agentic-sift-evidence-mhmhnwjl/mnt/vol0/Program Files/Look@LAN/Report/lal.css
/tmp/agentic-sift-evidence-mhmhnwjl/mnt/vol0/Program Files/Look@LAN/sounds
/tmp/agentic-sift-evidence-mhmhnwjl/mnt/vol0/Program Files/Look@LAN/sounds/alert.wav
/tmp/agentic-sift-evidence-mhmhnwjl/mnt/vol0/Program Files/Look@LAN/sounds/analize.wav
/tmp/agentic-sift-evidence-mhmhnwjl/mnt/vol0/Program Files/Look@LAN/sounds/pop.wav
/tmp/agentic-sift-evidence-mhmhnwjl/mnt/vol0/Program Files/Look@LAN/sounds/ready.wav
/tmp/agentic-sift-evidence-mhmhnwjl/mnt/vol0/Program Files/Look@LAN/sounds/stop.wav
/tmp/agentic-sift-evidence-mhmhnwjl/mnt/vol0/Program Files/Messenger
/tmp/agentic-sift-evidence-mhmhnwjl/mnt/vol0/Program Files/Messenger/blogo.gif
/tmp/agentic-sift-evidence-mhmhnwjl/mnt/vol0/Program Files/Messenger/lvback.gif
/tmp/agentic-sift-evidence-mhmhnwjl/mnt/vol0/Program Files/Messenger/mailtmpl.txt
/tmp/agentic-sift-evidence-mhmhnwjl/mnt/vol0/Program Files/Messenger/msgsc.dll
/tmp/agentic-sift-evidence-mhmhnwjl/mnt/vol0/Program Files/Messenger/msgslang.dll
/tmp/agentic-sift-evidence-mhmhnwjl/mnt/vol0/Program Files/Messenger/msmsgs.exe
/tmp/agentic-sift-evidence-mhmhnwjl/mnt/vol0/Program Files/Messenger/msmsgs.exe.manifest
/tmp/agentic-sift-evidence-mhmhnwjl/mnt/vol0/Program Files/Messenger/msmsgsin.exe
/tmp/agentic-sift-evidence-mhmhnwjl/mnt/vol0/Program Files/Messenger/newalert.wav
/tmp/agentic-sift-evidence-mhmhnwjl/mnt/vol0/Program Files/Messenger/newemail.wav
/tmp/agentic-sift-evidence-mhmhnwjl/mnt/vol0/Program Files/Messenger/online.wav
/tmp/agentic-sift-evidence-mhmhnwjl/mnt/vol0/Program Files/Messenger/type.wav
/tmp/agentic-sift-evidence-mhmhnwjl/mnt/vol0/Program Files/microsoft frontpage
/tmp/agentic-sift-evidence-mhmhnwjl/mnt/vol0/Program Files/microsoft frontpage/version3.0
/tmp/agentic-sift-evidence-mhmhnwjl/mnt/vol0/Program Files/microsoft frontpage/version3.0/bin
/tmp/agentic-sift-evidence-mhmhnwjl/mnt/vol0/Program Files/mIRC
/tmp/agentic-sift-evidence-mhmhnwjl/mnt/vol0/Program Files/mIRC/aliases.ini
/tmp/agentic-sift-evidence-mhmhnwjl/mnt/vol0/Program Files/mIRC/channels
/tmp/agentic-sift-evidence-mhmhnwjl/mnt/vol0/Program Files/mIRC/channels/channels.txt
/tmp/agentic-sift-evidence-mhmhnwjl/mnt/vol0/Program Files/mIRC/download
/tmp/agentic-sift-evidence-mhmhnwjl/mnt/vol0/Program Files/mIRC/ircintro.hlp
/tmp/agentic-sift-evidence-mhmhnwjl/mnt/vol0/Program Files/mIRC/logs
/tmp/agentic-sift-evidence-mhmhnwjl/mnt/vol0/Program Files/mIRC/logs/#Chataholics.UnderNet.log
/tmp/agentic-sift-evidence-mhmhnwjl/mnt/vol0/Program Files/mIRC/logs/#CyberCafe.UnderNet.log
/tmp/agentic-sift-evidence-mhmhnwjl/mnt/vol0/Program Files/mIRC/logs/#Elite.Hackers.UnderNet.log
/tmp/agentic-sift-evidence-mhmhnwjl/mnt/vol0/Program Files/mIRC/logs/#evilfork.EFnet.log
/tmp/agentic-sift-evidence-mhmhnwjl/mnt/vol0/Program Files/mIRC/logs/#funny.UnderNet.log
/tmp/agentic-sift-evidence-mhmhnwjl/mnt/vol0/Program Files/mIRC/logs/#houston.UnderNet.log
/tmp/agentic-sift-evidence-mhmhnwjl/mnt/vol0/Program Files/mIRC/logs/#ISO-WAREZ.EFnet.log
/tmp/agentic-sift-evidence-mhmhnwjl/mnt/vol0/Program Files/mIRC/logs/#LuxShell.UnderNet.log
/tmp/agentic-sift-evidence-mhmhnwjl/mnt/vol0/Program Files/mIRC/logs/#mp3xserv.UnderNet.log
/tmp/agentic-sift-evidence-mhmhnwjl/mnt/vol0/Program Files/mIRC/logs/#thedarktower.AfterNET.log
/tmp/agentic-sift-evidence-mhmhnwjl/mnt/vol0/Program Files/mIRC/logs/#ushells.UnderNet.log
/tmp/agentic-sift-evidence-mhmhnwjl/mnt/vol0/Program Files/mIRC/logs/m5tar.UnderNet.log
/tmp/agentic-sift-evidence-mhmhnwjl/mnt/vol0/Program Files/mIRC/mirc.exe
/tmp/agentic-sift-evidence-mhmhnwjl/mnt/vol0/Program Files/mIRC/mirc.hlp
/tmp/agentic-sift-evidence-mhmhnwjl/mnt/vol0/Program Files/mIRC/mirc.ini
/tmp/agentic-sift-evidence-mhmhnwjl/mnt/vol0/Program Files/mIRC/popups.ini
/tmp/agentic-sift-evidence-mhmhnwjl/mnt/vol0/Program Files/mIRC/readme.txt
/tmp/agentic-sift-evidence-mhmhnwjl/mnt/vol0/Program Files/mIRC/servers.ini
/tmp/agentic-sift-evidence-mhmhnwjl/mnt/vol0/Program Files/mIRC/sounds
/tmp/agentic-sift-evidence-mhmhnwjl/mnt/vol0/Program Files/mIRC/urls.ini
/tmp/agentic-sift-evidence-mhmhnwjl/mnt/vol0/Program Files/mIRC/versions.txt
/tmp/agentic-sift-evidence-mhmhnwjl/mnt/vol0/Program Files/Movie Maker
/tmp/agentic-sift-evidence-mhmhnwjl/mnt/vol0/Program Files/Movie Maker/moviemk.exe
/tmp/agentic-sift-evidence-mhmhnwjl/mnt/vol0/Program Files/Movie Maker/MUI
/tmp/agentic-sift-evidence-mhmhnwjl/mnt/vol0/Program Files/Movie Maker/MUI/0409
/tmp/agentic-sift-evidence-mhmhnwjl/mnt/vol0/Program Files/Movie Maker/MUI/0409/moviemk.chm
/tmp/agentic-sift-evidence-mhmhnwjl/mnt/vol0/Program Files/Movie Maker/sample.asf
/tmp/agentic-sift-evidence-mhmhnwjl/mnt/vol0/Program Files/Movie Maker/wmmfilt.dll
/tmp/agentic-sift-evidence-mhmhnwjl/mnt/vol0/Program Files/Movie Maker/wmmres.dll
/tmp/agentic-sift-evidence-mhmhnwjl/mnt/vol0/Program Files/Movie Maker/wmmutil.dll
/tmp/agentic-sift-evidence-mhmhnwjl/mnt/vol0/Program Files/MSN Gaming Zone
/tmp/agentic-sift-evidence-mhmhnwjl/mnt/vol0/Program Files/MSN Gaming Zone/Windows
/tmp/agentic-sift-evidence-mhmhnwjl/mnt/vol0/Program Files/MSN Gaming Zone/Windows/bckg.dll
/tmp/agentic-sift-evidence-mhmhnwjl/mnt/vol0/Program Files/MSN Gaming Zone/Windows/bckgres.dll
/tmp/agentic-sift-evidence-mhmhnwjl/mnt/vol0/Program Files/MSN Gaming Zone/Windows/bckgzm.exe
/tmp/agentic-sift-evidence-mhmhnwjl/mnt/vol0/Program Files/MSN Gaming Zone/Windows/chkr.dll
/tmp/agentic-sift-evidence-mhmhnwjl/mnt/vol0/Program Files/MSN Gaming Zone/Windows/chkrres.dll
/tmp/agentic-sift-evidence-mhmhnwjl/mnt/vol0/Program Files/MSN Gaming Zone/Windows/chkrzm.exe
/tmp/agentic-sift-evidence-mhmhnwjl/mnt/vol0/Program Files/MSN Gaming Zone/Windows/Cmnclim.dll
/tmp/agentic-sift-evidence-mhmhnwjl/mnt/vol0/Program Files/MSN Gaming Zone/Windows/Cmnresm.dll
/tmp/agentic-sift-evidence-mhmhnwjl/mnt/vol0/Program Files/MSN Gaming Zone/Windows/hrtz.dll
/tmp/agentic-sift-evidence-mhmhnwjl/mnt/vol0/Program Files/MSN Gaming Zone/Windows/Hrtzres.dll
/tmp/agentic-sift-evidence-mhmhnwjl/mnt/vol0/Program Files/MSN Gaming Zone/Windows/hrtzzm.exe
/tmp/agentic-sift-evidence-mhmhnwjl/mnt/vol0/Program Files/MSN Gaming Zone/Windows/rvse.dll
/tmp/agentic-sift-evidence-mhmhnwjl/mnt/vol0/Program Files/MSN Gaming Zone/Windows/Rvseres.dll
/tmp/agentic-sift-evidence-mhmhnwjl/mnt/vol0/Program Files/MSN Gaming Zone/Windows/Rvsezm.exe
/tmp/agentic-sift-evidence-mhmhnwjl/mnt/vol0/Program Files/MSN Gaming Zone/Windows/shvl.dll
/tmp/agentic-sift-evidence-mhmhnwjl/mnt/vol0/Program Files/MSN Gaming Zone/Windows/Shvlres.dll
/tmp/agentic-sift-evidence-mhmhnwjl/mnt/vol0/Program Files/MSN Gaming Zone/Windows/shvlzm.exe
/tmp/agentic-sift-evidence-mhmhnwjl/mnt/vol0/Program Files/MSN Gaming Zone/Windows/UniAnsi.dll
/tmp/agentic-sift-evidence-mhmhnwjl/mnt/vol0/Program Files/MSN Gaming Zone/Windows/zClientm.exe
/tmp/agentic-sift-evidence-mhmhnwjl/mnt/vol0/Program Files/MSN Gaming Zone/Windows/ZCorem.dll
/tmp/agentic-sift-evidence-mhmhnwjl/mnt/vol0/Program Files/MSN Gaming Zone/Windows/zeeverm.dll
/tmp/agentic-sift-evidence-mhmhnwjl/mnt/vol0/Program Files/MSN Gaming Zone/Windows/ZNetM.dll
/tmp/agentic-sift-evidence-mhmhnwjl/mnt/vol0/Program Files/MSN Gaming Zone/Windows/zoneclim.dll
/tmp/agentic-sift-evidence-mhmhnwjl/mnt/vol0/Program Files/MSN Gaming Zone/Windows/zonelibM.dll
/tmp/agentic-sift-evidence-mhmhnwjl/mnt/vol0/Program Files/NetMeeting
/tmp/agentic-sift-evidence-mhmhnwjl/mnt/vol0/Program Files/NetMeeting/Blip.wav
/tmp/agentic-sift-evidence-mhmhnwjl/mnt/vol0/Program Files/NetMeeting/callcont.dll
/tmp/agentic-sift-evidence-mhmhnwjl/mnt/vol0/Program Files/NetMeeting/cb32.exe
/tmp/agentic-sift-evidence-mhmhnwjl/mnt/vol0/Program Files/NetMeeting/conf.exe
/tmp/agentic-sift-evidence-mhmhnwjl/mnt/vol0/Program Files/NetMeeting/confmrsl.dll
/tmp/agentic-sift-evidence-mhmhnwjl/mnt/vol0/Program Files/NetMeeting/dcap32.dll
/tmp/agentic-sift-evidence-mhmhnwjl/mnt/vol0/Program Files/NetMeeting/h323cc.dll
/tmp/agentic-sift-evidence-mhmhnwjl/mnt/vol0/Program Files/NetMeeting/MST120.DLL
/tmp/agentic-sift-evidence-mhmhnwjl/mnt/vol0/Program Files/NetMeeting/MST123.DLL
/tmp/agentic-sift-evidence-mhmhnwjl/mnt/vol0/Program Files/NetMeeting/nac.dll
/tmp/agentic-sift-evidence-mhmhnwjl/mnt/vol0/Program Files/NetMeeting/netmeet.htm
/tmp/agentic-sift-evidence-mhmhnwjl/mnt/vol0/Program Files/NetMeeting/nmas.dll
/tmp/agentic-sift-evidence-mhmhnwjl/mnt/vol0/Program Files/NetMeeting/nmasnt.dll
/tmp/agentic-sift-evidence-mhmhnwjl/mnt/vol0/Program Files/NetMeeting/nmchat.dll
/tmp/agentic-sift-evidence-mhmhnwjl/mnt/vol0/Program Files/NetMeeting/nmcom.dll
/tmp/agentic-sift-evidence-mhmhnwjl/mnt/vol0/Program Files/NetMeeting/nmft.dll
/tmp/agentic-sift-evidence-mhmhnwjl/mnt/vol0/Program Files/NetMeeting/nmoldwb.dll
/tmp/agentic-sift-evidence-mhmhnwjl/mnt/vol0/Program Files/NetMeeting/nmwb.dll
/tmp/agentic-sift-evidence-mhmhnwjl/mnt/vol0/Program Files/NetMeeting/rrcm.dll
/tmp/agentic-sift-evidence-mhmhnwjl/mnt/vol0/Program Files/NetMeeting/TestSnd.wav
/tmp/agentic-sift-evidence-mhmhnwjl/mnt/vol0/Program Files/NetMeeting/wb32.exe
/tmp/agentic-sift-evidence-mhmhnwjl/mnt/vol0/Program Files/Network Stumbler
/tmp/agentic-sift-evidence-mhmhnwjl/mnt/vol0/Program Files/Network Stumbler/netstumbler.chm
/tmp/agentic-sift-evidence-mhmhnwjl/mnt/vol0/Program Files/Network Stumbler/NetStumbler.exe
/tmp/agentic-sift-evidence-mhmhnwjl/mnt/vol0/Program Files/Network Stumbler/ns-aos-new.wav
/tmp/agentic-sift-evidence-mhmhnwjl/mnt/vol0/Program Files/Network Stumbler/ns-gps-err.wav
/tmp/agentic-sift-evidence-mhmhnwjl/mnt/vol0/Program Files/Network Stumbler/ns-los.wav
/tmp/agentic-sift-evidence-mhmhnwjl/mnt/vol0/Program Files/Network Stumbler/ns-signal-0.wav
/tmp/agentic-sift-evidence-mhmhnwjl/mnt/vol0/Program Files/Network Stumbler/ns-signal-1.wav
/tmp/agentic-sift-evidence-mhmhnwjl/mnt/vol0/Program Files/Network Stumbler/ns-signal-2.wav
/tmp/agentic-sift-evidence-mhmhnwjl/mnt/vol0/Program Files/Network Stumbler/ns-signal-3.wav
/tmp/agentic-sift-evidence-mhmhnwjl/mnt/vol0/Program Files/Network Stumbler/ns-signal-4.wav
/tmp/agentic-sift-evidence-mhmhnwjl/mnt/vol0/Program Files/Network Stumbler/ns-signal-5.wav
/tmp/agentic-sift-evidence-mhmhnwjl/mnt/vol0/Program Files/Network Stumbler/ns-signal-6.wav
/tmp/agentic-sift-evidence-mhmhnwjl/mnt/vol0/Program Files/Network Stumbler/uninst.exe
/tmp/agentic-sift-evidence-mhmhnwjl/mnt/vol0/Program Files/Online Services
/tmp/agentic-sift-evidence-mhmhnwjl/mnt/vol0/Program Files/Online Services/Get online with MSN.lnk
/tmp/agentic-sift-evidence-mhmhnwjl/mnt/vol0/Program Files/Online Services/MSN50
/tmp/agentic-sift-evidence-mhmhnwjl/mnt/vol0/Program Files/Online Services/MSN50/MSN50.CAB
/tmp/agentic-sift-evidence-mhmhnwjl/mnt/vol0/Program Files/Online Services/MSN50/MSNBOOT.EXE
/tmp/agentic-sift-evidence-mhmhnwjl/mnt/vol0/Program Files/Online Services/MSN50/MSNLOGO.ICO
/tmp/agentic-sift-evidence-mhmhnwjl/mnt/vol0/Program Files/Online Services/MSN50/OCX
/tmp/agentic-sift-evidence-mhmhnwjl/mnt/vol0/Program Files/Online Services/MSN50/OCX/MSNSETUP.DLL
/tmp/agentic-sift-evidence-mhmhnwjl/mnt/vol0/Program Files/Online Services/Refer me to more Internet Service Providers.lnk
/tmp/agentic-sift-evidence-mhmhnwjl/mnt/vol0/Program Files/Outlook Express
/tmp/agentic-sift-evidence-mhmhnwjl/mnt/vol0/Program Files/Outlook Express/msimn.exe
/tmp/agentic-sift-evidence-mhmhnwjl/mnt/vol0/Program Files/Outlook Express/msoe.dll
/tmp/agentic-sift-evidence-mhmhnwjl/mnt/vol0/Program Files/Outlook Express/msoe.txt
/tmp/agentic-sift-evidence-mhmhnwjl/mnt/vol0/Program Files/Outlook Express/msoeres.dll
/tmp/agentic-sift-evidence-mhmhnwjl/mnt/vol0/Program Files/Outlook Express/oeimport.dll
/tmp/agentic-sift-evidence-mhmhnwjl/mnt/vol0/Program Files/Outlook Express/oemig50.exe
/tmp/agentic-sift-evidence-mhmhnwjl/mnt/vol0/Program Files/Outlook Express/oemiglib.dll
/tmp/agentic-sift-evidence-mhmhnwjl/mnt/vol0/Program Files/Outlook Express/setup50.exe
/tmp/agentic-sift-evidence-mhmhnwjl/mnt/vol0/Program Files/Outlook Express/wab.exe
/tmp/agentic-sift-evidence-mhmhnwjl/mnt/vol0/Program Files/Outlook Express/wabfind.dll
/tmp/agentic-sift-evidence-mhmhnwjl/mnt/vol0/Program Files/Outlook Express/wabimp.dll
/tmp/agentic-sift-evidence-mhmhnwjl/mnt/vol0/Program Files/Outlook Express/wabmig.exe
/tmp/agentic-sift-evidence-mhmhnwjl/mnt/vol0/Program Files/PLUS!
/tmp/agentic-sift-evidence-mhmhnwjl/mnt/vol0/Program Files/PLUS!/SYSAGENT.EXE
/tmp/agentic-sift-evidence-mhmhnwjl/mnt/vol0/Program Files/PLUS!/THEMES
/tmp/agentic-sift-evidence-mhmhnwjl/mnt/vol0/Program Files/Uninstall Information
/tmp/agentic-sift-evidence-mhmhnwjl/mnt/vol0/Program Files/Uninstall Information/ConnectionConfiguration
/tmp/agentic-sift-evidence-mhmhnwjl/mnt/vol0/Program Files/Uninstall Information/ConnectionConfiguration/AINF0000
/tmp/agentic-sift-evidence-mhmhnwjl/mnt/vol0/Program Files/Uninstall Information/IE UserData
/tmp/agentic-sift-evidence-mhmhnwjl/mnt/vol0/Program Files/Uninstall Information/IE UserData/AINF0000
/tmp/agentic-sift-evidence-mhmhnwjl/mnt/vol0/Program Files/Uninstall Information/IE UserData/IE UserData.DAT
/tmp/agentic-sift-evidence-mhmhnwjl/mnt/vol0/Program Files/Uninstall Information/IE UserData/IE UserData.INI
/tmp/agentic-sift-evidence-mhmhnwjl/mnt/vol0/Program Files/Uninstall Information/IE.HKCUZoneInfo
/tmp/agentic-sift-evidence-mhmhnwjl/mnt/vol0/Program Files/Uninstall Information/IE.HKCUZoneInfo/AINF0000
/tmp/agentic-sift-evidence-mhmhnwjl/mnt/vol0/Program Files/Uninstall Information/IE.HKLMZoneInfo
/tmp/agentic-sift-evidence-mhmhnwjl/mnt/vol0/Program Files/Uninstall Information/IE.HKLMZoneInfo/AINF0000
/tmp/agentic-sift-evidence-mhmhnwjl/mnt/vol0/Program Files/Uninstall Information/IE40.Assoc
/tmp/agentic-sift-evidence-mhmhnwjl/mnt/vol0/Program Files/Uninstall Information/IE40.Assoc/AINF0000
/tmp/agentic-sift-evidence-mhmhnwjl/mnt/vol0/Program Files/Uninstall Information/IE40.Browser
/tmp/agentic-sift-evidence-mhmhnwjl/mnt/vol0/Program Files/Uninstall Information/IE40.Browser/AINF0000
/tmp/agentic-sift-evidence-mhmhnwjl/mnt/vol0/Program Files/Uninstall Information/IE40.BrowseUI
/tmp/agentic-sift-evidence-mhmhnwjl/mnt/vol0/Program Files/Uninstall Information/IE40.BrowseUI/AINF0000
/tmp/agentic-sift-evidence-mhmhnwjl/mnt/vol0/Program Files/Uninstall Information/IE40.Comctl32
/tmp/agentic-sift-evidence-mhmhnwjl/mnt/vol0/Program Files/Uninstall Information/IE40.Comctl32/AINF0000
/tmp/agentic-sift-evidence-mhmhnwjl/mnt/vol0/Program Files/Uninstall Information/IE40.Controls
/tmp/agentic-sift-evidence-mhmhnwjl/mnt/vol0/Program Files/Uninstall Information/IE40.Controls/AINF0000
/tmp/agentic-sift-evidence-mhmhnwjl/mnt/vol0/Program Files/Uninstall Information/IE40.Shdoc401
/tmp/agentic-sift-evidence-mhmhnwjl/mnt/vol0/Program Files/Uninstall Information/IE40.Shdoc401/AINF0000
/tmp/agentic-sift-evidence-mhmhnwjl/mnt/vol0/Program Files/Uninstall Information/IE40.Shell
/tmp/agentic-sift-evidence-mhmhnwjl/mnt/vol0/Program Files/Uninstall Information/IE40.Shell/AINF0000
/tmp/agentic-sift-evidence-mhmhnwjl/mnt/vol0/Program Files/Uninstall Information/IE40.Shell32
/tmp/agentic-sift-evidence-mhmhnwjl/mnt/vol0/Program Files/Uninstall Information/IE40.Shell32/AINF0000
/tmp/agentic-sift-evidence-mhmhnwjl/mnt/vol0/Program Files/Uninstall Information/IE40.UserAgent
/tmp/agentic-sift-evidence-mhmhnwjl/mnt/vol0/Program Files/Uninstall Information/IE40.UserAgent/AINF0000
/tmp/agentic-sift-evidence-mhmhnwjl/mnt/vol0/Program Files/Uninstall Information/IE4Shell95UserData
/tmp/agentic-sift-evidence-mhmhnwjl/mnt/vol0/Program Files/Uninstall Information/IE4Shell95UserData/AINF0000
/tmp/agentic-sift-evidence-mhmhnwjl/mnt/vol0/Program Files/Uninstall Information/IE4Shell95UserData/IE4Shell95UserData.DAT
/tmp/agentic-sift-evidence-mhmhnwjl/mnt/vol0/Program Files/Uninstall Information/IE4Shell95UserData/IE4Shell95UserData.INI
/tmp/agentic-sift-evidence-mhmhnwjl/mnt/vol0/Program Files/Uninstall Information/IEContentAdvisor.Assoc
/tmp/agentic-sift-evidence-mhmhnwjl/mnt/vol0/Program Files/Uninstall Information/IEContentAdvisor.Assoc/AINF0000
/tmp/agentic-sift-evidence-mhmhnwjl/mnt/vol0/Program Files/Uninstall Information/mshtml.DllReg
/tmp/agentic-sift-evidence-mhmhnwjl/mnt/vol0/Program Files/Uninstall Information/mshtml.DllReg/AINF0000
/tmp/agentic-sift-evidence-mhmhnwjl/mnt/vol0/Program Files/Uninstall Information/mshtml.Install
/tmp/agentic-sift-evidence-mhmhnwjl/mnt/vol0/Program Files/Uninstall Information/mshtml.Install/AINF0000
/tmp/agentic-sift-evidence-mhmhnwjl/mnt/vol0/Program Files/Uninstall Information/MSIEFTP
/tmp/agentic-sift-evidence-mhmhnwjl/mnt/vol0/Program Files/Uninstall Information/MSIEFTP/AINF0000
/tmp/agentic-sift-evidence-mhmhnwjl/mnt/vol0/Program Files/Whois
/tmp/agentic-sift-evidence-mhmhnwjl/mnt/vol0/Program Files/Whois/servers.dat
/tmp/agentic-sift-evidence-mhmhnwjl/mnt/vol0/Program Files/Whois/whois.dat
/tmp/agentic-sift-evidence-mhmhnwjl/mnt/vol0/Program Files/Whois/whois.exe
/tmp/agentic-sift-evidence-mhmhnwjl/mnt/vol0/Program Files/Whois/whois.txt
/tmp/agentic-sift-evidence-mhmhnwjl/mnt/vol0/Program Files/Whois/whoisi.exe
/tmp/agentic-sift-evidence-mhmhnwjl/mnt/vol0/Program Files/Whois/whoisu.exe
/tmp/agentic-sift-evidence-mhmhnwjl/mnt/vol0/Program Files/Windows Media Player
/tmp/agentic-sift-evidence-mhmhnwjl/mnt/vol0/Program Files/Windows Media Player/dlimport.exe
/tmp/agentic-sift-evidence-mhmhnwjl/mnt/vol0/Program Files/Windows Media Player/mplayer2.exe
/tmp/agentic-sift-evidence-mhmhnwjl/mnt/vol0/Program Files/Windows Media Player/music.bmp
/tmp/agentic-sift-evidence-mhmhnwjl/mnt/vol0/Program Files/Windows Media Player/npdrmv2.dll
/tmp/agentic-sift-evidence-mhmhnwjl/mnt/vol0/Program Files/Windows Media Player/npdrmv2.zip
/tmp/agentic-sift-evidence-mhmhnwjl/mnt/vol0/Program Files/Windows Media Player/npds.zip
/tmp/agentic-sift-evidence-mhmhnwjl/mnt/vol0/Program Files/Windows Media Player/npdsplay.dll
/tmp/agentic-sift-evidence-mhmhnwjl/mnt/vol0/Program Files/Windows Media Player/npwmsdrm.dll
/tmp/agentic-sift-evidence-mhmhnwjl/mnt/vol0/Program Files/Windows Media Player/setup_wm.exe
/tmp/agentic-sift-evidence-mhmhnwjl/mnt/vol0/Program Files/Windows Media Player/Skins
/tmp/agentic-sift-evidence-mhmhnwjl/mnt/vol0/Program Files/Windows Media Player/Skins/Atomic.wmz
/tmp/agentic-sift-evidence-mhmhnwjl/mnt/vol0/Program Files/Windows Media Player/Skins/Bluesky.wmz
/tmp/agentic-sift-evidence-mhmhnwjl/mnt/vol0/Program Files/Windows Media Player/Skins/Canvas.wmz
/tmp/agentic-sift-evidence-mhmhnwjl/mnt/vol0/Program Files/Windows Media Player/Skins/Classic.wmz
/tmp/agentic-sift-evidence-mhmhnwjl/mnt/vol0/Program Files/Windows Media Player/Skins/Compact.wmz
/tmp/agentic-sift-evidence-mhmhnwjl/mnt/vol0/Program Files/Windows Media Player/Skins/goo.wmz
/tmp/agentic-sift-evidence-mhmhnwjl/mnt/vol0/Program Files/Windows Media Player/Skins/Headspace.wmz
/tmp/agentic-sift-evidence-mhmhnwjl/mnt/vol0/Program Files/Windows Media Player/Skins/heart.wmz
/tmp/agentic-sift-evidence-mhmhnwjl/mnt/vol0/Program Files/Windows Media Player/Skins/iconic.wmz
/tmp/agentic-sift-evidence-mhmhnwjl/mnt/vol0/Program Files/Windows Media Player/Skins/Miniplayer.wmz
/tmp/agentic-sift-evidence-mhmhnwjl/mnt/vol0/Program Files/Windows Media Player/Skins/Optik.wmz
/tmp/agentic-sift-evidence-mhmhnwjl/mnt/vol0/Program Files/Windows Media Player/Skins/pyrite.wmz
/tmp/agentic-sift-evidence-mhmhnwjl/mnt/vol0/Program Files/Windows Media Player/Skins/Radio.wmz
/tmp/agentic-sift-evidence-mhmhnwjl/mnt/vol0/Program Files/Windows Media Player/Skins/Roundlet.wmz
/tmp/agentic-sift-evidence-mhmhnwjl/mnt/vol0/Program Files/Windows Media Player/Skins/Rusty.wmz
/tmp/agentic-sift-evidence-mhmhnwjl/mnt/vol0/Program Files/Windows Media Player/Skins/splat.wmz
/tmp/agentic-sift-evidence-mhmhnwjl/mnt/vol0/Program Files/Windows Media Player/Skins/Toothy.wmz
/tmp/agentic-sift-evidence-mhmhnwjl/mnt/vol0/Program Files/Windows Media Player/Skins/Windows Classic.wmz
/tmp/agentic-sift-evidence-mhmhnwjl/mnt/vol0/Program Files/Windows Media Player/Skins/Windows XP.wmz
/tmp/agentic-sift-evidence-mhmhnwjl/mnt/vol0/Program Files/Windows Media Player/Visualizations
/tmp/agentic-sift-evidence-mhmhnwjl/mnt/vol0/Program Files/Windows Media Player/wmplayer.exe
/tmp/agentic-sift-evidence-mhmhnwjl/mnt/vol0/Program Files/Windows Media Player/wmpvis.dll
/tmp/agentic-sift-evidence-mhmhnwjl/mnt/vol0/Program Files/Windows NT
/tmp/agentic-sift-evidence-mhmhnwjl/mnt/vol0/Program Files/Windows NT/Accessories
/tmp/agentic-sift-evidence-mhmhnwjl/mnt/vol0/Program Files/Windows NT/Accessories/wordpad.exe
/tmp/agentic-sift-evidence-mhmhnwjl/mnt/vol0/Program Files/Windows NT/dialer.exe
/tmp/agentic-sift-evidence-mhmhnwjl/mnt/vol0/Program Files/Windows NT/htrn_jis.dll
/tmp/agentic-sift-evidence-mhmhnwjl/mnt/vol0/Program Files/Windows NT/hypertrm.exe
/tmp/agentic-sift-evidence-mhmhnwjl/mnt/vol0/Program Files/Windows NT/Pinball
/tmp/agentic-sift-evidence-mhmhnwjl/mnt/vol0/Program Files/Windows NT/Pinball/SOUND18.WAV
/tmp/agentic-sift-evidence-mhmhnwjl/mnt/vol0/Program Files/Windows NT/Pinball/SOUND38.WAV
/tmp/agentic-sift-evidence-mhmhnwjl/mnt/vol0/Program Files/Windows NT/Pinball/FONT.DAT
/tmp/agentic-sift-evidence-mhmhnwjl/mnt/vol0/Program Files/Windows NT/Pinball/PINBALL.DAT
/tmp/agentic-sift-evidence-mhmhnwjl/mnt/vol0/Program Files/Windows NT/Pinball/PINBALL.EXE
/tmp/agentic-sift-evidence-mhmhnwjl/mnt/vol0/Program Files/Windows NT/Pinball/PINBALL.MID
/tmp/agentic-sift-evidence-mhmhnwjl/mnt/vol0/Program Files/Windows NT/Pinball/PINBALL2.MID
/tmp/agentic-sift-evidence-mhmhnwjl/mnt/vol0/Program Files/Windows NT/Pinball/SOUND1.WAV
/tmp/agentic-sift-evidence-mhmhnwjl/mnt/vol0/Program Files/Windows NT/Pinball/SOUND104.WAV
/tmp/agentic-sift-evidence-mhmhnwjl/mnt/vol0/Program Files/Windows NT/Pinball/SOUND105.WAV
/tmp/agentic-sift-evidence-mhmhnwjl/mnt/vol0/Program Files/Windows NT/Pinball/SOUND108.WAV
/tmp/agentic-sift-evidence-mhmhnwjl/mnt/vol0/Program Files/Windows NT/Pinball/SOUND111.WAV
/tmp/agentic-sift-evidence-mhmhnwjl/mnt/vol0/Program Files/Windows NT/Pinball/SOUND112.WAV
/tmp/agentic-sift-evidence-mhmhnwjl/mnt/vol0/Program Files/Windows NT/Pinball/SOUND12.WAV
/tmp/agentic-sift-evidence-mhmhnwjl/mnt/vol0/Program Files/Windows NT/Pinball/SOUND13.WAV
/tmp/agentic-sift-evidence-mhmhnwjl/mnt/vol0/Program Files/Windows NT/Pinball/SOUND131.WAV
/tmp/agentic-sift-evidence-mhmhnwjl/mnt/vol0/Program Files/Windows NT/Pinball/SOUND136.WAV
/tmp/agentic-sift-evidence-mhmhnwjl/mnt/vol0/Program Files/Windows NT/Pinball/SOUND14.WAV
/tmp/agentic-sift-evidence-mhmhnwjl/mnt/vol0/Program Files/Windows NT/Pinball/SOUND16.WAV
/tmp/agentic-sift-evidence-mhmhnwjl/mnt/vol0/Program Files/Windows NT/Pinball/SOUND17.WAV
/tmp/agentic-sift-evidence-mhmhnwjl/mnt/vol0/Program Files/Windows NT/Pinball/SOUND181.WAV
/tmp/agentic-sift-evidence-mhmhnwjl/mnt/vol0/Program Files/Windows NT/Pinball/SOUND19.WAV
/tmp/agentic-sift-evidence-mhmhnwjl/mnt/vol0/Program Files/Windows NT/Pinball/SOUND20.WAV
/tmp/agentic-sift-evidence-mhmhnwjl/mnt/vol0/Program Files/Windows NT/Pinball/SOUND21.WAV
/tmp/agentic-sift-evidence-mhmhnwjl/mnt/vol0/Program Files/Windows NT/Pinball/SOUND22.WAV
/tmp/agentic-sift-evidence-mhmhnwjl/mnt/vol0/Program Files/Windows NT/Pinball/SOUND24.WAV
/tmp/agentic-sift-evidence-mhmhnwjl/mnt/vol0/Program Files/Windows NT/Pinball/SOUND240.WAV
/tmp/agentic-sift-evidence-mhmhnwjl/mnt/vol0/Program Files/Windows NT/Pinball/SOUND243.WAV
/tmp/agentic-sift-evidence-mhmhnwjl/mnt/vol0/Program Files/Windows NT/Pinball/SOUND25.WAV
/tmp/agentic-sift-evidence-mhmhnwjl/mnt/vol0/Program Files/Windows NT/Pinball/SOUND26.WAV
/tmp/agentic-sift-evidence-mhmhnwjl/mnt/vol0/Program Files/Windows NT/Pinball/SOUND27.WAV
/tmp/agentic-sift-evidence-mhmhnwjl/mnt/vol0/Program Files/Windows NT/Pinball/SOUND28.WAV
/tmp/agentic-sift-evidence-mhmhnwjl/mnt/vol0/Program Files/Windows NT/Pinball/SOUND29.WAV
/tmp/agentic-sift-evidence-mhmhnwjl/mnt/vol0/Program Files/Windows NT/Pinball/SOUND3.WAV
/tmp/agentic-sift-evidence-mhmhnwjl/mnt/vol0/Program Files/Windows NT/Pinball/SOUND30.WAV
/tmp/agentic-sift-evidence-mhmhnwjl/mnt/vol0/Program Files/Windows NT/Pinball/SOUND34.WAV
/tmp/agentic-sift-evidence-mhmhnwjl/mnt/vol0/Program Files/Windows NT/Pinball/SOUND35.WAV
/tmp/agentic-sift-evidence-mhmhnwjl/mnt/vol0/Program Files/Windows NT/Pinball/SOUND36.WAV
/tmp/agentic-sift-evidence-mhmhnwjl/mnt/vol0/Program Files/Windows NT/Pinball/SOUND39.WAV
/tmp/agentic-sift-evidence-mhmhnwjl/mnt/vol0/Program Files/Windows NT/Pinball/SOUND4.WAV
/tmp/agentic-sift-evidence-mhmhnwjl/mnt/vol0/Program Files/Windows NT/Pinball/SOUND42.WAV
/tmp/agentic-sift-evidence-mhmhnwjl/mnt/vol0/Program Files/Windows NT/Pinball/SOUND43.WAV
/tmp/agentic-sift-evidence-mhmhnwjl/mnt/vol0/Program Files/Windows NT/Pinball/SOUND45.WAV
/tmp/agentic-sift-evidence-mhmhnwjl/mnt/vol0/Program Files/Windows NT/Pinball/SOUND49.WAV
/tmp/agentic-sift-evidence-mhmhnwjl/mnt/vol0/Program Files/Windows NT/Pinball/SOUND49D.WAV
/tmp/agentic-sift-evidence-mhmhnwjl/mnt/vol0/Program Files/Windows NT/Pinball/SOUND5.WAV
/tmp/agentic-sift-evidence-mhmhnwjl/mnt/vol0/Program Files/Windows NT/Pinball/SOUND50.WAV
/tmp/agentic-sift-evidence-mhmhnwjl/mnt/vol0/Program Files/Windows NT/Pinball/SOUND528.WAV
/tmp/agentic-sift-evidence-mhmhnwjl/mnt/vol0/Program Files/Windows NT/Pinball/SOUND53.WAV
/tmp/agentic-sift-evidence-mhmhnwjl/mnt/vol0/Program Files/Windows NT/Pinball/SOUND54.WAV
/tmp/agentic-sift-evidence-mhmhnwjl/mnt/vol0/Program Files/Windows NT/Pinball/SOUND55.WAV
/tmp/agentic-sift-evidence-mhmhnwjl/mnt/vol0/Program Files/Windows NT/Pinball/SOUND560.WAV
/tmp/agentic-sift-evidence-mhmhnwjl/mnt/vol0/Program Files/Windows NT/Pinball/SOUND563.WAV
/tmp/agentic-sift-evidence-mhmhnwjl/mnt/vol0/Program Files/Windows NT/Pinball/SOUND57.WAV
/tmp/agentic-sift-evidence-mhmhnwjl/mnt/vol0/Program Files/Windows NT/Pinball/SOUND58.WAV
/tmp/agentic-sift-evidence-mhmhnwjl/mnt/vol0/Program Files/Windows NT/Pinball/SOUND6.WAV
/tmp/agentic-sift-evidence-mhmhnwjl/mnt/vol0/Program Files/Windows NT/Pinball/SOUND65.WAV
/tmp/agentic-sift-evidence-mhmhnwjl/mnt/vol0/Program Files/Windows NT/Pinball/SOUND68.WAV
/tmp/agentic-sift-evidence-mhmhnwjl/mnt/vol0/Program Files/Windows NT/Pinball/SOUND7.WAV
/tmp/agentic-sift-evidence-mhmhnwjl/mnt/vol0/Program Files/Windows NT/Pinball/SOUND713.WAV
/tmp/agentic-sift-evidence-mhmhnwjl/mnt/vol0/Program Files/Windows NT/Pinball/SOUND735.WAV
/tmp/agentic-sift-evidence-mhmhnwjl/mnt/vol0/Program Files/Windows NT/Pinball/SOUND8.WAV
/tmp/agentic-sift-evidence-mhmhnwjl/mnt/vol0/Program Files/Windows NT/Pinball/SOUND827.WAV
/tmp/agentic-sift-evidence-mhmhnwjl/mnt/vol0/Program Files/Windows NT/Pinball/SOUND9.WAV
/tmp/agentic-sift-evidence-mhmhnwjl/mnt/vol0/Program Files/Windows NT/Pinball/SOUND999.WAV
/tmp/agentic-sift-evidence-mhmhnwjl/mnt/vol0/Program Files/Windows NT/Pinball/table.bmp
/tmp/agentic-sift-evidence-mhmhnwjl/mnt/vol0/Program Files/Windows NT/Pinball/wavemix.inf
/tmp/agentic-sift-evidence-mhmhnwjl/mnt/vol0/Program Files/WindowsUpdate
/tmp/agentic-sift-evidence-mhmhnwjl/mnt/vol0/Program Files/WindowsUpdate/pingstatus.dat
/tmp/agentic-sift-evidence-mhmhnwjl/mnt/vol0/Program Files/WinPcap
/tmp/agentic-sift-evidence-mhmhnwjl/mnt/vol0/Program Files/WinPcap/daemon_mgm.exe
/tmp/agentic-sift-evidence-mhmhnwjl/mnt/vol0/Program Files/WinPcap/INSTALL.LOG
/tmp/agentic-sift-evidence-mhmhnwjl/mnt/vol0/Program Files/WinPcap/npf_mgm.exe
/tmp/agentic-sift-evidence-mhmhnwjl/mnt/vol0/Program Files/WinPcap/rpcapd.exe
/tmp/agentic-sift-evidence-mhmhnwjl/mnt/vol0/Program Files/WinPcap/Uninstall.exe
/tmp/agentic-sift-evidence-mhmhnwjl/mnt/vol0/Program Files/xerox
/tmp/agentic-sift-evidence-mhmhnwjl/mnt/vol0/Program Files/xerox/nwwia
