/tmp/agentic-sift-evidence-mhmhnwjl/mnt/vol0/My Documents/ARCHIVE/Arj/AGENTS.TXT
/tmp/agentic-sift-evidence-mhmhnwjl/mnt/vol0/My Documents/ARCHIVE/Arj/ARJ.EXE
/tmp/agentic-sift-evidence-mhmhnwjl/mnt/vol0/My Documents/ARCHIVE/Arj/ARJ.TXT
/tmp/agentic-sift-evidence-mhmhnwjl/mnt/vol0/My Documents/ARCHIVE/Arj/ARJBACK.BAT
/tmp/agentic-sift-evidence-mhmhnwjl/mnt/vol0/My Documents/ARCHIVE/Arj/ARJINCR.BAT
/tmp/agentic-sift-evidence-mhmhnwjl/mnt/vol0/My Documents/ARCHIVE/Arj/ARJREST.BAT
/tmp/agentic-sift-evidence-mhmhnwjl/mnt/vol0/My Documents/ARCHIVE/Arj/ARJSORT.BAT
/tmp/agentic-sift-evidence-mhmhnwjl/mnt/vol0/My Documents/ARCHIVE/Arj/ARJSORT.COM
/tmp/agentic-sift-evidence-mhmhnwjl/mnt/vol0/My Documents/ARCHIVE/Arj/ARJSORT.TXT
/tmp/agentic-sift-evidence-mhmhnwjl/mnt/vol0/My Documents/ARCHIVE/Arj/ARJTEST.EXE
/tmp/agentic-sift-evidence-mhmhnwjl/mnt/vol0/My Documents/ARCHIVE/Arj/ARJ_BBS.TXT
/tmp/agentic-sift-evidence-mhmhnwjl/mnt/vol0/My Documents/ARCHIVE/Arj/CREDIT.TXT
/tmp/agentic-sift-evidence-mhmhnwjl/mnt/vol0/My Documents/ARCHIVE/Arj/DEARJ.EXE
/tmp/agentic-sift-evidence-mhmhnwjl/mnt/vol0/My Documents/ARCHIVE/Arj/ERRORS.TXT
/tmp/agentic-sift-evidence-mhmhnwjl/mnt/vol0/My Documents/ARCHIVE/Arj/FILE_ID.DIZ
/tmp/agentic-sift-evidence-mhmhnwjl/mnt/vol0/My Documents/ARCHIVE/Arj/INTRO.TXT
/tmp/agentic-sift-evidence-mhmhnwjl/mnt/vol0/My Documents/ARCHIVE/Arj/LICENSE.TXT
/tmp/agentic-sift-evidence-mhmhnwjl/mnt/vol0/My Documents/ARCHIVE/Arj/ORDERFRM.TXT
/tmp/agentic-sift-evidence-mhmhnwjl/mnt/vol0/My Documents/ARCHIVE/Arj/PUBKEY.TXT
/tmp/agentic-sift-evidence-mhmhnwjl/mnt/vol0/My Documents/ARCHIVE/Arj/README.TXT
/tmp/agentic-sift-evidence-mhmhnwjl/mnt/vol0/My Documents/ARCHIVE/Arj/REARJ.CFG
/tmp/agentic-sift-evidence-mhmhnwjl/mnt/vol0/My Documents/ARCHIVE/Arj/REARJ.EXE
/tmp/agentic-sift-evidence-mhmhnwjl/mnt/vol0/My Documents/ARCHIVE/Arj/REARJ.TXT
/tmp/agentic-sift-evidence-mhmhnwjl/mnt/vol0/My Documents/ARCHIVE/Arj/REARJALL.BAT
/tmp/agentic-sift-evidence-mhmhnwjl/mnt/vol0/My Documents/ARCHIVE/Arj/REGISTER.EXE
/tmp/agentic-sift-evidence-mhmhnwjl/mnt/vol0/My Documents/ARCHIVE/Arj/REGISTER.TXT
/tmp/agentic-sift-evidence-mhmhnwjl/mnt/vol0/My Documents/ARCHIVE/Arj/SFX.TXT
/tmp/agentic-sift-evidence-mhmhnwjl/mnt/vol0/My Documents/ARCHIVE/Arj/SYSOP.TXT
/tmp/agentic-sift-evidence-mhmhnwjl/mnt/vol0/My Documents/ARCHIVE/Arj/TECHNOTE.TXT
/tmp/agentic-sift-evidence-mhmhnwjl/mnt/vol0/My Documents/ARCHIVE/Arj/TESTARJ.BAT
/tmp/agentic-sift-evidence-mhmhnwjl/mnt/vol0/My Documents/ARCHIVE/Arj/UPD260.TXT
/tmp/agentic-sift-evidence-mhmhnwjl/mnt/vol0/My Documents/ARCHIVE/Arj/UPDATE.TXT
/tmp/agentic-sift-evidence-mhmhnwjl/mnt/vol0/My Documents/ARCHIVE/Arj/WHATSNEW.TXT
/tmp/agentic-sift-evidence-mhmhnwjl/mnt/vol0/My Documents/ARCHIVE/Arj/WHY_ARJ.TXT
/tmp/agentic-sift-evidence-mhmhnwjl/mnt/vol0/My Documents/ARCHIVE/Arj/YEAR2000.TXT
/tmp/agentic-sift-evidence-mhmhnwjl/mnt/vol0/My Documents/ARCHIVE/arj275a.exe
/tmp/agentic-sift-evidence-mhmhnwjl/mnt/vol0/My Documents/ARCHIVE/pkz204g.exe
/tmp/agentic-sift-evidence-mhmhnwjl/mnt/vol0/My Documents/ARCHIVE/Pkzip/ADDENDUM.DOC
/tmp/agentic-sift-evidence-mhmhnwjl/mnt/vol0/My Documents/ARCHIVE/Pkzip/AUTHVERI.FRM
/tmp/agentic-sift-evidence-mhmhnwjl/mnt/vol0/My Documents/ARCHIVE/Pkzip/HINTS.TXT
/tmp/agentic-sift-evidence-mhmhnwjl/mnt/vol0/My Documents/ARCHIVE/Pkzip/LICENSE.DOC
/tmp/agentic-sift-evidence-mhmhnwjl/mnt/vol0/My Documents/ARCHIVE/Pkzip/MANUAL.DOC
/tmp/agentic-sift-evidence-mhmhnwjl/mnt/vol0/My Documents/ARCHIVE/Pkzip/OMBUDSMN.ASP
/tmp/agentic-sift-evidence-mhmhnwjl/mnt/vol0/My Documents/ARCHIVE/Pkzip/ORDER.DOC
/tmp/agentic-sift-evidence-mhmhnwjl/mnt/vol0/My Documents/ARCHIVE/Pkzip/PKUNZIP.EXE
/tmp/agentic-sift-evidence-mhmhnwjl/mnt/vol0/My Documents/ARCHIVE/Pkzip/PKUNZJR.COM
/tmp/agentic-sift-evidence-mhmhnwjl/mnt/vol0/My Documents/ARCHIVE/Pkzip/PKZIP.EXE
/tmp/agentic-sift-evidence-mhmhnwjl/mnt/vol0/My Documents/ARCHIVE/Pkzip/PKZIPFIX.EXE
/tmp/agentic-sift-evidence-mhmhnwjl/mnt/vol0/My Documents/ARCHIVE/Pkzip/README.DOC
/tmp/agentic-sift-evidence-mhmhnwjl/mnt/vol0/My Documents/ARCHIVE/Pkzip/SHAREWAR.DOC
/tmp/agentic-sift-evidence-mhmhnwjl/mnt/vol0/My Documents/ARCHIVE/Pkzip/V204G.NEW
/tmp/agentic-sift-evidence-mhmhnwjl/mnt/vol0/My Documents/ARCHIVE/Pkzip/WHATSNEW.204
/tmp/agentic-sift-evidence-mhmhnwjl/mnt/vol0/My Documents/ARCHIVE/Pkzip/ZIP2EXE.EXE
/tmp/agentic-sift-evidence-mhmhnwjl/mnt/vol0/My Documents/COMMANDS/ncreadme.txt
/tmp/agentic-sift-evidence-mhmhnwjl/mnt/vol0/My Documents/COMMANDS/CMD.EXE
/tmp/agentic-sift-evidence-mhmhnwjl/mnt/vol0/My Documents/COMMANDS/crack.exe
/tmp/agentic-sift-evidence-mhmhnwjl/mnt/vol0/My Documents/COMMANDS/cygwin1.dll
/tmp/agentic-sift-evidence-mhmhnwjl/mnt/vol0/My Documents/COMMANDS/cygwinb19.dll
/tmp/agentic-sift-evidence-mhmhnwjl/mnt/vol0/My Documents/COMMANDS/ELDUMP.EXE
/tmp/agentic-sift-evidence-mhmhnwjl/mnt/vol0/My Documents/COMMANDS/ELSAVCLR.EXE
/tmp/agentic-sift-evidence-mhmhnwjl/mnt/vol0/My Documents/COMMANDS/ELSAVE.EXE
/tmp/agentic-sift-evidence-mhmhnwjl/mnt/vol0/My Documents/COMMANDS/enum.exe
/tmp/agentic-sift-evidence-mhmhnwjl/mnt/vol0/My Documents/COMMANDS/epdump.exe
/tmp/agentic-sift-evidence-mhmhnwjl/mnt/vol0/My Documents/COMMANDS/epdump.txt
/tmp/agentic-sift-evidence-mhmhnwjl/mnt/vol0/My Documents/COMMANDS/getpolicy.exe
/tmp/agentic-sift-evidence-mhmhnwjl/mnt/vol0/My Documents/COMMANDS/GrindUI.exe
/tmp/agentic-sift-evidence-mhmhnwjl/mnt/vol0/My Documents/COMMANDS/gsd.exe
/tmp/agentic-sift-evidence-mhmhnwjl/mnt/vol0/My Documents/COMMANDS/NAT.EXE
/tmp/agentic-sift-evidence-mhmhnwjl/mnt/vol0/My Documents/COMMANDS/nbtdump.exe
/tmp/agentic-sift-evidence-mhmhnwjl/mnt/vol0/My Documents/COMMANDS/nbtscan.exe
/tmp/agentic-sift-evidence-mhmhnwjl/mnt/vol0/My Documents/COMMANDS/nc.exe
/tmp/agentic-sift-evidence-mhmhnwjl/mnt/vol0/My Documents/COMMANDS/NETVIEWX.EXE
/tmp/agentic-sift-evidence-mhmhnwjl/mnt/vol0/My Documents/COMMANDS/nmapNT.exe
/tmp/agentic-sift-evidence-mhmhnwjl/mnt/vol0/My Documents/COMMANDS/NTpasslist.txt
/tmp/agentic-sift-evidence-mhmhnwjl/mnt/vol0/My Documents/COMMANDS/NTuserlist.txt
/tmp/agentic-sift-evidence-mhmhnwjl/mnt/vol0/My Documents/COMMANDS/PASSLIST.TXT
/tmp/agentic-sift-evidence-mhmhnwjl/mnt/vol0/My Documents/COMMANDS/pwdump.exe
/tmp/agentic-sift-evidence-mhmhnwjl/mnt/vol0/My Documents/COMMANDS/pwdump2.exe
/tmp/agentic-sift-evidence-mhmhnwjl/mnt/vol0/My Documents/COMMANDS/README
/tmp/agentic-sift-evidence-mhmhnwjl/mnt/vol0/My Documents/COMMANDS/readme.txt
/tmp/agentic-sift-evidence-mhmhnwjl/mnt/vol0/My Documents/COMMANDS/SAMDUMP.EXE
/tmp/agentic-sift-evidence-mhmhnwjl/mnt/vol0/My Documents/COMMANDS/setowner.exe
/tmp/agentic-sift-evidence-mhmhnwjl/mnt/vol0/My Documents/COMMANDS/sid2user.exe
/tmp/agentic-sift-evidence-mhmhnwjl/mnt/vol0/My Documents/COMMANDS/smbgrind.exe
/tmp/agentic-sift-evidence-mhmhnwjl/mnt/vol0/My Documents/COMMANDS/snitch.exe
/tmp/agentic-sift-evidence-mhmhnwjl/mnt/vol0/My Documents/COMMANDS/SRVBOOT.BAT
/tmp/agentic-sift-evidence-mhmhnwjl/mnt/vol0/My Documents/COMMANDS/STREAMFIND.EXE
/tmp/agentic-sift-evidence-mhmhnwjl/mnt/vol0/My Documents/COMMANDS/user2sid.exe
/tmp/agentic-sift-evidence-mhmhnwjl/mnt/vol0/My Documents/COMMANDS/USERLIST.TXT
/tmp/agentic-sift-evidence-mhmhnwjl/mnt/vol0/My Documents/COMMANDS/USERSES.BAT
/tmp/agentic-sift-evidence-mhmhnwjl/mnt/vol0/My Documents/COMMANDS/webscan.exe
/tmp/agentic-sift-evidence-mhmhnwjl/mnt/vol0/My Documents/COMMANDS/winfo.exe
/tmp/agentic-sift-evidence-mhmhnwjl/mnt/vol0/My Documents/COMMANDS/WSSES.BAT
/tmp/agentic-sift-evidence-mhmhnwjl/mnt/vol0/My Documents/desktop.ini
/tmp/agentic-sift-evidence-mhmhnwjl/mnt/vol0/My Documents/DICTIONARIES/250MB_WORDLIST.ZIP
/tmp/agentic-sift-evidence-mhmhnwjl/mnt/vol0/My Documents/DICTIONARIES/biglist_990218.zip
/tmp/agentic-sift-evidence-mhmhnwjl/mnt/vol0/My Documents/DICTIONARIES/pocket-dic.gz
/tmp/agentic-sift-evidence-mhmhnwjl/mnt/vol0/My Documents/DICTIONARIES/test.zip
/tmp/agentic-sift-evidence-mhmhnwjl/mnt/vol0/My Documents/DICTIONARIES/Unix_dict.gz
/tmp/agentic-sift-evidence-mhmhnwjl/mnt/vol0/My Documents/DICTIONARIES/words-english.gz
/tmp/agentic-sift-evidence-mhmhnwjl/mnt/vol0/My Documents/ENUMERATION/NT/Cerberus/cis.exe
/tmp/agentic-sift-evidence-mhmhnwjl/mnt/vol0/My Documents/ENUMERATION/NT/Cerberus/dnsscan.dll
/tmp/agentic-sift-evidence-mhmhnwjl/mnt/vol0/My Documents/ENUMERATION/NT/Cerberus/fingerscan.dll
/tmp/agentic-sift-evidence-mhmhnwjl/mnt/vol0/My Documents/ENUMERATION/NT/Cerberus/ftpscan.dll
/tmp/agentic-sift-evidence-mhmhnwjl/mnt/vol0/My Documents/ENUMERATION/NT/Cerberus/nbtscan.dll
/tmp/agentic-sift-evidence-mhmhnwjl/mnt/vol0/My Documents/ENUMERATION/NT/Cerberus/ntregscan.dll
/tmp/agentic-sift-evidence-mhmhnwjl/mnt/vol0/My Documents/ENUMERATION/NT/Cerberus/ntsvcscan.dll
/tmp/agentic-sift-evidence-mhmhnwjl/mnt/vol0/My Documents/ENUMERATION/NT/Cerberus/pop3scan.dll
/tmp/agentic-sift-evidence-mhmhnwjl/mnt/vol0/My Documents/ENUMERATION/NT/Cerberus/Reports/logo.jpg
/tmp/agentic-sift-evidence-mhmhnwjl/mnt/vol0/My Documents/ENUMERATION/NT/Cerberus/rpcscan.dll
/tmp/agentic-sift-evidence-mhmhnwjl/mnt/vol0/My Documents/ENUMERATION/NT/Cerberus/smtpscan.dll
/tmp/agentic-sift-evidence-mhmhnwjl/mnt/vol0/My Documents/ENUMERATION/NT/Cerberus/sqlntscan.dll
/tmp/agentic-sift-evidence-mhmhnwjl/mnt/vol0/My Documents/ENUMERATION/NT/Cerberus/webscan.dll
/tmp/agentic-sift-evidence-mhmhnwjl/mnt/vol0/My Documents/ENUMERATION/NT/Cerberus/wwwbrwchk.dll
/tmp/agentic-sift-evidence-mhmhnwjl/mnt/vol0/My Documents/ENUMERATION/NT/Cerberus Internet Scanner/CIS-5.0.02.zip
/tmp/agentic-sift-evidence-mhmhnwjl/mnt/vol0/My Documents/ENUMERATION/NT/Cerberus Internet Scanner/files/cis.exe
/tmp/agentic-sift-evidence-mhmhnwjl/mnt/vol0/My Documents/ENUMERATION/NT/Cerberus Internet Scanner/files/dnsscan.dll
/tmp/agentic-sift-evidence-mhmhnwjl/mnt/vol0/My Documents/ENUMERATION/NT/Cerberus Internet Scanner/files/fingerscan.dll
/tmp/agentic-sift-evidence-mhmhnwjl/mnt/vol0/My Documents/ENUMERATION/NT/Cerberus Internet Scanner/files/ftpscan.dll
/tmp/agentic-sift-evidence-mhmhnwjl/mnt/vol0/My Documents/ENUMERATION/NT/Cerberus Internet Scanner/files/nbtscan.dll
/tmp/agentic-sift-evidence-mhmhnwjl/mnt/vol0/My Documents/ENUMERATION/NT/Cerberus Internet Scanner/files/ntregscan.dll
/tmp/agentic-sift-evidence-mhmhnwjl/mnt/vol0/My Documents/ENUMERATION/NT/Cerberus Internet Scanner/files/ntsvcscan.dll
/tmp/agentic-sift-evidence-mhmhnwjl/mnt/vol0/My Documents/ENUMERATION/NT/Cerberus Internet Scanner/files/pop3scan.dll
/tmp/agentic-sift-evidence-mhmhnwjl/mnt/vol0/My Documents/ENUMERATION/NT/Cerberus Internet Scanner/files/Reports/172.16.0.2.html
/tmp/agentic-sift-evidence-mhmhnwjl/mnt/vol0/My Documents/ENUMERATION/NT/Cerberus Internet Scanner/files/Reports/browser172.16.0.2.html
/tmp/agentic-sift-evidence-mhmhnwjl/mnt/vol0/My Documents/ENUMERATION/NT/Cerberus Internet Scanner/files/Reports/dns172.16.0.2.html
/tmp/agentic-sift-evidence-mhmhnwjl/mnt/vol0/My Documents/ENUMERATION/NT/Cerberus Internet Scanner/files/Reports/finger172.16.0.2.html
/tmp/agentic-sift-evidence-mhmhnwjl/mnt/vol0/My Documents/ENUMERATION/NT/Cerberus Internet Scanner/files/Reports/ftp172.16.0.2.html
/tmp/agentic-sift-evidence-mhmhnwjl/mnt/vol0/My Documents/ENUMERATION/NT/Cerberus Internet Scanner/files/Reports/logo.jpg
/tmp/agentic-sift-evidence-mhmhnwjl/mnt/vol0/My Documents/ENUMERATION/NT/Cerberus Internet Scanner/files/Reports/main172.16.0.2.html
/tmp/agentic-sift-evidence-mhmhnwjl/mnt/vol0/My Documents/ENUMERATION/NT/Cerberus Internet Scanner/files/Reports/nav172.16.0.2.html
/tmp/agentic-sift-evidence-mhmhnwjl/mnt/vol0/My Documents/ENUMERATION/NT/Cerberus Internet Scanner/files/Reports/nbt172.16.0.2.html
/tmp/agentic-sift-evidence-mhmhnwjl/mnt/vol0/My Documents/ENUMERATION/NT/Cerberus Internet Scanner/files/Reports/ntreg172.16.0.2.html
/tmp/agentic-sift-evidence-mhmhnwjl/mnt/vol0/My Documents/ENUMERATION/NT/Cerberus Internet Scanner/files/Reports/ntsvc172.16.0.2.html
/tmp/agentic-sift-evidence-mhmhnwjl/mnt/vol0/My Documents/ENUMERATION/NT/Cerberus Internet Scanner/files/Reports/pop3172.16.0.2.html
/tmp/agentic-sift-evidence-mhmhnwjl/mnt/vol0/My Documents/ENUMERATION/NT/Cerberus Internet Scanner/files/Reports/rpc172.16.0.2.html
/tmp/agentic-sift-evidence-mhmhnwjl/mnt/vol0/My Documents/ENUMERATION/NT/Cerberus Internet Scanner/files/Reports/smtp172.16.0.2.html
/tmp/agentic-sift-evidence-mhmhnwjl/mnt/vol0/My Documents/ENUMERATION/NT/Cerberus Internet Scanner/files/Reports/sqlnt172.16.0.2.html
/tmp/agentic-sift-evidence-mhmhnwjl/mnt/vol0/My Documents/ENUMERATION/NT/Cerberus Internet Scanner/files/Reports/web172.16.0.2.html
/tmp/agentic-sift-evidence-mhmhnwjl/mnt/vol0/My Documents/ENUMERATION/NT/Cerberus Internet Scanner/files/rpcscan.dll
/tmp/agentic-sift-evidence-mhmhnwjl/mnt/vol0/My Documents/ENUMERATION/NT/Cerberus Internet Scanner/files/smtpscan.dll
/tmp/agentic-sift-evidence-mhmhnwjl/mnt/vol0/My Documents/ENUMERATION/NT/Cerberus Internet Scanner/files/sqlntscan.dll
/tmp/agentic-sift-evidence-mhmhnwjl/mnt/vol0/My Documents/ENUMERATION/NT/Cerberus Internet Scanner/files/webscan.dll
/tmp/agentic-sift-evidence-mhmhnwjl/mnt/vol0/My Documents/ENUMERATION/NT/Cerberus Internet Scanner/files/wwwbrwchk.dll
/tmp/agentic-sift-evidence-mhmhnwjl/mnt/vol0/My Documents/ENUMERATION/NT/Cerberus Internet Scanner/ntinfoscan.htm
/tmp/agentic-sift-evidence-mhmhnwjl/mnt/vol0/My Documents/ENUMERATION/NT/Cerberus Internet Scanner/vulndb.txt
/tmp/agentic-sift-evidence-mhmhnwjl/mnt/vol0/My Documents/ENUMERATION/NT/Cerberus Webscan/webscan.exe
/tmp/agentic-sift-evidence-mhmhnwjl/mnt/vol0/My Documents/ENUMERATION/NT/CIS-5.0.02.zip
/tmp/agentic-sift-evidence-mhmhnwjl/mnt/vol0/My Documents/ENUMERATION/NT/DumpTools/dumpacl.zip
/tmp/agentic-sift-evidence-mhmhnwjl/mnt/vol0/My Documents/ENUMERATION/NT/DumpTools/Dumpevt/DUMPEVT.exe
/tmp/agentic-sift-evidence-mhmhnwjl/mnt/vol0/My Documents/ENUMERATION/NT/DumpTools/Dumpevt/Dumpevt.GID
/tmp/agentic-sift-evidence-mhmhnwjl/mnt/vol0/My Documents/ENUMERATION/NT/DumpTools/Dumpevt/Dumpevt.hlp
/tmp/agentic-sift-evidence-mhmhnwjl/mnt/vol0/My Documents/ENUMERATION/NT/DumpTools/Dumpevt/Dumpevt.ini
/tmp/agentic-sift-evidence-mhmhnwjl/mnt/vol0/My Documents/ENUMERATION/NT/DumpTools/Dumpevt/Dumpevt.mdb
/tmp/agentic-sift-evidence-mhmhnwjl/mnt/vol0/My Documents/ENUMERATION/NT/DumpTools/Dumpevt/Readme.txt
/tmp/agentic-sift-evidence-mhmhnwjl/mnt/vol0/My Documents/ENUMERATION/NT/DumpTools/dumpevt.zip
/tmp/agentic-sift-evidence-mhmhnwjl/mnt/vol0/My Documents/ENUMERATION/NT/DumpTools/Dumpreg/dumpreg.exe
/tmp/agentic-sift-evidence-mhmhnwjl/mnt/vol0/My Documents/ENUMERATION/NT/DumpTools/Dumpreg/Dumpreg.GID
/tmp/agentic-sift-evidence-mhmhnwjl/mnt/vol0/My Documents/ENUMERATION/NT/DumpTools/Dumpreg/Dumpreg.hlp
/tmp/agentic-sift-evidence-mhmhnwjl/mnt/vol0/My Documents/ENUMERATION/NT/DumpTools/Dumpreg/Readme.txt
/tmp/agentic-sift-evidence-mhmhnwjl/mnt/vol0/My Documents/ENUMERATION/NT/DumpTools/dumpreg.zip
/tmp/agentic-sift-evidence-mhmhnwjl/mnt/vol0/My Documents/ENUMERATION/NT/DumpTools/DumpSec/SystemTools.EXE
/tmp/agentic-sift-evidence-mhmhnwjl/mnt/vol0/My Documents/ENUMERATION/NT/enum/enum readme file.htm
/tmp/agentic-sift-evidence-mhmhnwjl/mnt/vol0/My Documents/ENUMERATION/NT/enum/enum readme file_files/background.jpeg
/tmp/agentic-sift-evidence-mhmhnwjl/mnt/vol0/My Documents/ENUMERATION/NT/enum/enum readme file_files/bvlogo.jpeg
/tmp/agentic-sift-evidence-mhmhnwjl/mnt/vol0/My Documents/ENUMERATION/NT/enum/enum readme file_files/clear.gif
/tmp/agentic-sift-evidence-mhmhnwjl/mnt/vol0/My Documents/ENUMERATION/NT/enum/enum readme file_files/homeicon.gif
/tmp/agentic-sift-evidence-mhmhnwjl/mnt/vol0/My Documents/ENUMERATION/NT/enum/enum readme file_files/navmenu.js
/tmp/agentic-sift-evidence-mhmhnwjl/mnt/vol0/My Documents/ENUMERATION/NT/enum/enum readme file_files/papersicon.gif
/tmp/agentic-sift-evidence-mhmhnwjl/mnt/vol0/My Documents/ENUMERATION/NT/enum/enum readme file_files/presenticon.gif
/tmp/agentic-sift-evidence-mhmhnwjl/mnt/vol0/My Documents/ENUMERATION/NT/enum/enum readme file_files/quote.gif
/tmp/agentic-sift-evidence-mhmhnwjl/mnt/vol0/My Documents/ENUMERATION/NT/enum/enum readme file_files/razorlogo.gif
/tmp/agentic-sift-evidence-mhmhnwjl/mnt/vol0/My Documents/ENUMERATION/NT/enum/enum readme file_files/toolBarRamp.jpeg
/tmp/agentic-sift-evidence-mhmhnwjl/mnt/vol0/My Documents/ENUMERATION/NT/enum/enum readme file_files/tools.gif
/tmp/agentic-sift-evidence-mhmhnwjl/mnt/vol0/My Documents/ENUMERATION/NT/enum/enum readme file_files/toolsicon.gif
/tmp/agentic-sift-evidence-mhmhnwjl/mnt/vol0/My Documents/ENUMERATION/NT/enum/enum.tar.gz
/tmp/agentic-sift-evidence-mhmhnwjl/mnt/vol0/My Documents/ENUMERATION/NT/enum/files/description
/tmp/agentic-sift-evidence-mhmhnwjl/mnt/vol0/My Documents/ENUMERATION/NT/enum/files/enum.cpp
/tmp/agentic-sift-evidence-mhmhnwjl/mnt/vol0/My Documents/ENUMERATION/NT/enum/files/enum.exe
/tmp/agentic-sift-evidence-mhmhnwjl/mnt/vol0/My Documents/ENUMERATION/NT/enum/files/getopt.cpp
/tmp/agentic-sift-evidence-mhmhnwjl/mnt/vol0/My Documents/ENUMERATION/NT/enum/files/getopt.h
/tmp/agentic-sift-evidence-mhmhnwjl/mnt/vol0/My Documents/ENUMERATION/NT/enum/files/README
/tmp/agentic-sift-evidence-mhmhnwjl/mnt/vol0/My Documents/ENUMERATION/NT/Epdump.zip
/tmp/agentic-sift-evidence-mhmhnwjl/mnt/vol0/My Documents/ENUMERATION/NT/ferret suite/emailferret.exe
/tmp/agentic-sift-evidence-mhmhnwjl/mnt/vol0/My Documents/ENUMERATION/NT/ferret suite/fileferret.exe
/tmp/agentic-sift-evidence-mhmhnwjl/mnt/vol0/My Documents/ENUMERATION/NT/ferret suite/wferet.exe
/tmp/agentic-sift-evidence-mhmhnwjl/mnt/vol0/My Documents/ENUMERATION/NT/GetAcct/getacct002.zip
/tmp/agentic-sift-evidence-mhmhnwjl/mnt/vol0/My Documents/ENUMERATION/NT/getpolicy.zip
/tmp/agentic-sift-evidence-mhmhnwjl/mnt/vol0/My Documents/ENUMERATION/NT/Legion/APIGID32.DL_
/tmp/agentic-sift-evidence-mhmhnwjl/mnt/vol0/My Documents/ENUMERATION/NT/Legion/AsycFilt.dl_
/tmp/agentic-sift-evidence-mhmhnwjl/mnt/vol0/My Documents/ENUMERATION/NT/Legion/Chrono.dl_
/tmp/agentic-sift-evidence-mhmhnwjl/mnt/vol0/My Documents/ENUMERATION/NT/Legion/ComCat.dl_
/tmp/agentic-sift-evidence-mhmhnwjl/mnt/vol0/My Documents/ENUMERATION/NT/Legion/COMCTL32.OC_
/tmp/agentic-sift-evidence-mhmhnwjl/mnt/vol0/My Documents/ENUMERATION/NT/Legion/COMDLG32.OC_
/tmp/agentic-sift-evidence-mhmhnwjl/mnt/vol0/My Documents/ENUMERATION/NT/Legion/Ctl3d32.dl_
/tmp/agentic-sift-evidence-mhmhnwjl/mnt/vol0/My Documents/ENUMERATION/NT/Legion/Legion.ex_
/tmp/agentic-sift-evidence-mhmhnwjl/mnt/vol0/My Documents/ENUMERATION/NT/Legion/MSVBVM50.dl_
/tmp/agentic-sift-evidence-mhmhnwjl/mnt/vol0/My Documents/ENUMERATION/NT/Legion/NetTools.ex_
/tmp/agentic-sift-evidence-mhmhnwjl/mnt/vol0/My Documents/ENUMERATION/NT/Legion/OleAut32.dl_
/tmp/agentic-sift-evidence-mhmhnwjl/mnt/vol0/My Documents/ENUMERATION/NT/Legion/OlePro32.dl_
/tmp/agentic-sift-evidence-mhmhnwjl/mnt/vol0/My Documents/ENUMERATION/NT/Legion/README.tx_
/tmp/agentic-sift-evidence-mhmhnwjl/mnt/vol0/My Documents/ENUMERATION/NT/Legion/scandll2.dl_
/tmp/agentic-sift-evidence-mhmhnwjl/mnt/vol0/My Documents/ENUMERATION/NT/Legion/SETUP.EXE
/tmp/agentic-sift-evidence-mhmhnwjl/mnt/vol0/My Documents/ENUMERATION/NT/Legion/SETUP.LST
/tmp/agentic-sift-evidence-mhmhnwjl/mnt/vol0/My Documents/ENUMERATION/NT/Legion/setup1.ex_
/tmp/agentic-sift-evidence-mhmhnwjl/mnt/vol0/My Documents/ENUMERATION/NT/Legion/ST5UNST.EX_
/tmp/agentic-sift-evidence-mhmhnwjl/mnt/vol0/My Documents/ENUMERATION/NT/Legion/StdOle2.tl_
/tmp/agentic-sift-evidence-mhmhnwjl/mnt/vol0/My Documents/ENUMERATION/NT/Legion/VB5StKit.dl_
/tmp/agentic-sift-evidence-mhmhnwjl/mnt/vol0/My Documents/ENUMERATION/NT/nbtdump/172.16.0.1.html
/tmp/agentic-sift-evidence-mhmhnwjl/mnt/vol0/My Documents/ENUMERATION/NT/nbtdump/172.16.0.2.html
/tmp/agentic-sift-evidence-mhmhnwjl/mnt/vol0/My Documents/ENUMERATION/NT/nbtdump/nbtdump.exe
/tmp/agentic-sift-evidence-mhmhnwjl/mnt/vol0/My Documents/ENUMERATION/NT/Nbtdump.zip
/tmp/agentic-sift-evidence-mhmhnwjl/mnt/vol0/My Documents/ENUMERATION/NT/nbtscan/files/ChangeLog
/tmp/agentic-sift-evidence-mhmhnwjl/mnt/vol0/My Documents/ENUMERATION/NT/nbtscan/files/COPYING
/tmp/agentic-sift-evidence-mhmhnwjl/mnt/vol0/My Documents/ENUMERATION/NT/nbtscan/files/cygwin1.dll
/tmp/agentic-sift-evidence-mhmhnwjl/mnt/vol0/My Documents/ENUMERATION/NT/nbtscan/files/nbtscan.exe
/tmp/agentic-sift-evidence-mhmhnwjl/mnt/vol0/My Documents/ENUMERATION/NT/nbtscan/files/README
/tmp/agentic-sift-evidence-mhmhnwjl/mnt/vol0/My Documents/ENUMERATION/NT/nbtscan/nbtscan.html
/tmp/agentic-sift-evidence-mhmhnwjl/mnt/vol0/My Documents/ENUMERATION/NT/nbtscan/nbtscan1_0_1.zip
/tmp/agentic-sift-evidence-mhmhnwjl/mnt/vol0/My Documents/ENUMERATION/NT/nbtscan/nbtscan1_0_2.zip
/tmp/agentic-sift-evidence-mhmhnwjl/mnt/vol0/My Documents/ENUMERATION/NT/ntreskit.zip
/tmp/agentic-sift-evidence-mhmhnwjl/mnt/vol0/My Documents/ENUMERATION/NT/Nt_admin_tools/DHCPADMN.EXE
/tmp/agentic-sift-evidence-mhmhnwjl/mnt/vol0/My Documents/ENUMERATION/NT/Nt_admin_tools/NTUSER.EXE
/tmp/agentic-sift-evidence-mhmhnwjl/mnt/vol0/My Documents/ENUMERATION/NT/Nt_admin_tools/rasadmin.exe
/tmp/agentic-sift-evidence-mhmhnwjl/mnt/vol0/My Documents/ENUMERATION/NT/Nt_admin_tools/srvmgr.exe
/tmp/agentic-sift-evidence-mhmhnwjl/mnt/vol0/My Documents/ENUMERATION/NT/Nt_admin_tools/usrmgr.exe
/tmp/agentic-sift-evidence-mhmhnwjl/mnt/vol0/My Documents/ENUMERATION/NT/Nt_admin_tools/WINSADMN.EXE
/tmp/agentic-sift-evidence-mhmhnwjl/mnt/vol0/My Documents/ENUMERATION/NT/ogre/AsycFilt.dl_
/tmp/agentic-sift-evidence-mhmhnwjl/mnt/vol0/My Documents/ENUMERATION/NT/ogre/install.bat
/tmp/agentic-sift-evidence-mhmhnwjl/mnt/vol0/My Documents/ENUMERATION/NT/ogre/INSTALL.PIF
/tmp/agentic-sift-evidence-mhmhnwjl/mnt/vol0/My Documents/ENUMERATION/NT/ogre/install2.bat
/tmp/agentic-sift-evidence-mhmhnwjl/mnt/vol0/My Documents/ENUMERATION/NT/ogre/MSVBVM50.dl_
/tmp/agentic-sift-evidence-mhmhnwjl/mnt/vol0/My Documents/ENUMERATION/NT/ogre/ogre.ex_
/tmp/agentic-sift-evidence-mhmhnwjl/mnt/vol0/My Documents/ENUMERATION/NT/ogre/OleAut32.dl_
/tmp/agentic-sift-evidence-mhmhnwjl/mnt/vol0/My Documents/ENUMERATION/NT/ogre/OlePro32.dl_
/tmp/agentic-sift-evidence-mhmhnwjl/mnt/vol0/My Documents/ENUMERATION/NT/ogre/README.FIRST
/tmp/agentic-sift-evidence-mhmhnwjl/mnt/vol0/My Documents/ENUMERATION/NT/ogre/rhino9x.exe
/tmp/agentic-sift-evidence-mhmhnwjl/mnt/vol0/My Documents/ENUMERATION/NT/ogre/SETUP.LST
/tmp/agentic-sift-evidence-mhmhnwjl/mnt/vol0/My Documents/ENUMERATION/NT/ogre/setup1.ex_
/tmp/agentic-sift-evidence-mhmhnwjl/mnt/vol0/My Documents/ENUMERATION/NT/ogre/ST5UNST.EX_
/tmp/agentic-sift-evidence-mhmhnwjl/mnt/vol0/My Documents/ENUMERATION/NT/ogre/StdOle2.tl_
/tmp/agentic-sift-evidence-mhmhnwjl/mnt/vol0/My Documents/ENUMERATION/NT/ogre/tracea.bat
/tmp/agentic-sift-evidence-mhmhnwjl/mnt/vol0/My Documents/ENUMERATION/NT/ogre/TRACEA.PIF
/tmp/agentic-sift-evidence-mhmhnwjl/mnt/vol0/My Documents/ENUMERATION/NT/ogre/tracem.bat
/tmp/agentic-sift-evidence-mhmhnwjl/mnt/vol0/My Documents/ENUMERATION/NT/ogre/TRACEM.PIF
/tmp/agentic-sift-evidence-mhmhnwjl/mnt/vol0/My Documents/ENUMERATION/NT/ogre/tracex.bat
/tmp/agentic-sift-evidence-mhmhnwjl/mnt/vol0/My Documents/ENUMERATION/NT/ogre/TRACEX.PIF
/tmp/agentic-sift-evidence-mhmhnwjl/mnt/vol0/My Documents/ENUMERATION/NT/ogre/VB5StKit.dl_
/tmp/agentic-sift-evidence-mhmhnwjl/mnt/vol0/My Documents/ENUMERATION/NT/SamSpade/hhupd.exe
/tmp/agentic-sift-evidence-mhmhnwjl/mnt/vol0/My Documents/ENUMERATION/NT/SamSpade/readme.txt
/tmp/agentic-sift-evidence-mhmhnwjl/mnt/vol0/My Documents/ENUMERATION/NT/SamSpade/spade.chm
/tmp/agentic-sift-evidence-mhmhnwjl/mnt/vol0/My Documents/ENUMERATION/NT/SamSpade/spade.cnt
/tmp/agentic-sift-evidence-mhmhnwjl/mnt/vol0/My Documents/ENUMERATION/NT/SamSpade/spade.exe
/tmp/agentic-sift-evidence-mhmhnwjl/mnt/vol0/My Documents/ENUMERATION/NT/SamSpade/spade.hlp
/tmp/agentic-sift-evidence-mhmhnwjl/mnt/vol0/My Documents/ENUMERATION/NT/SamSpade/startup.sl
/tmp/agentic-sift-evidence-mhmhnwjl/mnt/vol0/My Documents/ENUMERATION/NT/SamSpade/unins000.dat
/tmp/agentic-sift-evidence-mhmhnwjl/mnt/vol0/My Documents/ENUMERATION/NT/SamSpade/unins000.exe
/tmp/agentic-sift-evidence-mhmhnwjl/mnt/vol0/My Documents/ENUMERATION/NT/SamSpade/unins000.msg
/tmp/agentic-sift-evidence-mhmhnwjl/mnt/vol0/My Documents/ENUMERATION/NT/Sid2user User2sid/sid.zip
/tmp/agentic-sift-evidence-mhmhnwjl/mnt/vol0/My Documents/ENUMERATION/NT/Userdump/userdump.zip
/tmp/agentic-sift-evidence-mhmhnwjl/mnt/vol0/My Documents/ENUMERATION/NT/winfingerprint/About Winfingerprint 2.htm
/tmp/agentic-sift-evidence-mhmhnwjl/mnt/vol0/My Documents/ENUMERATION/NT/winfingerprint/About Winfingerprint 2_files/wfp.jpeg
/tmp/agentic-sift-evidence-mhmhnwjl/mnt/vol0/My Documents/ENUMERATION/NT/winfingerprint/About Winfingerprint 2_files/winfingerprint.jpeg
/tmp/agentic-sift-evidence-mhmhnwjl/mnt/vol0/My Documents/ENUMERATION/NT/winfingerprint/winfingerprint-229.zip
/tmp/agentic-sift-evidence-mhmhnwjl/mnt/vol0/My Documents/ENUMERATION/NT/winfo/The winfo FAQ.htm
/tmp/agentic-sift-evidence-mhmhnwjl/mnt/vol0/My Documents/ENUMERATION/NT/winfo/The winfo FAQ_files/logo.gif
/tmp/agentic-sift-evidence-mhmhnwjl/mnt/vol0/My Documents/ENUMERATION/NT/winfo/winfo.exe
/tmp/agentic-sift-evidence-mhmhnwjl/mnt/vol0/My Documents/ENUMERATION/NT/winfo/winfo.htm
/tmp/agentic-sift-evidence-mhmhnwjl/mnt/vol0/My Documents/ENUMERATION/NT/winfo/winfo_files/logo.gif
/tmp/agentic-sift-evidence-mhmhnwjl/mnt/vol0/My Documents/ENUMERATION/Unix/nc110.gz
/tmp/agentic-sift-evidence-mhmhnwjl/mnt/vol0/My Documents/ENUMERATION/Unix/Nessus/nessus-1.0.5-1.i386.rpm
/tmp/agentic-sift-evidence-mhmhnwjl/mnt/vol0/My Documents/ENUMERATION/Unix/Nessus/nessus-client-1.0.5-1.i386.rpm
/tmp/agentic-sift-evidence-mhmhnwjl/mnt/vol0/My Documents/ENUMERATION/Unix/Nessus/nessus-plugins-1.0.5-1.i386.rpm
/tmp/agentic-sift-evidence-mhmhnwjl/mnt/vol0/My Documents/ENUMERATION/Unix/nmap-2.54BETA29-1.i386.rpm
/tmp/agentic-sift-evidence-mhmhnwjl/mnt/vol0/My Documents/ENUMERATION/Unix/nmap-frontend-0.2.54BETA29-1.i386.rpm
/tmp/agentic-sift-evidence-mhmhnwjl/mnt/vol0/My Documents/ENUMERATION/Unix/whisker.tar.gz
/tmp/agentic-sift-evidence-mhmhnwjl/mnt/vol0/My Documents/EXPLOITATION/NT/Brutus/BrutusA2.exe
/tmp/agentic-sift-evidence-mhmhnwjl/mnt/vol0/My Documents/EXPLOITATION/NT/Brutus/example-combo.txt
/tmp/agentic-sift-evidence-mhmhnwjl/mnt/vol0/My Documents/EXPLOITATION/NT/Brutus/NetBus.bad
/tmp/agentic-sift-evidence-mhmhnwjl/mnt/vol0/My Documents/EXPLOITATION/NT/Brutus/Overview.doc
/tmp/agentic-sift-evidence-mhmhnwjl/mnt/vol0/My Documents/EXPLOITATION/NT/Brutus/readme.doc
/tmp/agentic-sift-evidence-mhmhnwjl/mnt/vol0/My Documents/EXPLOITATION/NT/Brutus/users.txt
/tmp/agentic-sift-evidence-mhmhnwjl/mnt/vol0/My Documents/EXPLOITATION/NT/Brutus/words.txt
/tmp/agentic-sift-evidence-mhmhnwjl/mnt/vol0/My Documents/EXPLOITATION/NT/brutus.zip
/tmp/agentic-sift-evidence-mhmhnwjl/mnt/vol0/My Documents/EXPLOITATION/NT/bsniff/readme.txt
/tmp/agentic-sift-evidence-mhmhnwjl/mnt/vol0/My Documents/EXPLOITATION/NT/elsave.zip
/tmp/agentic-sift-evidence-mhmhnwjl/mnt/vol0/My Documents/EXPLOITATION/NT/fpipe/fpipe.url
/tmp/agentic-sift-evidence-mhmhnwjl/mnt/vol0/My Documents/EXPLOITATION/NT/Get Admin/GASYS.DLL
/tmp/agentic-sift-evidence-mhmhnwjl/mnt/vol0/My Documents/EXPLOITATION/NT/Get Admin/GetAdmin.exe
/tmp/agentic-sift-evidence-mhmhnwjl/mnt/vol0/My Documents/EXPLOITATION/NT/Hk/hk-0.1.zip
/tmp/agentic-sift-evidence-mhmhnwjl/mnt/vol0/My Documents/EXPLOITATION/NT/John/john-16w.zip
/tmp/agentic-sift-evidence-mhmhnwjl/mnt/vol0/My Documents/EXPLOITATION/NT/l0pht301/lc3setup01.exe
/tmp/agentic-sift-evidence-mhmhnwjl/mnt/vol0/My Documents/EXPLOITATION/NT/lsadump2/DISCLAIMER
/tmp/agentic-sift-evidence-mhmhnwjl/mnt/vol0/My Documents/EXPLOITATION/NT/lsadump2/dumplsa.c
/tmp/agentic-sift-evidence-mhmhnwjl/mnt/vol0/My Documents/EXPLOITATION/NT/lsadump2/dumplsa.dll
/tmp/agentic-sift-evidence-mhmhnwjl/mnt/vol0/My Documents/EXPLOITATION/NT/lsadump2/dumplsa.dsp
/tmp/agentic-sift-evidence-mhmhnwjl/mnt/vol0/My Documents/EXPLOITATION/NT/lsadump2/getpid.c
/tmp/agentic-sift-evidence-mhmhnwjl/mnt/vol0/My Documents/EXPLOITATION/NT/lsadump2/LSADUMP2 Readme file.htm
/tmp/agentic-sift-evidence-mhmhnwjl/mnt/vol0/My Documents/EXPLOITATION/NT/lsadump2/LSADUMP2 Readme file_files/background.jpeg
/tmp/agentic-sift-evidence-mhmhnwjl/mnt/vol0/My Documents/EXPLOITATION/NT/lsadump2/LSADUMP2 Readme file_files/bvlogo.jpeg
/tmp/agentic-sift-evidence-mhmhnwjl/mnt/vol0/My Documents/EXPLOITATION/NT/lsadump2/LSADUMP2 Readme file_files/clear.gif
/tmp/agentic-sift-evidence-mhmhnwjl/mnt/vol0/My Documents/EXPLOITATION/NT/lsadump2/LSADUMP2 Readme file_files/homeicon.gif
/tmp/agentic-sift-evidence-mhmhnwjl/mnt/vol0/My Documents/EXPLOITATION/NT/lsadump2/LSADUMP2 Readme file_files/navmenu.js
/tmp/agentic-sift-evidence-mhmhnwjl/mnt/vol0/My Documents/EXPLOITATION/NT/lsadump2/LSADUMP2 Readme file_files/papersicon.gif
/tmp/agentic-sift-evidence-mhmhnwjl/mnt/vol0/My Documents/EXPLOITATION/NT/lsadump2/LSADUMP2 Readme file_files/presenticon.gif
/tmp/agentic-sift-evidence-mhmhnwjl/mnt/vol0/My Documents/EXPLOITATION/NT/lsadump2/LSADUMP2 Readme file_files/quote.gif
/tmp/agentic-sift-evidence-mhmhnwjl/mnt/vol0/My Documents/EXPLOITATION/NT/lsadump2/LSADUMP2 Readme file_files/razorlogo.gif
/tmp/agentic-sift-evidence-mhmhnwjl/mnt/vol0/My Documents/EXPLOITATION/NT/lsadump2/LSADUMP2 Readme file_files/toolBarRamp.jpeg
/tmp/agentic-sift-evidence-mhmhnwjl/mnt/vol0/My Documents/EXPLOITATION/NT/lsadump2/LSADUMP2 Readme file_files/tools.gif
/tmp/agentic-sift-evidence-mhmhnwjl/mnt/vol0/My Documents/EXPLOITATION/NT/lsadump2/LSADUMP2 Readme file_files/toolsicon.gif
/tmp/agentic-sift-evidence-mhmhnwjl/mnt/vol0/My Documents/EXPLOITATION/NT/lsadump2/lsadump2.c
/tmp/agentic-sift-evidence-mhmhnwjl/mnt/vol0/My Documents/EXPLOITATION/NT/lsadump2/lsadump2.dsp
/tmp/agentic-sift-evidence-mhmhnwjl/mnt/vol0/My Documents/EXPLOITATION/NT/lsadump2/lsadump2.exe
/tmp/agentic-sift-evidence-mhmhnwjl/mnt/vol0/My Documents/EXPLOITATION/NT/lsadump2/lsadump2.h
/tmp/agentic-sift-evidence-mhmhnwjl/mnt/vol0/My Documents/EXPLOITATION/NT/lsadump2/lsadump2.zip
/tmp/agentic-sift-evidence-mhmhnwjl/mnt/vol0/My Documents/EXPLOITATION/NT/lsadump2/README.html
/tmp/agentic-sift-evidence-mhmhnwjl/mnt/vol0/My Documents/EXPLOITATION/NT/NAT/nat.zip
/tmp/agentic-sift-evidence-mhmhnwjl/mnt/vol0/My Documents/EXPLOITATION/NT/netbus/Hosts.txt
/tmp/agentic-sift-evidence-mhmhnwjl/mnt/vol0/My Documents/EXPLOITATION/NT/netbus/Memo.txt
/tmp/agentic-sift-evidence-mhmhnwjl/mnt/vol0/My Documents/EXPLOITATION/NT/netbus/NetBus.rtf
/tmp/agentic-sift-evidence-mhmhnwjl/mnt/vol0/My Documents/EXPLOITATION/NT/netbus/NetBus170.zip
/tmp/agentic-sift-evidence-mhmhnwjl/mnt/vol0/My Documents/EXPLOITATION/NT/Netcat/netcat11nt.zip
/tmp/agentic-sift-evidence-mhmhnwjl/mnt/vol0/My Documents/EXPLOITATION/NT/Pwdump/Pwdump.zip
/tmp/agentic-sift-evidence-mhmhnwjl/mnt/vol0/My Documents/EXPLOITATION/NT/Pwdump/pwdump2.zip
/tmp/agentic-sift-evidence-mhmhnwjl/mnt/vol0/My Documents/EXPLOITATION/NT/Pwdump/pwdump3.htm
/tmp/agentic-sift-evidence-mhmhnwjl/mnt/vol0/My Documents/EXPLOITATION/NT/Pwdump/pwdump3.zip
/tmp/agentic-sift-evidence-mhmhnwjl/mnt/vol0/My Documents/EXPLOITATION/NT/Pwdump/pwdump3_files/dwnldbtn.gif
/tmp/agentic-sift-evidence-mhmhnwjl/mnt/vol0/My Documents/EXPLOITATION/NT/Pwdump/pwdump3_files/pwdumpbanner.gif
/tmp/agentic-sift-evidence-mhmhnwjl/mnt/vol0/My Documents/EXPLOITATION/NT/Scripts/credentials.txt
/tmp/agentic-sift-evidence-mhmhnwjl/mnt/vol0/My Documents/EXPLOITATION/NT/Scripts/FOR Script.txt
/tmp/agentic-sift-evidence-mhmhnwjl/mnt/vol0/My Documents/EXPLOITATION/NT/sechole/ADMINDLL.DLL
/tmp/agentic-sift-evidence-mhmhnwjl/mnt/vol0/My Documents/EXPLOITATION/NT/sechole/PSAPI.DLL
/tmp/agentic-sift-evidence-mhmhnwjl/mnt/vol0/My Documents/EXPLOITATION/NT/sechole/SECHOLE.EXE
/tmp/agentic-sift-evidence-mhmhnwjl/mnt/vol0/My Documents/EXPLOITATION/NT/sechole/sechole3.zip
/tmp/agentic-sift-evidence-mhmhnwjl/mnt/vol0/My Documents/EXPLOITATION/NT/sechole/SECHOLED.EXE
/tmp/agentic-sift-evidence-mhmhnwjl/mnt/vol0/My Documents/EXPLOITATION/NT/SMBGrind Crack/CrackUI.exe
/tmp/agentic-sift-evidence-mhmhnwjl/mnt/vol0/My Documents/EXPLOITATION/NT/SMBGrind Crack/GrindUI.exe
/tmp/agentic-sift-evidence-mhmhnwjl/mnt/vol0/My Documents/EXPLOITATION/NT/SMBGrind Crack/NTpasslist.txt
/tmp/agentic-sift-evidence-mhmhnwjl/mnt/vol0/My Documents/EXPLOITATION/NT/SMBGrind Crack/NTuserlist.txt
/tmp/agentic-sift-evidence-mhmhnwjl/mnt/vol0/My Documents/EXPLOITATION/NT/SMBGrind Crack/passlist.txt
/tmp/agentic-sift-evidence-mhmhnwjl/mnt/vol0/My Documents/EXPLOITATION/NT/SMBGrind Crack/Password User Lists/NTpasslist.txt
/tmp/agentic-sift-evidence-mhmhnwjl/mnt/vol0/My Documents/EXPLOITATION/NT/SMBGrind Crack/readme.txt
/tmp/agentic-sift-evidence-mhmhnwjl/mnt/vol0/My Documents/EXPLOITATION/NT/SMBGrind Crack/TempPassword.$$$
/tmp/agentic-sift-evidence-mhmhnwjl/mnt/vol0/My Documents/EXPLOITATION/NT/SMBGrind Crack/userlist.txt
/tmp/agentic-sift-evidence-mhmhnwjl/mnt/vol0/My Documents/EXPLOITATION/NT/SMBGrind Crack/utils/crack.exe
/tmp/agentic-sift-evidence-mhmhnwjl/mnt/vol0/My Documents/EXPLOITATION/NT/SMBGrind Crack/utils/cygwinb19.dll
/tmp/agentic-sift-evidence-mhmhnwjl/mnt/vol0/My Documents/EXPLOITATION/NT/SMBGrind Crack/utils/smbgrind.exe
/tmp/agentic-sift-evidence-mhmhnwjl/mnt/vol0/My Documents/EXPLOITATION/NT/vnc/vncviewer/vncviewer.exe
/tmp/agentic-sift-evidence-mhmhnwjl/mnt/vol0/My Documents/EXPLOITATION/NT/vnc/winvnc/DATA.TAG
/tmp/agentic-sift-evidence-mhmhnwjl/mnt/vol0/My Documents/EXPLOITATION/NT/vnc/winvnc/data1.cab
/tmp/agentic-sift-evidence-mhmhnwjl/mnt/vol0/My Documents/EXPLOITATION/NT/vnc/winvnc/language.dat
/tmp/agentic-sift-evidence-mhmhnwjl/mnt/vol0/My Documents/EXPLOITATION/NT/vnc/winvnc/layout.bin
/tmp/agentic-sift-evidence-mhmhnwjl/mnt/vol0/My Documents/EXPLOITATION/NT/vnc/winvnc/os.dat
/tmp/agentic-sift-evidence-mhmhnwjl/mnt/vol0/My Documents/EXPLOITATION/NT/vnc/winvnc/setup.bmp
/tmp/agentic-sift-evidence-mhmhnwjl/mnt/vol0/My Documents/EXPLOITATION/NT/vnc/winvnc/SETUP.EXE
/tmp/agentic-sift-evidence-mhmhnwjl/mnt/vol0/My Documents/EXPLOITATION/NT/vnc/winvnc/SETUP.INI
/tmp/agentic-sift-evidence-mhmhnwjl/mnt/vol0/My Documents/EXPLOITATION/NT/vnc/winvnc/setup.ins
/tmp/agentic-sift-evidence-mhmhnwjl/mnt/vol0/My Documents/EXPLOITATION/NT/vnc/winvnc/_INST32I.EX_
/tmp/agentic-sift-evidence-mhmhnwjl/mnt/vol0/My Documents/EXPLOITATION/NT/vnc/winvnc/_ISDEL.EXE
/tmp/agentic-sift-evidence-mhmhnwjl/mnt/vol0/My Documents/EXPLOITATION/NT/vnc/winvnc/_setup.dll
/tmp/agentic-sift-evidence-mhmhnwjl/mnt/vol0/My Documents/EXPLOITATION/NT/vnc/winvnc/_sys1.cab
/tmp/agentic-sift-evidence-mhmhnwjl/mnt/vol0/My Documents/EXPLOITATION/NT/vnc/winvnc/_user1.cab
/tmp/agentic-sift-evidence-mhmhnwjl/mnt/vol0/My Documents/EXPLOITATION/NT/WinVNC/Docs/vnc-latest_doc.zip
/tmp/agentic-sift-evidence-mhmhnwjl/mnt/vol0/My Documents/EXPLOITATION/NT/WinVNC/Windows/vnc-3.3.3r7_x86_win32.zip
/tmp/agentic-sift-evidence-mhmhnwjl/mnt/vol0/My Documents/EXPLOITATION/Unix/dsniff 2.3/dsniff Frequently Asked Questions.htm
/tmp/agentic-sift-evidence-mhmhnwjl/mnt/vol0/My Documents/EXPLOITATION/Unix/dsniff 2.3/dsniff Frequently Asked Questions_files/monkey6.gif
/tmp/agentic-sift-evidence-mhmhnwjl/mnt/vol0/My Documents/EXPLOITATION/Unix/dsniff 2.3/dsniff-2.3.tar.gz
/tmp/agentic-sift-evidence-mhmhnwjl/mnt/vol0/My Documents/EXPLOITATION/Unix/dsniff 2.3/Switched networks lose security advantage due packet tool/clearpixel.gif
/tmp/agentic-sift-evidence-mhmhnwjl/mnt/vol0/My Documents/EXPLOITATION/Unix/dsniff 2.3/Switched networks lose security advantage due packet tool/securitywatch.html
/tmp/agentic-sift-evidence-mhmhnwjl/mnt/vol0/My Documents/EXPLOITATION/Unix/dsniff 2.3/Switched networks lose security advantage due packet tool/securitywatchfiles/522467~1.GIF
/tmp/agentic-sift-evidence-mhmhnwjl/mnt/vol0/My Documents/EXPLOITATION/Unix/dsniff 2.3/Switched networks lose security advantage due packet tool.htm
/tmp/agentic-sift-evidence-mhmhnwjl/mnt/vol0/My Documents/EXPLOITATION/Unix/john-1.6.tar.gz
/tmp/agentic-sift-evidence-mhmhnwjl/mnt/vol0/My Documents/EXPLOITATION/Unix/WinVNC/Docs/vnc-latest_doc.zip
/tmp/agentic-sift-evidence-mhmhnwjl/mnt/vol0/My Documents/EXPLOITATION/Unix/WinVNC/Linux/vnc-3.3.3r2_x86_linux_2.0.zip
/tmp/agentic-sift-evidence-mhmhnwjl/mnt/vol0/My Documents/EXPLOITATION/Unix/WinVNC/Solaris Sparc/vnc-3.3.3r2_sun4_sosV_5.5.zip
/tmp/agentic-sift-evidence-mhmhnwjl/mnt/vol0/My Documents/FOOTPRINTING/NT/Nmapnt/DRIVERS/Packet2K/Packet.dll
/tmp/agentic-sift-evidence-mhmhnwjl/mnt/vol0/My Documents/FOOTPRINTING/NT/Nmapnt/DRIVERS/Packet2K/PACKET.SYS
/tmp/agentic-sift-evidence-mhmhnwjl/mnt/vol0/My Documents/FOOTPRINTING/NT/Nmapnt/DRIVERS/Packet2K/Packet_2k.inf
/tmp/agentic-sift-evidence-mhmhnwjl/mnt/vol0/My Documents/FOOTPRINTING/NT/Nmapnt/DRIVERS/Packet95/Packet.dll
/tmp/agentic-sift-evidence-mhmhnwjl/mnt/vol0/My Documents/FOOTPRINTING/NT/Nmapnt/DRIVERS/Packet95/packet.inf
/tmp/agentic-sift-evidence-mhmhnwjl/mnt/vol0/My Documents/FOOTPRINTING/NT/Nmapnt/DRIVERS/Packet95/PACKET.VXD
/tmp/agentic-sift-evidence-mhmhnwjl/mnt/vol0/My Documents/FOOTPRINTING/NT/Nmapnt/DRIVERS/PacketNT/OEMSETUP.INF
/tmp/agentic-sift-evidence-mhmhnwjl/mnt/vol0/My Documents/FOOTPRINTING/NT/Nmapnt/DRIVERS/PacketNT/Packet.dll
/tmp/agentic-sift-evidence-mhmhnwjl/mnt/vol0/My Documents/FOOTPRINTING/NT/Nmapnt/DRIVERS/PacketNT/PACKET.SYS
/tmp/agentic-sift-evidence-mhmhnwjl/mnt/vol0/My Documents/FOOTPRINTING/NT/Nmapnt/nmap-os-fingerprints
/tmp/agentic-sift-evidence-mhmhnwjl/mnt/vol0/My Documents/FOOTPRINTING/NT/Nmapnt/nmap-rpc
/tmp/agentic-sift-evidence-mhmhnwjl/mnt/vol0/My Documents/FOOTPRINTING/NT/Nmapnt/nmap-services
/tmp/agentic-sift-evidence-mhmhnwjl/mnt/vol0/My Documents/FOOTPRINTING/NT/Nmapnt/nmapNT-src/getopt.h
/tmp/agentic-sift-evidence-mhmhnwjl/mnt/vol0/My Documents/FOOTPRINTING/NT/Nmapnt/nmapNT-src/nmap.1
/tmp/agentic-sift-evidence-mhmhnwjl/mnt/vol0/My Documents/FOOTPRINTING/NT/Nmapnt/nmapNT-src/nmap_spanish.1
/tmp/agentic-sift-evidence-mhmhnwjl/mnt/vol0/My Documents/FOOTPRINTING/NT/Nmapnt/nmapNT-src/CHANGELOG
/tmp/agentic-sift-evidence-mhmhnwjl/mnt/vol0/My Documents/FOOTPRINTING/NT/Nmapnt/nmapNT-src/charpool.c
/tmp/agentic-sift-evidence-mhmhnwjl/mnt/vol0/My Documents/FOOTPRINTING/NT/Nmapnt/nmapNT-src/charpool.h
/tmp/agentic-sift-evidence-mhmhnwjl/mnt/vol0/My Documents/FOOTPRINTING/NT/Nmapnt/nmapNT-src/config.guess
/tmp/agentic-sift-evidence-mhmhnwjl/mnt/vol0/My Documents/FOOTPRINTING/NT/Nmapnt/nmapNT-src/config.h.in
/tmp/agentic-sift-evidence-mhmhnwjl/mnt/vol0/My Documents/FOOTPRINTING/NT/Nmapnt/nmapNT-src/config.sub
/tmp/agentic-sift-evidence-mhmhnwjl/mnt/vol0/My Documents/FOOTPRINTING/NT/Nmapnt/nmapNT-src/configure
/tmp/agentic-sift-evidence-mhmhnwjl/mnt/vol0/My Documents/FOOTPRINTING/NT/Nmapnt/nmapNT-src/configure.in
/tmp/agentic-sift-evidence-mhmhnwjl/mnt/vol0/My Documents/FOOTPRINTING/NT/Nmapnt/nmapNT-src/COPYING
/tmp/agentic-sift-evidence-mhmhnwjl/mnt/vol0/My Documents/FOOTPRINTING/NT/Nmapnt/nmapNT-src/copying.html
/tmp/agentic-sift-evidence-mhmhnwjl/mnt/vol0/My Documents/FOOTPRINTING/NT/Nmapnt/nmapNT-src/docs/copying.html
/tmp/agentic-sift-evidence-mhmhnwjl/mnt/vol0/My Documents/FOOTPRINTING/NT/Nmapnt/nmapNT-src/docs/nmap-fingerprinting-article.txt
/tmp/agentic-sift-evidence-mhmhnwjl/mnt/vol0/My Documents/FOOTPRINTING/NT/Nmapnt/nmapNT-src/docs/nmap.1
/tmp/agentic-sift-evidence-mhmhnwjl/mnt/vol0/My Documents/FOOTPRINTING/NT/Nmapnt/nmapNT-src/docs/nmap.deprecated.txt
/tmp/agentic-sift-evidence-mhmhnwjl/mnt/vol0/My Documents/FOOTPRINTING/NT/Nmapnt/nmapNT-src/docs/nmap.usage.txt
/tmp/agentic-sift-evidence-mhmhnwjl/mnt/vol0/My Documents/FOOTPRINTING/NT/Nmapnt/nmapNT-src/docs/nmapfe.1
/tmp/agentic-sift-evidence-mhmhnwjl/mnt/vol0/My Documents/FOOTPRINTING/NT/Nmapnt/nmapNT-src/docs/nmap_doc.html
/tmp/agentic-sift-evidence-mhmhnwjl/mnt/vol0/My Documents/FOOTPRINTING/NT/Nmapnt/nmapNT-src/docs/nmap_manpage-es.html
/tmp/agentic-sift-evidence-mhmhnwjl/mnt/vol0/My Documents/FOOTPRINTING/NT/Nmapnt/nmapNT-src/docs/nmap_manpage-fr.html
/tmp/agentic-sift-evidence-mhmhnwjl/mnt/vol0/My Documents/FOOTPRINTING/NT/Nmapnt/nmapNT-src/docs/nmap_manpage.html
/tmp/agentic-sift-evidence-mhmhnwjl/mnt/vol0/My Documents/FOOTPRINTING/NT/Nmapnt/nmapNT-src/docs/nmap_spanish.1
/tmp/agentic-sift-evidence-mhmhnwjl/mnt/vol0/My Documents/FOOTPRINTING/NT/Nmapnt/nmapNT-src/docs/README
/tmp/agentic-sift-evidence-mhmhnwjl/mnt/vol0/My Documents/FOOTPRINTING/NT/Nmapnt/nmapNT-src/docs/xnmap.1
/tmp/agentic-sift-evidence-mhmhnwjl/mnt/vol0/My Documents/FOOTPRINTING/NT/Nmapnt/nmapNT-src/error.c
/tmp/agentic-sift-evidence-mhmhnwjl/mnt/vol0/My Documents/FOOTPRINTING/NT/Nmapnt/nmapNT-src/error.h
/tmp/agentic-sift-evidence-mhmhnwjl/mnt/vol0/My Documents/FOOTPRINTING/NT/Nmapnt/nmapNT-src/getopt.c
/tmp/agentic-sift-evidence-mhmhnwjl/mnt/vol0/My Documents/FOOTPRINTING/NT/Nmapnt/nmapNT-src/getopt1.c
/tmp/agentic-sift-evidence-mhmhnwjl/mnt/vol0/My Documents/FOOTPRINTING/NT/Nmapnt/nmapNT-src/global_structures.h
/tmp/agentic-sift-evidence-mhmhnwjl/mnt/vol0/My Documents/FOOTPRINTING/NT/Nmapnt/nmapNT-src/inet_aton.c
/tmp/agentic-sift-evidence-mhmhnwjl/mnt/vol0/My Documents/FOOTPRINTING/NT/Nmapnt/nmapNT-src/INSTALL
/tmp/agentic-sift-evidence-mhmhnwjl/mnt/vol0/My Documents/FOOTPRINTING/NT/Nmapnt/nmapNT-src/install-sh
/tmp/agentic-sift-evidence-mhmhnwjl/mnt/vol0/My Documents/FOOTPRINTING/NT/Nmapnt/nmapNT-src/libpcap-possiblymodified/gencode.c
/tmp/agentic-sift-evidence-mhmhnwjl/mnt/vol0/My Documents/FOOTPRINTING/NT/Nmapnt/nmapNT-src/libpcap-possiblymodified/pcap-namedb.h
/tmp/agentic-sift-evidence-mhmhnwjl/mnt/vol0/My Documents/FOOTPRINTING/NT/Nmapnt/nmapNT-src/libpcap-possiblymodified/aclocal.m4
/tmp/agentic-sift-evidence-mhmhnwjl/mnt/vol0/My Documents/FOOTPRINTING/NT/Nmapnt/nmapNT-src/libpcap-possiblymodified/bpf/net/bpf.h
/tmp/agentic-sift-evidence-mhmhnwjl/mnt/vol0/My Documents/FOOTPRINTING/NT/Nmapnt/nmapNT-src/libpcap-possiblymodified/bpf/net/bpf_filter.c
/tmp/agentic-sift-evidence-mhmhnwjl/mnt/vol0/My Documents/FOOTPRINTING/NT/Nmapnt/nmapNT-src/libpcap-possiblymodified/bpf_image.c
/tmp/agentic-sift-evidence-mhmhnwjl/mnt/vol0/My Documents/FOOTPRINTING/NT/Nmapnt/nmapNT-src/libpcap-possiblymodified/CHANGES
/tmp/agentic-sift-evidence-mhmhnwjl/mnt/vol0/My Documents/FOOTPRINTING/NT/Nmapnt/nmapNT-src/libpcap-possiblymodified/config.guess
/tmp/agentic-sift-evidence-mhmhnwjl/mnt/vol0/My Documents/FOOTPRINTING/NT/Nmapnt/nmapNT-src/libpcap-possiblymodified/config.log
/tmp/agentic-sift-evidence-mhmhnwjl/mnt/vol0/My Documents/FOOTPRINTING/NT/Nmapnt/nmapNT-src/libpcap-possiblymodified/config.status
/tmp/agentic-sift-evidence-mhmhnwjl/mnt/vol0/My Documents/FOOTPRINTING/NT/Nmapnt/nmapNT-src/libpcap-possiblymodified/config.sub
/tmp/agentic-sift-evidence-mhmhnwjl/mnt/vol0/My Documents/FOOTPRINTING/NT/Nmapnt/nmapNT-src/libpcap-possiblymodified/configure
/tmp/agentic-sift-evidence-mhmhnwjl/mnt/vol0/My Documents/FOOTPRINTING/NT/Nmapnt/nmapNT-src/libpcap-possiblymodified/configure.in
/tmp/agentic-sift-evidence-mhmhnwjl/mnt/vol0/My Documents/FOOTPRINTING/NT/Nmapnt/nmapNT-src/libpcap-possiblymodified/etherent.c
/tmp/agentic-sift-evidence-mhmhnwjl/mnt/vol0/My Documents/FOOTPRINTING/NT/Nmapnt/nmapNT-src/libpcap-possiblymodified/ethertype.h
/tmp/agentic-sift-evidence-mhmhnwjl/mnt/vol0/My Documents/FOOTPRINTING/NT/Nmapnt/nmapNT-src/libpcap-possiblymodified/FILES
/tmp/agentic-sift-evidence-mhmhnwjl/mnt/vol0/My Documents/FOOTPRINTING/NT/Nmapnt/nmapNT-src/libpcap-possiblymodified/gencode.h
/tmp/agentic-sift-evidence-mhmhnwjl/mnt/vol0/My Documents/FOOTPRINTING/NT/Nmapnt/nmapNT-src/libpcap-possiblymodified/grammar.y
/tmp/agentic-sift-evidence-mhmhnwjl/mnt/vol0/My Documents/FOOTPRINTING/NT/Nmapnt/nmapNT-src/libpcap-possiblymodified/inet.c
/tmp/agentic-sift-evidence-mhmhnwjl/mnt/vol0/My Documents/FOOTPRINTING/NT/Nmapnt/nmapNT-src/libpcap-possiblymodified/INSTALL
/tmp/agentic-sift-evidence-mhmhnwjl/mnt/vol0/My Documents/FOOTPRINTING/NT/Nmapnt/nmapNT-src/libpcap-possiblymodified/install-sh
/tmp/agentic-sift-evidence-mhmhnwjl/mnt/vol0/My Documents/FOOTPRINTING/NT/Nmapnt/nmapNT-src/libpcap-possiblymodified/lbl/gnuc.h
/tmp/agentic-sift-evidence-mhmhnwjl/mnt/vol0/My Documents/FOOTPRINTING/NT/Nmapnt/nmapNT-src/libpcap-possiblymodified/lbl/os-solaris2.h
/tmp/agentic-sift-evidence-mhmhnwjl/mnt/vol0/My Documents/FOOTPRINTING/NT/Nmapnt/nmapNT-src/libpcap-possiblymodified/lbl/os-sunos4.h
/tmp/agentic-sift-evidence-mhmhnwjl/mnt/vol0/My Documents/FOOTPRINTING/NT/Nmapnt/nmapNT-src/libpcap-possiblymodified/lbl/os-ultrix4.h
/tmp/agentic-sift-evidence-mhmhnwjl/mnt/vol0/My Documents/FOOTPRINTING/NT/Nmapnt/nmapNT-src/libpcap-possiblymodified/linux-include/netinet/if_ether.h
/tmp/agentic-sift-evidence-mhmhnwjl/mnt/vol0/My Documents/FOOTPRINTING/NT/Nmapnt/nmapNT-src/libpcap-possiblymodified/linux-include/netinet/ip_var.h
/tmp/agentic-sift-evidence-mhmhnwjl/mnt/vol0/My Documents/FOOTPRINTING/NT/Nmapnt/nmapNT-src/libpcap-possiblymodified/Makefile.in
/tmp/agentic-sift-evidence-mhmhnwjl/mnt/vol0/My Documents/FOOTPRINTING/NT/Nmapnt/nmapNT-src/libpcap-possiblymodified/mkdep
/tmp/agentic-sift-evidence-mhmhnwjl/mnt/vol0/My Documents/FOOTPRINTING/NT/Nmapnt/nmapNT-src/libpcap-possiblymodified/nametoaddr.c
/tmp/agentic-sift-evidence-mhmhnwjl/mnt/vol0/My Documents/FOOTPRINTING/NT/Nmapnt/nmapNT-src/libpcap-possiblymodified/optimize.c
/tmp/agentic-sift-evidence-mhmhnwjl/mnt/vol0/My Documents/FOOTPRINTING/NT/Nmapnt/nmapNT-src/libpcap-possiblymodified/pcap-bpf.c
/tmp/agentic-sift-evidence-mhmhnwjl/mnt/vol0/My Documents/FOOTPRINTING/NT/Nmapnt/nmapNT-src/libpcap-possiblymodified/pcap-dlpi.c
/tmp/agentic-sift-evidence-mhmhnwjl/mnt/vol0/My Documents/FOOTPRINTING/NT/Nmapnt/nmapNT-src/libpcap-possiblymodified/pcap-enet.c
/tmp/agentic-sift-evidence-mhmhnwjl/mnt/vol0/My Documents/FOOTPRINTING/NT/Nmapnt/nmapNT-src/libpcap-possiblymodified/pcap-int.h
/tmp/agentic-sift-evidence-mhmhnwjl/mnt/vol0/My Documents/FOOTPRINTING/NT/Nmapnt/nmapNT-src/libpcap-possiblymodified/pcap-linux.c
/tmp/agentic-sift-evidence-mhmhnwjl/mnt/vol0/My Documents/FOOTPRINTING/NT/Nmapnt/nmapNT-src/libpcap-possiblymodified/pcap-nit.c
/tmp/agentic-sift-evidence-mhmhnwjl/mnt/vol0/My Documents/FOOTPRINTING/NT/Nmapnt/nmapNT-src/libpcap-possiblymodified/pcap-nit.h
/tmp/agentic-sift-evidence-mhmhnwjl/mnt/vol0/My Documents/FOOTPRINTING/NT/Nmapnt/nmapNT-src/libpcap-possiblymodified/pcap-null.c
/tmp/agentic-sift-evidence-mhmhnwjl/mnt/vol0/My Documents/FOOTPRINTING/NT/Nmapnt/nmapNT-src/libpcap-possiblymodified/pcap-pf.c
/tmp/agentic-sift-evidence-mhmhnwjl/mnt/vol0/My Documents/FOOTPRINTING/NT/Nmapnt/nmapNT-src/libpcap-possiblymodified/pcap-pf.h
/tmp/agentic-sift-evidence-mhmhnwjl/mnt/vol0/My Documents/FOOTPRINTING/NT/Nmapnt/nmapNT-src/libpcap-possiblymodified/pcap-snit.c
/tmp/agentic-sift-evidence-mhmhnwjl/mnt/vol0/My Documents/FOOTPRINTING/NT/Nmapnt/nmapNT-src/libpcap-possiblymodified/pcap-snoop.c
/tmp/agentic-sift-evidence-mhmhnwjl/mnt/vol0/My Documents/FOOTPRINTING/NT/Nmapnt/nmapNT-src/libpcap-possiblymodified/pcap.3
/tmp/agentic-sift-evidence-mhmhnwjl/mnt/vol0/My Documents/FOOTPRINTING/NT/Nmapnt/nmapNT-src/libpcap-possiblymodified/pcap.c
/tmp/agentic-sift-evidence-mhmhnwjl/mnt/vol0/My Documents/FOOTPRINTING/NT/Nmapnt/nmapNT-src/libpcap-possiblymodified/pcap.h
/tmp/agentic-sift-evidence-mhmhnwjl/mnt/vol0/My Documents/FOOTPRINTING/NT/Nmapnt/nmapNT-src/libpcap-possiblymodified/ppp.h
/tmp/agentic-sift-evidence-mhmhnwjl/mnt/vol0/My Documents/FOOTPRINTING/NT/Nmapnt/nmapNT-src/libpcap-possiblymodified/README
/tmp/agentic-sift-evidence-mhmhnwjl/mnt/vol0/My Documents/FOOTPRINTING/NT/Nmapnt/nmapNT-src/libpcap-possiblymodified/savefile.c
/tmp/agentic-sift-evidence-mhmhnwjl/mnt/vol0/My Documents/FOOTPRINTING/NT/Nmapnt/nmapNT-src/libpcap-possiblymodified/scanner.l
/tmp/agentic-sift-evidence-mhmhnwjl/mnt/vol0/My Documents/FOOTPRINTING/NT/Nmapnt/nmapNT-src/libpcap-possiblymodified/SUNOS4/nit_if.o.sparc
/tmp/agentic-sift-evidence-mhmhnwjl/mnt/vol0/My Documents/FOOTPRINTING/NT/Nmapnt/nmapNT-src/libpcap-possiblymodified/SUNOS4/nit_if.o.sun3
/tmp/agentic-sift-evidence-mhmhnwjl/mnt/vol0/My Documents/FOOTPRINTING/NT/Nmapnt/nmapNT-src/libpcap-possiblymodified/SUNOS4/nit_if.o.sun4c.4.0.3c
/tmp/agentic-sift-evidence-mhmhnwjl/mnt/vol0/My Documents/FOOTPRINTING/NT/Nmapnt/nmapNT-src/libpcap-possiblymodified/VERSION
/tmp/agentic-sift-evidence-mhmhnwjl/mnt/vol0/My Documents/FOOTPRINTING/NT/Nmapnt/nmapNT-src/Makefile.in
/tmp/agentic-sift-evidence-mhmhnwjl/mnt/vol0/My Documents/FOOTPRINTING/NT/Nmapnt/nmapNT-src/nmap-2.53-1.spec
/tmp/agentic-sift-evidence-mhmhnwjl/mnt/vol0/My Documents/FOOTPRINTING/NT/Nmapnt/nmapNT-src/nmap-fingerprinting-article.txt
/tmp/agentic-sift-evidence-mhmhnwjl/mnt/vol0/My Documents/FOOTPRINTING/NT/Nmapnt/nmapNT-src/nmap-os-fingerprints
/tmp/agentic-sift-evidence-mhmhnwjl/mnt/vol0/My Documents/FOOTPRINTING/NT/Nmapnt/nmapNT-src/nmap-rpc
/tmp/agentic-sift-evidence-mhmhnwjl/mnt/vol0/My Documents/FOOTPRINTING/NT/Nmapnt/nmapNT-src/nmap-services
/tmp/agentic-sift-evidence-mhmhnwjl/mnt/vol0/My Documents/FOOTPRINTING/NT/Nmapnt/nmapNT-src/nmap.c
/tmp/agentic-sift-evidence-mhmhnwjl/mnt/vol0/My Documents/FOOTPRINTING/NT/Nmapnt/nmapNT-src/nmap.deprecated.txt
/tmp/agentic-sift-evidence-mhmhnwjl/mnt/vol0/My Documents/FOOTPRINTING/NT/Nmapnt/nmapNT-src/nmap.h
/tmp/agentic-sift-evidence-mhmhnwjl/mnt/vol0/My Documents/FOOTPRINTING/NT/Nmapnt/nmapNT-src/nmap.usage.txt
/tmp/agentic-sift-evidence-mhmhnwjl/mnt/vol0/My Documents/FOOTPRINTING/NT/Nmapnt/nmapNT-src/nmapfe/aclocal.m4
/tmp/agentic-sift-evidence-mhmhnwjl/mnt/vol0/My Documents/FOOTPRINTING/NT/Nmapnt/nmapNT-src/nmapfe/configure
/tmp/agentic-sift-evidence-mhmhnwjl/mnt/vol0/My Documents/FOOTPRINTING/NT/Nmapnt/nmapNT-src/nmapfe/configure.in
/tmp/agentic-sift-evidence-mhmhnwjl/mnt/vol0/My Documents/FOOTPRINTING/NT/Nmapnt/nmapNT-src/nmapfe/Makefile.in
/tmp/agentic-sift-evidence-mhmhnwjl/mnt/vol0/My Documents/FOOTPRINTING/NT/Nmapnt/nmapNT-src/nmapfe/nmapfe.c
/tmp/agentic-sift-evidence-mhmhnwjl/mnt/vol0/My Documents/FOOTPRINTING/NT/Nmapnt/nmapNT-src/nmapfe/nmapfe.h
/tmp/agentic-sift-evidence-mhmhnwjl/mnt/vol0/My Documents/FOOTPRINTING/NT/Nmapnt/nmapNT-src/nmapfe/nmapfe_sig.c
/tmp/agentic-sift-evidence-mhmhnwjl/mnt/vol0/My Documents/FOOTPRINTING/NT/Nmapnt/nmapNT-src/nmapfe/nmapfe_sig.h
/tmp/agentic-sift-evidence-mhmhnwjl/mnt/vol0/My Documents/FOOTPRINTING/NT/Nmapnt/nmapNT-src/nmapfe.1
/tmp/agentic-sift-evidence-mhmhnwjl/mnt/vol0/My Documents/FOOTPRINTING/NT/Nmapnt/nmapNT-src/nmapfe.desktop
/tmp/agentic-sift-evidence-mhmhnwjl/mnt/vol0/My Documents/FOOTPRINTING/NT/Nmapnt/nmapNT-src/nmapNT/Devioctl.h
/tmp/agentic-sift-evidence-mhmhnwjl/mnt/vol0/My Documents/FOOTPRINTING/NT/Nmapnt/nmapNT-src/nmapNT/globals.c
/tmp/agentic-sift-evidence-mhmhnwjl/mnt/vol0/My Documents/FOOTPRINTING/NT/Nmapnt/nmapNT-src/nmapNT/GNUC.H
/tmp/agentic-sift-evidence-mhmhnwjl/mnt/vol0/My Documents/FOOTPRINTING/NT/Nmapnt/nmapNT-src/nmapNT/ifaddrlist.h
/tmp/agentic-sift-evidence-mhmhnwjl/mnt/vol0/My Documents/FOOTPRINTING/NT/Nmapnt/nmapNT-src/nmapNT/IPExport.h
/tmp/agentic-sift-evidence-mhmhnwjl/mnt/vol0/My Documents/FOOTPRINTING/NT/Nmapnt/nmapNT-src/nmapNT/IPHlpApi.h
/tmp/agentic-sift-evidence-mhmhnwjl/mnt/vol0/My Documents/FOOTPRINTING/NT/Nmapnt/nmapNT-src/nmapNT/IPHlpApi.Lib
/tmp/agentic-sift-evidence-mhmhnwjl/mnt/vol0/My Documents/FOOTPRINTING/NT/Nmapnt/nmapNT-src/nmapNT/IPTypes.h
/tmp/agentic-sift-evidence-mhmhnwjl/mnt/vol0/My Documents/FOOTPRINTING/NT/Nmapnt/nmapNT-src/nmapNT/libpcap.lib
/tmp/agentic-sift-evidence-mhmhnwjl/mnt/vol0/My Documents/FOOTPRINTING/NT/Nmapnt/nmapNT-src/nmapNT/NET/Bpf.h
/tmp/agentic-sift-evidence-mhmhnwjl/mnt/vol0/My Documents/FOOTPRINTING/NT/Nmapnt/nmapNT-src/nmapNT/NET/bpf_filter.c
/tmp/agentic-sift-evidence-mhmhnwjl/mnt/vol0/My Documents/FOOTPRINTING/NT/Nmapnt/nmapNT-src/nmapNT/NET/if.h
/tmp/agentic-sift-evidence-mhmhnwjl/mnt/vol0/My Documents/FOOTPRINTING/NT/Nmapnt/nmapNT-src/nmapNT/NET/if_arp.h
/tmp/agentic-sift-evidence-mhmhnwjl/mnt/vol0/My Documents/FOOTPRINTING/NT/Nmapnt/nmapNT-src/nmapNT/NET/NETDB.H
/tmp/agentic-sift-evidence-mhmhnwjl/mnt/vol0/My Documents/FOOTPRINTING/NT/Nmapnt/nmapNT-src/nmapNT/NETINET/IF_ETHER.H
/tmp/agentic-sift-evidence-mhmhnwjl/mnt/vol0/My Documents/FOOTPRINTING/NT/Nmapnt/nmapNT-src/nmapNT/NETINET/IN_SYSTM.H
/tmp/agentic-sift-evidence-mhmhnwjl/mnt/vol0/My Documents/FOOTPRINTING/NT/Nmapnt/nmapNT-src/nmapNT/NETINET/IP.H
/tmp/agentic-sift-evidence-mhmhnwjl/mnt/vol0/My Documents/FOOTPRINTING/NT/Nmapnt/nmapNT-src/nmapNT/NETINET/IP_ICMP.H
/tmp/agentic-sift-evidence-mhmhnwjl/mnt/vol0/My Documents/FOOTPRINTING/NT/Nmapnt/nmapNT-src/nmapNT/NETINET/IP_VAR.H
/tmp/agentic-sift-evidence-mhmhnwjl/mnt/vol0/My Documents/FOOTPRINTING/NT/Nmapnt/nmapNT-src/nmapNT/NETINET/TCP.H
/tmp/agentic-sift-evidence-mhmhnwjl/mnt/vol0/My Documents/FOOTPRINTING/NT/Nmapnt/nmapNT-src/nmapNT/NETINET/TCPIP.H
/tmp/agentic-sift-evidence-mhmhnwjl/mnt/vol0/My Documents/FOOTPRINTING/NT/Nmapnt/nmapNT-src/nmapNT/NETINET/TCP_VAR.H
/tmp/agentic-sift-evidence-mhmhnwjl/mnt/vol0/My Documents/FOOTPRINTING/NT/Nmapnt/nmapNT-src/nmapNT/NETINET/UDP.H
/tmp/agentic-sift-evidence-mhmhnwjl/mnt/vol0/My Documents/FOOTPRINTING/NT/Nmapnt/nmapNT-src/nmapNT/NETINET/UDP_VAR.H
/tmp/agentic-sift-evidence-mhmhnwjl/mnt/vol0/My Documents/FOOTPRINTING/NT/Nmapnt/nmapNT-src/nmapNT/nmap-os-fingerprints
/tmp/agentic-sift-evidence-mhmhnwjl/mnt/vol0/My Documents/FOOTPRINTING/NT/Nmapnt/nmapNT-src/nmapNT/nmap-rpc
/tmp/agentic-sift-evidence-mhmhnwjl/mnt/vol0/My Documents/FOOTPRINTING/NT/Nmapnt/nmapNT-src/nmapNT/nmap-services
/tmp/agentic-sift-evidence-mhmhnwjl/mnt/vol0/My Documents/FOOTPRINTING/NT/Nmapnt/nmapNT-src/nmapNT/nmapNT.dep
/tmp/agentic-sift-evidence-mhmhnwjl/mnt/vol0/My Documents/FOOTPRINTING/NT/Nmapnt/nmapNT-src/nmapNT/nmapNT.dsp
/tmp/agentic-sift-evidence-mhmhnwjl/mnt/vol0/My Documents/FOOTPRINTING/NT/Nmapnt/nmapNT-src/nmapNT/nmapNT.dsw
/tmp/agentic-sift-evidence-mhmhnwjl/mnt/vol0/My Documents/FOOTPRINTING/NT/Nmapnt/nmapNT-src/nmapNT/nmapNT.mak
/tmp/agentic-sift-evidence-mhmhnwjl/mnt/vol0/My Documents/FOOTPRINTING/NT/Nmapnt/nmapNT-src/nmapNT/nmapNT.ncb
/tmp/agentic-sift-evidence-mhmhnwjl/mnt/vol0/My Documents/FOOTPRINTING/NT/Nmapnt/nmapNT-src/nmapNT/nmapNT.opt
/tmp/agentic-sift-evidence-mhmhnwjl/mnt/vol0/My Documents/FOOTPRINTING/NT/Nmapnt/nmapNT-src/nmapNT/nmapNT.plg
/tmp/agentic-sift-evidence-mhmhnwjl/mnt/vol0/My Documents/FOOTPRINTING/NT/Nmapnt/nmapNT-src/nmapNT/NTDDNDIS.H
/tmp/agentic-sift-evidence-mhmhnwjl/mnt/vol0/My Documents/FOOTPRINTING/NT/Nmapnt/nmapNT-src/nmapNT/Ntddpack.h
/tmp/agentic-sift-evidence-mhmhnwjl/mnt/vol0/My Documents/FOOTPRINTING/NT/Nmapnt/nmapNT-src/nmapNT/PACKET32.H
/tmp/agentic-sift-evidence-mhmhnwjl/mnt/vol0/My Documents/FOOTPRINTING/NT/Nmapnt/nmapNT-src/nmapNT/packet_types.h
/tmp/agentic-sift-evidence-mhmhnwjl/mnt/vol0/My Documents/FOOTPRINTING/NT/Nmapnt/nmapNT-src/nmapNT/Pcap.h
/tmp/agentic-sift-evidence-mhmhnwjl/mnt/vol0/My Documents/FOOTPRINTING/NT/Nmapnt/nmapNT-src/nmapNT/RPC/Rpc_cut.h
/tmp/agentic-sift-evidence-mhmhnwjl/mnt/vol0/My Documents/FOOTPRINTING/NT/Nmapnt/nmapNT-src/nmapNT/snmphlpr.c
/tmp/agentic-sift-evidence-mhmhnwjl/mnt/vol0/My Documents/FOOTPRINTING/NT/Nmapnt/nmapNT-src/nmapNT/UNISTD.H
/tmp/agentic-sift-evidence-mhmhnwjl/mnt/vol0/My Documents/FOOTPRINTING/NT/Nmapnt/nmapNT-src/nmapNT/winclude.h
/tmp/agentic-sift-evidence-mhmhnwjl/mnt/vol0/My Documents/FOOTPRINTING/NT/Nmapnt/nmapNT-src/nmapNT/winfix.c
/tmp/agentic-sift-evidence-mhmhnwjl/mnt/vol0/My Documents/FOOTPRINTING/NT/Nmapnt/nmapNT-src/nmapNT/winfix.h
/tmp/agentic-sift-evidence-mhmhnwjl/mnt/vol0/My Documents/FOOTPRINTING/NT/Nmapnt/nmapNT-src/nmapNT/wintcpip.c
/tmp/agentic-sift-evidence-mhmhnwjl/mnt/vol0/My Documents/FOOTPRINTING/NT/Nmapnt/nmapNT-src/nmap_doc.html
/tmp/agentic-sift-evidence-mhmhnwjl/mnt/vol0/My Documents/FOOTPRINTING/NT/Nmapnt/nmapNT-src/nmap_manpage-es.html
/tmp/agentic-sift-evidence-mhmhnwjl/mnt/vol0/My Documents/FOOTPRINTING/NT/Nmapnt/nmapNT-src/nmap_manpage-fr.html
/tmp/agentic-sift-evidence-mhmhnwjl/mnt/vol0/My Documents/FOOTPRINTING/NT/Nmapnt/nmapNT-src/nmap_manpage.html
/tmp/agentic-sift-evidence-mhmhnwjl/mnt/vol0/My Documents/FOOTPRINTING/NT/Nmapnt/nmapNT-src/osscan.c
/tmp/agentic-sift-evidence-mhmhnwjl/mnt/vol0/My Documents/FOOTPRINTING/NT/Nmapnt/nmapNT-src/osscan.h
/tmp/agentic-sift-evidence-mhmhnwjl/mnt/vol0/My Documents/FOOTPRINTING/NT/Nmapnt/nmapNT-src/portlist.c
/tmp/agentic-sift-evidence-mhmhnwjl/mnt/vol0/My Documents/FOOTPRINTING/NT/Nmapnt/nmapNT-src/portlist.h
/tmp/agentic-sift-evidence-mhmhnwjl/mnt/vol0/My Documents/FOOTPRINTING/NT/Nmapnt/nmapNT-src/README
/tmp/agentic-sift-evidence-mhmhnwjl/mnt/vol0/My Documents/FOOTPRINTING/NT/Nmapnt/nmapNT-src/rpc.c
/tmp/agentic-sift-evidence-mhmhnwjl/mnt/vol0/My Documents/FOOTPRINTING/NT/Nmapnt/nmapNT-src/rpc.h
/tmp/agentic-sift-evidence-mhmhnwjl/mnt/vol0/My Documents/FOOTPRINTING/NT/Nmapnt/nmapNT-src/services.c
/tmp/agentic-sift-evidence-mhmhnwjl/mnt/vol0/My Documents/FOOTPRINTING/NT/Nmapnt/nmapNT-src/services.h
/tmp/agentic-sift-evidence-mhmhnwjl/mnt/vol0/My Documents/FOOTPRINTING/NT/Nmapnt/nmapNT-src/shtool
/tmp/agentic-sift-evidence-mhmhnwjl/mnt/vol0/My Documents/FOOTPRINTING/NT/Nmapnt/nmapNT-src/snprintf.c
/tmp/agentic-sift-evidence-mhmhnwjl/mnt/vol0/My Documents/FOOTPRINTING/NT/Nmapnt/nmapNT-src/targets.c
/tmp/agentic-sift-evidence-mhmhnwjl/mnt/vol0/My Documents/FOOTPRINTING/NT/Nmapnt/nmapNT-src/targets.h
/tmp/agentic-sift-evidence-mhmhnwjl/mnt/vol0/My Documents/FOOTPRINTING/NT/Nmapnt/nmapNT-src/tcpip.c
/tmp/agentic-sift-evidence-mhmhnwjl/mnt/vol0/My Documents/FOOTPRINTING/NT/Nmapnt/nmapNT-src/tcpip.h
/tmp/agentic-sift-evidence-mhmhnwjl/mnt/vol0/My Documents/FOOTPRINTING/NT/Nmapnt/nmapNT-src/utils.c
/tmp/agentic-sift-evidence-mhmhnwjl/mnt/vol0/My Documents/FOOTPRINTING/NT/Nmapnt/nmapNT-src/utils.h
/tmp/agentic-sift-evidence-mhmhnwjl/mnt/vol0/My Documents/FOOTPRINTING/NT/Nmapnt/nmapNT-src/xnmap.1
/tmp/agentic-sift-evidence-mhmhnwjl/mnt/vol0/My Documents/FOOTPRINTING/NT/Nmapnt/nmapNT.exe
/tmp/agentic-sift-evidence-mhmhnwjl/mnt/vol0/My Documents/FOOTPRINTING/NT/Nmapnt/README
/tmp/agentic-sift-evidence-mhmhnwjl/mnt/vol0/My Documents/FOOTPRINTING/NT/nmapntsp1.zip
/tmp/agentic-sift-evidence-mhmhnwjl/mnt/vol0/My Documents/FOOTPRINTING/NT/NSTPro2/DATA.TAG
/tmp/agentic-sift-evidence-mhmhnwjl/mnt/vol0/My Documents/FOOTPRINTING/NT/NSTPro2/data1.cab
/tmp/agentic-sift-evidence-mhmhnwjl/mnt/vol0/My Documents/FOOTPRINTING/NT/NSTPro2/lang.dat
/tmp/agentic-sift-evidence-mhmhnwjl/mnt/vol0/My Documents/FOOTPRINTING/NT/NSTPro2/layout.bin
/tmp/agentic-sift-evidence-mhmhnwjl/mnt/vol0/My Documents/FOOTPRINTING/NT/NSTPro2/nstp2kr2.zip
/tmp/agentic-sift-evidence-mhmhnwjl/mnt/vol0/My Documents/FOOTPRINTING/NT/NSTPro2/os.dat
/tmp/agentic-sift-evidence-mhmhnwjl/mnt/vol0/My Documents/FOOTPRINTING/NT/NSTPro2/setup.bmp
/tmp/agentic-sift-evidence-mhmhnwjl/mnt/vol0/My Documents/FOOTPRINTING/NT/NSTPro2/SETUP.EXE
/tmp/agentic-sift-evidence-mhmhnwjl/mnt/vol0/My Documents/FOOTPRINTING/NT/NSTPro2/SETUP.INI
/tmp/agentic-sift-evidence-mhmhnwjl/mnt/vol0/My Documents/FOOTPRINTING/NT/NSTPro2/setup.ins
/tmp/agentic-sift-evidence-mhmhnwjl/mnt/vol0/My Documents/FOOTPRINTING/NT/NSTPro2/setup.lid
/tmp/agentic-sift-evidence-mhmhnwjl/mnt/vol0/My Documents/FOOTPRINTING/NT/NSTPro2/_INST32I.EX_
/tmp/agentic-sift-evidence-mhmhnwjl/mnt/vol0/My Documents/FOOTPRINTING/NT/NSTPro2/_ISDEL.EXE
/tmp/agentic-sift-evidence-mhmhnwjl/mnt/vol0/My Documents/FOOTPRINTING/NT/NSTPro2/_SETUP.DLL
/tmp/agentic-sift-evidence-mhmhnwjl/mnt/vol0/My Documents/FOOTPRINTING/NT/NSTPro2/_sys1.cab
/tmp/agentic-sift-evidence-mhmhnwjl/mnt/vol0/My Documents/FOOTPRINTING/NT/NSTPro2/_user1.cab
/tmp/agentic-sift-evidence-mhmhnwjl/mnt/vol0/My Documents/FOOTPRINTING/NT/spade114.exe
/tmp/agentic-sift-evidence-mhmhnwjl/mnt/vol0/My Documents/FOOTPRINTING/NT/superscan/superscan.exe
/tmp/agentic-sift-evidence-mhmhnwjl/mnt/vol0/My Documents/FOOTPRINTING/NT/vr54a.exe
/tmp/agentic-sift-evidence-mhmhnwjl/mnt/vol0/My Documents/FOOTPRINTING/NT/wspingpropack/v201v210(2).exe
/tmp/agentic-sift-evidence-mhmhnwjl/mnt/vol0/My Documents/FOOTPRINTING/NT/wspingpropack/wsp_eval.exe
/tmp/agentic-sift-evidence-mhmhnwjl/mnt/vol0/My Documents/FOOTPRINTING/UNIX/readme.txt
/tmp/agentic-sift-evidence-mhmhnwjl/mnt/vol0/My Documents/FOOTPRINTING/UNIX/unix_hack.tgz
/tmp/agentic-sift-evidence-mhmhnwjl/mnt/vol0/My Documents/MISCELLANEOUS/MSSQL/ISQLW.EXE
/tmp/agentic-sift-evidence-mhmhnwjl/mnt/vol0/My Documents/MISCELLANEOUS/MSSQL/ISQLW.HLP
/tmp/agentic-sift-evidence-mhmhnwjl/mnt/vol0/My Documents/MISCELLANEOUS/MSSQL/NTWDBLIB.DLL
/tmp/agentic-sift-evidence-mhmhnwjl/mnt/vol0/My Documents/MISCELLANEOUS/MSSQL/SQLGUI32.DLL
/tmp/agentic-sift-evidence-mhmhnwjl/mnt/vol0/My Documents/MISCELLANEOUS/MSSQL/SQLQRY32.DLL
/tmp/agentic-sift-evidence-mhmhnwjl/mnt/vol0/My Documents/MISCELLANEOUS/MSSQL/SQLSVC32.DLL
/tmp/agentic-sift-evidence-mhmhnwjl/mnt/vol0/My Documents/MISCELLANEOUS/PhoneSweep/Sandstorm Enterprises, Inc..url
/tmp/agentic-sift-evidence-mhmhnwjl/mnt/vol0/My Documents/MISCELLANEOUS/ToneLoc.zip
/tmp/agentic-sift-evidence-mhmhnwjl/mnt/vol0/My Documents/NOVELL/BINDERY.DOC
/tmp/agentic-sift-evidence-mhmhnwjl/mnt/vol0/My Documents/NOVELL/BINDERY.EXE
/tmp/agentic-sift-evidence-mhmhnwjl/mnt/vol0/My Documents/NOVELL/bindery.zip
/tmp/agentic-sift-evidence-mhmhnwjl/mnt/vol0/My Documents/NOVELL/BINDIN.EXE
/tmp/agentic-sift-evidence-mhmhnwjl/mnt/vol0/My Documents/NOVELL/CHKNULL.EXE
/tmp/agentic-sift-evidence-mhmhnwjl/mnt/vol0/My Documents/NOVELL/dsbrowse.exe
/tmp/agentic-sift-evidence-mhmhnwjl/mnt/vol0/My Documents/NOVELL/hack.exe
/tmp/agentic-sift-evidence-mhmhnwjl/mnt/vol0/My Documents/NOVELL/hack.exe.pif
/tmp/agentic-sift-evidence-mhmhnwjl/mnt/vol0/My Documents/NOVELL/ndssnoop.exe
/tmp/agentic-sift-evidence-mhmhnwjl/mnt/vol0/My Documents/NOVELL/Nut18/NDELFILE.EXE
/tmp/agentic-sift-evidence-mhmhnwjl/mnt/vol0/My Documents/NOVELL/Nut18/NOPNFILE.EXE
/tmp/agentic-sift-evidence-mhmhnwjl/mnt/vol0/My Documents/NOVELL/Nut18/ADVERT.TXT
/tmp/agentic-sift-evidence-mhmhnwjl/mnt/vol0/My Documents/NOVELL/Nut18/NADDRESS.EXE
/tmp/agentic-sift-evidence-mhmhnwjl/mnt/vol0/My Documents/NOVELL/Nut18/NALLCARD.EXE
/tmp/agentic-sift-evidence-mhmhnwjl/mnt/vol0/My Documents/NOVELL/Nut18/NASKRPRN.EXE
/tmp/agentic-sift-evidence-mhmhnwjl/mnt/vol0/My Documents/NOVELL/Nut18/NCARD.EXE
/tmp/agentic-sift-evidence-mhmhnwjl/mnt/vol0/My Documents/NOVELL/Nut18/NCHGOWN.EXE
/tmp/agentic-sift-evidence-mhmhnwjl/mnt/vol0/My Documents/NOVELL/Nut18/NCHKCSYS.EXE
/tmp/agentic-sift-evidence-mhmhnwjl/mnt/vol0/My Documents/NOVELL/Nut18/NCHKMODM.EXE
/tmp/agentic-sift-evidence-mhmhnwjl/mnt/vol0/My Documents/NOVELL/Nut18/NCHKPASS.EXE
/tmp/agentic-sift-evidence-mhmhnwjl/mnt/vol0/My Documents/NOVELL/Nut18/NCHKRPRN.EXE
/tmp/agentic-sift-evidence-mhmhnwjl/mnt/vol0/My Documents/NOVELL/Nut18/NCMPDATE.EXE
/tmp/agentic-sift-evidence-mhmhnwjl/mnt/vol0/My Documents/NOVELL/Nut18/NCMPDRVR.EXE
/tmp/agentic-sift-evidence-mhmhnwjl/mnt/vol0/My Documents/NOVELL/Nut18/NCOPYIPX.EXE
/tmp/agentic-sift-evidence-mhmhnwjl/mnt/vol0/My Documents/NOVELL/Nut18/NCOPYNEW.EXE
/tmp/agentic-sift-evidence-mhmhnwjl/mnt/vol0/My Documents/NOVELL/Nut18/NCOPYSCR.EXE
/tmp/agentic-sift-evidence-mhmhnwjl/mnt/vol0/My Documents/NOVELL/Nut18/NCPY2SUB.EXE
/tmp/agentic-sift-evidence-mhmhnwjl/mnt/vol0/My Documents/NOVELL/Nut18/NDATEDIR.EXE
/tmp/agentic-sift-evidence-mhmhnwjl/mnt/vol0/My Documents/NOVELL/Nut18/NDELAY.EXE
/tmp/agentic-sift-evidence-mhmhnwjl/mnt/vol0/My Documents/NOVELL/Nut18/NDELPRNJ.EXE
/tmp/agentic-sift-evidence-mhmhnwjl/mnt/vol0/My Documents/NOVELL/Nut18/NDISK.EXE
/tmp/agentic-sift-evidence-mhmhnwjl/mnt/vol0/My Documents/NOVELL/Nut18/NDOSVER.EXE
/tmp/agentic-sift-evidence-mhmhnwjl/mnt/vol0/My Documents/NOVELL/Nut18/NEMSMEM.EXE
/tmp/agentic-sift-evidence-mhmhnwjl/mnt/vol0/My Documents/NOVELL/Nut18/NEQUA.EXE
/tmp/agentic-sift-evidence-mhmhnwjl/mnt/vol0/My Documents/NOVELL/Nut18/NEXPIRE.EXE
/tmp/agentic-sift-evidence-mhmhnwjl/mnt/vol0/My Documents/NOVELL/Nut18/NEXTMEM.EXE
/tmp/agentic-sift-evidence-mhmhnwjl/mnt/vol0/My Documents/NOVELL/Nut18/NFINDMSG.EXE
/tmp/agentic-sift-evidence-mhmhnwjl/mnt/vol0/My Documents/NOVELL/Nut18/NGETTIME.EXE
/tmp/agentic-sift-evidence-mhmhnwjl/mnt/vol0/My Documents/NOVELL/Nut18/NGROUP.EXE
/tmp/agentic-sift-evidence-mhmhnwjl/mnt/vol0/My Documents/NOVELL/Nut18/NINVENT.EXE
/tmp/agentic-sift-evidence-mhmhnwjl/mnt/vol0/My Documents/NOVELL/Nut18/NLOGADDR.EXE
/tmp/agentic-sift-evidence-mhmhnwjl/mnt/vol0/My Documents/NOVELL/Nut18/NLOGEVT.EXE
/tmp/agentic-sift-evidence-mhmhnwjl/mnt/vol0/My Documents/NOVELL/Nut18/NLOGMSG.EXE
/tmp/agentic-sift-evidence-mhmhnwjl/mnt/vol0/My Documents/NOVELL/Nut18/NMANPCON.EXE
/tmp/agentic-sift-evidence-mhmhnwjl/mnt/vol0/My Documents/NOVELL/Nut18/NMARK.EXE
/tmp/agentic-sift-evidence-mhmhnwjl/mnt/vol0/My Documents/NOVELL/Nut18/NMEM.EXE
/tmp/agentic-sift-evidence-mhmhnwjl/mnt/vol0/My Documents/NOVELL/Nut18/NMHS2TXT.EXE
/tmp/agentic-sift-evidence-mhmhnwjl/mnt/vol0/My Documents/NOVELL/Nut18/NPHONE.EXE
/tmp/agentic-sift-evidence-mhmhnwjl/mnt/vol0/My Documents/NOVELL/Nut18/NQUOTES.EXE
/tmp/agentic-sift-evidence-mhmhnwjl/mnt/vol0/My Documents/NOVELL/Nut18/NQUOTES.TXT
/tmp/agentic-sift-evidence-mhmhnwjl/mnt/vol0/My Documents/NOVELL/Nut18/NRPTBIND.EXE
/tmp/agentic-sift-evidence-mhmhnwjl/mnt/vol0/My Documents/NOVELL/Nut18/NRPTCONN.EXE
/tmp/agentic-sift-evidence-mhmhnwjl/mnt/vol0/My Documents/NOVELL/Nut18/NRPTEQUA.EXE
/tmp/agentic-sift-evidence-mhmhnwjl/mnt/vol0/My Documents/NOVELL/Nut18/NRPTMHS.EXE
/tmp/agentic-sift-evidence-mhmhnwjl/mnt/vol0/My Documents/NOVELL/Nut18/NRPTMHSU.EXE
/tmp/agentic-sift-evidence-mhmhnwjl/mnt/vol0/My Documents/NOVELL/Nut18/NRPTOWN.EXE
/tmp/agentic-sift-evidence-mhmhnwjl/mnt/vol0/My Documents/NOVELL/Nut18/NRPTPCON.EXE
/tmp/agentic-sift-evidence-mhmhnwjl/mnt/vol0/My Documents/NOVELL/Nut18/NRPTSCRP.EXE
/tmp/agentic-sift-evidence-mhmhnwjl/mnt/vol0/My Documents/NOVELL/Nut18/NRPTSUB.EXE
/tmp/agentic-sift-evidence-mhmhnwjl/mnt/vol0/My Documents/NOVELL/Nut18/NSCANDIR.EXE
/tmp/agentic-sift-evidence-mhmhnwjl/mnt/vol0/My Documents/NOVELL/Nut18/NSCRIPT.EXE
/tmp/agentic-sift-evidence-mhmhnwjl/mnt/vol0/My Documents/NOVELL/Nut18/NSELPRNJ.EXE
/tmp/agentic-sift-evidence-mhmhnwjl/mnt/vol0/My Documents/NOVELL/Nut18/NSETTIME.EXE
/tmp/agentic-sift-evidence-mhmhnwjl/mnt/vol0/My Documents/NOVELL/Nut18/NSLIST.EXE
/tmp/agentic-sift-evidence-mhmhnwjl/mnt/vol0/My Documents/NOVELL/Nut18/NSTRING.EXE
/tmp/agentic-sift-evidence-mhmhnwjl/mnt/vol0/My Documents/NOVELL/Nut18/NSUBOWN.EXE
/tmp/agentic-sift-evidence-mhmhnwjl/mnt/vol0/My Documents/NOVELL/Nut18/NTRAFFIC.EXE
/tmp/agentic-sift-evidence-mhmhnwjl/mnt/vol0/My Documents/NOVELL/Nut18/NUTIL.DOC
/tmp/agentic-sift-evidence-mhmhnwjl/mnt/vol0/My Documents/NOVELL/Nut18/NXMSMEM.EXE
/tmp/agentic-sift-evidence-mhmhnwjl/mnt/vol0/My Documents/NOVELL/Nut18/README.1ST
/tmp/agentic-sift-evidence-mhmhnwjl/mnt/vol0/My Documents/NOVELL/Nut18/REGISTER.FRM
/tmp/agentic-sift-evidence-mhmhnwjl/mnt/vol0/My Documents/NOVELL/Nut18/SHELLUP.ZIP
/tmp/agentic-sift-evidence-mhmhnwjl/mnt/vol0/My Documents/NOVELL/Nut18/SUMMARY.DOC
/tmp/agentic-sift-evidence-mhmhnwjl/mnt/vol0/My Documents/NOVELL/Nut18/ULIST.EXE
/tmp/agentic-sift-evidence-mhmhnwjl/mnt/vol0/My Documents/NOVELL/Nut18/WHATSNEW.700
/tmp/agentic-sift-evidence-mhmhnwjl/mnt/vol0/My Documents/NOVELL/Pandora (use under Linux)/ORIGNAME
/tmp/agentic-sift-evidence-mhmhnwjl/mnt/vol0/My Documents/NOVELL/Pandora (use under Linux)/PANDORA.TGZ
/tmp/agentic-sift-evidence-mhmhnwjl/mnt/vol0/My Documents/NOVELL/readme.txt
/tmp/agentic-sift-evidence-mhmhnwjl/mnt/vol0/My Documents/NOVELL/snlist.exe
/tmp/agentic-sift-evidence-mhmhnwjl/mnt/vol0/My Documents/NOVELL/USERDUMP.EXE
/tmp/agentic-sift-evidence-mhmhnwjl/mnt/vol0/My Documents/NOVELL/USERINFO.DOC
/tmp/agentic-sift-evidence-mhmhnwjl/mnt/vol0/My Documents/NOVELL/USERINFO.EXE
/tmp/agentic-sift-evidence-mhmhnwjl/mnt/vol0/My Documents/NOVELL/view.exe
/tmp/agentic-sift-evidence-mhmhnwjl/mnt/vol0/My Documents/NOVELL/view.exe.pif
