/tmp/agentic-sift-evidence-mhmhnwjl/mnt/vol0
/tmp/agentic-sift-evidence-mhmhnwjl/mnt/vol0/DETLOG.TXT
/tmp/agentic-sift-evidence-mhmhnwjl/mnt/vol0/Documents and Settings
/tmp/agentic-sift-evidence-mhmhnwjl/mnt/vol0/FRUNLOG.TXT
/tmp/agentic-sift-evidence-mhmhnwjl/mnt/vol0/hiberfil.sys
/tmp/agentic-sift-evidence-mhmhnwjl/mnt/vol0/IO.SYS
/tmp/agentic-sift-evidence-mhmhnwjl/mnt/vol0/MSDOS.---
/tmp/agentic-sift-evidence-mhmhnwjl/mnt/vol0/MSDOS.SYS
/tmp/agentic-sift-evidence-mhmhnwjl/mnt/vol0/My Documents
/tmp/agentic-sift-evidence-mhmhnwjl/mnt/vol0/NETLOG.TXT
/tmp/agentic-sift-evidence-mhmhnwjl/mnt/vol0/ntdetect.com
/tmp/agentic-sift-evidence-mhmhnwjl/mnt/vol0/ntldr
/tmp/agentic-sift-evidence-mhmhnwjl/mnt/vol0/pagefile.sys
/tmp/agentic-sift-evidence-mhmhnwjl/mnt/vol0/Program Files
/tmp/agentic-sift-evidence-mhmhnwjl/mnt/vol0/RECYCLER
/tmp/agentic-sift-evidence-mhmhnwjl/mnt/vol0/SETUPLOG.TXT
/tmp/agentic-sift-evidence-mhmhnwjl/mnt/vol0/SUHDLOG.DAT
/tmp/agentic-sift-evidence-mhmhnwjl/mnt/vol0/System Volume Information
/tmp/agentic-sift-evidence-mhmhnwjl/mnt/vol0/SYSTEM.1ST
/tmp/agentic-sift-evidence-mhmhnwjl/mnt/vol0/Temp
/tmp/agentic-sift-evidence-mhmhnwjl/mnt/vol0/VIDEOROM.BIN
/tmp/agentic-sift-evidence-mhmhnwjl/mnt/vol0/WIN98
/tmp/agentic-sift-evidence-mhmhnwjl/mnt/vol0/WINDOWS
/tmp/agentic-sift-evidence-mhmhnwjl/mnt/vol0/$AttrDef
/tmp/agentic-sift-evidence-mhmhnwjl/mnt/vol0/$BadClus
/tmp/agentic-sift-evidence-mhmhnwjl/mnt/vol0/$Bitmap
/tmp/agentic-sift-evidence-mhmhnwjl/mnt/vol0/$Boot
/tmp/agentic-sift-evidence-mhmhnwjl/mnt/vol0/$Extend
/tmp/agentic-sift-evidence-mhmhnwjl/mnt/vol0/$LogFile
/tmp/agentic-sift-evidence-mhmhnwjl/mnt/vol0/$MFT
/tmp/agentic-sift-evidence-mhmhnwjl/mnt/vol0/$MFTMirr
/tmp/agentic-sift-evidence-mhmhnwjl/mnt/vol0/$Secure
/tmp/agentic-sift-evidence-mhmhnwjl/mnt/vol0/$UpCase
/tmp/agentic-sift-evidence-mhmhnwjl/mnt/vol0/$Volume
/tmp/agentic-sift-evidence-mhmhnwjl/mnt/vol0/AUTOEXEC.BAT
/tmp/agentic-sift-evidence-mhmhnwjl/mnt/vol0/boot.ini
/tmp/agentic-sift-evidence-mhmhnwjl/mnt/vol0/BOOTLOG.PRV
/tmp/agentic-sift-evidence-mhmhnwjl/mnt/vol0/BOOTLOG.TXT
/tmp/agentic-sift-evidence-mhmhnwjl/mnt/vol0/BOOTSECT.DOS
/tmp/agentic-sift-evidence-mhmhnwjl/mnt/vol0/COMMAND.COM
/tmp/agentic-sift-evidence-mhmhnwjl/mnt/vol0/CONFIG.SYS
