MFT Entry Header Values:
Entry: 10979        Sequence: 2
$LogFile Sequence Number: 36691948
Allocated File
Links: 1

$STANDARD_INFORMATION Attribute Values:
Flags: Archive
Owner ID: 0
Security ID: 330  (S-1-5-21-2000478354-688789844-1708537768-1003)
Created:	2004-08-20 15:25:45.274075200 (UTC)
File Modified:	2004-08-20 15:25:48.278395200 (UTC)
MFT Modified:	2004-08-20 15:25:48.278395200 (UTC)
Accessed:	2004-08-20 15:25:48.278395200 (UTC)

$FILE_NAME Attribute Values:
Flags: Archive
Name: drwtsn32.log
Parent MFT Entry: 10977 	Sequence: 2
Allocated Size: 0   	Actual Size: 0
Created:	2004-08-20 15:25:45.274075200 (UTC)
File Modified:	2004-08-20 15:25:45.274075200 (UTC)
MFT Modified:	2004-08-20 15:25:45.274075200 (UTC)
Accessed:	2004-08-20 15:25:45.274075200 (UTC)

Attributes: 
Type: $STANDARD_INFORMATION (16-0)   Name: N/A   Resident   size: 72
Type: $FILE_NAME (48-2)   Name: N/A   Resident   size: 90
Type: $DATA (128-3)   Name: N/A   Non-Resident   size: 37044  init_size: 37044
5160328 5160329 5160330 5160331 5160332 5160333 5160334 5160335 
5160336 5160337 5160338 5160339 5160340 5160341 5160342 5160343 
5160344 5160345 5160346 5160347 5160348 5160349 5160350 5160351 
5160352 5160353 5160354 5160355 5160356 5160357 5160358 5160359 
5160360 5160361 5160362 5160363 5160364 5160365 5160366 5160367 
5160368 5160369 5160370 5160371 5160372 5160373 5160374 5160375 
5160376 5160377 5160378 5160379 5160380 5160381 5160382 5160383 
5160384 5160385 5160386 5160387 5160388 5160389 5160390 5160391 
5160392 5160393 5160394 5160395 5160396 5160397 5160398 5160399 
5160400 
