/tmp/agentic-sift-evidence-mhmhnwjl/mnt/vol0/Documents and Settings/Mr. Evil
/tmp/agentic-sift-evidence-mhmhnwjl/mnt/vol0/Documents and Settings/Mr. Evil/Application Data
/tmp/agentic-sift-evidence-mhmhnwjl/mnt/vol0/Documents and Settings/Mr. Evil/Application Data/Ethereal
/tmp/agentic-sift-evidence-mhmhnwjl/mnt/vol0/Documents and Settings/Mr. Evil/Application Data/Identities
/tmp/agentic-sift-evidence-mhmhnwjl/mnt/vol0/Documents and Settings/Mr. Evil/Application Data/Identities/{EF086998-1115-4ECD-9B13-9ADC067B4929}
/tmp/agentic-sift-evidence-mhmhnwjl/mnt/vol0/Documents and Settings/Mr. Evil/Application Data/Microsoft
/tmp/agentic-sift-evidence-mhmhnwjl/mnt/vol0/Documents and Settings/Mr. Evil/Application Data/Microsoft/Address Book
/tmp/agentic-sift-evidence-mhmhnwjl/mnt/vol0/Documents and Settings/Mr. Evil/Application Data/Microsoft/Credentials
/tmp/agentic-sift-evidence-mhmhnwjl/mnt/vol0/Documents and Settings/Mr. Evil/Application Data/Microsoft/HTML Help
/tmp/agentic-sift-evidence-mhmhnwjl/mnt/vol0/Documents and Settings/Mr. Evil/Application Data/Microsoft/Internet Explorer
/tmp/agentic-sift-evidence-mhmhnwjl/mnt/vol0/Documents and Settings/Mr. Evil/Application Data/Microsoft/SystemCertificates
/tmp/agentic-sift-evidence-mhmhnwjl/mnt/vol0/Documents and Settings/Mr. Evil/Application Data/Microsoft/Windows
/tmp/agentic-sift-evidence-mhmhnwjl/mnt/vol0/Documents and Settings/Mr. Evil/Cookies
/tmp/agentic-sift-evidence-mhmhnwjl/mnt/vol0/Documents and Settings/Mr. Evil/Desktop
/tmp/agentic-sift-evidence-mhmhnwjl/mnt/vol0/Documents and Settings/Mr. Evil/Desktop/Tools
/tmp/agentic-sift-evidence-mhmhnwjl/mnt/vol0/Documents and Settings/Mr. Evil/Favorites
/tmp/agentic-sift-evidence-mhmhnwjl/mnt/vol0/Documents and Settings/Mr. Evil/Favorites/Links
/tmp/agentic-sift-evidence-mhmhnwjl/mnt/vol0/Documents and Settings/Mr. Evil/Local Settings
/tmp/agentic-sift-evidence-mhmhnwjl/mnt/vol0/Documents and Settings/Mr. Evil/Local Settings/Application Data
/tmp/agentic-sift-evidence-mhmhnwjl/mnt/vol0/Documents and Settings/Mr. Evil/Local Settings/Application Data/Identities
/tmp/agentic-sift-evidence-mhmhnwjl/mnt/vol0/Documents and Settings/Mr. Evil/Local Settings/Application Data/Microsoft
/tmp/agentic-sift-evidence-mhmhnwjl/mnt/vol0/Documents and Settings/Mr. Evil/Local Settings/History
/tmp/agentic-sift-evidence-mhmhnwjl/mnt/vol0/Documents and Settings/Mr. Evil/Local Settings/History/History.IE5
/tmp/agentic-sift-evidence-mhmhnwjl/mnt/vol0/Documents and Settings/Mr. Evil/Local Settings/Temp
/tmp/agentic-sift-evidence-mhmhnwjl/mnt/vol0/Documents and Settings/Mr. Evil/Local Settings/Temp/Temporary Directory 1 for powertoysetup.zip
/tmp/agentic-sift-evidence-mhmhnwjl/mnt/vol0/Documents and Settings/Mr. Evil/Local Settings/Temporary Internet Files
/tmp/agentic-sift-evidence-mhmhnwjl/mnt/vol0/Documents and Settings/Mr. Evil/Local Settings/Temporary Internet Files/Content.IE5
/tmp/agentic-sift-evidence-mhmhnwjl/mnt/vol0/Documents and Settings/Mr. Evil/My Documents
/tmp/agentic-sift-evidence-mhmhnwjl/mnt/vol0/Documents and Settings/Mr. Evil/My Documents/My Music
/tmp/agentic-sift-evidence-mhmhnwjl/mnt/vol0/Documents and Settings/Mr. Evil/My Documents/My Pictures
/tmp/agentic-sift-evidence-mhmhnwjl/mnt/vol0/Documents and Settings/Mr. Evil/NetHood
/tmp/agentic-sift-evidence-mhmhnwjl/mnt/vol0/Documents and Settings/Mr. Evil/NetHood/a on Andrews-1
/tmp/agentic-sift-evidence-mhmhnwjl/mnt/vol0/Documents and Settings/Mr. Evil/NetHood/andrews (c) on Andrews-1
/tmp/agentic-sift-evidence-mhmhnwjl/mnt/vol0/Documents and Settings/Mr. Evil/NetHood/CD Drive (F) on Andrews-1
/tmp/agentic-sift-evidence-mhmhnwjl/mnt/vol0/Documents and Settings/Mr. Evil/NetHood/d on Andrews-1
/tmp/agentic-sift-evidence-mhmhnwjl/mnt/vol0/Documents and Settings/Mr. Evil/NetHood/e on Andrews-1
/tmp/agentic-sift-evidence-mhmhnwjl/mnt/vol0/Documents and Settings/Mr. Evil/NetHood/Temp on m1200 (4.12.220.254)
/tmp/agentic-sift-evidence-mhmhnwjl/mnt/vol0/Documents and Settings/Mr. Evil/NetHood/Temp on N-1a9odn6zxk4lq
/tmp/agentic-sift-evidence-mhmhnwjl/mnt/vol0/Documents and Settings/Mr. Evil/PrintHood
/tmp/agentic-sift-evidence-mhmhnwjl/mnt/vol0/Documents and Settings/Mr. Evil/Recent
/tmp/agentic-sift-evidence-mhmhnwjl/mnt/vol0/Documents and Settings/Mr. Evil/SendTo
/tmp/agentic-sift-evidence-mhmhnwjl/mnt/vol0/Documents and Settings/Mr. Evil/Start Menu
/tmp/agentic-sift-evidence-mhmhnwjl/mnt/vol0/Documents and Settings/Mr. Evil/Start Menu/Programs
/tmp/agentic-sift-evidence-mhmhnwjl/mnt/vol0/Documents and Settings/Mr. Evil/Start Menu/Programs/123 WASP
/tmp/agentic-sift-evidence-mhmhnwjl/mnt/vol0/Documents and Settings/Mr. Evil/Start Menu/Programs/Accessories
/tmp/agentic-sift-evidence-mhmhnwjl/mnt/vol0/Documents and Settings/Mr. Evil/Start Menu/Programs/Agent Newsreader
/tmp/agentic-sift-evidence-mhmhnwjl/mnt/vol0/Documents and Settings/Mr. Evil/Start Menu/Programs/Anonymizer Toolbar
/tmp/agentic-sift-evidence-mhmhnwjl/mnt/vol0/Documents and Settings/Mr. Evil/Start Menu/Programs/Cain
/tmp/agentic-sift-evidence-mhmhnwjl/mnt/vol0/Documents and Settings/Mr. Evil/Start Menu/Programs/Startup
/tmp/agentic-sift-evidence-mhmhnwjl/mnt/vol0/Documents and Settings/Mr. Evil/Templates
