Active Internet connections (servers and established)
Proto Recv-Q Send-Q Local Address           Foreign Address         State      
tcp        0      0 localhost:ipp           0.0.0.0:*               LISTEN     
tcp        0      0 0.0.0.0:microsoft-ds    0.0.0.0:*               LISTEN     
tcp        0      0 0.0.0.0:netbios-ssn     0.0.0.0:*               LISTEN     
tcp        0      0 _localdnsproxy:domain   0.0.0.0:*               LISTEN     
tcp        0      0 0.0.0.0:ssh             0.0.0.0:*               LISTEN     
tcp        0      0 _localdnsstub:domain    0.0.0.0:*               LISTEN     
tcp        0      0 siftworkstation:46962   160.79.104.10:https     TIME_WAIT  
tcp        0      0 siftworkstation:39504   160.79.104.10:https     TIME_WAIT  
tcp        0      0 siftworkstation:39534   160.79.104.10:https     TIME_WAIT  
tcp        0      0 siftworkstation:52710   160.79.104.10:https     TIME_WAIT  
tcp        0      0 siftworkstation:39618   160.79.104.10:https     TIME_WAIT  
tcp        0      0 siftworkstation:39546   160.79.104.10:https     TIME_WAIT  
tcp        0      0 siftworkstation:45356   160.79.104.10:https     TIME_WAIT  
tcp        0      0 siftworkstation:39530   160.79.104.10:https     TIME_WAIT  
tcp        0      0 siftworkstation:45450   160.79.104.10:https     ESTABLISHED
tcp        0      0 siftworkstation:39560   160.79.104.10:https     TIME_WAIT  
tcp        0      0 siftworkstation:45382   160.79.104.10:https     TIME_WAIT  
tcp        0      0 siftworkstation:39590   160.79.104.10:https     TIME_WAIT  
tcp        0      0 siftworkstation:ssh     192.168.182.1:63149     ESTABLISHED
tcp        0      0 siftworkstation:39500   160.79.104.10:https     TIME_WAIT  
tcp        0      0 siftworkstation:39550   160.79.104.10:https     TIME_WAIT  
tcp        0      0 siftworkstation:45388   160.79.104.10:https     TIME_WAIT  
tcp        0      0 siftworkstation:55972   160.79.104.10:https     ESTABLISHED
tcp        0      0 siftworkstation:45438   160.79.104.10:https     TIME_WAIT  
tcp        0      0 siftworkstation:45370   160.79.104.10:https     TIME_WAIT  
tcp        0      0 siftworkstation:33050   160.79.104.10:https     TIME_WAIT  
tcp        0      0 siftworkstation:39630   160.79.104.10:https     TIME_WAIT  
tcp        0      0 siftworkstation:39588   160.79.104.10:https     TIME_WAIT  
tcp        0      0 siftworkstation:46972   160.79.104.10:https     TIME_WAIT  
tcp        0      0 siftworkstation:39602   160.79.104.10:https     TIME_WAIT  
tcp        0      0 siftworkstation:39640   160.79.104.10:https     TIME_WAIT  
tcp        0      0 siftworkstation:45394   160.79.104.10:https     ESTABLISHED
tcp        0      0 siftworkstation:55982   160.79.104.10:https     ESTABLISHED
tcp        0      0 siftworkstation:43154   160.79.104.10:https     TIME_WAIT  
tcp        0      0 siftworkstation:39596   160.79.104.10:https     TIME_WAIT  
tcp        0      0 siftworkstation:45424   160.79.104.10:https     ESTABLISHED
tcp        0      0 siftworkstation:45470   160.79.104.10:https     ESTABLISHED
tcp        0      0 siftworkstation:45400   160.79.104.10:https     TIME_WAIT  
tcp        0      0 siftworkstation:45404   160.79.104.10:https     TIME_WAIT  
tcp        0      0 siftworkstation:39514   160.79.104.10:https     TIME_WAIT  
tcp        0      1 siftworkstation:55990   160.79.104.10:https     SYN_SENT   
tcp        0      0 siftworkstation:39642   160.79.104.10:https     TIME_WAIT  
tcp        0      0 siftworkstation:39548   160.79.104.10:https     TIME_WAIT  
tcp        0      0 siftworkstation:55958   160.79.104.10:https     ESTABLISHED
tcp        0      0 siftworkstation:39572   160.79.104.10:https     TIME_WAIT  
tcp        0      0 siftworkstation:39592   160.79.104.10:https     TIME_WAIT  
tcp        0      0 siftworkstation:45416   160.79.104.10:https     ESTABLISHED
tcp        0      0 siftworkstation:39656   160.79.104.10:https     TIME_WAIT  
tcp        0      0 siftworkstation:45454   160.79.104.10:https     ESTABLISHED
tcp        0      0 siftworkstation:39666   160.79.104.10:https     TIME_WAIT  
tcp        0      0 siftworkstation:33038   160.79.104.10:https     TIME_WAIT  
tcp        0      0 siftworkstation:52708   160.79.104.10:https     TIME_WAIT  
tcp        0      0 siftworkstation:46954   160.79.104.10:https     TIME_WAIT  
tcp        0      0 siftworkstation:39516   160.79.104.10:https     TIME_WAIT  
tcp        0      0 siftworkstation:39658   160.79.104.10:https     TIME_WAIT  
tcp6       0      0 [::]:microsoft-ds       [::]:*                  LISTEN     
tcp6       0      0 [::]:netbios-ssn        [::]:*                  LISTEN     
tcp6       0      0 [::]:http               [::]:*                  LISTEN     
tcp6       0      0 [::]:ssh                [::]:*                  LISTEN     
tcp6       0      0 ip6-localhost:ipp       [::]:*                  LISTEN     
udp        0      0 0.0.0.0:2055            0.0.0.0:*                          
udp        0      0 0.0.0.0:53910           0.0.0.0:*                          
udp        0      0 0.0.0.0:mdns            0.0.0.0:*                          
udp        0      0 _localdnsproxy:domain   0.0.0.0:*                          
udp        0      0 _localdnsstub:domain    0.0.0.0:*                          
udp        0      0 siftworkstation:bootpc  192.168.182.254:bootps  ESTABLISHED
udp        0      0 172.17.255.2:netbios-ns 0.0.0.0:*                          
udp        0      0 siftworkstat:netbios-ns 0.0.0.0:*                          
udp        0      0 192.168.182.:netbios-ns 0.0.0.0:*                          
udp        0      0 siftworkstat:netbios-ns 0.0.0.0:*                          
udp        0      0 0.0.0.0:netbios-ns      0.0.0.0:*                          
udp        0      0 172.17.255.:netbios-dgm 0.0.0.0:*                          
udp        0      0 siftworksta:netbios-dgm 0.0.0.0:*                          
udp        0      0 192.168.182:netbios-dgm 0.0.0.0:*                          
udp        0      0 siftworksta:netbios-dgm 0.0.0.0:*                          
udp        0      0 0.0.0.0:netbios-dgm     0.0.0.0:*                          
udp6       0      0 [::]:mdns               [::]:*                             
udp6       0      0 [::]:47885              [::]:*                             
Active UNIX domain sockets (servers and established)
Proto RefCnt Flags       Type       State         I-Node   Path
unix  3      [ ]         STREAM     CONNECTED     14146    /run/user/1000/pipewire-0
unix  3      [ ]         STREAM     CONNECTED     13231    
unix  3      [ ]         STREAM     CONNECTED     19570    
unix  3      [ ]         STREAM     CONNECTED     6849     
unix  3      [ ]         STREAM     CONNECTED     7998     
unix  3      [ ]         STREAM     CONNECTED     13946    /run/systemd/journal/stdout
unix  3      [ ]         STREAM     CONNECTED     18139    /run/user/1000/bus
unix  3      [ ]         STREAM     CONNECTED     13718    
unix  3      [ ]         STREAM     CONNECTED     6933     /run/systemd/journal/stdout
unix  3      [ ]         STREAM     CONNECTED     12390    
unix  3      [ ]         STREAM     CONNECTED     14134    /run/user/1000/at-spi/bus
unix  3      [ ]         STREAM     CONNECTED     14035    /run/systemd/journal/stdout
unix  3      [ ]         STREAM     CONNECTED     18384    
unix  3      [ ]         STREAM     CONNECTED     18159    
unix  3      [ ]         DGRAM      CONNECTED     8955     
unix  3      [ ]         STREAM     CONNECTED     301134   
unix  3      [ ]         STREAM     CONNECTED     93232    
unix  3      [ ]         STREAM     CONNECTED     15864    
unix  3      [ ]         STREAM     CONNECTED     14982    /run/dbus/system_bus_socket
unix  3      [ ]         STREAM     CONNECTED     16820    /run/user/1000/bus
unix  2      [ ]         DGRAM                    12387    
unix  3      [ ]         STREAM     CONNECTED     43520    
unix  3      [ ]         STREAM     CONNECTED     16901    /run/dbus/system_bus_socket
unix  3      [ ]         STREAM     CONNECTED     18155    
unix  2      [ ]         DGRAM      CONNECTED     7395     
unix  3      [ ]         STREAM     CONNECTED     40502    /run/user/1000/at-spi/bus
unix  3      [ ]         STREAM     CONNECTED     15832    
unix  3      [ ]         STREAM     CONNECTED     14981    
unix  3      [ ]         STREAM     CONNECTED     7047     
unix  3      [ ]         STREAM     CONNECTED     8180     
unix  3      [ ]         STREAM     CONNECTED     10119    
unix  3      [ ]         STREAM     CONNECTED     93233    /run/dbus/system_bus_socket
unix  3      [ ]         STREAM     CONNECTED     13964    /run/systemd/journal/stdout
unix  2      [ ]         DGRAM      CONNECTED     18112    /run/samba/msg.sock/1614
unix  3      [ ]         STREAM     CONNECTED     12349    /run/dbus/system_bus_socket
unix  2      [ ACC ]     STREAM     LISTENING     7392     /run/systemd/journal/io.systemd.journal
unix  2      [ ]         DGRAM                    18697    
unix  3      [ ]         STREAM     CONNECTED     13968    /run/systemd/journal/stdout
unix  3      [ ]         STREAM     CONNECTED     18132    
unix  3      [ ]         STREAM     CONNECTED     12596    /run/dbus/system_bus_socket
unix  3      [ ]         STREAM     CONNECTED     19605    
unix  3      [ ]         STREAM     CONNECTED     18624    
unix  3      [ ]         STREAM     CONNECTED     15745    
unix  3      [ ]         STREAM     CONNECTED     14968    
unix  3      [ ]         STREAM     CONNECTED     12180    
unix  3      [ ]         DGRAM      CONNECTED     12712    
unix  3      [ ]         STREAM     CONNECTED     15501    
unix  3      [ ]         STREAM     CONNECTED     14145    
unix  3      [ ]         STREAM     CONNECTED     11172    /run/systemd/journal/stdout
unix  2      [ ]         DGRAM      CONNECTED     12304    
unix  3      [ ]         STREAM     CONNECTED     12348    /run/dbus/system_bus_socket
unix  3      [ ]         STREAM     CONNECTED     32530    
unix  3      [ ]         STREAM     CONNECTED     16882    
unix  3      [ ]         STREAM     CONNECTED     18160    /run/user/1000/bus
unix  3      [ ]         STREAM     CONNECTED     89728    
unix  2      [ ]         DGRAM                    7075     
unix  3      [ ]         STREAM     CONNECTED     12307    /run/systemd/journal/stdout
unix  3      [ ]         STREAM     CONNECTED     14107    
unix  3      [ ]         STREAM     CONNECTED     12125    
unix  2      [ ]         DGRAM      CONNECTED     18131    
unix  2      [ ]         DGRAM      CONNECTED     12679    
unix  3      [ ]         STREAM     CONNECTED     6843     
unix  3      [ ]         STREAM     CONNECTED     8051     
unix  3      [ ]         STREAM     CONNECTED     19617    /run/user/1000/bus
unix  3      [ ]         STREAM     CONNECTED     14142    
unix  3      [ ]         STREAM     CONNECTED     19522    /run/dbus/system_bus_socket
unix  3      [ ]         STREAM     CONNECTED     18601    /run/user/1000/bus
unix  3      [ ]         STREAM     CONNECTED     16928    /run/user/1000/bus
unix  3      [ ]         STREAM     CONNECTED     298905   /run/user/1000/gvfsd/socket-YbOxUPbZ
unix  3      [ ]         STREAM     CONNECTED     19669    /run/systemd/journal/stdout
unix  2      [ ]         DGRAM      CONNECTED     13728    /run/samba/msg.sock/1636
unix  3      [ ]         STREAM     CONNECTED     43570    /run/user/1000/gvfsd/socket-GPYoyjhq
unix  3      [ ]         STREAM     CONNECTED     7106     /run/containerd/containerd.sock
unix  3      [ ]         STREAM     CONNECTED     12357    /run/dbus/system_bus_socket
unix  3      [ ]         STREAM     CONNECTED     11049    /run/systemd/journal/stdout
unix  2      [ ]         DGRAM      CONNECTED     11537    
unix  3      [ ]         STREAM     CONNECTED     43522    
unix  3      [ ]         STREAM     CONNECTED     15825    
unix  2      [ ]         DGRAM      CONNECTED     13730    /run/samba/msg.sock/1637
unix  3      [ ]         STREAM     CONNECTED     298724   /run/dbus/system_bus_socket
unix  3      [ ]         STREAM     CONNECTED     17018    /run/user/1000/bus
unix  3      [ ]         STREAM     CONNECTED     13963    /run/systemd/journal/stdout
unix  3      [ ]         STREAM     CONNECTED     7083     /run/systemd/journal/stdout
unix  3      [ ]         STREAM     CONNECTED     14007    /run/systemd/journal/stdout
unix  3      [ ]         STREAM     CONNECTED     16860    
unix  3      [ ]         STREAM     CONNECTED     16688    /run/systemd/journal/stdout
unix  3      [ ]         STREAM     CONNECTED     6966     /run/systemd/journal/stdout
unix  3      [ ]         STREAM     CONNECTED     12593    
unix  3      [ ]         STREAM     CONNECTED     14076    /run/systemd/journal/stdout
unix  2      [ ACC ]     STREAM     LISTENING     16905    /home/sansforensics/.cache/ibus/dbus-x4Eo7C2s
unix  3      [ ]         DGRAM      CONNECTED     8759     
unix  3      [ ]         STREAM     CONNECTED     89824    /run/user/1000/bus
unix  3      [ ]         STREAM     CONNECTED     18719    
unix  3      [ ]         STREAM     CONNECTED     12019    
unix  3      [ ]         DGRAM      CONNECTED     12711    
unix  3      [ ]         STREAM     CONNECTED     14399    
unix  3      [ ]         STREAM     CONNECTED     41332    /run/user/1000/bus
unix  3      [ ]         STREAM     CONNECTED     14138    /run/user/1000/at-spi/bus
unix  3      [ ]         STREAM     CONNECTED     14065    /run/systemd/journal/stdout
unix  3      [ ]         STREAM     CONNECTED     14625    /run/user/1000/pipewire-0
unix  3      [ ]         STREAM     CONNECTED     13757    
unix  3      [ ]         STREAM     CONNECTED     16563    /run/user/1000/bus
unix  3      [ ]         STREAM     CONNECTED     15809    /run/user/1000/bus
unix  3      [ ]         STREAM     CONNECTED     12385    /run/dbus/system_bus_socket
unix  3      [ ]         STREAM     CONNECTED     19572    
unix  3      [ ]         STREAM     CONNECTED     7046     
unix  3      [ ]         STREAM     CONNECTED     10037    
unix  3      [ ]         STREAM     CONNECTED     41343    
unix  3      [ ]         STREAM     CONNECTED     14116    /run/user/1000/bus
unix  3      [ ]         STREAM     CONNECTED     14001    /run/systemd/journal/stdout
unix  3      [ ]         STREAM     CONNECTED     12059    /run/user/1000/bus
unix  3      [ ]         STREAM     CONNECTED     723      /run/systemd/journal/stdout
unix  3      [ ]         STREAM     CONNECTED     18730    /run/user/1000/pipewire-0
unix  3      [ ]         STREAM     CONNECTED     16687    
unix  3      [ ]         STREAM     CONNECTED     298885   /run/systemd/journal/stdout
unix  3      [ ]         STREAM     CONNECTED     16564    
unix  2      [ ]         DGRAM      CONNECTED     14570    
unix  3      [ ]         STREAM     CONNECTED     15517    /run/systemd/journal/stdout
unix  3      [ ]         STREAM     CONNECTED     18722    
unix  3      [ ]         STREAM     CONNECTED     15139    /run/systemd/journal/stdout
unix  3      [ ]         STREAM     CONNECTED     19554    
unix  3      [ ]         STREAM     CONNECTED     12179    
unix  3      [ ]         STREAM     CONNECTED     14623    
unix  3      [ ]         STREAM     CONNECTED     15496    
unix  3      [ ]         STREAM     CONNECTED     40475    /run/user/1000/at-spi/bus
unix  3      [ ]         STREAM     CONNECTED     16922    /run/user/1000/bus
unix  3      [ ]         STREAM     CONNECTED     16915    
unix  2      [ ACC ]     STREAM     LISTENING     18255    /tmp/.ICE-unix/1779
unix  3      [ ]         STREAM     CONNECTED     16654    
unix  3      [ ]         STREAM     CONNECTED     12296    
unix  3      [ ]         STREAM     CONNECTED     14140    /run/user/1000/at-spi/bus
unix  3      [ ]         STREAM     CONNECTED     16546    
unix  3      [ ]         STREAM     CONNECTED     18717    
unix  3      [ ]         STREAM     CONNECTED     14208    /run/dbus/system_bus_socket
unix  3      [ ]         STREAM     CONNECTED     19574    
unix  3      [ ]         STREAM     CONNECTED     15868    
unix  3      [ ]         STREAM     CONNECTED     12191    
unix  3      [ ]         STREAM     CONNECTED     7081     
unix  3      [ ]         STREAM     CONNECTED     14637    
unix  2      [ ]         DGRAM      CONNECTED     12602    
unix  3      [ ]         STREAM     CONNECTED     10120    /run/dbus/system_bus_socket
unix  3      [ ]         STREAM     CONNECTED     16559    /run/user/1000/bus
unix  2      [ ACC ]     STREAM     LISTENING     18516    /tmp/.X11-unix/X0
unix  3      [ ]         STREAM     CONNECTED     18514    /run/user/1000/at-spi/bus
unix  3      [ ]         STREAM     CONNECTED     18133    
unix  3      [ ]         STREAM     CONNECTED     8059     /run/dbus/system_bus_socket
unix  2      [ ]         DGRAM      CONNECTED     7818     
unix  3      [ ]         STREAM     CONNECTED     12165    
unix  3      [ ]         STREAM     CONNECTED     14765    
unix  3      [ ]         STREAM     CONNECTED     15555    
unix  3      [ ]         STREAM     CONNECTED     14207    
unix  3      [ ]         STREAM     CONNECTED     15882    /run/user/1000/bus
unix  3      [ ]         STREAM     CONNECTED     18678    /run/user/1000/pipewire-0
unix  2      [ ACC ]     STREAM     LISTENING     18518    /tmp/.X11-unix/X1
unix  3      [ ]         STREAM     CONNECTED     32572    
unix  3      [ ]         STREAM     CONNECTED     40470    @/tmp/.X11-unix/X1
unix  3      [ ]         STREAM     CONNECTED     16904    
unix  3      [ ]         STREAM     CONNECTED     13824    
unix  3      [ ]         STREAM     CONNECTED     18169    /run/dbus/system_bus_socket
unix  3      [ ]         STREAM     CONNECTED     15518    /run/gdm3/dbus/dbus-aXpE4PPW
unix  2      [ ]         DGRAM                    8050     
unix  3      [ ]         STREAM     CONNECTED     14980    
unix  3      [ ]         STREAM     CONNECTED     7119     
unix  3      [ ]         STREAM     CONNECTED     12058    
unix  3      [ ]         STREAM     CONNECTED     10189    
unix  3      [ ]         STREAM     CONNECTED     18723    /run/user/1000/at-spi/bus
unix  3      [ ]         STREAM     CONNECTED     15079    /run/systemd/journal/stdout
unix  3      [ ]         STREAM     CONNECTED     18612    /run/dbus/system_bus_socket
unix  3      [ ]         STREAM     CONNECTED     15899    
unix  3      [ ]         STREAM     CONNECTED     12595    
unix  3      [ ]         STREAM     CONNECTED     296778   
unix  3      [ ]         STREAM     CONNECTED     14072    /run/user/1000/bus
unix  3      [ ]         STREAM     CONNECTED     12768    
unix  3      [ ]         STREAM     CONNECTED     18724    
unix  3      [ ]         STREAM     CONNECTED     12192    
unix  2      [ ]         DGRAM      CONNECTED     13860    
unix  2      [ ]         DGRAM                    12815    /run/samba/msg.sock/1664
unix  3      [ ]         STREAM     CONNECTED     15553    
unix  3      [ ]         STREAM     CONNECTED     6932     /run/systemd/journal/stdout
unix  3      [ ]         STREAM     CONNECTED     12435    /run/systemd/journal/stdout
unix  3      [ ]         STREAM     CONNECTED     299328   /run/user/1000/bus
unix  3      [ ]         STREAM     CONNECTED     15901    
unix  3      [ ]         STREAM     CONNECTED     12592    
unix  3      [ ]         STREAM     CONNECTED     867      /run/systemd/journal/stdout
unix  2      [ ]         DGRAM      CONNECTED     6948     
unix  3      [ ]         STREAM     CONNECTED     12715    
unix  3      [ ]         STREAM     CONNECTED     721      /run/systemd/journal/stdout
unix  3      [ ]         STREAM     CONNECTED     15827    
unix  3      [ ]         STREAM     CONNECTED     7051     
unix  3      [ ]         STREAM     CONNECTED     10224    
unix  3      [ ]         STREAM     CONNECTED     19576    /run/dbus/system_bus_socket
unix  3      [ ]         STREAM     CONNECTED     18676    /run/user/1000/bus
unix  3      [ ]         STREAM     CONNECTED     13049    /run/systemd/journal/stdout
unix  3      [ ]         STREAM     CONNECTED     15502    /run/dbus/system_bus_socket
unix  3      [ ]         STREAM     CONNECTED     18147    /run/dbus/system_bus_socket
unix  3      [ ]         STREAM     CONNECTED     13366    
unix  3      [ ]         STREAM     CONNECTED     12377    
unix  3      [ ]         STREAM     CONNECTED     40474    @/tmp/.X11-unix/X1
unix  3      [ ]         STREAM     CONNECTED     18796    
unix  3      [ ]         STREAM     CONNECTED     95262    /run/user/1000/pulse/native
unix  3      [ ]         STREAM     CONNECTED     18721    
unix  3      [ ]         STREAM     CONNECTED     15755    
unix  3      [ ]         STREAM     CONNECTED     12056    
unix  3      [ ]         STREAM     CONNECTED     7700     
unix  3      [ ]         STREAM     CONNECTED     13895    /run/systemd/journal/stdout
unix  3      [ ]         STREAM     CONNECTED     302468   
unix  3      [ ]         STREAM     CONNECTED     14022    /run/systemd/journal/stdout
unix  3      [ ]         STREAM     CONNECTED     16842    
unix  3      [ ]         STREAM     CONNECTED     95261    /run/user/1000/wayland-0
unix  2      [ ]         DGRAM                    14624    
unix  3      [ ]         STREAM     CONNECTED     13367    /run/dbus/system_bus_socket
unix  2      [ ]         DGRAM      CONNECTED     10116    
unix  3      [ ]         STREAM     CONNECTED     2770     
unix  3      [ ]         STREAM     CONNECTED     19561    
unix  3      [ ]         STREAM     CONNECTED     18675    
unix  3      [ ]         STREAM     CONNECTED     19527    /run/user/1000/bus
unix  3      [ ]         STREAM     CONNECTED     18513    
unix  3      [ ]         STREAM     CONNECTED     14397    
unix  3      [ ]         STREAM     CONNECTED     7825     
unix  3      [ ]         STREAM     CONNECTED     16910    /run/user/1000/bus
unix  3      [ ]         STREAM     CONNECTED     12163    /run/user/1000/bus
unix  3      [ ]         STREAM     CONNECTED     12039    /run/dbus/system_bus_socket
unix  3      [ ]         DGRAM      CONNECTED     13740    
unix  3      [ ]         STREAM     CONNECTED     16118    
unix  3      [ ]         STREAM     CONNECTED     16903    
unix  3      [ ]         STREAM     CONNECTED     16547    /run/dbus/system_bus_socket
unix  3      [ ]         STREAM     CONNECTED     6931     /run/systemd/journal/stdout
unix  3      [ ]         STREAM     CONNECTED     15516    /run/systemd/journal/stdout
unix  3      [ ]         STREAM     CONNECTED     2577     
unix  2      [ ]         DGRAM                    36544    
unix  3      [ ]         STREAM     CONNECTED     11921    
unix  3      [ ]         STREAM     CONNECTED     9781     
unix  3      [ ]         STREAM     CONNECTED     15155    /run/dbus/system_bus_socket
unix  3      [ ]         STREAM     CONNECTED     14132    
unix  3      [ ]         STREAM     CONNECTED     17023    /run/user/1000/bus
unix  3      [ ]         STREAM     CONNECTED     14025    /run/systemd/journal/stdout
unix  3      [ ]         STREAM     CONNECTED     16655    /run/user/1000/bus
unix  3      [ ]         STREAM     CONNECTED     10157    /run/dbus/system_bus_socket
unix  3      [ ]         STREAM     CONNECTED     13448    /run/systemd/journal/stdout
unix  3      [ ]         STREAM     CONNECTED     2797     /run/dbus/system_bus_socket
unix  3      [ ]         STREAM     CONNECTED     12344    
unix  3      [ ]         STREAM     CONNECTED     1784     
unix  3      [ ]         STREAM     CONNECTED     19581    /run/dbus/system_bus_socket
unix  3      [ ]         STREAM     CONNECTED     12265    /run/user/1000/wayland-0
unix  2      [ ]         DGRAM                    15691    
unix  3      [ ]         DGRAM      CONNECTED     8758     
unix  3      [ ]         STREAM     CONNECTED     19573    
unix  3      [ ]         STREAM     CONNECTED     12166    
unix  3      [ ]         STREAM     CONNECTED     14944    
unix  3      [ ]         STREAM     CONNECTED     10133    
unix  3      [ ]         STREAM     CONNECTED     11652    
unix  3      [ ]         STREAM     CONNECTED     13196    /run/user/1000/bus
unix  3      [ ]         STREAM     CONNECTED     14109    /run/user/1000/bus
unix  3      [ ]         STREAM     CONNECTED     18512    /run/dbus/system_bus_socket
unix  3      [ ]         STREAM     CONNECTED     14622    /run/user/1000/bus
unix  3      [ ]         STREAM     CONNECTED     16952    /run/systemd/journal/stdout
unix  3      [ ]         STREAM     CONNECTED     7013     /run/systemd/journal/stdout
unix  3      [ ]         STREAM     CONNECTED     16557    
unix  3      [ ]         STREAM     CONNECTED     12354    /run/dbus/system_bus_socket
unix  3      [ ]         STREAM     CONNECTED     15856    
unix  3      [ ]         STREAM     CONNECTED     18420    
unix  3      [ ]         STREAM     CONNECTED     7050     
unix  3      [ ]         STREAM     CONNECTED     13945    /run/systemd/journal/stdout
unix  3      [ ]         STREAM     CONNECTED     12121    /run/user/1000/bus
unix  2      [ ]         DGRAM      CONNECTED     13754    
unix  2      [ ]         DGRAM                    12710    /run/user/1000/systemd/notify
unix  3      [ ]         STREAM     CONNECTED     6826     /run/systemd/journal/stdout
unix  3      [ ]         STREAM     CONNECTED     2784     /run/systemd/journal/stdout
unix  3      [ ]         STREAM     CONNECTED     16914    
unix  3      [ ]         STREAM     CONNECTED     13595    /run/systemd/oom/io.systemd.ManagedOOM
unix  2      [ ACC ]     STREAM     LISTENING     12713    /run/user/1000/systemd/private
unix  3      [ ]         STREAM     CONNECTED     12594    
unix  3      [ ]         STREAM     CONNECTED     6679     /run/systemd/journal/stdout
unix  2      [ ACC ]     STREAM     LISTENING     16652    /var/run/docker/metrics.sock
unix  3      [ ]         STREAM     CONNECTED     16562    
unix  2      [ ACC ]     STREAM     LISTENING     13660    /run/user/1000/bus
unix  3      [ ]         STREAM     CONNECTED     92942    
unix  3      [ ]         STREAM     CONNECTED     43566    
unix  3      [ ]         STREAM     CONNECTED     19562    
unix  3      [ ]         STREAM     CONNECTED     18626    
unix  3      [ ]         STREAM     CONNECTED     12153    /run/dbus/system_bus_socket
unix  2      [ ACC ]     STREAM     LISTENING     16639    /var/snap/cups/common/run/cups.sock
unix  3      [ ]         STREAM     CONNECTED     18167    /run/user/1000/pipewire-0
unix  3      [ ]         STREAM     CONNECTED     15554    /run/dbus/system_bus_socket
unix  2      [ ]         DGRAM      CONNECTED     13418    
unix  3      [ ]         STREAM     CONNECTED     1926     /run/systemd/journal/stdout
unix  3      [ ]         STREAM     CONNECTED     722      /run/systemd/journal/stdout
unix  3      [ ]         STREAM     CONNECTED     43523    
unix  2      [ ACC ]     STREAM     LISTENING     16430    /run/user/1000/gnupg/S.dirmngr
unix  3      [ ]         STREAM     CONNECTED     12343    
unix  3      [ ]         STREAM     CONNECTED     298886   /run/systemd/journal/stdout
unix  3      [ ]         STREAM     CONNECTED     43519    
unix  3      [ ]         STREAM     CONNECTED     19560    
unix  3      [ ]         STREAM     CONNECTED     18677    
unix  3      [ ]         STREAM     CONNECTED     15854    
unix  2      [ ACC ]     STREAM     LISTENING     16432    /run/user/1000/gcr/ssh
unix  3      [ ]         STREAM     CONNECTED     14393    
unix  3      [ ]         STREAM     CONNECTED     6848     
unix  3      [ ]         STREAM     CONNECTED     94248    
unix  3      [ ]         STREAM     CONNECTED     14948    /run/user/1000/at-spi/bus
unix  3      [ ]         STREAM     CONNECTED     7829     /run/systemd/io.systemd.ManagedOOM
unix  3      [ ]         STREAM     CONNECTED     327      /run/systemd/journal/stdout
unix  2      [ ACC ]     STREAM     LISTENING     16434    /run/user/1000/keyring/control
unix  3      [ ]         STREAM     CONNECTED     12716    /run/dbus/system_bus_socket
unix  3      [ ]         STREAM     CONNECTED     12353    
unix  3      [ ]         STREAM     CONNECTED     95263    
unix  3      [ ]         STREAM     CONNECTED     89727    
unix  2      [ ACC ]     STREAM     LISTENING     16436    /run/user/1000/gnupg/S.gpg-agent.browser
unix  2      [ ]         DGRAM      CONNECTED     14507    
unix  2      [ ACC ]     STREAM     LISTENING     16438    /run/user/1000/gnupg/S.gpg-agent.extra
unix  3      [ ]         STREAM     CONNECTED     14137    /run/user/1000/at-spi/bus
unix  3      [ ]         STREAM     CONNECTED     14131    
unix  3      [ ]         STREAM     CONNECTED     16967    /run/dbus/system_bus_socket
unix  3      [ ]         STREAM     CONNECTED     16939    /run/systemd/journal/stdout
unix  3      [ ]         STREAM     CONNECTED     13986    /run/systemd/journal/stdout
unix  3      [ ]         STREAM     CONNECTED     18166    /run/user/1000/pipewire-0
unix  3      [ ]         STREAM     CONNECTED     8015     /run/dbus/system_bus_socket
unix  3      [ ]         STREAM     CONNECTED     12346    /run/dbus/system_bus_socket
unix  2      [ ACC ]     STREAM     LISTENING     95024    /run/user/1000/gvfsd/socket-CasxREPo
unix  3      [ ]         STREAM     CONNECTED     15898    
unix  3      [ ]         STREAM     CONNECTED     6967     /run/systemd/journal/stdout
unix  2      [ ACC ]     STREAM     LISTENING     16440    /run/user/1000/gnupg/S.gpg-agent
unix  3      [ ]         STREAM     CONNECTED     1607     
unix  3      [ ]         STREAM     CONNECTED     44109    /home/sansforensics/.cache/ibus/dbus-x4Eo7C2s
unix  2      [ ]         STREAM     CONNECTED     12818    
unix  2      [ ACC ]     STREAM     LISTENING     16442    /run/user/1000/gnupg/S.keyboxd
unix  3      [ ]         STREAM     CONNECTED     8020     /run/systemd/journal/stdout
unix  3      [ ]         STREAM     CONNECTED     14614    
unix  3      [ ]         STREAM     CONNECTED     8139     
unix  3      [ ]         STREAM     CONNECTED     14220    
unix  3      [ ]         STREAM     CONNECTED     15101    /run/dbus/system_bus_socket
unix  3      [ ]         STREAM     CONNECTED     14118    /home/sansforensics/.cache/ibus/dbus-x4Eo7C2s
unix  3      [ ]         STREAM     CONNECTED     15756    /run/user/1000/bus
unix  3      [ ]         STREAM     CONNECTED     14949    /run/user/1000/bus
unix  2      [ ACC ]     STREAM     LISTENING     16444    /run/user/1000/pulse/native
unix  3      [ ]         STREAM     CONNECTED     14394    /run/dbus/system_bus_socket
unix  3      [ ]         STREAM     CONNECTED     12506    /run/systemd/journal/stdout
unix  2      [ ]         DGRAM      CONNECTED     12429    
unix  3      [ ]         STREAM     CONNECTED     16821    
unix  3      [ ]         STREAM     CONNECTED     16553    /run/dbus/system_bus_socket
unix  2      [ ACC ]     STREAM     LISTENING     16446    /run/user/1000/pipewire-0
unix  3      [ ]         STREAM     CONNECTED     44142    /run/user/1000/bus
unix  3      [ ]         STREAM     CONNECTED     14694    /run/containerd/containerd.sock
unix  3      [ ]         STREAM     CONNECTED     12830    
unix  3      [ ]         STREAM     CONNECTED     16521    
unix  2      [ ACC ]     STREAM     LISTENING     16448    /run/user/1000/pipewire-0-manager
unix  2      [ ]         DGRAM      CONNECTED     8860     
unix  3      [ ]         STREAM     CONNECTED     19602    
unix  3      [ ]         STREAM     CONNECTED     13188    /run/user/1000/bus
unix  2      [ ACC ]     STREAM     LISTENING     16450    /run/user/1000/pk-debconf-socket
unix  3      [ ]         STREAM     CONNECTED     10190    
unix  3      [ ]         STREAM     CONNECTED     13265    /run/user/1000/bus
unix  3      [ ]         STREAM     CONNECTED     13062    @/tmp/.ICE-unix/1779
unix  3      [ ]         STREAM     CONNECTED     7082     /run/systemd/journal/stdout
unix  3      [ ]         STREAM     CONNECTED     16638    /run/dbus/system_bus_socket
unix  3      [ ]         STREAM     CONNECTED     16549    /run/dbus/system_bus_socket
unix  2      [ ACC ]     STREAM     LISTENING     16452    /run/user/1000/snapd-session-agent.socket
unix  2      [ ACC ]     STREAM     LISTENING     7609     /run/systemd/io.systemd.sysext
unix  3      [ ]         STREAM     CONNECTED     16117    
unix  3      [ ]         STREAM     CONNECTED     19624    /run/user/1000/bus
unix  3      [ ]         STREAM     CONNECTED     18607    
unix  3      [ ]         STREAM     CONNECTED     16674    /run/user/1000/bus
unix  3      [ ]         STREAM     CONNECTED     14077    /run/systemd/journal/stdout
unix  3      [ ]         STREAM     CONNECTED     16558    
unix  3      [ ]         STREAM     CONNECTED     18143    
unix  2      [ ACC ]     STREAM     LISTENING     16454    /run/user/1000/speech-dispatcher/speechd.sock
unix  3      [ ]         STREAM     CONNECTED     8018     /run/systemd/journal/stdout
unix  3      [ ]         STREAM     CONNECTED     19604    
unix  3      [ ]         STREAM     CONNECTED     14143    /run/user/1000/pulse/native
unix  3      [ ]         STREAM     CONNECTED     18628    
unix  2      [ ACC ]     STREAM     LISTENING     13694    /run/user/1000/gnupg/S.gpg-agent.ssh
unix  2      [ ]         DGRAM      CONNECTED     12687    
unix  3      [ ]         STREAM     CONNECTED     14067    /run/systemd/journal/stdout
unix  3      [ ]         STREAM     CONNECTED     14856    /run/dbus/system_bus_socket
unix  3      [ ]         STREAM     CONNECTED     12522    /run/systemd/journal/stdout
unix  3      [ ]         STREAM     CONNECTED     6844     /run/dbus/system_bus_socket
unix  3      [ ]         STREAM     CONNECTED     1960     /run/systemd/journal/stdout
unix  3      [ ]         STREAM     CONNECTED     298903   /run/user/1000/gvfsd/socket-VI29oN8N
unix  3      [ ]         STREAM     CONNECTED     18797    /run/user/1000/bus
unix  3      [ ]         STREAM     CONNECTED     16908    
unix  3      [ ]         STREAM     CONNECTED     12380    
unix  3      [ ]         STREAM     CONNECTED     19575    
unix  3      [ ]         STREAM     CONNECTED     17020    /run/user/1000/bus
unix  3      [ ]         STREAM     CONNECTED     15729    
unix  3      [ ]         STREAM     CONNECTED     8167     
unix  3      [ ]         STREAM     CONNECTED     7048     /run/systemd/journal/stdout
unix  3      [ ]         STREAM     CONNECTED     14400    /run/dbus/system_bus_socket
unix  2      [ ]         DGRAM      CONNECTED     12386    
unix  3      [ ]         STREAM     CONNECTED     16898    
unix  3      [ ]         STREAM     CONNECTED     1951     
unix  3      [ ]         STREAM     CONNECTED     43521    
unix  3      [ ]         STREAM     CONNECTED     12933    
unix  2      [ ]         STREAM     CONNECTED     19506    
unix  3      [ ]         STREAM     CONNECTED     6875     
unix  3      [ ]         STREAM     CONNECTED     18611    /run/dbus/system_bus_socket
unix  3      [ ]         STREAM     CONNECTED     16926    /run/user/1000/bus
unix  3      [ ]         STREAM     CONNECTED     11202    /run/systemd/journal/stdout
unix  3      [ ]         STREAM     CONNECTED     8039     /run/systemd/journal/stdout
unix  2      [ ACC ]     STREAM     LISTENING     155409   /var/snap/lxd/common/lxd/unix.socket
unix  3      [ ]         STREAM     CONNECTED     18782    
unix  3      [ ]         STREAM     CONNECTED     18394    
unix  3      [ ]         STREAM     CONNECTED     14017    /run/systemd/journal/stdout
unix  3      [ ]         STREAM     CONNECTED     18164    
unix  2      [ ACC ]     STREAM     LISTENING     16560    /run/user/1000/keyring/pkcs11
unix  3      [ ]         STREAM     CONNECTED     12780    
unix  3      [ ]         STREAM     CONNECTED     12389    /run/dbus/system_bus_socket
unix  2      [ ]         DGRAM      CONNECTED     8951     
unix  3      [ ]         STREAM     CONNECTED     18610    
unix  3      [ ]         STREAM     CONNECTED     15715    
unix  3      [ ]         STREAM     CONNECTED     14947    
unix  3      [ ]         STREAM     CONNECTED     7126     
unix  3      [ ]         STREAM     CONNECTED     12038    
unix  3      [ ]         STREAM     CONNECTED     7975     
unix  3      [ ]         STREAM     CONNECTED     15098    /run/systemd/journal/stdout
unix  3      [ ]         STREAM     CONNECTED     14115    
unix  2      [ ]         DGRAM      CONNECTED     12342    
unix  3      [ ]         STREAM     CONNECTED     41331    /run/user/1000/bus
unix  3      [ ]         STREAM     CONNECTED     16900    
unix  3      [ ]         STREAM     CONNECTED     18732    
unix  3      [ ]         STREAM     CONNECTED     15903    /home/sansforensics/.cache/ibus/dbus-x4Eo7C2s
unix  3      [ ]         STREAM     CONNECTED     12921    
unix  3      [ ]         STREAM     CONNECTED     6937     /run/systemd/journal/stdout
unix  2      [ ]         STREAM     CONNECTED     18048    
unix  3      [ ]         STREAM     CONNECTED     15866    
unix  3      [ ]         STREAM     CONNECTED     14638    
unix  3      [ ]         STREAM     CONNECTED     6838     
unix  3      [ ]         STREAM     CONNECTED     15133    /run/systemd/journal/stdout
unix  3      [ ]         STREAM     CONNECTED     15812    /run/user/1000/bus
unix  3      [ ]         STREAM     CONNECTED     6727     /run/dbus/system_bus_socket
unix  3      [ ]         STREAM     CONNECTED     90623    /run/user/1000/pipewire-0
unix  2      [ ACC ]     STREAM     LISTENING     73261    /tmp/tmux-1000/default
unix  3      [ ]         STREAM     CONNECTED     15902    
unix  3      [ ]         STREAM     CONNECTED     19532    /run/dbus/system_bus_socket
unix  3      [ ]         STREAM     CONNECTED     16686    
unix  3      [ ]         STREAM     CONNECTED     12335    
unix  3      [ ]         STREAM     CONNECTED     296779   
unix  3      [ ]         STREAM     CONNECTED     2796     
unix  3      [ ]         STREAM     CONNECTED     866      /run/systemd/journal/stdout
unix  3      [ ]         DGRAM      CONNECTED     8956     
unix  3      [ ]         STREAM     CONNECTED     18627    
unix  3      [ ]         STREAM     CONNECTED     15874    
unix  3      [ ]         STREAM     CONNECTED     19521    
unix  3      [ ]         STREAM     CONNECTED     15858    
unix  2      [ ]         DGRAM                    12938    
unix  3      [ ]         STREAM     CONNECTED     8950     
unix  3      [ ]         STREAM     CONNECTED     12434    /run/systemd/journal/stdout
unix  3      [ ]         STREAM     CONNECTED     6794     /run/dbus/system_bus_socket
unix  3      [ ]         STREAM     CONNECTED     302469   
unix  3      [ ]         STREAM     CONNECTED     92156    /run/systemd/journal/stdout
unix  3      [ ]         STREAM     CONNECTED     12388    
unix  3      [ ]         STREAM     CONNECTED     294354   
unix  3      [ ]         STREAM     CONNECTED     18374    /run/dbus/system_bus_socket
unix  3      [ ]         STREAM     CONNECTED     18106    
unix  3      [ ]         STREAM     CONNECTED     14133    /run/user/1000/at-spi/bus
unix  3      [ ]         STREAM     CONNECTED     14676    
unix  3      [ ]         STREAM     CONNECTED     12020    
unix  3      [ ]         STREAM     CONNECTED     19571    /run/user/1000/gvfsd/socket-U8Izjthr
unix  3      [ ]         STREAM     CONNECTED     7049     /run/systemd/journal/stdout
unix  3      [ ]         DGRAM      CONNECTED     13741    
unix  3      [ ]         STREAM     CONNECTED     92943    /run/user/1000/at-spi/bus
unix  3      [ ]         STREAM     CONNECTED     32577    
unix  3      [ ]         STREAM     CONNECTED     16565    /run/user/1000/bus
unix  3      [ ]         STREAM     CONNECTED     12336    
unix  3      [ ]         STREAM     CONNECTED     18729    
unix  3      [ ]         STREAM     CONNECTED     16953    /run/systemd/journal/stdout
unix  3      [ ]         STREAM     CONNECTED     12661    
unix  2      [ ]         DGRAM      CONNECTED     10088    
unix  2      [ ]         DGRAM                    18831    
unix  3      [ ]         STREAM     CONNECTED     18511    
unix  3      [ ]         STREAM     CONNECTED     94251    
unix  3      [ ]         STREAM     CONNECTED     43567    /run/user/1000/gvfsd/socket-ozX9ECOn
unix  3      [ ]         STREAM     CONNECTED     13249    /run/user/1000/bus
unix  3      [ ]         STREAM     CONNECTED     15050    /run/systemd/journal/stdout
unix  2      [ ACC ]     STREAM     LISTENING     18275    /run/user/1000/keyring/ssh
unix  3      [ ]         STREAM     CONNECTED     12591    /run/systemd/journal/stdout
unix  3      [ ]         STREAM     CONNECTED     92157    /run/systemd/journal/stdout
unix  3      [ ]         STREAM     CONNECTED     18606    
unix  3      [ ]         STREAM     CONNECTED     12384    
unix  3      [ ]         STREAM     CONNECTED     1965     
unix  3      [ ]         STREAM     CONNECTED     222665   /run/user/1000/wayland-0
unix  3      [ ]         STREAM     CONNECTED     13246    /run/user/1000/bus
unix  2      [ ]         DGRAM                    299448   
unix  3      [ ]         STREAM     CONNECTED     12264    /run/user/1000/wayland-0
unix  3      [ ]         STREAM     CONNECTED     42343    
unix  3      [ ]         STREAM     CONNECTED     12211    
unix  3      [ ]         STREAM     CONNECTED     14004    /run/systemd/journal/stdout
unix  3      [ ]         STREAM     CONNECTED     16421    
unix  3      [ ]         STREAM     CONNECTED     13998    
unix  3      [ ]         STREAM     CONNECTED     21607    
unix  2      [ ]         DGRAM                    18272    
unix  3      [ ]         STREAM     CONNECTED     12258    
unix  3      [ ]         STREAM     CONNECTED     15024    
unix  3      [ ]         STREAM     CONNECTED     6297     
unix  3      [ ]         STREAM     CONNECTED     15795    /run/user/1000/bus
unix  3      [ ]         STREAM     CONNECTED     14955    /run/user/1000/bus
unix  3      [ ]         STREAM     CONNECTED     14058    
unix  2      [ ACC ]     STREAM     LISTENING     7153     /run/user/1000/at-spi/bus
unix  3      [ ]         STREAM     CONNECTED     13184    
unix  3      [ ]         STREAM     CONNECTED     18562    
unix  3      [ ]         STREAM     CONNECTED     16424    /run/dbus/system_bus_socket
unix  3      [ ]         STREAM     CONNECTED     15860    /run/user/1000/bus
unix  3      [ ]         STREAM     CONNECTED     16932    /run/user/1000/bus
unix  3      [ ]         STREAM     CONNECTED     19470    /run/dbus/system_bus_socket
unix  2      [ ACC ]     STREAM     LISTENING     14894    /var/run/docker/libnetwork/2b2c0d67e149.sock
unix  3      [ ]         STREAM     CONNECTED     23563    /run/systemd/journal/stdout
unix  3      [ ]         STREAM     CONNECTED     89793    
unix  3      [ ]         STREAM     CONNECTED     17067    
unix  2      [ ]         DGRAM                    14112    
unix  3      [ ]         STREAM     CONNECTED     14983    /run/user/1000/bus
unix  2      [ ACC ]     STREAM     LISTENING     18519    /run/user/1000/wayland-0
unix  3      [ ]         STREAM     CONNECTED     1959     /run/systemd/journal/stdout
unix  3      [ ]         STREAM     CONNECTED     219988   /run/user/1000/bus
unix  3      [ ]         STREAM     CONNECTED     14099    /run/systemd/journal/stdout
unix  3      [ ]         STREAM     CONNECTED     15824    /run/user/1000/bus
unix  3      [ ]         STREAM     CONNECTED     12306    /run/systemd/journal/stdout
unix  3      [ ]         STREAM     CONNECTED     13236    
unix  3      [ ]         STREAM     CONNECTED     15798    /run/user/1000/bus
unix  3      [ ]         STREAM     CONNECTED     29787    
unix  3      [ ]         STREAM     CONNECTED     15103    
unix  3      [ ]         STREAM     CONNECTED     13168    
unix  3      [ ]         STREAM     CONNECTED     13063    /run/user/1000/bus
unix  3      [ ]         STREAM     CONNECTED     11152    /run/dbus/system_bus_socket
unix  3      [ ]         STREAM     CONNECTED     15140    /run/user/1000/bus
unix  3      [ ]         STREAM     CONNECTED     13245    
unix  3      [ ]         STREAM     CONNECTED     14037    /run/systemd/journal/stdout
unix  3      [ ]         STREAM     CONNECTED     41321    
unix  3      [ ]         STREAM     CONNECTED     12261    
unix  3      [ ]         STREAM     CONNECTED     18592    
unix  3      [ ]         STREAM     CONNECTED     15080    /run/systemd/journal/stdout
unix  3      [ ]         STREAM     CONNECTED     15132    /run/dbus/system_bus_socket
unix  3      [ ]         STREAM     CONNECTED     14036    
unix  3      [ ]         STREAM     CONNECTED     299449   
unix  3      [ ]         STREAM     CONNECTED     14113    
unix  3      [ ]         STREAM     CONNECTED     15042    
unix  3      [ ]         STREAM     CONNECTED     14098    
unix  3      [ ]         STREAM     CONNECTED     12193    
unix  3      [ ]         STREAM     CONNECTED     28605    /run/systemd/journal/stdout
unix  3      [ ]         STREAM     CONNECTED     15823    /run/user/1000/bus
unix  3      [ ]         STREAM     CONNECTED     13947    /run/systemd/journal/stdout
unix  3      [ ]         STREAM     CONNECTED     16413    
unix  3      [ ]         STREAM     CONNECTED     42349    @/tmp/.X11-unix/X1
unix  3      [ ]         STREAM     CONNECTED     222664   
unix  3      [ ]         STREAM     CONNECTED     29540    
unix  3      [ ]         STREAM     CONNECTED     14068    /run/dbus/system_bus_socket
unix  3      [ ]         STREAM     CONNECTED     301297   
unix  3      [ ]         STREAM     CONNECTED     147857   
unix  3      [ ]         STREAM     CONNECTED     40500    
unix  3      [ ]         STREAM     CONNECTED     12579    /run/systemd/journal/stdout
unix  3      [ ]         STREAM     CONNECTED     6304     
unix  3      [ ]         STREAM     CONNECTED     17021    /run/user/1000/bus
unix  3      [ ]         STREAM     CONNECTED     7100     /run/systemd/journal/stdout
unix  3      [ ]         STREAM     CONNECTED     222675   
unix  3      [ ]         STREAM     CONNECTED     90620    
unix  3      [ ]         STREAM     CONNECTED     29514    
unix  3      [ ]         STREAM     CONNECTED     14095    /run/systemd/journal/stdout
unix  3      [ ]         STREAM     CONNECTED     40504    
unix  3      [ ]         STREAM     CONNECTED     12204    
unix  3      [ ]         STREAM     CONNECTED     301298   /run/user/1000/bus
unix  3      [ ]         STREAM     CONNECTED     19207    /run/dbus/system_bus_socket
unix  3      [ ]         STREAM     CONNECTED     16941    /run/systemd/journal/stdout
unix  3      [ ]         STREAM     CONNECTED     16940    /run/systemd/journal/stdout
unix  3      [ ]         STREAM     CONNECTED     41337    /run/user/1000/bus
unix  2      [ ]         STREAM     CONNECTED     21648    
unix  3      [ ]         STREAM     CONNECTED     17069    
unix  3      [ ]         DGRAM      CONNECTED     6587     
unix  3      [ ]         STREAM     CONNECTED     299329   
unix  3      [ ]         STREAM     CONNECTED     16942    
unix  3      [ ]         STREAM     CONNECTED     12221    
unix  3      [ ]         STREAM     CONNECTED     18170    
unix  3      [ ]         STREAM     CONNECTED     40465    @/tmp/.X11-unix/X1
unix  3      [ ]         STREAM     CONNECTED     13029    /run/dbus/system_bus_socket
unix  2      [ ACC ]     STREAM     LISTENING     11550    /run/systemd/resolve/io.systemd.Resolve
unix  2      [ ACC ]     STREAM     LISTENING     11551    /run/systemd/resolve/io.systemd.Resolve.Monitor
unix  3      [ ]         STREAM     CONNECTED     222670   
unix  3      [ ]         STREAM     CONNECTED     42353    
unix  3      [ ]         STREAM     CONNECTED     17111    
unix  3      [ ]         STREAM     CONNECTED     13048    /run/systemd/journal/stdout
unix  3      [ ]         STREAM     CONNECTED     13190    
unix  3      [ ]         STREAM     CONNECTED     18579    
unix  3      [ ]         STREAM     CONNECTED     297657   /run/user/1000/at-spi/bus
unix  3      [ ]         STREAM     CONNECTED     29524    /run/user/1000/bus
unix  3      [ ]         STREAM     CONNECTED     13186    /run/user/1000/bus
unix  3      [ ]         STREAM     CONNECTED     12269    /run/user/1000/wayland-0
unix  3      [ ]         STREAM     CONNECTED     12222    /home/sansforensics/.cache/ibus/dbus-x4Eo7C2s
unix  3      [ ]         STREAM     CONNECTED     13829    /run/systemd/journal/stdout
unix  3      [ ]         STREAM     CONNECTED     43525    
unix  3      [ ]         STREAM     CONNECTED     23570    /run/user/1000/pipewire-0
unix  3      [ ]         STREAM     CONNECTED     29548    
unix  3      [ ]         DGRAM      CONNECTED     6349     
unix  3      [ ]         STREAM     CONNECTED     13149    
unix  3      [ ]         STREAM     CONNECTED     18229    
unix  3      [ ]         STREAM     CONNECTED     43516    /run/systemd/journal/stdout
unix  3      [ ]         STREAM     CONNECTED     13189    /run/user/1000/bus
unix  3      [ ]         STREAM     CONNECTED     12224    /run/user/1000/bus
unix  3      [ ]         STREAM     CONNECTED     15117    /run/systemd/journal/stdout
unix  3      [ ]         STREAM     CONNECTED     222661   
unix  3      [ ]         STREAM     CONNECTED     15799    /run/user/1000/bus
unix  2      [ ACC ]     STREAM     LISTENING     2705     /run/avahi-daemon/socket
unix  3      [ ]         STREAM     CONNECTED     17027    
unix  3      [ ]         STREAM     CONNECTED     13028    
unix  3      [ ]         STREAM     CONNECTED     294510   /run/user/1000/wayland-0
unix  3      [ ]         STREAM     CONNECTED     302471   /run/user/1000/gvfsd/socket-uNfkH4Yg
unix  3      [ ]         STREAM     CONNECTED     14978    /run/user/1000/bus
unix  3      [ ]         STREAM     CONNECTED     18230    /run/user/1000/bus
unix  2      [ ACC ]     STREAM     LISTENING     2707     /run/cups/cups.sock
unix  3      [ ]         STREAM     CONNECTED     41333    /run/user/1000/bus
unix  2      [ ACC ]     STREAM     LISTENING     2708     /run/dbus/system_bus_socket
unix  2      [ ]         DGRAM                    10923    
unix  2      [ ]         DGRAM                    40487    
unix  3      [ ]         STREAM     CONNECTED     17112    
unix  3      [ ]         STREAM     CONNECTED     16916    /run/user/1000/bus
unix  2      [ ACC ]     STREAM     LISTENING     14441    /run/containerd/containerd.sock.ttrpc
unix  2      [ ACC ]     STREAM     LISTENING     2710     /run/docker.sock
unix  3      [ ]         STREAM     CONNECTED     42342    
unix  3      [ ]         STREAM     CONNECTED     18594    
unix  3      [ ]         STREAM     CONNECTED     13019    
unix  2      [ ACC ]     STREAM     LISTENING     14443    /run/containerd/containerd.sock
unix  2      [ ACC ]     STREAM     LISTENING     2713     /run/lxd-installer.socket
unix  3      [ ]         STREAM     CONNECTED     147858   /run/user/1000/at-spi/bus
unix  3      [ ]         STREAM     CONNECTED     29525    /run/user/1000/bus
unix  3      [ ]         STREAM     CONNECTED     15884    /run/user/1000/bus
unix  3      [ ]         STREAM     CONNECTED     220747   /home/sansforensics/.cache/ibus/dbus-x4Eo7C2s
unix  3      [ ]         STREAM     CONNECTED     18793    /run/user/1000/bus
unix  3      [ ]         STREAM     CONNECTED     13948    
unix  2      [ ACC ]     STREAM     LISTENING     6657     /var/run/vmware/guestServicePipe
unix  2      [ ACC ]     STREAM     LISTENING     12017    /var/lib/samba/winbindd_privileged/pipe
unix  2      [ ACC ]     STREAM     LISTENING     2715     /run/snapd.socket
unix  3      [ ]         DGRAM      CONNECTED     6590     
unix  3      [ ]         STREAM     CONNECTED     16964    
unix  2      [ ACC ]     STREAM     LISTENING     2717     /run/snapd-snap.socket
unix  3      [ ]         STREAM     CONNECTED     15134    /run/dbus/system_bus_socket
unix  3      [ ]         STREAM     CONNECTED     14071    /run/systemd/journal/stdout
unix  3      [ ]         STREAM     CONNECTED     15762    /run/user/1000/bus
unix  3      [ ]         STREAM     CONNECTED     15597    /run/dbus/system_bus_socket
unix  3      [ ]         STREAM     CONNECTED     220748   /home/sansforensics/.cache/ibus/dbus-x4Eo7C2s
unix  3      [ ]         STREAM     CONNECTED     14050    
unix  3      [ ]         STREAM     CONNECTED     297653   
unix  2      [ ]         DGRAM      CONNECTED     18271    
unix  2      [ ]         DGRAM      CONNECTED     6749     
unix  3      [ ]         STREAM     CONNECTED     22857    
unix  3      [ ]         STREAM     CONNECTED     17012    
unix  2      [ ]         STREAM     CONNECTED     18524    
unix  2      [ ACC ]     STREAM     LISTENING     15513    /run/gdm3/dbus/dbus-aXpE4PPW
unix  2      [ ACC ]     STREAM     LISTENING     15514    /run/gdm3/dbus/dbus-GKGWVENM
unix  3      [ ]         STREAM     CONNECTED     29549    /run/user/1000/gvfsd/socket-sGtKuMyB
unix  3      [ ]         STREAM     CONNECTED     13256    /run/user/1000/bus
unix  3      [ ]         STREAM     CONNECTED     13962    
unix  3      [ ]         STREAM     CONNECTED     222674   
unix  3      [ ]         STREAM     CONNECTED     12202    
unix  3      [ ]         STREAM     CONNECTED     6766     
unix  3      [ ]         STREAM     CONNECTED     19582    /run/dbus/system_bus_socket
unix  3      [ ]         STREAM     CONNECTED     16955    /home/sansforensics/.cache/ibus/dbus-x4Eo7C2s
unix  3      [ ]         STREAM     CONNECTED     14976    /run/user/1000/bus
unix  3      [ ]         STREAM     CONNECTED     18171    /run/user/1000/bus
unix  3      [ ]         STREAM     CONNECTED     89826    /run/user/1000/bus
unix  3      [ ]         STREAM     CONNECTED     14048    
unix  3      [ ]         STREAM     CONNECTED     29545    
unix  3      [ ]         DGRAM      CONNECTED     6348     
unix  3      [ ]         STREAM     CONNECTED     41319    
unix  3      [ ]         STREAM     CONNECTED     20580    
unix  3      [ ]         STREAM     CONNECTED     17031    
unix  3      [ ]         STREAM     CONNECTED     14040    /run/systemd/journal/stdout
unix  3      [ ]         STREAM     CONNECTED     15783    /run/user/1000/bus
unix  3      [ ]         STREAM     CONNECTED     297652   
unix  3      [ ]         STREAM     CONNECTED     14953    /run/user/1000/bus
unix  3      [ ]         DGRAM      CONNECTED     6589     
unix  2      [ ]         DGRAM      CONNECTED     17228    
unix  3      [ ]         STREAM     CONNECTED     18576    
unix  3      [ ]         STREAM     CONNECTED     18253    
unix  3      [ ]         STREAM     CONNECTED     21623    /run/user/1000/pulse/native
unix  3      [ ]         STREAM     CONNECTED     15049    /run/systemd/journal/stdout
unix  3      [ ]         STREAM     CONNECTED     18346    /run/systemd/journal/stdout
unix  3      [ ]         STREAM     CONNECTED     92916    /run/user/1000/bus
unix  3      [ ]         STREAM     CONNECTED     15116    /run/systemd/journal/stdout
unix  3      [ ]         STREAM     CONNECTED     14078    
unix  3      [ ]         STREAM     CONNECTED     42348    
unix  2      [ ]         DGRAM                    14519    /run/samba/msg.sock/1540
unix  3      [ ]         DGRAM      CONNECTED     6347     
unix  3      [ ]         STREAM     CONNECTED     301300   
unix  3      [ ]         STREAM     CONNECTED     13135    
unix  3      [ ]         STREAM     CONNECTED     29553    /run/user/1000/gvfsd/socket-RFsBS3SB
unix  3      [ ]         STREAM     CONNECTED     17024    /run/user/1000/bus
unix  3      [ ]         STREAM     CONNECTED     17019    /run/user/1000/bus
unix  3      [ ]         STREAM     CONNECTED     12267    /run/user/1000/wayland-0
unix  2      [ ACC ]     STREAM     LISTENING     14537    /run/samba/nmbd/unexpected
unix  3      [ ]         STREAM     CONNECTED     14094    
unix  3      [ ]         DGRAM      CONNECTED     11063    
unix  3      [ ]         STREAM     CONNECTED     17060    
unix  3      [ ]         STREAM     CONNECTED     41325    
unix  3      [ ]         STREAM     CONNECTED     29805    
unix  3      [ ]         STREAM     CONNECTED     18234    
unix  3      [ ]         STREAM     CONNECTED     41322    /run/user/1000/at-spi/bus
unix  3      [ ]         STREAM     CONNECTED     16930    /run/user/1000/bus
unix  3      [ ]         STREAM     CONNECTED     12262    /run/user/1000/wayland-0
unix  3      [ ]         STREAM     CONNECTED     219989   /run/user/1000/wayland-0
unix  3      [ ]         STREAM     CONNECTED     40499    /run/user/1000/bus
unix  3      [ ]         STREAM     CONNECTED     13978    
unix  2      [ ]         DGRAM      CONNECTED     6582     
unix  3      [ ]         STREAM     CONNECTED     216959   
unix  3      [ ]         STREAM     CONNECTED     16954    
unix  3      [ ]         STREAM     CONNECTED     12223    
unix  3      [ ]         STREAM     CONNECTED     12347    /run/dbus/system_bus_socket
unix  3      [ ]         STREAM     CONNECTED     17025    /run/user/1000/bus
unix  3      [ ]         STREAM     CONNECTED     12217    /home/sansforensics/.cache/ibus/dbus-x4Eo7C2s
unix  3      [ ]         STREAM     CONNECTED     14026    /run/systemd/journal/stdout
unix  3      [ ]         STREAM     CONNECTED     299327   /run/user/1000/bus
unix  3      [ ]         STREAM     CONNECTED     21514    /run/user/1000/wayland-0
unix  3      [ ]         STREAM     CONNECTED     14082    
unix  3      [ ]         STREAM     CONNECTED     12206    
unix  3      [ ]         STREAM     CONNECTED     14136    /run/user/1000/at-spi/bus
unix  3      [ ]         STREAM     CONNECTED     14059    /run/systemd/journal/stdout
unix  3      [ ]         STREAM     CONNECTED     14005    /run/systemd/journal/stdout
unix  3      [ ]         STREAM     CONNECTED     18165    /run/dbus/system_bus_socket
unix  3      [ ]         STREAM     CONNECTED     12356    /run/dbus/system_bus_socket
unix  3      [ ]         STREAM     CONNECTED     29515    
unix  3      [ ]         STREAM     CONNECTED     12266    /run/user/1000/wayland-0
unix  3      [ ]         DGRAM      CONNECTED     6588     
unix  3      [ ]         STREAM     CONNECTED     16938    
unix  3      [ ]         STREAM     CONNECTED     12220    
unix  3      [ ]         STREAM     CONNECTED     14997    
unix  3      [ ]         STREAM     CONNECTED     18564    
unix  3      [ ]         STREAM     CONNECTED     88051    /run/systemd/journal/stdout
unix  3      [ ]         STREAM     CONNECTED     29543    /run/user/1000/gvfsd/socket-OdVZ58X5
unix  3      [ ]         STREAM     CONNECTED     29546    /run/dbus/system_bus_socket
unix  3      [ ]         STREAM     CONNECTED     221771   
unix  2      [ ]         DGRAM                    88901    
unix  3      [ ]         STREAM     CONNECTED     89762    
unix  3      [ ]         STREAM     CONNECTED     14074    /run/dbus/system_bus_socket
unix  2      [ ]         DGRAM                    14999    
unix  3      [ ]         STREAM     CONNECTED     12205    
unix  3      [ ]         STREAM     CONNECTED     13047    
unix  2      [ ]         DGRAM                    14595    /run/samba/msg.sock/1569
unix  3      [ ]         STREAM     CONNECTED     1962     /run/systemd/journal/stdout
unix  3      [ ]         STREAM     CONNECTED     14139    /run/user/1000/at-spi/bus
unix  3      [ ]         STREAM     CONNECTED     16637    /run/systemd/journal/stdout
unix  3      [ ]         STREAM     CONNECTED     1961     /run/systemd/journal/stdout
unix  3      [ ]         STREAM     CONNECTED     14066    
unix  2      [ ACC ]     STREAM     LISTENING     12016    /run/samba/winbindd/pipe
unix  3      [ ]         STREAM     CONNECTED     300239   
unix  3      [ ]         STREAM     CONNECTED     21624    
unix  2      [ ]         DGRAM                    15003    
unix  3      [ ]         DGRAM      CONNECTED     6346     
unix  3      [ ]         STREAM     CONNECTED     13230    
unix  3      [ ]         STREAM     CONNECTED     14108    
unix  3      [ ]         STREAM     CONNECTED     18552    
unix  3      [ ]         STREAM     CONNECTED     298896   
unix  3      [ ]         STREAM     CONNECTED     18662    /run/user/1000/pipewire-0
unix  3      [ ]         STREAM     CONNECTED     19530    /run/user/1000/bus
unix  2      [ ]         DGRAM                    14598    /run/samba/msg.sock/1603
unix  3      [ ]         STREAM     CONNECTED     14039    
unix  2      [ ]         DGRAM      CONNECTED     305659   
unix  2      [ ACC ]     STREAM     LISTENING     155414   /var/snap/lxd/common/lxd-user/unix.socket
unix  3      [ ]         STREAM     CONNECTED     17026    
unix  3      [ ]         STREAM     CONNECTED     14993    
unix  3      [ ]         STREAM     CONNECTED     18177    
unix  3      [ ]         STREAM     CONNECTED     14496    /run/dbus/system_bus_socket
unix  3      [ ]         STREAM     CONNECTED     6713     
unix  3      [ ]         STREAM     CONNECTED     14075    /run/dbus/system_bus_socket
unix  3      [ ]         STREAM     CONNECTED     12263    /run/user/1000/wayland-0
unix  3      [ ]         STREAM     CONNECTED     94219    /run/user/1000/wayland-0
unix  3      [ ]         STREAM     CONNECTED     15095    /run/systemd/journal/stdout
unix  3      [ ]         DGRAM      CONNECTED     8757     /run/systemd/notify
unix  3      [ ]         STREAM     CONNECTED     13979    /run/user/1000/bus
unix  2      [ ACC ]     STREAM     LISTENING     8760     /run/systemd/private
unix  3      [ ]         STREAM     CONNECTED     299451   /run/dbus/system_bus_socket
unix  3      [ ]         STREAM     CONNECTED     19619    
unix  3      [ ]         STREAM     CONNECTED     17016    
unix  3      [ ]         STREAM     CONNECTED     15014    
unix  3      [ ]         STREAM     CONNECTED     18590    
unix  3      [ ]         STREAM     CONNECTED     18227    
unix  3      [ ]         STREAM     CONNECTED     14103    /run/systemd/journal/stdout
unix  3      [ ]         STREAM     CONNECTED     340      /run/systemd/journal/stdout
unix  2      [ ACC ]     STREAM     LISTENING     8762     /run/systemd/userdb/io.systemd.DynamicUser
unix  3      [ ]         STREAM     CONNECTED     219987   /run/systemd/journal/stdout
unix  2      [ ACC ]     STREAM     LISTENING     8763     /run/systemd/io.systemd.ManagedOOM
unix  3      [ ]         STREAM     CONNECTED     17070    
unix  3      [ ]         STREAM     CONNECTED     13255    
unix  3      [ ]         STREAM     CONNECTED     12186    /run/user/1000/bus
unix  3      [ ]         STREAM     CONNECTED     41323    
unix  3      [ ]         STREAM     CONNECTED     17010    
unix  3      [ ]         STREAM     CONNECTED     18588    
unix  3      [ ]         STREAM     CONNECTED     216960   /run/user/1000/bus
unix  3      [ ]         STREAM     CONNECTED     20581    /run/user/1000/at-spi/bus
unix  3      [ ]         STREAM     CONNECTED     15064    /run/user/1000/gvfsd/socket-8TzSFFQg
unix  3      [ ]         STREAM     CONNECTED     11080    
unix  3      [ ]         STREAM     CONNECTED     341      /run/systemd/journal/stdout
unix  3      [ ]         STREAM     CONNECTED     20492    /run/user/1000/wayland-0
unix  3      [ ]         STREAM     CONNECTED     13999    /run/systemd/journal/stdout
unix  2      [ ACC ]     STREAM     LISTENING     8777     /run/lvm/lvmpolld.socket
unix  3      [ ]         STREAM     CONNECTED     216947   
unix  3      [ ]         STREAM     CONNECTED     90617    
unix  3      [ ]         STREAM     CONNECTED     17017    
unix  3      [ ]         STREAM     CONNECTED     12276    
unix  3      [ ]         STREAM     CONNECTED     15040    
unix  3      [ ]         STREAM     CONNECTED     13153    
unix  3      [ ]         STREAM     CONNECTED     18591    
unix  3      [ ]         STREAM     CONNECTED     6692     
unix  2      [ ACC ]     STREAM     LISTENING     8780     /run/systemd/fsck.progress
unix  3      [ ]         STREAM     CONNECTED     11104    
unix  3      [ ]         STREAM     CONNECTED     222672   /run/systemd/journal/stdout
unix  3      [ ]         STREAM     CONNECTED     13960    
unix  2      [ ]         STREAM     CONNECTED     29516    
unix  2      [ ]         DGRAM                    6729     
unix  21     [ ]         DGRAM      CONNECTED     8782     /run/systemd/journal/dev-log
unix  3      [ ]         STREAM     CONNECTED     90619    
unix  3      [ ]         STREAM     CONNECTED     15102    
unix  3      [ ]         STREAM     CONNECTED     12257    
unix  3      [ ]         STREAM     CONNECTED     16966    
unix  3      [ ]         STREAM     CONNECTED     13045    
unix  10     [ ]         DGRAM      CONNECTED     8784     /run/systemd/journal/socket
unix  3      [ ]         STREAM     CONNECTED     296776   /run/user/1000/at-spi/bus
unix  3      [ ]         STREAM     CONNECTED     14006    /run/systemd/journal/stdout
unix  3      [ ]         STREAM     CONNECTED     16423    
unix  2      [ ACC ]     STREAM     LISTENING     8786     /run/systemd/journal/stdout
unix  3      [ ]         STREAM     CONNECTED     14073    
unix  3      [ ]         DGRAM      CONNECTED     11064    
unix  3      [ ]         STREAM     CONNECTED     17059    
unix  2      [ ]         DGRAM      CONNECTED     6326     
unix  2      [ ACC ]     STREAM     LISTENING     8789     /run/systemd/oom/io.systemd.ManagedOOM
unix  3      [ ]         STREAM     CONNECTED     299452   
unix  2      [ ACC ]     SEQPACKET  LISTENING     8791     /run/udev/control
unix  3      [ ]         STREAM     CONNECTED     41326    /run/dbus/system_bus_socket
unix  3      [ ]         STREAM     CONNECTED     15051    /run/user/1000/pulse/native
unix  3      [ ]         STREAM     CONNECTED     14021    /run/systemd/journal/stdout
unix  2      [ ACC ]     STREAM     LISTENING     18254    @/tmp/.ICE-unix/1779
unix  3      [ ]         STREAM     CONNECTED     10009    @e0479bd31ebb09c8/bus/systemd-resolve/bus-api-resolve
unix  3      [ ]         STREAM     CONNECTED     8012     @846e93e5c4aa68d9/bus/systemd-logind/system
unix  3      [ ]         STREAM     CONNECTED     12714    @e478fee417230426/bus/systemd/bus-system
unix  2      [ ACC ]     STREAM     LISTENING     8779     @/org/kernel/linux/storage/multipathd
unix  2      [ ACC ]     STREAM     LISTENING     18515    @/tmp/.X11-unix/X0
unix  2      [ ACC ]     STREAM     LISTENING     18517    @/tmp/.X11-unix/X1
unix  3      [ ]         STREAM     CONNECTED     18141    @7a189d6015a62213/bus/systemd/bus-api-user
unix  3      [ ]         STREAM     CONNECTED     6714     @ff310264fedeac01/bus/systemd/bus-api-system
unix  2      [ ACC ]     STREAM     LISTENING     2712     @ISCSIADM_ABSTRACT_NAMESPACE
unix  3      [ ]         STREAM     CONNECTED     11638    @1b751ed63a810c82/bus/systemd-network/bus-api-network
unix  3      [ ]         STREAM     CONNECTED     11639    @6a9a166cc7eb8a98/bus/systemd-timesyn/bus-api-timesync
unix  3      [ ]         STREAM     CONNECTED     11026    @4fdd45293462837f/bus/systemd-oomd/bus-api-oom
