MFT Entry Header Values:
Entry: 124        Sequence: 124
$LogFile Sequence Number: 19105596
Allocated File
Links: 1

$STANDARD_INFORMATION Attribute Values:
Flags: Hidden, System
Owner ID: 0
Security ID: 0  ()
Version 6370040 of 468224
Created:	2004-08-18 16:53:16.000000000 (UTC)
File Modified:	2004-08-18 16:53:16.000000000 (UTC)
MFT Modified:	2004-08-19 22:40:19.648334400 (UTC)
Accessed:	2004-08-18 00:00:00.000000000 (UTC)

$FILE_NAME Attribute Values:
Flags: Hidden, Archive
Name: SETUPLOG.TXT
Parent MFT Entry: 5 	Sequence: 5
Allocated Size: 99840   	Actual Size: 99731
Created:	2004-08-18 16:53:16.000000000 (UTC)
File Modified:	2004-08-18 16:53:16.000000000 (UTC)
MFT Modified:	2004-08-18 16:53:16.000000000 (UTC)
Accessed:	2004-08-18 00:00:00.000000000 (UTC)

Attributes: 
Type: $STANDARD_INFORMATION (16-0)   Name: N/A   Resident   size: 48
Type: $FILE_NAME (48-1)   Name: N/A   Resident   size: 90
Type: $SECURITY_DESCRIPTOR (80-2)   Name: N/A   Resident   size: 128
Type: $DATA (128-3)   Name: N/A   Non-Resident   size: 99731  init_size: 99731
296318 296319 296320 296321 296322 296323 296324 296325 
296358 296359 296360 296361 296362 296363 296364 296365 
298318 298319 298320 298321 298322 298323 298324 298325 
303278 303279 303280 303281 303282 303283 303284 303285 
308574 308575 308576 308577 308578 308579 308580 308581 
324662 324663 324664 324665 324666 324667 324668 324669 
339686 339687 339688 339689 339690 339691 339692 339693 
377374 377375 377376 377377 377378 377379 377380 377381 
422630 422631 422632 422633 422634 422635 422636 422637 
459126 459127 459128 459129 459130 459131 459132 459133 
472126 472127 472128 472129 472130 472131 472132 472133 
476846 476847 476848 476849 476850 476851 476852 476853 
479766 479767 479768 479769 479770 479771 479772 479773 
488254 488255 488256 488257 488258 488259 488260 488261 
502798 502799 502800 502801 502802 502803 502804 502805 
535278 535279 535280 535281 535282 535283 535284 535285 
543150 543151 543152 543153 543154 543155 543156 543157 
556686 556687 556688 556689 556690 556691 556692 556693 
585446 585447 585448 585449 585450 585451 585452 585453 
598070 598071 598072 598073 598074 598075 598076 598077 
616902 616903 616904 616905 616906 616907 616908 616909 
286686 286687 286688 286689 286690 286691 286692 286693 
284062 284063 284064 284065 284066 284067 284068 284069 
288310 288311 288312 288313 288314 288315 288316 288317 
520350 520351 520352 
