[OptionalComponents]
"Accessories"=0
"Screen Savers"=0
"Paint"=0
"Calculator"=0
"Flying Windows"=0
"Desktop Wallpaper"=0
"OpenGL Screen Savers"=0
"Additional Screen Savers"=0
"Communications"=0
"System Tools"=0
"Disk compression tools"=0
"Backup"=0
"Drive Converter (FAT32)"=0
"Accessibility"=0
"Accessibility Options"=0
"Accessibility Tools"=0
"Internet Connection Sharing"=0
"Audio Compression"=0
"Video Compression"=0
"Sound Recorder"=0
"Volume Control"=0
"Multilanguage Support"=0
"Baltic"=0
"Central European"=0
"Cyrillic"=0
"Greek"=0
"Turkish"=0
"Briefcase"=0
"Personal Web Server"=0
"Document Templates"=0
"WordPad"=0
"Dial-Up Networking"=0
"Dial-Up Server"=0
"Direct Cable Connection"=0
"Virtual Private Networking"=0
"Dial-Up ATM Support"=0
"Games"=0
"System Monitor"=0
"System Resource Meter"=0
"Net Watcher"=0
"Character Map"=0
"Quick View"=0
"Internet Tools"=0
"HyperTerminal"=0
"Phone Dialer"=0
"Microsoft Wallet"=0
"Microsoft Chat 2.5"=0
"Clipboard Viewer"=0
"Web TV for Windows"=0
"WaveTop Data Broadcasting"=0
"Group Policies"=0
"Imaging"=0
"Multimedia"=0
"Multimedia Sound Schemes"=0
"Sample Sounds"=0
"CD Player"=0
"NetMeeting"=0
"Outlook Express"=0
"Address Book"=0
"Online Services"=0
"America Online"=0
"AT&T WorldNet Service"=0
"CompuServe"=0
"Prodigy Internet"=0
"Mouse Pointers"=0
"Macromedia Shockwave"=0
"Macromedia Shockwave Flash"=0
"Desktop Themes"=0
"Desktop Themes Support"=0
"Windows 98"=0
"More Windows"=0
"Inside your Computer"=0
"Science"=0
"Space"=0
"Mystery"=0
"Baseball"=0
"Sports"=0
"The 60's USA"=0
"Leonardo da Vinci"=0
"The Golden Era"=0
"Dangerous Creatures"=0
"Jungle"=0
"Nature"=0
"Travel"=0
"Underwater"=0
"Web-Based Enterprise Mgmt"=0
"Web Publishing Wizard"=0
"Windows Scripting Host"=0

[System]
"SelectedKeyboard"="KEYBOARD_00000409"
"Locale"="L0409"

[NameAndOrg]

[Destination]
1=C:\WIN98\
2=C:\WININST0.400
3=C:\UNINSTAL.000
4=C:\UNINSTAL.000
5=C:\WININST0.400
10=C:\WINDOWS
11=C:\WINDOWS\SYSTEM
12=C:\WINDOWS\SYSTEM\IOSUBSYS
13=C:\WINDOWS\COMMAND
17=C:\WINDOWS\INF
18=C:\WINDOWS\HELP
19=C:\WINDOWS
20=C:\WINDOWS\FONTS
21=C:\WINDOWS\SYSTEM\VIEWERS
22=C:\WINDOWS\SYSTEM\VMM32
23=C:\WINDOWS\SYSTEM\COLOR
24=C:\
25=C:\WINDOWS
26=C:\WINDOWS
27=C:\
28=C:\WINDOWS
30=C:\
31=C:\
32=C:\WINBOOT
33=

[]

fsCmosAVCheck: Attempting CMOS Anti Virus Test
fsCmosAVCheck: CMOS Anti Virus Test SUCCEEDED
Drive=:A:, Host=::, Flags=:0x107:
Drive=:B:, Host=::, Flags=:0x107:
Drive=:C:, Host=::, Flags=:0xd:
Drive=:D:, Host=::, Flags=:0x205:
vfs.boot=:C:, vfs.boothost=::
FSLog: BIOS Heads=:255:, BootPart Heads=:255:
batch settings:
[Setup]
InstallType=1
Customise=0
Express=0
ChangeDir=1
Network=1
OptionalComponents=1
System=1
MBR=1
Reboot=1
CCP=1
EBD=1
CleanBoot=0
Win31FileSystem=-8531
CopyFiles=1
Verify=-8531
UPI=1
VRC=1
External=1
ShowEula=1
CustomOEMInstall=0
AutoRetry=0
PenWinWarning=1
CHKDSK=0
UNINSTALL=1
DevicePath=0
NoDirWarn=0
NoAppsWarn=0
RunHwInfo=1
BootCD=0
CallMigrationDLLs=1
InstallDir=C:\WINDOWS,1,0

[Network]
DisplayWorkstationSetup=0
WorkstationSetup=0
HDBOOT=0
RPLSETUP=0
SaveSuBoot=0


[Started]
version=262154,2222
OldLogFile
SourcePath=C:\WININST0.400
CmdLine=/T:C:\WININST0.400 /SrcDir=C:\WIN98 /IZ /IS /IQ /IT /II /NR /II /C  /U:xxxxxxxxxxxxxxxxx
WinVer=Mini
ExePath=C:\WININST0.400
FilePath=C:\WIN98\
RunVer=3.1
dwSrcPathType=0
Init:Setup initialization successful.
Started=Passed

[Dummy]

[Dialogs]
Init:Main INF=C:\WININST0.400\SETUPPP.INF.

[Select Directory]
"C:\WINDOWS"=1
DS:DS_SetAvailablePad: C=14843904, Tot=14843904
DS:DS_SetRequiredPad: C=14843904, Tot=14843904
TmpDirPad:Drive:C:, size:14843904
DS:DS_SetRequiredPad: C=1500000, Tot=16343904
BootDrvPad:Drive:C:, size:1500000
DS:DS_SetRequiredPad: C=6000000, Tot=22343904
dsRegSetPads:SysDatPath:C:\WINDOWS, size:6000000
DS:DS_SetRequiredPad: C=600000, Tot=22943904
dsRegSetPads:UserDatPath:C:\WINDOWS, size:600000
DS:DS_SetRequiredPad: C=2000000, Tot=24943904
dsRegSetPads:System.new pad:2000000
DS:DS_SetRequiredPad: C=200000, Tot=25143904
dsRegSetPads:User.new pad:200000
DS:DS_SetRequiredPad: C=2000000, Tot=27143904
dsRegSetPads:Regtmp pad:2000000
SwapFile(HMR): ExtMem=:66060288: and TotalSwapReqdFromINF=:24117248:
ValidateHostSpace:OK
ScanReg was skipped from the command line.
CL:Windows 98 Second Edition CD-ROM PRECOPY1.CAB
CL:Windows 98 Second Edition CD-ROM PRECOPY2.CAB
CL:Windows 98 Second Edition CD-ROM CATALOG3.CAB
CL:Windows 98 Second Edition CD-ROM BASE4.CAB
CL:Windows 98 Second Edition CD-ROM BASE5.CAB
CL:Windows 98 Second Edition CD-ROM BASE6.CAB
CL:Windows 98 Second Edition CD-ROM NET7.CAB
CL:Windows 98 Second Edition CD-ROM NET8.CAB
CL:Windows 98 Second Edition CD-ROM NET9.CAB
CL:Windows 98 Second Edition CD-ROM NET10.CAB
CL:Windows 98 Second Edition CD-ROM DRIVER11.CAB
CL:Windows 98 Second Edition CD-ROM DRIVER12.CAB
CL:Windows 98 Second Edition CD-ROM DRIVER13.CAB
CL:Windows 98 Second Edition CD-ROM DRIVER14.CAB
CL:Windows 98 Second Edition CD-ROM DRIVER15.CAB
CL:Windows 98 Second Edition CD-ROM DRIVER16.CAB
CL:Windows 98 Second Edition CD-ROM DRIVER17.CAB
CL:Windows 98 Second Edition CD-ROM DRIVER18.CAB
CL:Windows 98 Second Edition CD-ROM DRIVER19.CAB
CL:Windows 98 Second Edition CD-ROM DRIVER20.CAB
CL:Windows 98 Second Edition CD-ROM WIN98_21.CAB
CL:Windows 98 Second Edition CD-ROM WIN98_22.CAB
CL:Windows 98 Second Edition CD-ROM WIN98_23.CAB
CL:Windows 98 Second Edition CD-ROM WIN98_24.CAB
CL:Windows 98 Second Edition CD-ROM WIN98_25.CAB
CL:Windows 98 Second Edition CD-ROM WIN98_26.CAB
CL:Windows 98 Second Edition CD-ROM WIN98_27.CAB
CL:Windows 98 Second Edition CD-ROM WIN98_28.CAB
CL:Windows 98 Second Edition CD-ROM WIN98_29.CAB
CL:Windows 98 Second Edition CD-ROM WIN98_30.CAB
CL:Windows 98 Second Edition CD-ROM WIN98_31.CAB
CL:Windows 98 Second Edition CD-ROM WIN98_32.CAB
CL:Windows 98 Second Edition CD-ROM WIN98_33.CAB
CL:Windows 98 Second Edition CD-ROM WIN98_34.CAB
CL:Windows 98 Second Edition CD-ROM WIN98_35.CAB
CL:Windows 98 Second Edition CD-ROM WIN98_36.CAB
CL:Windows 98 Second Edition CD-ROM WIN98_37.CAB
CL:Windows 98 Second Edition CD-ROM WIN98_38.CAB
CL:Windows 98 Second Edition CD-ROM WIN98_39.CAB
CL:Windows 98 Second Edition CD-ROM WIN98_40.CAB
CL:Windows 98 Second Edition CD-ROM WIN98_41.CAB
CL:Windows 98 Second Edition CD-ROM WIN98_42.CAB
CL:Windows 98 Second Edition CD-ROM WIN98_43.CAB
CL:Windows 98 Second Edition CD-ROM WIN98_44.CAB
CL:Windows 98 Second Edition CD-ROM WIN98_45.CAB
CL:Windows 98 Second Edition CD-ROM WIN98_46.CAB
CL:Windows 98 Second Edition CD-ROM WIN98_47.CAB
CL:Windows 98 Second Edition CD-ROM WIN98_48.CAB
CL:Windows 98 Second Edition CD-ROM WIN98_49.CAB
CL:Windows 98 Second Edition CD-ROM WIN98_50.CAB
CL:Windows 98 Second Edition CD-ROM WIN98_51.CAB
CL:Windows 98 Second Edition CD-ROM WIN98_52.CAB
CL:Windows 98 Second Edition CD-ROM WIN98_53.CAB
CL:Windows 98 Second Edition CD-ROM WIN98_54.CAB
CL:Windows 98 Second Edition CD-ROM WIN98_55.CAB
CL:Windows 98 Second Edition CD-ROM WIN98_56.CAB
CL:Windows 98 Second Edition CD-ROM WIN98_57.CAB
CL:Windows 98 Second Edition CD-ROM WIN98_58.CAB
CL:Windows 98 Second Edition CD-ROM WIN98_59.CAB
CL:Windows 98 Second Edition CD-ROM WIN98_60.CAB
CL:Windows 98 Second Edition CD-ROM WIN98_61.CAB
CL:Windows 98 Second Edition CD-ROM WIN98_62.CAB
CL:Windows 98 Second Edition CD-ROM WIN98_63.CAB
CL:Windows 98 Second Edition CD-ROM WIN98_64.CAB
CL:Windows 98 Second Edition CD-ROM WIN98_65.CAB
CL:Windows 98 Second Edition CD-ROM WIN98_66.CAB
CL:Windows 98 Second Edition CD-ROM WIN98_67.CAB
CL:Windows 98 Second Edition CD-ROM WIN98_68.CAB
CL:Windows 98 Second Edition CD-ROM WIN98_69.CAB
CL:Windows 98 Second Edition CD-ROM WIN98_70.CAB
CL:Windows 98 Second Edition CD-ROM WIN98_71.CAB
CL:Windows 98 Second Edition CD-ROM WIN98_72.CAB
CL:Windows 98 Second Edition CD-ROM WIN98_73.CAB
CL:Windows 98 Second Edition CD-ROM WIN98_74.CAB
Init:Registry init OK.
Migration:(C:\WININST0.400\9xmig.dll,Migration,WAB5.0)(stage 0x1) returned (0x0)
Migration:(C:\WININST0.400\9xmig.dll,Migration,OE5.0)(stage 0x1) returned (0x0)
INF:IPCacheOff(1)
loading 'C:\WININST0.400\suexpand.dll' returned e871126
CL:DEC PATHWORKS Windows driver disk 
CL:PC-NFS Windows driver disk 
VcpClose:About to close
VcpClose:Copy 1
"C&ustom "=1
[Windows 98 Second Edition CD-ROM]
DCE:C:\WIN98\\BASE5.CAB=1
DCE:remaining=0
hidci.dll=5,,9879,45760
VcpClose:About to End
VcpClose:About to Terminate
INF:IPCacheOff(0)
Migration:(C:\WININST0.400\9xmig.dll,Migration,WAB5.0)(stage 0x2) returned (0x0)
Migration:(C:\WININST0.400\9xmig.dll,Migration,OE5.0)(stage 0x2) returned (0x0)
AddFileEntry::Ignoring File named  s3dd32_765.dll in C:\WININST0.400\msdisp.inf
AddFileEntry::No size for CATALOG3.CAB in C:\WININST0.400\subase.inf
AddFileEntry::No size for WIN98_OL.CAB in C:\WININST0.400\ols.inf
DS:DS_SetRequiredPad: C=42000000, Tot=69143904
dsSetPads:Path:C:\WINDOWS, size:42000000
Migration:(C:\WININST0.400\9xmig.dll,Migration,WAB5.0)(stage 0x10) returned (0x0)
Migration:(C:\WININST0.400\9xmig.dll,Migration,OE5.0)(stage 0x10) returned (0x0)
DS:DS_SetRequiredPad: C=0, Tot=69143904
GDD::Required=:191266791 incl Pad=:245566791 no discount 191266818
GDD::Required=:220757991 incl Pad=:275057991 no discount 220758018
DS(CheckDiskSpace):D=C:, Bpc=32768, F=9212208, TF=9212208, R=275057991, A=9212208, RP=69143904, AP=14843904, OF=0, SS=0
GetUserInfo:INIT
INF:IPCacheOff(1)
INF:IPCacheOff(0)
SUMB:Setup:Address Book is required by the following component(s):


Outlook Express 

Removing it will also remove these components.

Do you want to remove Address Book and all components that require it?:Yes
GDD::Required=:191266791 incl Pad=:245566791 no discount 191266818
Locale: 
loading 'C:\WININST0.400\suexpand.dll' returned e871126
VcpClose:About to close
VcpClose:Copy 22
CAB-No volume name for LDID 2, local copy - path C:\WININST0.400
command.com=2,,9879,45760
drvspace.bin=2,,9879,45760
extract.exe=2,,9879,45760
winboot.sys=2,io.sys,9879,45760
[Windows 98 Second Edition CD-ROM]
DCE:C:\WIN98\\BASE4.CAB=1
DCE:remaining=0
ebd.cab=2,,9879,45760
[Windows 98 Second Edition CD-ROM]
DCE:C:\WIN98\\BASE5.CAB=17
DCE:remaining=0
autoexec.ebd=2,autoexec.bat,9879,45760
config.ebd=2,config.sys,9879,45760
readme.ebd=2,readme.txt,9879,45760
setramd.ebd=2,setramd.bat,9879,45760
fdisk.exe=2,,9879,45760
findramd.exe=2,,9879,45760
aspi2dos.sys=2,,9879,45760
aspi4dos.sys=2,,9879,45760
aspi8dos.sys=2,,9879,45760
aspi8u2.sys=2,,9879,45760
aspicd.sys=2,,9879,45760
btcdrom.sys=2,,9879,45760
btdosm.sys=2,,9879,45760
flashpt.sys=2,,9879,45760
himem.sys=2,,9879,45760
oakcdrom.sys=2,,9879,45760
ramdrive.sys=2,,9879,45760
VcpClose:About to End
VcpClose:About to Terminate
EBDP:Ask Disk.:130062:
EBDP:Done with EBDP.:134346:
SUMB:Windows 98 Startup Disk:Remove the disk and then click OK to continue Setup.:OK
EBD:Done c. files.
Dialogs=Passed

[Dummy]
loading 'C:\WININST0.400\suexpand.dll' returned e871126
SrcLdid:(2)COMMAND.COM
SrcLdid:(2)DRVSPACE.BIN
SrcLdid:(2)EXTRACT.EXE
SrcLdid:(2)IO.SYS
SrcLdid:(2)EBD.CAB
SrcLdid:(2)AUTOEXEC.BAT
SrcLdid:(2)CONFIG.SYS
SrcLdid:(2)README.TXT
SrcLdid:(2)SETRAMD.BAT
SrcLdid:(2)FDISK.EXE
SrcLdid:(2)FINDRAMD.EXE
SrcLdid:(2)ASPI2DOS.SYS
SrcLdid:(2)ASPI4DOS.SYS
SrcLdid:(2)ASPI8DOS.SYS
SrcLdid:(2)ASPI8U2.SYS
SrcLdid:(2)ASPICD.SYS
SrcLdid:(2)BTCDROM.SYS
SrcLdid:(2)BTDOSM.SYS
SrcLdid:(2)FLASHPT.SYS
SrcLdid:(2)HIMEM.SYS
SrcLdid:(2)OAKCDROM.SYS
SrcLdid:(2)RAMDRIVE.SYS
VcpClose:About to close
VcpClose:Copy 22
LDID is ffff failed CtlGetLdd 
CAB-No volume name for LDID ffff, local copy - path Absolute
VcpClose:About to End
VcpClose:About to Terminate
Migration:(C:\WININST0.400\9xmig.dll,Migration,WAB5.0)(stage 0x100) returned (0x0)
Migration:(C:\WININST0.400\9xmig.dll,Migration,OE5.0)(stage 0x100) returned (0x0)
Providers begin (PreQueueProviders)
CallDll(C:\WININST0.400\netdi.dll,SBSTREECOPYNWBOOTDISK), hlib=5374, ret=0
CallDll(C:\WININST0.400\infrared.dll,CleanUpPnPIrDevices), hlib=0, ret=5021
Providers End (PreQueueProviders)
Set CommandLine to (/T:C:\WININST0.400 /SrcDir=C:\WIN98 /IZ /IS /IQ /IT /II /NR /II /C  /U:xxxxxxxxxxxxxxxxx)
loading 'C:\WININST0.400\suexpand.dll' returned e871126

[FileQueue]
SrcLdid:(30)win.bat
GenInstall of Setion (Lexmark_Remove) returned (0).
GenInstall(AlwaysInstall section) PASSED 
GenInstall(CleanInstall section) PASSED 
GenInstall(BaseClassWithoutNet section) PASSED 
InstallActiveLanguages: GenInstall (KEYBOARD_00000409) returned (0)
SrcLdid:(25)imagehlp.dll
SrcLdid:(25)reg.dat
Winver (0000) specific Section:winClean, reRet=0.
Calling Netdi to install
Netdi return: 0
ctlInstallSysCfgOptions: Small fonts picked, US or derivative, MultiLang OC not selected
SCfg:Large fonts installed, genInstall returned 0
SCfg:Locale:English (United States) 0
SCfg:SelectedKeyboard:United States 101 0
SrcLdid:(5)hidci.dll
SrcLdid:(5)hidci.dll
SrcLdid:(5)hidci.dll
SrcLdid:(5)hidci.dll
SRCDUP:hidci.dll
SrcLdid:(5)hidci.dll
SrcLdid:(5)hidci.dll
INF:IPCacheOff(1)
INF:IPCacheOff(0)
Providers begin (BeforeProvider)
PS:WS
PS:BS
CallDll(C:\WININST0.400\msprint.dll,SETUPENTRY), hlib=6142, ret=0
Providers End (BeforeProvider)
FileQueue=Passed

[Dummy]

[FileCopy]
VcpClose:About to close
VcpClose:Delete 1993
VcpClose:Rename 3
VcpClose:Copy 2123
CAB-No volume name for LDID 2, local copy - path C:\WININST0.400
amovie.inf=17,,9879,45760
applets.inf=17,,9879,45760
applets1.inf=17,,9879,45760
atmuni.inf=17,,9879,45760
cfgwiz.dll=11,,12562,33769
cfgwiz32.exe=11,,9879,45760
cxpdfgo.inf=17,,9879,45760
cxpdfpci.inf=17,,9879,45760
decpsmw4.inf=17,,9879,45760
didiva.inf=17,,9879,45760
digiisdn.inf=17,,9879,45760
dindi.dll=11,,12562,33769
diwan.inf=17,,9879,45760
dlcndi.dll=11,,12562,33769
easyisdn.inf=17,,9879,45760
enable.inf=17,,9879,45760
hiddev.inf=17,,9879,45760
hwinfo.exe=25,,9879,45760
ibm4mir.inf=17,,9879,45760
ibmeimp.inf=17,,9879,45760
ics.inf=17,,9879,45760
icshare.inf=17,,9879,45760
icsharep.inf=17,,9879,45760
icw97.inf=17,,9879,45760
ie.inf=17,,9879,45760
iefiles.inf=17,,9879,45760
ieshell.inf=17,,9879,45760
infoisdn.inf=17,,9879,45760
infrared.dll=11,,12562,33769
infrared.inf=17,,9879,45760
instcm16.inf=17,,9879,45760
issetup.dll=11,,12562,33769
mdacinst.inf=17,,9879,45760
mdmgl001.inf=17,,9879,45760
mdmgl002.inf=17,,9879,45760
mdmgl003.inf=17,,9879,45760
mdmgl004.inf=17,,9879,45760
mdmgl005.inf=17,,9879,45760
mdmgl006.inf=17,,9879,45760
mdmgl007.inf=17,,9879,45760
mdmgl100.inf=17,,9879,45760
mfdfgo.inf=17,,9879,45760
mfdfpci.inf=17,,9879,45760
modems.inf=17,,9879,45760
monitor.inf=17,,9879,45760
monitor2.inf=17,,9879,45760
monitor3.inf=17,,9879,45760
monitor4.inf=17,,9879,45760
monitor6.inf=17,,9879,45760
monitor7.inf=17,,9879,45760
monitr10.inf=17,,9879,45760
monitr11.inf=17,,9879,45760
motown.inf=17,,9879,45760
mplay98.inf=17,,9879,45760
msdos.inf=17,,9879,45760
msdxwin.inf=17,,9879,45760
msinfo.inf=17,,9879,45760
msjava16.inf=17,,9879,45760
msports.inf=17,,9879,45760
mstask.inf=17,,9879,45760
mstcp.dll=11,,12562,33769
mtd.inf=17,,9879,45760
mullang.inf=17,,9879,45760
ncplatfm.inf=17,,9879,45760
ncwandis.inf=17,,9879,45760
ndscli.inf=17,,9879,45760
ndswan16.dll=11,,12562,33769
ndswan32.dll=11,,9879,45760
net100i.inf=17,,9879,45760
net3c562.inf=17,,9879,45760
net3com.inf=17,,9879,45760
net3comt.inf=17,,9879,45760
net557.inf=17,,9879,45760
neta351.inf=17,,9879,45760
netaic59.inf=17,,9879,45760
netamd.inf=17,,9879,45760
netapi.dll=11,,12562,33769
netatki.inf=17,,9879,45760
netcable.inf=17,,9879,45760
netcd.inf=17,,9879,45760
netcem28.inf=17,,9879,45760
netcem33.inf=17,,9879,45760
netcli.inf=17,,9879,45760
netcli3.inf=17,,9879,45760
netcmdr.inf=17,,9879,45760
netcrc.inf=17,,9879,45760
netdca.inf=17,,9879,45760
netdec.inf=17,,9879,45760
netdef.inf=17,,9879,45760
netdet.ini=25,,9879,45760
netdfgo.inf=17,,9879,45760
netdfpci.inf=17,,9879,45760
netdi.dll=11,,12562,33770
netdl660.inf=17,,9879,45760
netdlc32.inf=17,,9879,45760
nete100i.inf=17,,9879,45760
nete10p.inf=17,,9879,45760
netee16.inf=17,,9879,45760
netel59x.inf=17,,9879,45760
Netel5x9.inf=17,,9879,45760
netel90x.inf=17,,9879,45760
neteni25.inf=17,,9879,45760
netevx.inf=17,,9879,45760
netex10.inf=17,,9879,45760
netfake.inf=17,,9879,45760
netfam.inf=17,,9879,45760
netfar.inf=17,,9879,45760
netfjvi.inf=17,,9879,45760
netfl32.inf=17,,9879,45760
netfore.inf=17,,9879,45760
netgen.inf=17,,9879,45760
netibm2.inf=17,,9879,45760
netibmtb.inf=17,,9879,45760
netlane.inf=17,,9879,45760
netmadge.inf=17,,9879,45760
netmatmc.inf=17,,9879,45760
netncr.inf=17,,9879,45760
neto100.inf=17,,9879,45760
netoca1p.inf=17,,9879,45760
netos.dll=11,,12562,33770
netpro10.inf=17,,9879,45760
netprot.inf=17,,9879,45760
netracal.inf=17,,9879,45760
netrt.inf=17,,9879,45760
netrtf.inf=17,,9879,45760
netservr.inf=17,,9879,45760
netsilc.inf=17,,9879,45760
netsmc32.inf=17,,9879,45760
netsock.inf=17,,9879,45760
netstrm.inf=17,,9879,45760
nettcc.inf=17,,9879,45760
nettlan.inf=17,,9879,45760
nettpro.inf=17,,9879,45760
nettulip.inf=17,,9879,45760
netub.inf=17,,9879,45760
netznote.inf=17,,9879,45760
nwnds.dll=11,,12562,33770
pidgen.dll=10,,12562,33770
powercfg.inf=17,,9879,45760
pppndi.dll=11,,12562,33770
rna.inf=17,,9879,45760
rnasetup.dll=11,,12562,33770
shell2.inf=17,,9879,45760
usrisdn.inf=17,,9879,45760
wan.tsp=11,,9879,45760
ws2atmsp.inf=17,,9879,45760
[Windows 98 Second Edition CD-ROM]
suback.bin=25,,9879,45760
w98setup.bin=25,,9879,45760
[Windows 98 Second Edition CD-ROM]
DCE:C:\WIN98\\PRECOPY2.CAB=14
DCE:remaining=0
IEEULA.CHM=18,,9879,45760
IESUPP.CHM=18,,9879,45760
license.chm=18,,9879,45760
mtshelp.chm=18,,9879,45760
webhelp.chm=18,,9879,45760
mpsupp.hlp=18,,9879,45760
layout.inf=17,,9891,27769
layout1.inf=17,,9891,28004
layout2.inf=17,,9891,27769
net.inf=17,,9879,45760
nettrans.inf=17,,9879,45760
setuppp.inf=17,setup.inf,9879,45760
lic_help.txt=25,license.txt,9879,45760
support.txt=25,,9879,45760
[Windows 98 Second Edition CD-ROM]
DCE:C:\WIN98\\BASE5.CAB=3
DCE:remaining=0
mouse.drv=11,,9879,45760
msjstick.drv=11,,9879,45760
supervga.drv=11,,9879,45760
[Windows 98 Second Edition CD-ROM]
DCE:C:\WIN98\\BASE6.CAB=2
DCE:remaining=0
msmouse.vxd=11,,9879,45760
vjoyd.vxd=11,,9879,45760
[Windows 98 Second Edition CD-ROM]
DCE:C:\WIN98\\NET7.CAB=8
DCE:remaining=0
infrared.cnt=18,,9879,45760
IENPSTUB.DLL=11,,9879,45760
IPHLPAPI.DLL=11,,9879,45760
MSLOCUSR.DLL=11,,9879,45760
rpcltc1.dll=11,,9879,45760
rpcltc5.dll=11,,9879,45760
rpclts5.dll=11,,9879,45760
SECUR32.DLL=11,,9879,45760
[Windows 98 Second Edition CD-ROM]
DCE:C:\WIN98\\NET8.CAB=1
DCE:remaining=0
infrared.hlp=18,,9879,45760
[Windows 98 Second Edition CD-ROM]
DCE:C:\WIN98\\NET9.CAB=2
DCE:remaining=0
ndis.vxd=11,,9879,45760
ndis2sup.vxd=11,,9879,45760
[Windows 98 Second Edition CD-ROM]
DCE:C:\WIN98\\DRIVER11.CAB=3
DCE:remaining=0
dvdplay.chm=18,,9879,45760
mplayer.cnt=18,,9879,45760
framebuf.dll=11,,9879,45760
[Windows 98 Second Edition CD-ROM]
DCE:C:\WIN98\\DRIVER12.CAB=1
DCE:remaining=0
mwci.dll=11,,9879,45760
[Windows 98 Second Edition CD-ROM]
DCE:C:\WIN98\\DRIVER13.CAB=1
DCE:remaining=0
gm16.dls=32901,gm.dls,9879,45760
[Windows 98 Second Edition CD-ROM]
DCE:C:\WIN98\\DRIVER15.CAB=1
DCE:remaining=0
framebuf.drv=11,,9879,45760
[Windows 98 Second Edition CD-ROM]
DCE:C:\WIN98\\DRIVER17.CAB=3
DCE:remaining=0
mplayer.exe=25,,9879,45760
hpplot.hlp=18,,9879,45760
mplayer.hlp=18,,9879,45760
[Windows 98 Second Edition CD-ROM]
DCE:C:\WIN98\\DRIVER20.CAB=1
DCE:remaining=0
msanalog.vxd=11,,9879,45760
[Windows 98 Second Edition CD-ROM]
DCE:C:\WIN98\\WIN98_22.CAB=35
DCE:remaining=0
vgafull.3gr=11,,9879,45760
GLOBE.ANI=32860,,9879,45760
acelpdec.ax=11,,9879,45760
clramd.ax=11,,9879,45760
iac25_32.ax=11,,9879,45760
ir41_32.ax=11,,9879,45760
ivfsrc.ax=11,,9879,45760
l3codecx.ax=11,,9879,45760
mpg2splt.ax=11,,9879,45760
mpg4ds32.ax=11,,9879,45760
tm20dec.ax=11,,9879,45760
voxmsdec.ax=11,,9879,45760
voxmvdec.ax=11,,9879,45760
vvaudflt.ax=11,,9879,45760
vvvidflt.ax=11,,9879,45760
makapt15.bat=32867,,9879,45760
makfre15.bat=32867,,9879,45760
PINGNAME.BAT=18,,9879,45760
PINGNUM.BAT=18,,9879,45760
IEJAVA.CAB=11,,9879,45760
runhelp.cab=25,,9879,45760
xmldso4.cab=32870,,9879,45760
classes.cer=32870,,9879,45760
dx3.cer=32870,,9879,45760
msjdbc.cer=32870,,9879,45760
tclasses.cer=32870,,9879,45760
wfc.cer=32870,,9879,45760
midimap.cfg=11,,9879,45760
dxdiag.chi=18,,9879,45760
31users.chm=18,,9879,45760
98update.chm=18,,9879,45760
access.chm=18,,9879,45760
ACCESSIB.CHM=18,,9879,45760
amovie.chm=18,,9879,45760
batch98.chm=18,,9879,45760
[Windows 98 Second Edition CD-ROM]
DCE:C:\WIN98\\WIN98_23.CAB=21
DCE:remaining=0
brep.chm=18,,9879,45760
calc.chm=18,,9879,45760
camera.chm=18,,9879,45760
cdplayer.chm=18,,9879,45760
clipbook.chm=18,,9879,45760
clipbrd.chm=18,,9879,45760
common.chm=18,,9879,45760
dcomcnfg.chm=18,,9879,45760
dialer.chm=18,,9879,45760
dijoy.chm=18,,9879,45760
drvspace.chm=18,,9879,45760
dxdiag.chm=18,,9879,45760
eudcedit.chm=18,,9879,45760
FIND.CHM=18,,9879,45760
freecell.chm=18,,9879,45760
getstart.chm=18,,9879,45760
htmhlp98.chm=18,,9879,45760
hypertrm.chm=18,,9879,45760
icwdial.chm=18,,9879,45760
IEWEBHLP.CHM=18,,9879,45760
IEXPLORE.CHM=18,,9879,45760
[Windows 98 Second Edition CD-ROM]
DCE:C:\WIN98\\WIN98_24.CAB=39
DCE:remaining=0
infinst.chm=18,,9879,45760
infrared.chm=18,,9879,45760
macusers.chm=18,,9879,45760
mds.chm=18,,9879,45760
mobsync.chm=18,,9879,45760
mouse.chm=18,,9879,45760
msbackup.chm=18,,9879,45760
msconfig.chm=18,,9879,45760
mshearts.chm=18,,9879,45760
msinfo32.chm=18,,9879,45760
mspaint.chm=18,,9879,45760
mstask.chm=18,,9879,45760
ndsnp.chm=18,,9879,45760
netwatch.chm=18,,9879,45760
network.chm=18,,9879,45760
notepad.chm=18,,9879,45760
packager.chm=18,,9879,45760
plus.chm=18,,9879,45760
poledit.chm=18,,9879,45760
progman.chm=18,,9879,45760
pwrmn.chm=18,,9879,45760
pws.chm=18,,9879,45760
RATINGS.CHM=18,,9879,45760
regedit.chm=18,,9879,45760
rnaapp.chm=18,,9879,45760
sndvol32.chm=18,,9879,45760
sol.chm=18,,9879,45760
soundrec.chm=18,,9879,45760
sysmon.chm=18,,9879,45760
telnet.chm=18,,9879,45760
UPDATE.CHM=18,,9879,45760
USERS.CHM=18,,9879,45760
vpn.chm=18,,9879,45760
w98basic.chm=18,,9879,45760
w98more.chm=18,,9879,45760
w98new.chm=18,,9879,45760
w98tour.chm=18,,9879,45760
welc98.chm=18,,9879,45760
whatnew.chm=18,,9879,45760
[Windows 98 Second Edition CD-ROM]
DCE:C:\WIN98\\WIN98_25.CAB=46
DCE:remaining=0
windows.chm=18,,9879,45760
winfile.chm=18,,9879,45760
winmine.chm=18,,9879,45760
winpopup.chm=18,,9879,45760
wordpad.chm=18,,9879,45760
IESETUP.CIF=29000,,9879,45760
access.cnt=18,,9879,45760
brep.cnt=18,,9879,45760
connect.cnt=18,,9879,45760
dijoy.cnt=18,,9879,45760
drvvfp.cnt=11,,9879,45760
dvdplay.cnt=18,,9879,45760
freecell.cnt=18,,9879,45760
htmhlp98.cnt=18,,9879,45760
mds.cnt=18,,9879,45760
mplayer2.cnt=18,,9879,45760
msbackup.cnt=18,,9879,45760
msconfig.cnt=18,,9879,45760
msdasc.cnt=32869,,9879,45760
MSNAUTH.CNT=18,,9879,45760
msorcl32.cnt=11,,9879,45760
ndsnp.cnt=18,,9879,45760
network.cnt=18,,9879,45760
odbcinst.cnt=11,,9879,45760
odbcjet.cnt=11,,9879,45760
plus!.cnt=18,,9879,45760
pwrmn.cnt=18,,9879,45760
RATINGS.CNT=18,,9879,45760
regedit.cnt=18,,9879,45760
rnaapp.cnt=18,,9879,45760
telnet.cnt=18,,9879,45760
UPDATE.CNT=18,,9879,45760
whatnew.cnt=18,,9879,45760
winhlp32.cnt=18,,9879,45760
html32.cnv=32858,,9879,45760
keyb.com=13,,9879,45760
DESKW95.CPL=11,DESK.CPL,9879,45760
INETCPL.CPL=11,,9879,45760
INTL.CPL=11,,9879,45760
joy.cpl=11,,9879,45760
mmsys.cpl=11,,9879,45760
modem.cpl=11,,9879,45760
netcpl.cpl=11,,9879,45760
odbccp32.cpl=11,,9879,45760
password.cpl=11,,9879,45760
powercfg.cpl=11,,9879,45760
[Windows 98 Second Edition CD-ROM]
DCE:C:\WIN98\\WIN98_26.CAB=31
DCE:remaining=0
12520437.cpx=11,,9879,45760
12520850.cpx=11,,9879,45760
mmsobshe.css=32889,,9879,45760
msobshel.css=32883,,9879,45760
jautoexp.dat=10,,9879,45760
ACTXPRXY.DLL=11,,9879,45760
ADVAPI32.DLL=11,,9879,45760
ADVPACK.DLL=11,,9879,45760
amstream.dll=11,,9879,45760
asycfilt.dll=11,,9879,45760
avicap.dll=11,,9879,45760
avicap32.dll=11,,9879,45760
avifil32.dll=11,,9879,45760
avifile.dll=11,,9879,45760
batmeter.dll=11,,9879,45760
BROWSELC.DLL=11,,9879,45760
BROWSEUI.DLL=11,,9879,45760
CABINET.DLL=11,,9879,45760
cabview.dll=32894,,9879,45760
ccfg95.dll=11,,9879,45760
CDFVIEW.DLL=11,,9879,45760
cdm.dll=11,,9879,45760
cfgmgr32.dll=11,,9879,45760
cliconfg.dll=11,,9879,45760
clrviddc.dll=11,,9879,45760
cmcfg32.dll=11,,9879,45760
cmdial32.dll=11,,9879,45760
cmpbk32.dll=11,,9879,45760
cmutil.dll=11,,9879,45760
cnet16.dll=11,,9879,45760
cnetcfg.dll=11,,9879,45760
[Windows 98 Second Edition CD-ROM]
DCE:C:\WIN98\\WIN98_27.CAB=16
DCE:remaining=0
comcat.dll=11,,9879,45760
COMCTL32.DLL=11,,9879,45760
compobj.dll=11,,9879,45760
cool.dll=11,,9879,45760
CORPOL.DLL=11,,9879,45760
CRYPT32.DLL=11,,9879,45760
CRYPTDLG.DLL=11,,9879,45760
CRYPTEXT.DLL=11,,9879,45760
CRYPTNET.DLL=11,,9879,45760
CRYPTUI.DLL=11,,9879,45760
d3dim.dll=11,,9879,45760
d3dpmesh.dll=11,,9879,45760
d3dramp.dll=11,,9879,45760
d3drm.dll=11,,9879,45760
d3dxof.dll=11,,9879,45760
danim.dll=11,,9879,45760
[Windows 98 Second Edition CD-ROM]
DCE:C:\WIN98\\WIN98_28.CAB=27
DCE:remaining=0
dbmsadsn.dll=11,,9879,45760
dbmsrpcn.dll=11,,9879,45760
dbmsshrn.dll=11,,9879,45760
dbmssocn.dll=11,,9879,45760
dbmsspxn.dll=11,,9879,45760
dbmsvinn.dll=11,,9879,45760
dbnmpntw.dll=11,,9879,45760
dciman.dll=11,,9879,45760
dciman32.dll=11,,9879,45760
ddraw.dll=11,,9879,45760
ddraw16.dll=11,,9879,45760
decvw_32.dll=11,,9879,45760
devenum.dll=11,,9879,45760
DIGEST.DLL=11,,9879,45760
digsig.dll=11,,9879,45760
dinput.dll=11,,9879,45760
dispdib.dll=11,,9879,45760
DISPEX.DLL=11,,9879,45760
dmband.dll=11,,9879,45760
dmcompos.dll=11,,9879,45760
dmime.dll=11,,9879,45760
dmloader.dll=11,,9879,45760
dmstyle.dll=11,,9879,45760
dmsynth.dll=11,,9879,45760
dmusic.dll=11,,9879,45760
dmusic16.dll=11,,9879,45760
dmusic32.dll=11,,9879,45760
[Windows 98 Second Edition CD-ROM]
DCE:C:\WIN98\\WIN98_29.CAB=23
DCE:remaining=0
dplay.dll=11,,9879,45760
dplayx.dll=11,,9879,45760
dpmodemx.dll=11,,9879,45760
dpserial.dll=11,,9879,45760
dpwsock.dll=11,,9879,45760
dpwsockx.dll=11,,9879,45760
ds16gt.dll=11,,9879,45760
ds32gt.dll=11,,9879,45760
dsound.dll=11,,9879,45760
dsound3d.dll=11,,9879,45760
DSSBASE.DLL=11,,9879,45760
dx3j.dll=11,,9879,45760
dxmasf.dll=11,,9879,45760
dxtmsft.dll=11,,9879,45760
dxtmsft3.dll=11,,9879,45760
dxtrans.dll=11,,9879,45760
ENHSIG.DLL=11,,9879,45760
ES.DLL=11,,9879,45760
ESENU.DLL=11,,9879,45760
ESSHARED.DLL=11,,9879,45760
ESTIER2.DLL=11,,9879,45760
expsrv.dll=11,,9879,45760
fontext.dll=11,,9879,45760
[Windows 98 Second Edition CD-ROM]
DCE:C:\WIN98\\WIN98_30.CAB=29
DCE:remaining=0
gcdef.dll=11,,9879,45760
gchand.dll=11,,9879,45760
HLINK.DLL=11,,9879,45760
HMMAPI.DLL=29000,,9879,45760
hwagent.dll=11,,9879,45760
icfg95.dll=11,,9879,45760
ICMFLTER.DLL=11,,9879,45760
icwconn.dll=29400,,9879,45760
icwdial.dll=11,,9879,45760
icwdl.dll=29400,,9879,45760
icwhelp.dll=29400,,9879,45760
icwphbk.dll=11,,9879,45760
icwres.dll=29400,,9879,45760
icwutil.dll=29400,,9879,45760
IE4.DLL=29000,,9879,45760
IEDETECT.DLL=29000,,9879,45760
IEDKCS32.DLL=11,,9879,45760
IEPEERS.DLL=11,,9879,45760
IERNONCE.DLL=11,,9879,45760
IESETUP.DLL=11,,9879,45760
IMAGEHLP.DLL=11,,9879,45760
IMGUTIL.DLL=11,,9879,45760
indicdll.dll=11,,9879,45760
inet16.dll=11,,9879,45760
inetcfg.dll=11,,9879,45760
INETCPLC.DLL=11,,9879,45760
INITPKI.DLL=11,,9879,45760
INSENG.DLL=11,,9879,45760
INSTRSA.DLL=11,,9879,45760
[Windows 98 Second Edition CD-ROM]
DCE:C:\WIN98\\WIN98_31.CAB=25
DCE:remaining=0
INSTSCH.DLL=11,,9879,45760
iprop.dll=11,,9879,45760
ir41_qc.dll=11,,9879,45760
ir41_qcx.dll=11,,9879,45760
ir50_32.dll=11,,9879,45760
ir50_qc.dll=11,,9879,45760
ir50_qcx.dll=11,,9879,45760
ir_ndi.dll=11,,9879,45760
isign32.dll=11,,9879,45760
ITIRCL.DLL=11,,9879,45760
ITSS.DLL=11,,9879,45760
javacypt.dll=11,,9879,45760
javaee.dll=11,,9879,45760
javaprxy.dll=11,,9879,45760
javart.dll=11,,9879,45760
JGAW400.DLL=11,,9879,45760
JGDW400.DLL=11,,9879,45760
JGMD400.DLL=11,,9879,45760
JGPL400.DLL=11,,9879,45760
JGSD400.DLL=11,,9879,45760
JGSH400.DLL=11,,9879,45760
jit.dll=11,,9879,45760
JOBEXEC.DLL=11,,9879,45760
JSCRIPT.DLL=11,,9879,45760
JSPROXY.DLL=11,,9879,45760
[Windows 98 Second Edition CD-ROM]
DCE:C:\WIN98\\WIN98_32.CAB=18
DCE:remaining=0
laprxy.dll=30800,,9879,45760
LICMGR10.DLL=11,,9879,45760
lmrt.dll=11,,9879,45760
lmrtrend.dll=11,,9879,45760
mapi32.dll=11,,9879,45760
mbslgn32.dll=11,,9879,45760
mciole.dll=11,,9879,45760
mciqtz32.dll=11,,9879,45760
membg.dll=11,,9879,45760
mfcuia32.dll=11,,9879,45760
mfcuiw32.dll=11,,9879,45760
MLANG.DLL=11,,9879,45760
mmci.dll=11,,9879,45760
mmsystem.dll=11,,9879,45760
MMUTILSE.DLL=11,,9879,45760
MOBSYNC.DLL=11,,9879,45760
mpr.dll=11,,9879,45760
mprserv.dll=11,,9879,45760
[Windows 98 Second Edition CD-ROM]
DCE:C:\WIN98\\WIN98_33.CAB=41
DCE:remaining=0
msacm.dll=11,,9879,45760
msacm32.dll=11,,9879,45760
msadce.dll=32868,,9879,45760
msadcer.dll=32868,,9879,45760
msadcf.dll=32868,,9879,45760
msadcfr.dll=32868,,9879,45760
msadco.dll=32868,,9879,45760
msadcor.dll=32868,,9879,45760
msadcs.dll=32868,,9879,45760
msadds.dll=32868,,9879,45760
msaddsr.dll=32868,,9879,45760
msader15.dll=32867,,9879,45760
msado15.dll=32867,,9879,45760
msadomd.dll=32867,,9879,45760
msador15.dll=32867,,9879,45760
msadox.dll=32867,,9879,45760
msadrh15.dll=32867,,9879,45760
MSAPSSPC.DLL=11,,9879,45760
msawt.dll=11,,9879,45760
MSCAT32.DLL=11,,9879,45760
msconv97.dll=32858,,9879,45760
mscpxl32.dll=11,,9879,45760
msdadc.dll=32869,,9879,45760
msdaenum.dll=32869,,9879,45760
msdaer.dll=32869,,9879,45760
msdaora.dll=32869,,9879,45760
msdaosp.dll=32869,,9879,45760
msdaprsr.dll=32868,,9879,45760
msdaprst.dll=32868,,9879,45760
msdaps.dll=32869,,9879,45760
msdarem.dll=32868,,9879,45760
msdaremr.dll=32868,,9879,45760
msdasc.dll=32869,,9879,45760
msdasql.dll=32869,,9879,45760
msdasqlr.dll=32869,,9879,45760
msdatl2.dll=32869,,9879,45760
msdatt.dll=32869,,9879,45760
msdfmap.dll=32868,,9879,45760
MSENCODE.DLL=11,,9879,45760
msexch40.dll=11,,9879,45760
msexcl40.dll=11,,9879,45760
[Windows 98 Second Edition CD-ROM]
DCE:C:\WIN98\\WIN98_34.CAB=10
DCE:remaining=0
MSHTML.DLL=11,,9879,45760
MSHTMLED.DLL=11,,9879,45760
MSHTMLER.DLL=11,,9879,45760
MSIDENT.DLL=11,,9879,45760
MSIDLE.DLL=11,,9879,45760
MSIDNTLD.DLL=11,,9879,45760
MSIEFTP.DLL=11,,9879,45760
msjava.dll=11,,9879,45760
msjdbc10.dll=11,,9879,45760
msjet35.dll=11,,9879,45760
[Windows 98 Second Edition CD-ROM]
DCE:C:\WIN98\\WIN98_35.CAB=9
DCE:remaining=0
msjet40.dll=11,,9879,45760
msjetol1.dll=11,,9879,45760
msjint40.dll=11,,9879,45760
msjro.dll=32867,,9879,45760
msjt3032.dll=11,,9879,45760
msjter40.dll=11,,9879,45760
msjtes40.dll=11,,9879,45760
MSLS31.DLL=11,,9879,45760
msltus40.dll=11,,9879,45760
[Windows 98 Second Edition CD-ROM]
DCE:C:\WIN98\\WIN98_36.CAB=14
DCE:remaining=0
msmixmgr.dll=11,,9879,45760
MSNSSPC.DLL=11,,9879,45760
msobcomm.dll=32873,,9879,45760
msobmain.dll=32873,,9879,45760
msobshel.dll=32873,,9879,45760
msobstub.dll=32873,,9879,45760
msobweb.dll=32873,,9879,45760
msorcl32.dll=11,,9879,45760
MSOSS.DLL=11,,9879,45760
mspbde40.dll=11,,9879,45760
mspwl32.dll=11,,9879,45760
MSRATING.DLL=11,,9879,45760
msrclr40.dll=11,,9879,45760
msrd2x40.dll=11,,9879,45760
[Windows 98 Second Edition CD-ROM]
DCE:C:\WIN98\\WIN98_37.CAB=11
DCE:remaining=0
msrd3x40.dll=11,,9879,45760
msrecr40.dll=11,,9879,45760
msrepl35.dll=11,,9879,45760
msrepl40.dll=11,,9879,45760
MSSIGN32.DLL=11,,9879,45760
MSSIP32.DLL=11,,9879,45760
mstask.dll=11,,9879,45760
mstext40.dll=11,,9879,45760
msvfw32.dll=11,,9879,45760
msvideo.dll=11,,9879,45760
mswdat10.dll=11,,9879,45760
[Windows 98 Second Edition CD-ROM]
DCE:C:\WIN98\\WIN98_38.CAB=32
DCE:remaining=0
mswstr10.dll=11,,9879,45760
msxactps.dll=32869,,9879,45760
msxbde40.dll=11,,9879,45760
MSXML.DLL=11,,9879,45760
mtxdm.dll=11,,9879,45760
mtxoci.dll=11,,9879,45760
nddeapi.dll=25,,9879,45760
nddenb.dll=25,,9879,45760
netapi32.dll=11,,9879,45760
netbios.dll=11,,9879,45760
OCCACHE.DLL=11,,9879,45760
odbc16gt.dll=11,,9879,45760
odbc32.dll=11,,9879,45760
odbc32gt.dll=11,,9879,45760
odbcbcp.dll=11,,9879,45760
odbccp32.dll=11,,9879,45760
odbccr32.dll=11,,9879,45760
odbccu32.dll=11,,9879,45760
odbcint.dll=11,,9879,45760
odbcji32.dll=11,,9879,45760
odbcjt32.dll=11,,9879,45760
odbctrac.dll=11,,9879,45760
oddbse32.dll=11,,9879,45760
odexl32.dll=11,,9879,45760
odfox32.dll=11,,9879,45760
odpdx32.dll=11,,9879,45760
odtext32.dll=11,,9879,45760
ole2.dll=11,,9879,45760
ole2conv.dll=11,,9879,45760
ole2disp.dll=11,,9879,45760
ole2nls.dll=11,,9879,45760
ole32.dll=11,,9879,45760
[Windows 98 Second Edition CD-ROM]
DCE:C:\WIN98\\WIN98_39.CAB=22
DCE:remaining=0
OLEACC.DLL=11,,9879,45760
OLEACCRC.DLL=11,,9879,45760
oleaut32.dll=11,,9879,45760
OLECNV32.DLL=11,,9879,45760
oledb32.dll=32869,,9879,45760
oledb32r.dll=32869,,9879,45760
oledb32x.dll=32869,,9879,45760
oledlg.dll=11,,9879,45760
OLETHK32.DLL=11,,9879,45760
panmap.dll=11,,9879,45760
pid.dll=11,,9879,45760
plustab.dll=11,,9879,45760
PNGFILT.DLL=11,,9879,45760
powrprof.dll=11,,9879,45760
PSBASE.DLL=11,,9879,45760
PSTOREC.DLL=11,,9879,45760
PSTORERC.DLL=11,,9879,45760
qcap.dll=11,,9879,45760
qcut.dll=11,,9879,45760
qdv.dll=11,,9879,45760
qdvd.dll=11,,9879,45760
quartz.dll=11,,9879,45760
[Windows 98 Second Edition CD-ROM]
DCE:C:\WIN98\\WIN98_40.CAB=20
DCE:remaining=0
rasapi32.dll=11,,9879,45760
riched32.dll=11,,9879,45760
RNAPH.DLL=11,,9879,45760
rpcltccm.dll=11,,9879,45760
rpcltscm.dll=11,,9879,45760
rpcltspx.dll=11,,9879,45760
rpcmqcl.dll=11,,9879,45760
rpcmqsvr.dll=11,,9879,45760
rpcns4.dll=11,,9879,45760
rpcrt4.dll=11,,9879,45760
RSABASE.DLL=11,,9879,45760
RSASIG.DLL=11,,9879,45760
sage.dll=11,,9879,45760
SCHANNEL.DLL=11,SCHNL40.DLL,9879,45760
SCROBJ.DLL=11,,9879,45760
SENDMAIL.DLL=11,,9879,45760
SENS.DLL=11,,9879,45760
SENSAPI.DLL=11,,9879,45760
SENSCFG.DLL=11,,9879,45760
setupapi.dll=11,,9879,45760
[Windows 98 Second Edition CD-ROM]
DCE:C:\WIN98\\WIN98_41.CAB=10
DCE:remaining=0
SETUPWBV.DLL=11,,9879,45760
SHD401LC.DLL=11,,9879,45760
SHDOC401.DLL=11,,9879,45760
SHDOCLC.DLL=11,,9879,45760
SHDOCVW.DLL=11,,9879,45760
SHELL32.DLL=11,,9879,45760
SHFOLDER.DLL=11,,9879,45760
SHLWAPI.DLL=11,,9879,45760
SOFTPUB.DLL=11,,9879,45760
sqloledb.dll=32869,,9879,45760
[Windows 98 Second Edition CD-ROM]
DCE:C:\WIN98\\WIN98_42.CAB=15
DCE:remaining=0
sqlsrv32.dll=11,,9879,45760
sqlstr.dll=11,,9879,45760
sqlwid.dll=11,,9879,45760
sqlwoa.dll=11,,9879,45760
storage.dll=11,,9879,45760
strmdll.dll=11,,9879,45760
synceng.dll=11,,9879,45760
T2EMBED.DLL=11,,9879,45760
THUMBVW.DLL=11,,9879,45760
trialoc.dll=29400,,9879,45760
TRIEDIT.DLL=32863,,9879,45760
typelib.dll=11,,9879,45760
URL.DLL=11,,9879,45760
URLMON.DLL=11,,9879,45760
vbajet32.dll=11,,9879,45760
[Windows 98 Second Edition CD-ROM]
DCE:C:\WIN98\\WIN98_43.CAB=7
DCE:remaining=0
VBSCRIPT.DLL=11,,9879,45760
vdodec32.dll=11,,9879,45760
vfpodbc.dll=11,,9879,45760
vidx16.dll=11,,9879,45760
vmhelper.dll=11,,9879,45760
W95INF16.DLL=11,,9879,45760
W95INF32.DLL=11,,9879,45760
[Windows 98 Second Edition CD-ROM]
DCE:C:\WIN98\\WIN98_44.CAB=32
DCE:remaining=0
WEBCHECK.DLL=11,,9879,45760
WEBVW.DLL=11,,9879,45760
WININET.DLL=11,,9879,45760
winmm.dll=11,,9879,45760
winnet16.dll=11,,9879,45760
WINTRUST.DLL=11,,9879,45760
XENROLL.DLL=11,,9879,45760
script.doc=25,,9879,45760
keyboard.drv=11,,9879,45760
mciavi.drv=11,,9879,45760
mcicda.drv=11,,9879,45760
mciqtz.drv=11,,9879,45760
mciseq.drv=11,,9879,45760
mciwave.drv=11,,9879,45760
midimap.drv=11,,9879,45760
msacm.drv=11,,9879,45760
system.drv=11,,9879,45760
vdowave.drv=11,,9879,45760
vga.drv=11,,9879,45760
icwip.dun=29400,,9879,45760
icwx25a.dun=29400,,9879,45760
icwx25b.dun=29400,,9879,45760
icwx25c.dun=29400,,9879,45760
obeip.dun=32873,,9879,45760
actmovie.exe=11,,9879,45760
addreg.exe=11,,9879,45760
cliconfg.exe=11,,9879,45760
clspack.exe=10,,9879,45760
cmdl32.exe=11,,9879,45760
cmmgr32.exe=11,,9879,45760
cmmon32.exe=11,,9879,45760
cmstp.exe=11,,9879,45760
[Windows 98 Second Edition CD-ROM]
DCE:C:\WIN98\\WIN98_45.CAB=33
DCE:remaining=0
dcomreg.exe=11,,9879,45760
ddhelp.exe=11,,9879,45760
dllhost.exe=11,,9879,45760
dosrep.exe=25,,9879,45760
dplaysvr.exe=11,,9879,45760
drwatson.exe=25,,9879,45760
DSSSIG.EXE=11,,9879,45760
dxdiag.exe=11,,9879,45760
ESSERVER.EXE=11,,9879,45760
EXPLORER.EXE=25,,9879,45760
EXTRAC32.EXE=25,,9879,45760
fontreg.exe=11,,9879,45760
fontview.exe=25,,9879,45760
GRPCONV.EXE=25,,9879,45760
HH.EXE=25,,9879,45760
icwconn1.exe=29400,,9879,45760
icwconn2.exe=29400,,9879,45760
icwoobe.exe=29400,,9879,45760
icwrmind.exe=29400,,9879,45760
icwscrpt.exe=11,,9879,45760
icwtutor.exe=29400,,9879,45760
IE4UINIT.EXE=11,,9879,45760
IESHWIZ.EXE=11,,9879,45760
IEXPLORE.EXE=29000,,9879,45760
IEXTRACT.EXE=13,,9879,45760
inetwiz.exe=29400,,9879,45760
internat.exe=11,,9879,45760
isignup.exe=29400,,9879,45760
jdbgmgr.exe=11,,9879,45760
jview.exe=10,,9879,45760
lights.exe=11,,9879,45760
LOADWC.EXE=11,,9879,45760
logagent.exe=30800,,9879,45760
[Windows 98 Second Edition CD-ROM]
DCE:C:\WIN98\\WIN98_46.CAB=25
DCE:remaining=0
MOBSYNC.EXE=11,,9879,45760
mplayer2.exe=30800,,9879,45760
mprexe.exe=11,,9879,45760
MSHTA.EXE=11,,9879,45760
msinfo32.exe=32890,,9879,45760
msnmgsr1.exe=25,,9879,45760
msoobe.exe=32873,,9879,45760
mstask.exe=11,,9879,45760
mstinit.exe=11,,9879,45760
netdde.exe=25,,9879,45760
odbcad32.exe=11,,9879,45760
odbcconf.exe=11,,9879,45760
pidset.exe=10,,9879,45760
PSTORES.EXE=11,,9879,45760
redir32.exe=11,,9879,45760
REGSVR32.EXE=11,,9879,45760
rpcss.exe=11,,9879,45760
sage.exe=11,,9879,45760
setdebug.exe=10,,9879,45760
sigverif.exe=25,,9879,45760
sysagent.exe=11,,9879,45760
tuneup.exe=25,,9879,45760
unam4ie.exe=11,,9879,45760
unregmp2.exe=17,,9879,45760
upwizun.exe=25,,9879,45760
[Windows 98 Second Edition CD-ROM]
DCE:C:\WIN98\\WIN98_47.CAB=6
DCE:remaining=0
winrep.exe=25,,9879,45760
wjview.exe=10,,9879,45760
vga850.fon=20,,9879,45760
ACE.GIF=32878,,9879,45760
backgrnd.gif=25,,9879,45760
ball_ani.gif=32880,,9879,45760
[Windows 98 Second Edition CD-ROM]
DCE:C:\WIN98\\WIN98_48.CAB=96
DCE:remaining=0
BGLEFTDO.GIF=32880,,9879,45760
BGLEFTUP.GIF=32880,,9879,45760
BGPHONE1.GIF=32880,,9879,45760
BGRIGHTD.GIF=32880,,9879,45760
BIN.GIF=32878,,9879,45760
BINF.GIF=32878,,9879,45760
BINFS.GIF=32878,,9879,45760
BINS.GIF=32878,,9879,45760
black.gif=32880,,9879,45760
BLUEPIX.GIF=32880,,9879,45760
CARDBACK.GIF=32878,,9879,45760
cfgani.gif=32880,,9879,45760
click.gif=32880,,9879,45760
clickl.gif=32880,,9879,45760
clickr.gif=32880,,9879,45760
cloud.gif=25,,9879,45760
CLUBS.GIF=32878,,9879,45760
coa.gif=32880,,9879,45760
con_ani.gif=32880,,9879,45760
con_off.gif=32880,,9879,45760
confetti.gif=32880,,9879,45760
CONGRATS.GIF=32880,,9879,45760
content.gif=25,,9879,45760
DBLCLICK.GIF=32878,,9879,45760
default.gif=32880,,9879,45760
defaultl.gif=32880,,9879,45760
defaultr.gif=32880,,9879,45760
dial_ani.gif=32880,,9879,45760
dial_off.gif=32880,,9879,45760
DIALING.GIF=32880,,9879,45760
dialtone.gif=32880,,9879,45760
DIAMONDS.GIF=32878,,9879,45760
disabldl.gif=32880,,9879,45760
disabldr.gif=32880,,9879,45760
disabled.gif=32880,,9879,45760
DRAGGING.GIF=32878,,9879,45760
FLAG.GIF=32880,,9879,45760
flagani.gif=32880,,9879,45760
GIF.GIF=32878,,9879,45760
GIFS.GIF=32878,,9879,45760
GIFT.GIF=32878,,9879,45760
GRADIENT.GIF=32880,,9879,45760
hlpbell.gif=25,,9879,45760
hlpcd.gif=25,,9879,45760
hlpglobe.gif=25,,9879,45760
hlplogo.gif=25,,9879,45760
hlpstep1.gif=25,,9879,45760
hlpstep2.gif=25,,9879,45760
hlpstep3.gif=25,,9879,45760
hover.gif=32880,,9879,45760
hoverl.gif=32880,,9879,45760
hoverr.gif=32880,,9879,45760
IE.GIF=32878,,9879,45760
IES.GIF=32878,,9879,45760
JITALERT.GIF=32861,,9879,45760
lftclk.gif=32880,,9879,45760
lftclkw.gif=32880,,9879,45760
lftdef.gif=32880,,9879,45760
lftdefw.gif=32880,,9879,45760
lftdsld.gif=32880,,9879,45760
lftdsldw.gif=32880,,9879,45760
lfthvr.gif=32880,,9879,45760
lfthvrw.gif=32880,,9879,45760
MENULFT.GIF=32878,,9879,45760
MENUMID.GIF=32878,,9879,45760
MENURHT.GIF=32878,,9879,45760
MOUSE1.GIF=32878,,9879,45760
MOVING.GIF=32878,,9879,45760
MSNIALOG.GIF=32880,,9879,45760
MSNIAOLD.GIF=32880,,9879,45760
MSNLOGO.GIF=32880,,9879,45760
msnwtrmk.gif=32880,,9879,45760
MYCOMP.GIF=32878,,9879,45760
MYCOMPS.GIF=32878,,9879,45760
MYDOC.GIF=32878,,9879,45760
MYDOCS.GIF=32878,,9879,45760
neg_ani.gif=32880,,9879,45760
neg_off.gif=32880,,9879,45760
NTPAD.GIF=32878,,9879,45760
NTPADS.GIF=32878,,9879,45760
NTPADT.GIF=32878,,9879,45760
oemlogo.gif=32880,,9879,45760
offTbAMX.GIF=32880,,9879,45760
offTbDsc.GIF=32880,,9879,45760
offTbJCB.GIF=32880,,9879,45760
offTbMC.GIF=32880,,9879,45760
offTbVSA.GIF=32880,,9879,45760
onTbAMX.GIF=32880,,9879,45760
onTbDsc.GIF=32880,,9879,45760
onTbJCB.GIF=32880,,9879,45760
onTbMC.GIF=32880,,9879,45760
onTbVSA.GIF=32880,,9879,45760
PAINT.GIF=32878,,9879,45760
PAINTS.GIF=32878,,9879,45760
PAINTT.GIF=32878,,9879,45760
PASSPORT.GIF=32880,,9879,45760
[Windows 98 Second Edition CD-ROM]
DCE:C:\WIN98\\WIN98_49.CAB=255
DCE:remaining=0
PSTITLFT.GIF=32878,,9879,45760
PSTITMID.GIF=32878,,9879,45760
PSTITRHT.GIF=32878,,9879,45760
REGISTER.GIF=32880,,9879,45760
rhtclk.gif=32880,,9879,45760
rhtclkw.gif=32880,,9879,45760
rhtdef.gif=32880,,9879,45760
rhtdefw.gif=32880,,9879,45760
rhtdsld.gif=32880,,9879,45760
rhtdsldw.gif=32880,,9879,45760
rhthvr.gif=32880,,9879,45760
rhthvrw.gif=32880,,9879,45760
SNGLCLK.GIF=32878,,9879,45760
SPADES.GIF=32878,,9879,45760
STRTLFT.GIF=32878,,9879,45760
STRTLFTP.GIF=32878,,9879,45760
STRTMID.GIF=32878,,9879,45760
STRTMIDP.GIF=32878,,9879,45760
STRTRHT.GIF=32878,,9879,45760
STRTRHTP.GIF=32878,,9879,45760
TABAMEX.GIF=32880,,9879,45760
TABDISCO.GIF=32880,,9879,45760
TABMC.GIF=32880,,9879,45760
TABVISA.GIF=32880,,9879,45760
TIPS.GIF=32861,,9879,45760
TTIP_LFT.GIF=32878,,9879,45760
TTIP_MID.GIF=32878,,9879,45760
TTIP_RHT.GIF=32878,,9879,45760
TTIPLNP.GIF=32878,,9879,45760
WATERMRK.GIF=32880,,9879,45760
WELCOME.GIF=32878,,9879,45760
winlogo.gif=25,,9879,45760
wm_key.gif=32880,,9879,45760
wm_pc.gif=32880,,9879,45760
wm_pencl.gif=32880,,9879,45760
wm_phone.gif=32880,,9879,45760
wm_pport.gif=32880,,9879,45760
WVBACK.GIF=32865,,9879,45760
WVLOGO.GIF=32865,,9879,45760
YLLWBAR.GIF=32880,,9879,45760
amovie.hlp=18,,9879,45760
audiocdc.hlp=18,,9879,45760
brep.hlp=18,,9879,45760
CHNSCSVR.HLP=18,,9879,45760
cliconf.hlp=11,,9879,45760
clipbrd.hlp=18,,9879,45760
cmmgr32.hlp=11,,9879,45760
common.hlp=18,,9879,45760
connect.hlp=18,,9879,45760
dcomcnfg.hlp=18,,9879,45760
dijoy.hlp=18,,9879,45760
display.hlp=18,,9879,45760
drvvfp.hlp=11,,9879,45760
dvdplay.hlp=18,,9879,45760
freecell.hlp=18,,9879,45760
htmhlp98.hlp=18,,9879,45760
IEXPLORE.HLP=18,,9879,45760
interwiz.hlp=18,,9879,45760
javaperm.hlp=11,,9879,45760
javasec.hlp=11,,9879,45760
magnify.hlp=18,,9879,45760
mds.hlp=18,,9879,45760
MFCUIX.HLP=18,,9879,45760
mmdrv.hlp=18,,9879,45760
MOBSYNC.HLP=18,,9879,45760
mplayer2.hlp=18,,9879,45760
msbackup.hlp=18,,9879,45760
msconfig.hlp=18,,9879,45760
msdasc.hlp=32869,,9879,45760
mshearts.hlp=18,,9879,45760
MSIDENT.HLP=18,,9879,45760
msimn.hlp=18,,9879,45760
MSNAUTH.HLP=18,,9879,45760
msorcl32.hlp=11,,9879,45760
mstask.hlp=32898,,9879,45760
ndsnp.hlp=18,,9879,45760
odbcinst.hlp=11,,9879,45760
odbcjet.hlp=11,,9879,45760
packager.hlp=18,,9879,45760
plus!.hlp=18,,9879,45760
pnpwhenu.hlp=18,,9879,45760
pwrmn.hlp=18,,9879,45760
RATINGS.HLP=18,,9879,45760
rnaapp.hlp=18,,9879,45760
SECAUTH.HLP=18,,9879,45760
sfc.hlp=18,,9879,45760
SIGNIN.HLP=18,,9879,45760
sol.hlp=18,,9879,45760
sqlsodbc.hlp=11,,9879,45760
sqlsoldb.hlp=32869,,9879,45760
unimdm.hlp=18,,9879,45760
UPDATE.HLP=18,,9879,45760
USERS.HLP=18,,9879,45760
whatnew.hlp=18,,9879,45760
winhlp32.hlp=18,,9879,45760
acme.htm=32879,,9879,45760
badpid.htm=32883,,9879,45760
blank.htm=32873,,9879,45760
cnncterr.htm=32874,,9879,45760
congrats.htm=32883,,9879,45760
connect.htm=32883,,9879,45760
dialtone.htm=32874,,9879,45760
error.htm=32874,,9879,45760
eula.htm=32883,,9879,45760
eulawarn.htm=32883,,9879,45760
frame.htm=32893,,9879,45760
HNDSHAKE.HTM=32874,,9879,45760
htmlhelp.htm=25,,9879,45760
IEJIT.HTM=32861,,9879,45760
inserror.htm=32874,,9879,45760
installd.htm=32883,,9879,45760
isp2busy.htm=32874,,9879,45760
ispcnnct.htm=32874,,9879,45760
ispopt.htm=32879,,9879,45760
ispreset.htm=32874,,9879,45760
ispsgnup.htm=32879,,9879,45760
m_msn.htm=32888,,9879,45760
macme.htm=32888,,9879,45760
mbadpid.htm=32889,,9879,45760
mcnncter.htm=32884,,9879,45760
mcongrat.htm=32889,,9879,45760
mconnect.htm=32889,,9879,45760
mdialton.htm=32884,,9879,45760
membg.htm=11,,9879,45760
merror.htm=32884,,9879,45760
meula.htm=32889,,9879,45760
meulawar.htm=32889,,9879,45760
mhndshak.htm=32884,,9879,45760
minserro.htm=32884,,9879,45760
minstall.htm=32889,,9879,45760
misp2bus.htm=32884,,9879,45760
mispcnnc.htm=32884,,9879,45760
mispopt.htm=32888,,9879,45760
misprese.htm=32884,,9879,45760
mispsgnu.htm=32888,,9879,45760
mlan.htm=32889,,9879,45760
mmouse.htm=32887,,9879,45760
mnoanswe.htm=32884,,9879,45760
mnomodem.htm=32884,,9879,45760
mnotavai.htm=32884,,9879,45760
mouse.htm=32877,,9879,45760
mouse10.htm=32877,,9879,45760
mouse11.htm=32877,,9879,45760
mouse2.htm=32877,,9879,45760
mouse3.htm=32877,,9879,45760
mouse4.htm=32877,,9879,45760
mouse5.htm=32877,,9879,45760
mouse6.htm=32877,,9879,45760
mouse7.htm=32877,,9879,45760
mouse8.htm=32877,,9879,45760
mouse9.htm=32877,,9879,45760
mpid.htm=32889,,9879,45760
mregiste.htm=32889,,9879,45760
mregkb.htm=32889,,9879,45760
mregkbcm.htm=32889,,9879,45760
msn.htm=32879,,9879,45760
msnconst.htm=32881,,9879,45760
msneula.htm=32881,,9879,45760
msnidpss.htm=32881,,9879,45760
msninfo.htm=32881,,9879,45760
msnpymnt.htm=32881,,9879,45760
msnsign.htm=32881,,9879,45760
msobshel.htm=32873,,9879,45760
mspeedy2.htm=32888,,9879,45760
mspeedy3.htm=32888,,9879,45760
msrverro.htm=32884,,9879,45760
mstart.htm=32889,,9879,45760
mtapi.htm=32889,,9879,45760
mtemplat.htm=32889,,9879,45760
mtoobusy.htm=32884,,9879,45760
musemode.htm=32889,,9879,45760
muserinf.htm=32889,,9879,45760
noanswer.htm=32874,,9879,45760
nomodem.htm=32874,,9879,45760
notavail.htm=32874,,9879,45760
offline.htm=32891,,9879,45760
passact.htm=32882,,9879,45760
passreg.htm=32882,,9879,45760
passsign.htm=32882,,9879,45760
pid.htm=32883,,9879,45760
readme.htm=25,,9879,45760
register.htm=32883,,9879,45760
regkb.htm=32883,,9879,45760
regkbcmt.htm=32883,,9879,45760
RELATED.HTM=32861,,9879,45760
speedy2.htm=32879,,9879,45760
speedy3.htm=32879,,9879,45760
srverror.htm=32874,,9879,45760
start.htm=32883,,9879,45760
tapi.htm=32883,,9879,45760
TEMPLATE.HTM=32883,,9879,45760
TIP.HTM=32861,,9879,45760
toobusy.htm=32874,,9879,45760
usemodem.htm=32883,,9879,45760
userinfo.htm=32883,,9879,45760
WALLPAPR.HTM=32866,,9879,45760
CONTROLP.HTT=32865,,9879,45760
DESKMOVR.HTT=32865,,9879,45760
FOLDER.HTT=32865,,9879,45760
MYCOMP.HTT=32865,,9879,45760
PRINTERS.HTT=32865,,9879,45760
SAFEMODE.HTT=32865,,9879,45760
readm_01.htz=25,,9879,45760
readm_02.htz=25,,9879,45760
SRGB.ICM=32862,,9879,45760
phone.icw=29400,,9879,45760
state.icw=29400,,9879,45760
support.icw=29400,,9879,45760
general.idf=32895,,9879,45760
adcjavas.inc=32868,,9879,45760
adcvbs.inc=32868,,9879,45760
adojavas.inc=32867,,9879,45760
adovbs.inc=32867,,9879,45760
fastir.inf=17,,9879,45760
HOMEPAGE.INF=11,,9879,45760
IE4UINIT.INF=11,,9879,45760
IERESET.INF=17,,9879,45760
IEUINIT.INF=11,,9879,45760
irmini.inf=17,,9879,45760
irxfer.inf=17,,9879,45760
mdm3cisa.inf=17,,9879,45760
mdm3com.inf=17,,9879,45760
mdm3x.inf=17,,9879,45760
mdmaceex.inf=17,,9879,45760
mdmadc.inf=17,,9879,45760
mdmairte.inf=17,,9879,45760
mdmar1.inf=17,,9879,45760
mdmarch.inf=17,,9879,45760
mdmarcht.inf=17,,9879,45760
mdmarn.inf=17,,9879,45760
mdmati.inf=17,,9879,45760
mdmatt.inf=17,,9879,45760
mdmaus.inf=17,,9879,45760
mdmblatz.inf=17,,9879,45760
mdmboca.inf=17,,9879,45760
mdmbsb.inf=17,,9879,45760
mdmbsch.inf=17,,9879,45760
mdmcm28.inf=17,,9879,45760
mdmcmcm.inf=17,,9879,45760
mdmcodex.inf=17,,9879,45760
mdmcom1.inf=17,,9879,45760
mdmcomm1.inf=17,,9879,45760
mdmcommu.inf=17,,9879,45760
mdmcpi.inf=17,,9879,45760
mdmcpv.inf=17,,9879,45760
mdmcrtix.inf=17,,9879,45760
mdmdefd.inf=17,,9879,45760
mdmdgitn.inf=17,,9879,45760
mdmdicom.inf=17,,9879,45760
mdmdisco.inf=17,,9879,45760
mdmdyna.inf=17,,9879,45760
mdmeiger.inf=17,,9879,45760
mdmelink.inf=17,,9879,45760
mdmelpro.inf=17,,9879,45760
mdmelsa.inf=17,,9879,45760
[Windows 98 Second Edition CD-ROM]
DCE:C:\WIN98\\WIN98_50.CAB=169
DCE:remaining=0
mdmeric.inf=17,,9879,45760
mdmeric2.inf=17,,9879,45760
mdmetech.inf=17,,9879,45760
mdmexp.inf=17,,9879,45760
mdmeyp.inf=17,,9879,45760
mdmgal.inf=17,,9879,45760
mdmgatew.inf=17,,9879,45760
mdmgen.inf=17,,9879,45760
mdmgsm.inf=17,,9879,45760
mdmgv.inf=17,,9879,45760
mdmgvc.inf=17,,9879,45760
mdmhaeu.inf=17,,9879,45760
mdmhaeus.inf=17,,9879,45760
mdmhandy.inf=17,,9879,45760
mdmhay2.inf=17,,9879,45760
mdmhayes.inf=17,,9879,45760
mdmico.inf=17,,9879,45760
mdminfot.inf=17,,9879,45760
mdminsys.inf=17,,9879,45760
mdmintel.inf=17,,9879,45760
mdmintpc.inf=17,,9879,45760
mdmisdn.inf=17,,9879,45760
mdmitex.inf=17,,9879,45760
mdmke.inf=17,,9879,45760
mdmkortx.inf=17,,9879,45760
mdmlasat.inf=17,,9879,45760
mdmlasno.inf=17,,9879,45760
mdmlce.inf=17,,9879,45760
mdmlight.inf=17,,9879,45760
mdmlngsh.inf=17,,9879,45760
mdmmart.inf=17,,9879,45760
mdmmcom.inf=17,,9879,45760
mdmmetri.inf=17,,9879,45760
mdmmhrtz.inf=17,,9879,45760
mdmmhza.inf=17,,9879,45760
mdmmhzel.inf=17,,9879,45760
mdmmhzk1.inf=17,,9879,45760
mdmmix.inf=17,,9879,45760
mdmmod.inf=17,,9879,45760
mdmmoto.inf=17,,9879,45760
mdmmoto1.inf=17,,9879,45760
mdmmoton.inf=17,,9879,45760
mdmmotou.inf=17,,9879,45760
mdmmtd.inf=17,,9879,45760
mdmmts.inf=17,,9879,45760
mdmmulog.inf=17,,9879,45760
mdmneuhs.inf=17,,9879,45760
mdmnokia.inf=17,,9879,45760
mdmnokno.inf=17,,9879,45760
mdmnova.inf=17,,9879,45760
mdmnovfx.inf=17,,9879,45760
mdmolic.inf=17,,9879,45760
mdmolive.inf=17,,9879,45760
mdmopt1.inf=17,,9879,45760
mdmoptn.inf=17,,9879,45760
mdmosi.inf=17,,9879,45760
mdmpace.inf=17,,9879,45760
mdmpbit.inf=17,,9879,45760
mdmpenr.inf=17,,9879,45760
mdmphils.inf=17,,9879,45760
mdmpn1.inf=17,,9879,45760
mdmpnb.inf=17,,9879,45760
mdmpp.inf=17,,9879,45760
mdmprodm.inf=17,,9879,45760
mdmpsion.inf=17,,9879,45760
mdmracal.inf=17,,9879,45760
mdmrfi.inf=17,,9879,45760
mdmsecdy.inf=17,,9879,45760
mdmsier.inf=17,,9879,45760
mdmsimpl.inf=17,,9879,45760
mdmsmart.inf=17,,9879,45760
mdmsnit1.inf=17,,9879,45760
mdmsnitn.inf=17,,9879,45760
mdmsonix.inf=17,,9879,45760
mdmspec.inf=17,,9879,45760
mdmspq28.inf=17,,9879,45760
mdmsrt.inf=17,,9879,45760
mdmsupr3.inf=17,,9879,45760
mdmsupra.inf=17,,9879,45760
mdmsuprv.inf=17,,9879,45760
mdmtaicm.inf=17,,9879,45760
mdmtdk.inf=17,,9879,45760
mdmtelbt.inf=17,,9879,45760
mdmtelin.inf=17,,9879,45760
mdmtelnk.inf=17,,9879,45760
mdmtexas.inf=17,,9879,45760
mdmtger.inf=17,,9879,45760
mdmti.inf=17,,9879,45760
mdmtkr.inf=17,,9879,45760
mdmtorn.inf=17,,9879,45760
mdmtosh.inf=17,,9879,45760
mdmtripl.inf=17,,9879,45760
mdmtron.inf=17,,9879,45760
mdmtrust.inf=17,,9879,45760
mdmucom.inf=17,,9879,45760
mdmusrcr.inf=17,,9879,45760
mdmusrf.inf=17,,9879,45760
mdmusrg.inf=17,,9879,45760
mdmusrk1.inf=17,,9879,45760
mdmusrsp.inf=17,,9879,45760
mdmusrwp.inf=17,,9879,45760
mdmvayrs.inf=17,,9879,45760
mdmvdot.inf=17,,9879,45760
mdmvict.inf=17,,9879,45760
mdmvv.inf=17,,9879,45760
mdmwell.inf=17,,9879,45760
mdmwhql0.inf=17,,9879,45760
mdmwoer.inf=17,,9879,45760
mdmyorik.inf=17,,9879,45760
mdmzoom.inf=17,,9879,45760
mdmzyp.inf=17,,9879,45760
mdmzyxel.inf=17,,9879,45760
mdmzyxld.inf=17,,9879,45760
mdmzyxlg.inf=17,,9879,45760
mwavmdm.inf=17,,9879,45760
mwavwrap.inf=17,,9879,45760
mwdsp420.inf=17,,9879,45760
mwdsp460.inf=17,,9879,45760
mwmcimed.inf=17,,9879,45760
mwmdm420.inf=17,,9879,45760
mwmed420.inf=17,,9879,45760
mwmed460.inf=17,,9879,45760
mwprt420.inf=17,,9879,45760
mwprt460.inf=17,,9879,45760
mwutl460.inf=17,,9879,45760
nscirda.inf=17,,9879,45760
smcirda.inf=17,,9879,45760
tos4mo.inf=17,,9879,45760
tos4mu.inf=17,,9879,45760
wbfirpio.inf=17,,9879,45760
deletefi.ini=25,,9879,45760
desktop.ini=20,,9879,45760
dosrep.ini=25,,9879,45760
htmlhelp.ini=25,,9879,45760
msdfmap.ini=10,,9879,45760
mstask.ini=32897,desktop.ini,9879,45760
oobeinfo.ini=32873,,9879,45760
INSTALL.INS=32859,,9879,45760
instcm.inx=11,instcm.inf,9879,45760
msicw.isp=29400,,9879,45760
msn.isp=29400,,9879,45760
msobe.isp=32873,,9879,45760
winalign.job=32899,,9879,45760
BGAMEX.JPG=32880,,9879,45760
BGCC.JPG=32880,,9879,45760
BGDISCOV.JPG=32880,,9879,45760
bgJCB.jpg=32880,,9879,45760
BGMC.JPG=32880,,9879,45760
BGVISA.JPG=32880,,9879,45760
CNNCTERR.JPG=32880,,9879,45760
connect.jpg=32880,,9879,45760
dialtone.jpg=32880,,9879,45760
drpshdw.jpg=32880,,9879,45760
error.jpg=32880,,9879,45760
eula.jpg=32880,,9879,45760
HNDSHAKE.JPG=32880,,9879,45760
installd.jpg=32880,,9879,45760
logo.jpg=32880,,9879,45760
msn.jpg=32880,,9879,45760
pid.jpg=32880,,9879,45760
PK.JPG=32880,,9879,45760
reg.jpg=32880,,9879,45760
start.jpg=32880,,9879,45760
statback.jpg=32880,,9879,45760
statbar.jpg=32880,,9879,45760
tapi.jpg=32880,,9879,45760
TOOBUSY.JPG=32880,,9879,45760
watermrk.jpg=32880,,9879,45760
kbdus.kbd=11,,9879,45760
[Windows 98 Second Edition CD-ROM]
DCE:C:\WIN98\\WIN98_51.CAB=52
DCE:remaining=0
CERTMGR.MSC=11,,9879,45760
cp_1250.nls=11,,9879,45760
cp_1251.nls=11,,9879,45760
cp_1252.nls=11,,9879,45760
cp_1253.nls=11,,9879,45760
cp_1254.nls=11,,9879,45760
cp_1257.nls=11,,9879,45760
CP_20866.NLS=11,,9879,45760
CP_28591.NLS=11,,9879,45760
CP_28592.NLS=11,,9879,45760
CP_28595.NLS=11,,9879,45760
CP_28597.NLS=11,,9879,45760
cp_437.nls=11,,9879,45760
cp_737.nls=11,,9879,45760
cp_775.nls=11,,9879,45760
cp_850.nls=11,,9879,45760
cp_852.nls=11,,9879,45760
cp_855.nls=11,,9879,45760
cp_857.nls=11,,9879,45760
cp_866.nls=11,,9879,45760
cp_869.nls=11,,9879,45760
locale.nls=11,,9879,45760
unicode.nls=11,,9879,45760
phone.obe=32873,,9879,45760
amovie.ocx=11,,9879,45760
ASCTRLS.OCX=11,,9879,45760
br549.ocx=11,,9879,45760
DHTMLED.OCX=32863,,9879,45760
eyedog.ocx=11,,9879,45760
HHCTRL.OCX=11,,9879,45760
MMEFXE.OCX=11,,9879,45760
msdxm.ocx=11,,9879,45760
msiav.ocx=32890,,9879,45760
msicdrom.ocx=32890,,9879,45760
msiolerg.ocx=32890,,9879,45760
msiprint.ocx=32890,,9879,45760
msisys.ocx=32890,,9879,45760
msupdate.ocx=32890,,9879,45760
PLUGIN.OCX=11,,9879,45760
PROCTEXE.OCX=11,,9879,45760
txtview.ocx=32890,,9879,45760
dosprmpt.pif=25,,9879,45760
RSACI.RAT=11,,9879,45760
adoapt15.reg=32867,,9879,45760
adofre15.reg=32867,,9879,45760
handler.reg=32868,,9879,45760
handsafe.reg=32868,,9879,45760
handunsf.reg=32868,,9879,45760
odbcconf.rsp=11,,9879,45760
DESKTOP.SCF=11,,9879,45760
EXPLORER.SCF=25,,9879,45760
ACTSAVER.SCR=25,,9879,45760
[Windows 98 Second Edition CD-ROM]
DCE:C:\WIN98\\WIN98_52.CAB=18
DCE:remaining=0
instcat.sql=11,,9879,45760
dxapi.sys=11,,9879,45760
keyboard.sys=13,,9879,45760
keybrd2.sys=13,,9879,45760
keybrd3.sys=13,,9879,45760
keybrd4.sys=13,,9879,45760
msado20.tlb=32867,,9879,45760
MSDATSRC.TLB=11,,9879,45760
MSHTML.TLB=11,,9879,45760
SIMPDATA.TLB=11,,9879,45760
stdole.tlb=11,,9879,45760
stdole2.tlb=11,,9879,45760
stdole32.tlb=11,,9879,45760
mmtask.tsk=11,,9879,45760
ARIBLK.TTF=20,,9879,45760
COMIC.TTF=20,,9879,45760
COMICBD.TTF=20,,9879,45760
IMPACT.TTF=20,,9879,45760
[Windows 98 Second Edition CD-ROM]
DCE:C:\WIN98\\WIN98_53.CAB=32
DCE:remaining=0
VERDANA.TTF=20,,9879,45760
VERDANAB.TTF=20,,9879,45760
VERDANAI.TTF=20,,9879,45760
VERDANAZ.TTF=20,,9879,45760
WEBDINGS.TTF=20,,9879,45760
adomdrd.txt=32867,,9879,45760
adoreadm.txt=32867,,9879,45760
adoxrdme.txt=32867,,9879,45760
config.txt=25,,9879,45760
display.txt=25,,9879,45760
faq.txt=25,,9879,45760
general.txt=25,,9879,45760
gmreadme.txt=32901,,9879,45760
hardware.txt=25,,9879,45760
jroread.txt=32867,,9879,45760
mouse.txt=25,,9879,45760
msdasc.txt=32869,,9879,45760
msdosdrv.txt=25,,9879,45760
msdsqlrm.txt=32869,,9879,45760
msorcolr.txt=32869,,9879,45760
msorcrdm.txt=11,,9879,45760
network.txt=25,,9879,45760
printers.txt=25,,9879,45760
programs.txt=25,,9879,45760
recover.txt=25,,9879,45760
sqloledb.txt=32869,,9879,45760
sqlsrdme.txt=11,,9879,45760
tips.txt=25,,9879,45760
vfpodbc.txt=11,,9879,45760
phone.ver=29400,,9879,45760
msms001.vwp=11,,9879,45760
mvoiced.vwp=11,,9879,45760
[Windows 98 Second Edition CD-ROM]
DCE:C:\WIN98\\WIN98_54.CAB=18
DCE:remaining=0
ddraw.vxd=11,,9879,45760
dinput.vxd=11,,9879,45760
dsound.vxd=11,,9879,45760
javasup.vxd=11,,9879,45760
logger.vxd=11,,9879,45760
mmdevldr.vxd=11,,9879,45760
msgame.vxd=11,,9879,45760
paralink.vxd=11,,9879,45760
quartz.vxd=11,,9879,45760
SAGE.VXD=11,,9879,45760
sw3dpro.vxd=11,,9879,45760
sw3dpro2.vxd=11,,9879,45760
swgampad.vxd=11,,9879,45760
vdd.vxd=22,,9879,45760
vflatd.vxd=22,,9879,45760
vkd.vxd=22,,9879,45760
vmouse.vxd=22,,9879,45760
logon.wav=32896,,9879,45760
[Windows 98 Second Edition CD-ROM]
DCE:C:\WIN98\\WIN98_55.CAB=1
DCE:remaining=0
START.WAV=32864,,9879,45760
[Windows 98 Second Edition CD-ROM]
DCE:C:\WIN98\\WIN98_58.CAB=5
DCE:remaining=0
classes.zip=32870,,9879,45760
dx3.zip=32870,,9879,45760
msjdbc.zip=32870,,9879,45760
tclasses.zip=32870,,9879,45760
wfc.zip=32870,,9879,45760
[Windows 98 Second Edition CD-ROM]
DCE:C:\WIN98\\WIN98_59.CAB=1
DCE:remaining=0
lhacm.acm=11,,9879,45760
[Windows 98 Second Edition CD-ROM]
DCE:C:\WIN98\\WIN98_60.CAB=1
DCE:remaining=0
tshoot98.chm=18,,9879,45760
[Windows 98 Second Edition CD-ROM]
DCE:C:\WIN98\\WIN98_61.CAB=1
DCE:remaining=0
ddrawex.dll=11,,9879,45760
[Windows 98 Second Edition CD-ROM]
DCE:C:\WIN98\\WIN98_62.CAB=1
DCE:remaining=0
mfc42.dll=11,,9879,45760
[Windows 98 Second Edition CD-ROM]
DCE:C:\WIN98\\WIN98_63.CAB=2
DCE:remaining=0
modemui.dll=11,,9879,45760
MSVCRT.DLL=11,,9879,45760
[Windows 98 Second Edition CD-ROM]
DCE:C:\WIN98\\WIN98_64.CAB=5
DCE:remaining=0
olepro32.dll=11,,9879,45760
SCRRUN.DLL=11,,9879,45760
umdm16.dll=11,,9879,45760
umdm32.dll=11,,9879,45760
umdmxfrm.dll=11,,9879,45760
[Windows 98 Second Edition CD-ROM]
DCE:C:\WIN98\\WIN98_65.CAB=2
DCE:remaining=0
vmodctl.dll=11,,9879,45760
WLDAP32.DLL=11,,9879,45760
[Windows 98 Second Edition CD-ROM]
DCE:C:\WIN98\\WIN98_66.CAB=4
DCE:remaining=0
WSHEXT.DLL=11,,9879,45760
serwvdrv.drv=11,,9879,45760
wavewrap.drv=11,,9879,45760
CSCRIPT.EXE=13,,9879,45760
[Windows 98 Second Edition CD-ROM]
DCE:C:\WIN98\\WIN98_67.CAB=10
DCE:remaining=0
WSCRIPT.EXE=25,,9879,45760
wscript.hlp=18,,9879,45760
mdmcpq.inf=17,,9879,45760
mdmdsi.inf=17,,9879,45760
mdmrock.inf=17,,9879,45760
mdmrock2.inf=17,,9879,45760
mdmrock3.inf=17,,9879,45760
mdmrock4.inf=17,,9879,45760
mdmrock5.inf=17,,9879,45760
serwave.inf=17,,9879,45760
[Windows 98 Second Edition CD-ROM]
DCE:C:\WIN98\\WIN98_69.CAB=4
DCE:remaining=0
WSHOM.OCX=11,,9879,45760
unimdm.tsp=11,,9879,45760
serwave.vxd=11,,9879,45760
unimodem.vxd=11,,9879,45760
CAB-No volume name for LDID 2, local copy - path C:\WININST0.400
1394.inf=17,,9879,45760
adapter.inf=17,,9879,45760
appletpp.inf=17,,9879,45760
atitunep.inf=17,,9879,45760
atixbar.inf=17,,9879,45760
awupd.inf=17,,9879,45760
axa.inf=17,,9879,45760
bt829.inf=17,,9879,45760
cabpayie.inf=17,,9879,45760
cchat25.inf=17,,9879,45760
cemmf.inf=17,,9879,45760
clip.inf=17,,9879,45760
command.com=30,command.new,9879,45760
cwbaud98.inf=17,,9879,45760
dbc.inf=17,,9879,45760
default.sfc=10,,9891,27577
diskdrv.inf=17,,9879,45760
drivers.ddb=17,,9879,45760
drvspace.bin=13,,9879,45760
dskmaint.dll=11,,12562,33769
dvd.inf=17,,9879,45760
dxati.inf=17,,9879,45760
dxchips.inf=17,,9879,45760
dxcirrus.inf=17,,9879,45760
dxglint.inf=17,,9879,45760
dxi128.inf=17,,9879,45760
dxmga.inf=17,,9879,45760
dxmm3dfx.inf=17,,9879,45760
dxneom.inf=17,,9879,45760
dxnvidia.inf=17,,9879,45760
dxpmedia.inf=17,,9879,45760
dxrend.inf=17,,9879,45760
dxs3.inf=17,,9879,45760
dxtrid.inf=17,,9879,45760
dxtseng.inf=17,,9879,45760
dxwd.inf=17,,9879,45760
ethpcmdm.inf=17,,9879,45760
ethpcmf.inf=17,,9879,45760
ethpcnet.inf=17,,9879,45760
extract.exe=13,,9879,45760
f3audio.inf=17,,9879,45760
fonts.inf=17,,9879,45760
gps.inf=17,,9879,45760
grouppol.inf=17,,9879,45760
iedat16.inf=17,,9879,45760
image.inf=17,,9879,45760
imagevue.inf=17,,9879,45760
joystick.inf=17,,9879,45760
keyboard.inf=17,,9879,45760
kommctrl.dll=11,,12562,33769
ks.inf=17,,9879,45760
kscaptur.inf=17,,9879,45760
ksfilter.inf=17,,9879,45760
locale.inf=17,,9879,45760
lzexpand.dll=11,,12562,33769
machine.inf=17,,9879,45760
machine2.inf=17,,9879,45760
mdm3cusb.inf=17,,9879,45760
mdmluc.inf=17,,9879,45760
mf.inf=17,,9879,45760
mf8020m.inf=17,,9879,45760
mfcem28.inf=17,,9879,45760
mfcem33.inf=17,,9879,45760
mfosi.inf=17,,9879,45760
midi.inf=17,,9879,45760
mmopt.inf=17,,9879,45760
mscdrom.inf=17,,9879,45760
msddraw.inf=17,,9879,45760
msdet.inf=17,,9879,45760
msdisp.inf=17,,9879,45760
msdsound.inf=17,,9879,45760
msdv.inf=17,,9879,45760
msdxddex.inf=17,,9879,45760
msfdc.inf=17,,9879,45760
msmouse.inf=17,,9879,45760
msnetmtg.inf=17,,9879,45760
msprint.dll=11,,12562,33769
msprint.inf=17,,9879,45760
msprint2.dll=11,,9879,45760
msprint2.inf=17,,9879,45760
msprint3.inf=17,,9879,45760
msprint4.inf=17,,9879,45760
multilng.inf=17,,9879,45760
ndiswan.inf=17,,9879,45760
net2xnet.inf=17,,9879,45760
net3c575.inf=17,,9879,45760
net3c589.inf=17,,9879,45760
net8020m.inf=17,,9879,45760
netblue.inf=17,,9879,45760
netbw.inf=17,,9879,45760
netcbdec.inf=17,,9879,45760
netcbe.inf=17,,9879,45760
netce2.inf=17,,9879,45760
netce3.inf=17,,9879,45760
netcem.inf=17,,9879,45760
netcpq.inf=17,,9879,45760
netdlc.inf=17,,9879,45760
netejet.inf=17,,9879,45760
netenet.inf=17,,9879,45760
netepc.inf=17,,9879,45760
netfjvj.inf=17,,9879,45760
netflex.inf=17,,9879,45760
nethp.inf=17,,9879,45760
nethpind.inf=17,,9879,45760
nethppci.inf=17,,9879,45760
nethppnd.inf=17,,9879,45760
netibm.inf=17,,9879,45760
netibm1.inf=17,,9879,45760
netibmv.inf=17,,9879,45760
neticard.inf=17,,9879,45760
netinfo.inf=17,,9879,45760
netm16a.inf=17,,9879,45760
netm32a.inf=17,,9879,45760
netmdyp.inf=17,,9879,45760
netmhz.inf=17,,9879,45760
netnepls.inf=17,,9879,45760
netnf3.inf=17,,9879,45760
netnice.inf=17,,9879,45760
netnovel.inf=17,,9879,45760
netoce3x.inf=17,,9879,45760
netoce4x.inf=17,,9879,45760
netoli.inf=17,,9879,45760
netosi.inf=17,,9879,45760
netpci.inf=17,,9879,45760
netppp.inf=17,,9879,45760
netpptp.inf=17,,9879,45760
netrnsf.inf=17,,9879,45760
netrptip.inf=17,,9879,45760
netsmc.inf=17,,9879,45760
netsmc1.inf=17,,9879,45760
netsmc2.inf=17,,9879,45760
netsmctr.inf=17,,9879,45760
netsnip.inf=17,,9879,45760
nettdkp.inf=17,,9879,45760
netxir.inf=17,,9879,45760
nodriver.inf=17,,9879,45760
ntmap.inf=17,,9879,45760
oce2xmf.inf=17,,9879,45760
octkmf.inf=17,,9879,45760
octknet.inf=17,,9879,45760
oe9x50.inf=17,,9879,45760
ols.inf=17,,9879,45760
pcmcia.inf=17,,9879,45760
pcmciamf.inf=17,,9879,45760
prtupd.inf=17,,9879,45760
pwsinfo.inf=17,,9879,45760
regwiz.inf=17,,9879,45760
sb16awe.inf=17,,9879,45760
sbp2.inf=17,,9879,45760
scandisk.exe=13,,9879,45760
scanreg.exe=13,,9879,45760
scsi.inf=17,,9879,45760
shell.inf=17,,9879,45760
shell3.inf=17,,9879,45760
smartdrv.exe=10,,9879,45760
smcmodem.inf=17,,9879,45760
sti.inf=17,,9879,45760
subase.inf=17,,9879,45760
sulfnbk.exe=13,,9879,45760
swdir16.inf=17,,9879,45760
swenum.inf=17,,9879,45760
swflsh16.inf=17,,9879,45760
sysdetmg.dll=11,,12562,33770
taishid.inf=17,,9879,45760
tapi.inf=17,,9879,45760
themes.inf=17,,9879,45760
themes1.inf=17,,9879,45760
themes2.inf=17,,9879,45760
tshoot.inf=17,,9879,45760
umaxusd.inf=17,,9879,45760
unknown.inf=17,,9879,45760
usb.inf=17,,9879,45760
usbcdc.inf=17,,9879,45760
usbwave.inf=17,,9879,45760
usp10.inf=17,,9879,45760
vgx.inf=17,,9879,45760
vidcap.inf=17,,9879,45760
wab9x50.inf=17,,9879,45760
wave.inf=17,,9879,45760
wbem.inf=17,,9879,45760
wdmaudio.inf=17,,9879,45760
wdmfs.sys=32907,,9879,45760
webfdr16.inf=17,,9879,45760
winboot.sys=30,winboot.new,9879,45760
wmidrv.sys=32907,,9879,45760
wordpad.inf=17,,9879,45760
wpwin98.inf=17,,9879,45760
wsh.inf=17,,9879,45760
fdisk.exe=13,,9879,45760
himem.sys=26,,9879,45760
ramdrive.sys=10,,9879,45760
CAB-No volume name for LDID 5, local copy - path C:\WININST0.400
hidci.dll=10,,12562,33786
hidci.dll=11,,12562,33786
[Windows 98 Second Edition CD-ROM]
CATALOG3.CAB=32908,,9879,45760
sucatreg.exe=11,,9879,45760
win98_ol.cab=32935,msn50.cab,9879,45760
[Windows 98 Second Edition CD-ROM]
DCE:C:\WIN98\\PRECOPY2.CAB=4
DCE:remaining=0
setupx.dll=11,,9879,45760
mshdc.inf=17,,9879,45760
setupc.inf=17,,9879,45760
license.txt=18,,9879,45760
[Windows 98 Second Edition CD-ROM]
DCE:C:\WIN98\\BASE5.CAB=5
DCE:remaining=0
mscdex.exe=13,,9879,45760
serialui.dll=11,,9879,45760
ccport.sys=32937,,9879,45760
ks.sys=32907,,9879,45760
wmilib.sys=32907,,9879,45760
[Windows 98 Second Edition CD-ROM]
DCE:C:\WIN98\\BASE6.CAB=3
DCE:remaining=0
lpt.vxd=11,,9879,45760
serial.vxd=11,,9879,45760
wdmmdmld.vxd=11,,9879,45760
[Windows 98 Second Edition CD-ROM]
DCE:C:\WIN98\\NET7.CAB=7
DCE:remaining=0
msshrui.dll=11,,9879,45760
mswsock.dll=11,,9879,45760
mswsosp.dll=11,,9879,45760
ws2_32.dll=11,,9879,45760
ws2help.dll=11,,9879,45760
ws2thk.dll=11,,9879,45760
wscthunk.dll=11,,9879,45760
[Windows 98 Second Edition CD-ROM]
DCE:C:\WIN98\\NET8.CAB=3
DCE:remaining=0
wsasrv.exe=11,,9879,45760
logos.sys=25,,9879,45760
logow.sys=25,,9879,45760
[Windows 98 Second Edition CD-ROM]
DCE:C:\WIN98\\NET9.CAB=1
DCE:remaining=0
filesec.vxd=11,,9879,45760
[Windows 98 Second Edition CD-ROM]
DCE:C:\WIN98\\NET10.CAB=2
DCE:remaining=0
wsock.vxd=11,,9879,45760
wsock2.vxd=11,,9879,45760
[Windows 98 Second Edition CD-ROM]
DCE:C:\WIN98\\DRIVER12.CAB=1
DCE:remaining=0
ksuser.dll=11,,9879,45760
[Windows 98 Second Edition CD-ROM]
DCE:C:\WIN98\\DRIVER16.CAB=1
DCE:remaining=0
wdmaud.drv=11,,9879,45760
[Windows 98 Second Edition CD-ROM]
DCE:C:\WIN98\\DRIVER20.CAB=10
DCE:remaining=0
kmixer.sys=32907,,9879,45760
portcls.sys=32907,,9879,45760
redbook.sys=32907,,9879,45760
sbemul.sys=32907,,9879,45760
stream.sys=32907,,9879,45760
swmidi.sys=32907,,9879,45760
sysaudio.sys=32907,,9879,45760
usbaudio.sys=32907,,9879,45760
wdmaud.sys=32907,,9879,45760
threed.vbx=11,,9879,45760
[Windows 98 Second Edition CD-ROM]
DCE:C:\WIN98\\WIN98_22.CAB=18
DCE:remaining=0
vrtwd.386=11,,9879,45760
appstart.ani=32905,,9879,45760
hourglas.ani=32905,,9879,45760
oemreg.bin=11,,9879,45760
unicode.bin=11,,9879,45760
1stboot.bmp=25,,9879,45760
bamboo.bmp=25,,9879,45760
bubbles.bmp=25,,9879,45760
circles.bmp=25,,9879,45760
egypt.bmp=25,,9879,45760
halftone.bmp=25,,9879,45760
hounds.bmp=25,,9879,45760
pstripe.bmp=25,,9879,45760
pyramid2.bmp=25,,9879,45760
redtile.bmp=25,,9879,45760
rivets2.bmp=25,,9879,45760
setup.bmp=25,,9879,45760
thatch2.bmp=25,,9879,45760
[Windows 98 Second Edition CD-ROM]
format.com=13,,9879,45760
DCE:C:\WIN98\\WIN98_25.CAB=25
DCE:remaining=0
win.cnf=10,win.com,9879,45760
mouse.cnt=18,,9879,45760
notepad.cnt=18,,9879,45760
packager.cnt=18,,9879,45760
progman.cnt=18,,9879,45760
windows.cnt=18,,9879,45760
winfile.cnt=18,,9879,45760
choice.com=13,,9879,45760
diskcopy.com=13,,9879,45760
doskey.com=13,,9879,45760
edit.com=13,,9879,45760
mode.com=13,,9879,45760
more.com=13,,9879,45760
sys.com=13,,9879,45760
confdent.cpe=10,,9879,45760
fyi.cpe=10,,9879,45760
generic.cpe=10,,9879,45760
urgent.cpe=10,,9879,45760
ega.cpi=13,,9879,45760
APPWIZ.CPL=11,,9879,45760
main.cpl=11,,9879,45760
sticpl.cpl=11,,9879,45760
sysdm.cpl=11,,9879,45760
telephon.cpl=11,,9879,45760
timedate.cpl=11,,9879,45760
[Windows 98 Second Edition CD-ROM]
DCE:C:\WIN98\\WIN98_26.CAB=2
DCE:remaining=0
welcome.dat=32906,,9879,45760
clusalgo.dll=11,,9879,45760
[Windows 98 Second Edition CD-ROM]
DCE:C:\WIN98\\WIN98_27.CAB=5
DCE:remaining=0
comdlg32.dll=11,,9879,45760
crtdll.dll=11,,9879,45760
ctl3d.dll=11,,9879,45760
ctl3d32.dll=11,,9879,45760
ctl3dv2.dll=11,,9879,45760
[Windows 98 Second Edition CD-ROM]
DCE:C:\WIN98\\WIN98_28.CAB=7
DCE:remaining=0
dataclen.dll=11,,9879,45760
ddeml.dll=11,,9879,45760
deskcp16.dll=11,,9879,45760
devmgr32.dll=11,,9879,45760
dibeng.dll=11,,9879,45760
diskcopy.dll=11,,9879,45760
docprop.dll=11,,9879,45760
[Windows 98 Second Edition CD-ROM]
DCE:C:\WIN98\\WIN98_29.CAB=3
DCE:remaining=0
enumfile.dll=11,,9879,45760
FP4ANWI.DLL=32920,,9879,45760
FP4AUTL.DLL=32920,,9879,45760
[Windows 98 Second Edition CD-ROM]
DCE:C:\WIN98\\WIN98_30.CAB=9
DCE:remaining=0
FP4AWEC.DLL=32920,,9879,45760
ftsrch.dll=11,,9879,45760
gdi32.dll=11,,9879,45760
glu32.dll=11,,9879,45760
hid.dll=11,,9879,45760
icm32.dll=11,,9879,45760
icmui.dll=11,,9879,45760
icmupg.dll=11,,9879,45760
imm32.dll=11,,9879,45760
[Windows 98 Second Edition CD-ROM]
DCE:C:\WIN98\\WIN98_31.CAB=2
DCE:remaining=0
iosclass.dll=11,,9879,45760
kernel32.dll=11,,9879,45760
[Windows 98 Second Edition CD-ROM]
DCE:C:\WIN98\\WIN98_32.CAB=7
DCE:remaining=0
linkinfo.dll=11,,9879,45760
lz32.dll=11,,9879,45760
maincp16.dll=11,,9879,45760
mf3216.dll=11,,9879,45760
mfc30.dll=11,,9879,45760
mfc40.dll=11,,9879,45760
moricons.dll=25,,9879,45760
[Windows 98 Second Edition CD-ROM]
DCE:C:\WIN98\\WIN98_33.CAB=4
DCE:remaining=0
mscms.dll=11,,9879,45760
MSDAIPP.DLL=32919,,9879,45760
MSDAPML.DLL=32919,,9879,45760
MSDAURL.DLL=32919,,9879,45760
[Windows 98 Second Edition CD-ROM]
DCE:C:\WIN98\\WIN98_34.CAB=1
DCE:remaining=0
msimg32.dll=11,,9879,45760
[Windows 98 Second Edition CD-ROM]
DCE:C:\WIN98\\WIN98_36.CAB=5
DCE:remaining=0
MSONSEXT.DLL=32921,,9879,45760
msows409.dll=25,,9879,45760
mspcic.dll=11,,9879,45760
MSR2C.DLL=11,,9879,45760
MSR2CENU.DLL=11,,9879,45760
[Windows 98 Second Edition CD-ROM]
DCE:C:\WIN98\\WIN98_37.CAB=3
DCE:remaining=0
msvbvm50.dll=11,,9879,45760
msvcrt20.dll=11,,9879,45760
msvcrt40.dll=11,,9879,45760
[Windows 98 Second Edition CD-ROM]
DCE:C:\WIN98\\WIN98_38.CAB=3
DCE:remaining=0
mydocs.dll=11,,9879,45760
ntdll.dll=11,,9879,45760
oemreg.dll=11,,9879,45760
[Windows 98 Second Edition CD-ROM]
DCE:C:\WIN98\\WIN98_39.CAB=9
DCE:remaining=0
olecli.dll=11,,9879,45760
olecli32.dll=11,,9879,45760
olesvr.dll=11,,9879,45760
olesvr32.dll=11,,9879,45760
opengl32.dll=11,,9879,45760
pifmgr.dll=11,,9879,45760
pkpd.dll=11,,9879,45760
pkpd32.dll=11,,9879,45760
powerold.dll=11,,9879,45760
[Windows 98 Second Edition CD-ROM]
DCE:C:\WIN98\\WIN98_40.CAB=5
DCE:remaining=0
RAGENT.DLL=32921,,9879,45760
regwizC.DLL=11,,9879,45760
riched.dll=11,,9879,45760
riched20.dll=11,,9879,45760
setup4.dll=11,,9879,45760
[Windows 98 Second Edition CD-ROM]
DCE:C:\WIN98\\WIN98_41.CAB=3
DCE:remaining=0
sfcdll.dll=11,,9879,45760
shscrap.dll=11,,9879,45760
spoolss.dll=11,,9879,45760
[Windows 98 Second Edition CD-ROM]
DCE:C:\WIN98\\WIN98_42.CAB=16
DCE:remaining=0
stem0409.dll=11,,9879,45760
sti.dll=11,,9879,45760
sti_ci.dll=11,,9879,45760
sti_ci32.dll=11,,9879,45760
syncui.dll=11,,9879,45760
sysclass.dll=11,,9879,45760
sysinv.dll=11,,9879,45760
systhunk.dll=11,,9879,45760
tapi.dll=11,,9879,45760
tapi32.dll=11,,9879,45760
tapiui.dll=11,,9879,45760
tmapi.dll=11,,9879,45760
toolhelp.dll=11,,9879,45760
tsp3216s.dll=11,,9879,45760
user32.dll=11,,9879,45760
usp10.dll=11,,9879,45760
[Windows 98 Second Edition CD-ROM]
DCE:C:\WIN98\\WIN98_43.CAB=3
DCE:remaining=0
vdmdbg.dll=11,,9879,45760
version.dll=11,,9879,45760
vgx.dll=32918,,9879,45760
[Windows 98 Second Edition CD-ROM]
DCE:C:\WIN98\\WIN98_44.CAB=24
DCE:remaining=0
whlp16t.dll=11,,9879,45760
whlp32t.dll=11,,9879,45760
win32s16.dll=11,,9879,45760
win87em.dll=11,,9879,45760
winalign.dll=11,,9879,45760
winaspi.dll=11,,9879,45760
wmi.dll=11,,9879,45760
wmicore.dll=11,,9879,45760
wnaspi32.dll=11,,9879,45760
wow32.dll=11,,9879,45760
wupdinfo.dll=11,,9879,45760
winword.doc=32904,,9879,45760
bigmem.drv=12,,9879,45760
comm.drv=11,,9879,45760
mmsound.drv=11,,9879,45760
winspl16.drv=11,,9879,45760
winspool.drv=11,,9879,45760
bootdisk.ebd=13,bootdisk.bat,9879,45760
asd.exe=10,,9879,45760
attrib.exe=13,,9879,45760
chkdsk.exe=13,,9879,45760
cleanmgr.exe=25,,9879,45760
conagent.exe=11,,9879,45760
control.exe=25,,9879,45760
[Windows 98 Second Edition CD-ROM]
DCE:C:\WIN98\\WIN98_45.CAB=11
DCE:remaining=0
CVTAPLOG.EXE=25,,9879,45760
Debug.exe=13,,9879,45760
DEFRAG.EXE=25,,9879,45760
deltree.exe=13,,9879,45760
emm386.exe=10,,9879,45760
fc.exe=13,,9879,45760
find.exe=13,,9879,45760
gdi.exe=11,,9879,45760
imgstart.exe=11,,9879,45760
krnl386.exe=11,,9879,45760
label.exe=13,,9879,45760
[Windows 98 Second Edition CD-ROM]
DCE:C:\WIN98\\WIN98_46.CAB=36
DCE:remaining=0
mem.exe=13,,9879,45760
mkcompat.exe=11,,9879,45760
mm2ent.exe=25,,9879,45760
move.exe=13,,9879,45760
msconfig.exe=11,,9879,45760
msgsrv32.exe=11,,9879,45760
nlsfunc.exe=13,,9879,45760
notepad.exe=25,,9879,45760
packager.exe=25,,9879,45760
progman.exe=25,,9879,45760
regedit.exe=25,,9879,45760
Regwiz.exe=11,,9879,45760
rg2catdb.exe=25,,9879,45760
rundll.exe=25,,9879,45760
rundll32.exe=25,,9879,45760
runonce.exe=11,,9879,45760
SCANDSKW.EXE=25,,9879,45760
ScanRegW.exe=25,,9879,45760
setver.exe=26,setver.win,9879,45760
sfc.exe=11,,9879,45760
sort.exe=13,,9879,45760
spool32.exe=11,,9879,45760
start.exe=13,,9879,45760
stimon.exe=11,,9879,45760
subst.exe=13,,9879,45760
sysedit.exe=11,,9879,45760
systray.exe=11,,9879,45760
tapi16.exe=11,,9879,45760
tapiini.exe=11,,9879,45760
tapisrv.exe=11,,9879,45760
tapiupr.exe=11,,9879,45760
taskman.exe=25,,9879,45760
taskmon.exe=25,,9879,45760
tcmsetup.exe=11,,9879,45760
tlocmgr.exe=11,,9879,45760
user.exe=11,,9879,45760
[Windows 98 Second Edition CD-ROM]
DCE:C:\WIN98\\WIN98_47.CAB=31
DCE:remaining=0
vcmui.exe=25,,9879,45760
walign.exe=11,,9879,45760
WELCOME.EXE=25,,9879,45760
weldata.exe=32906,,9879,45760
winfile.exe=25,,9879,45760
winhelp.exe=25,,9879,45760
winhlp32.exe=25,,9879,45760
wininit.exe=10,,9879,45760
winver.exe=25,,9879,45760
wmiexe.exe=11,,9879,45760
wupdmgr.exe=25,,9879,45760
xcopy.exe=13,,9879,45760
xcopy32.exe=13,,9879,45760
8514fix.fon=32939,,9879,45760
8514oem.fon=32939,,9879,45760
8514sys.fon=32939,,9879,45760
coure.fon=32939,,9879,45760
courf.fon=32939,,9879,45760
dosapp.fon=32939,,9879,45760
modern.fon=20,,9879,45760
serife.fon=32939,,9879,45760
seriff.fon=32939,,9879,45760
smalle.fon=32939,,9879,45760
smallf.fon=32939,,9879,45760
sserife.fon=32939,,9879,45760
sseriff.fon=32939,,9879,45760
symbole.fon=32939,,9879,45760
symbolf.fon=32939,,9879,45760
vgafix.fon=32939,,9879,45760
vgaoem.fon=32939,,9879,45760
vgasys.fon=32939,,9879,45760
[Windows 98 Second Edition CD-ROM]
DCE:C:\WIN98\\WIN98_49.CAB=34
DCE:remaining=0
wuicon1.gif=32911,,9879,45760
wuicon2.gif=32911,,9879,45760
wulogo.gif=32911,,9879,45760
apps.hlp=18,,9879,45760
edit.hlp=13,,9879,45760
mouse.hlp=18,,9879,45760
NETWORK.HLP=18,,9879,45760
notepad.hlp=18,,9879,45760
progman.hlp=18,,9879,45760
regedit.hlp=18,,9879,45760
windows.hlp=18,,9879,45760
winfile.hlp=18,,9879,45760
wum.htm=32911,,9879,45760
dg22d93.icm=23,,9879,45760
hg22d93.icm=23,,9879,45760
mnB22G15.ICM=23,,9879,45760
mnB22G18.ICM=23,,9879,45760
mnB22G21.ICM=23,,9879,45760
mnEBUG15.ICM=23,,9879,45760
mnEBUG18.ICM=23,,9879,45760
mnEBUG21.ICM=23,,9879,45760
mnP22G15.ICM=23,,9879,45760
mnP22G18.ICM=23,,9879,45760
mnP22G21.ICM=23,,9879,45760
ng22d93.icm=23,,9879,45760
tg22d93.icm=23,,9879,45760
winupd.ico=25,,9879,45760
apps.inf=17,,9879,45760
biosinfo.inf=17,,9879,45760
control.inf=11,,9879,45760
hpscanms.inf=17,,9879,45760
kodak.inf=17,,9879,45760
lghpscan.inf=17,,9879,45760
logiscan.inf=17,,9879,45760
[Windows 98 Second Edition CD-ROM]
DCE:C:\WIN98\\WIN98_50.CAB=17
DCE:remaining=0
mfmhz.inf=17,,9879,45760
oemcpl.inf=17,,9879,45760
pppatm.inf=17,,9879,45760
wanatm.inf=17,,9879,45760
wdma_azt.inf=17,,9879,45760
wdma_csc.inf=17,,9879,45760
wdma_ess.inf=17,,9879,45760
wdma_usb.inf=17,,9879,45760
wdma_ymh.inf=17,,9879,45760
winpopup.inf=17,,9879,45760
imgst_tr.ini=11,,9879,45760
imgstart.ini=11,,9879,45760
ios.ini=10,,9879,45760
scandisk.ini=13,,9879,45760
ScanReg.ini=25,,9879,45760
winali.ini=11,,9879,45760
winalx.ini=11,,9879,45760
[Windows 98 Second Edition CD-ROM]
DCE:C:\WIN98\\WIN98_51.CAB=15
DCE:remaining=0
conlock.mod=11,,9879,45760
redirect.mod=11,,9879,45760
xcopy32.mod=13,,9879,45760
fpext.msg=32922,,9879,45760
commdlg.new=11,commdlg.dll,9879,45760
shell.new=11,shell.dll,9879,45760
ver.new=11,ver.dll,9879,45760
winoa386.new=11,winoa386.mod,9879,45760
TDC.OCX=11,,9879,45760
esdi_506.pdr=12,,9879,45760
hsflop.pdr=12,,9879,45760
rmm.pdr=12,,9879,45760
scsiport.pdr=12,,9879,45760
dosmode.pif=25,,9879,45760
ems_xms.pif=25,,9879,45760
[Windows 98 Second Edition CD-ROM]
DCE:C:\WIN98\\WIN98_52.CAB=20
DCE:remaining=0
ansi.sys=13,,9879,45760
aspi2hlp.sys=26,,9879,45760
CMD640X.SYS=26,,9879,45760
CMD640X2.SYS=26,,9879,45760
country.sys=13,,9879,45760
dblbuff.sys=26,,9879,45760
display.sys=13,,9879,45760
ifshlp.sys=26,,9879,45760
sulogo.sys=30,,9879,45760
remotesp.tsp=11,,9879,45760
tsp3216l.tsp=11,,9879,45760
arial.ttf=20,,9879,45760
arialbd.ttf=20,,9879,45760
arialbi.ttf=20,,9879,45760
ariali.ttf=20,,9879,45760
cour.ttf=20,,9879,45760
courbd.ttf=20,,9879,45760
courbi.ttf=20,,9879,45760
couri.ttf=20,,9879,45760
lucon.ttf=20,,9879,45760
[Windows 98 Second Edition CD-ROM]
DCE:C:\WIN98\\WIN98_53.CAB=18
DCE:remaining=0
marlett.ttf=20,,9879,45760
symbol.ttf=20,,9879,45760
tahoma.ttf=20,,9879,45760
tahomabd.ttf=20,,9879,45760
times.ttf=20,,9879,45760
timesbd.ttf=20,,9879,45760
timesbi.ttf=20,,9879,45760
timesi.ttf=20,,9879,45760
wingding.ttf=20,,9879,45760
sfcsync.txt=10,,9879,45760
apix.vxd=12,,9879,45760
atapchng.vxd=12,,9879,45760
biosxlat.vxd=22,,9879,45760
cdfs.vxd=12,,9879,45760
cdtsd.vxd=12,,9879,45760
cdvsd.vxd=12,,9879,45760
combuff.vxd=22,,9879,45760
configmg.vxd=22,,9879,45760
[Windows 98 Second Edition CD-ROM]
DCE:C:\WIN98\\WIN98_54.CAB=51
DCE:remaining=0
disktsd.vxd=12,,9879,45760
diskvsd.vxd=12,,9879,45760
dosmgr.vxd=22,,9879,45760
dosnet.vxd=22,,9879,45760
dynapage.vxd=22,,9879,45760
ebios.vxd=22,,9879,45760
fiolog.vxd=11,,9879,45760
ifsmgr.vxd=22,,9879,45760
int13.vxd=22,,9879,45760
ios.vxd=22,,9879,45760
lptenum.vxd=11,,9879,45760
mtrr.vxd=22,,9879,45760
necatapi.vxd=12,,9879,45760
ntkern.vxd=22,,9879,45760
pageswap.vxd=22,,9879,45760
parity.vxd=22,,9879,45760
perf.vxd=22,,9879,45760
qemmfix.vxd=22,,9879,45760
reboot.vxd=22,,9879,45760
scsi1hlp.vxd=12,,9879,45760
serenum.vxd=11,,9879,45760
shell.vxd=22,,9879,45760
smartvsd.vxd=11,,9879,45760
spooler.vxd=22,,9879,45760
torisan3.vxd=12,,9879,45760
udf.vxd=22,,9879,45760
v86mmgr.vxd=22,,9879,45760
vcache.vxd=22,,9879,45760
vcd.vxd=22,,9879,45760
vcdfsd.vxd=22,,9879,45760
vcomm.vxd=22,,9879,45760
vcond.vxd=22,,9879,45760
vdef.vxd=22,,9879,45760
vdmad.vxd=22,,9879,45760
vfat.vxd=22,,9879,45760
vfbackup.vxd=22,,9879,45760
vfd.vxd=11,,9879,45760
vfixd.vxd=11,,9879,45760
vmcpd.vxd=22,,9879,45760
vmd.vxd=22,,9879,45760
vmm32.vxd=11,,9879,45760
vmpoll.vxd=22,,9879,45760
voltrack.vxd=12,,9879,45760
vpd.vxd=22,,9879,45760
vpicd.vxd=22,,9879,45760
vsd.vxd=22,,9879,45760
vshare.vxd=22,,9879,45760
vtd.vxd=22,,9879,45760
vtdapi.vxd=22,,9879,45760
vwin32.vxd=22,,9879,45760
vxdldr.vxd=22,,9879,45760
[Windows 98 Second Edition CD-ROM]
DCE:C:\WIN98\\WIN98_55.CAB=11
DCE:remaining=0
sndrec.wav=32904,,9879,45760
welcom98.wav=32906,,9879,45760
default.wbm=32906,,9879,45760
icw.wbm=32906,,9879,45760
logo.wbm=32906,,9879,45760
ms.wbm=32906,,9879,45760
regwiz.wbm=32906,,9879,45760
tour.wbm=32906,,9879,45760
tuneup.wbm=32906,,9879,45760
win.wbm=32906,,9879,45760
spbanner.wmf=11,,9879,45760
[Windows 98 Second Edition CD-ROM]
DCE:C:\WIN98\\WIN98_58.CAB=1
DCE:remaining=0
OSP.ZIP=32903,,9879,45760
[Windows 98 Second Edition CD-ROM]
DCE:C:\WIN98\\WIN98_60.CAB=3
DCE:remaining=0
dajava.cab=11,,9879,45760
nm3bnts.chm=18,,9879,45760
bnts.dll=18,,9879,45760
[Windows 98 Second Edition CD-ROM]
DCE:C:\WIN98\\WIN98_61.CAB=2
DCE:remaining=0
datime.dll=11,,9879,45760
ddao35.dll=11,,9879,45760
[Windows 98 Second Edition CD-ROM]
DCE:C:\WIN98\\WIN98_63.CAB=2
DCE:remaining=0
msnsetup.dll=32936,,9879,45760
MSVCIRT.DLL=11,,9879,45760
[Windows 98 Second Edition CD-ROM]
DCE:C:\WIN98\\WIN98_66.CAB=4
DCE:remaining=0
mcipionr.drv=11,,9879,45760
mcivisca.drv=11,,9879,45760
awfxex32.exe=11,,9879,45760
bpcpost.exe=11,,9879,45760
[Windows 98 Second Edition CD-ROM]
DCE:C:\WIN98\\WIN98_67.CAB=6
DCE:remaining=0
Msnboot.exe=32934,,9879,45760
MSNCreat.exe=25,,9879,45760
tour98.exe=10,,9879,45760
msnlogo.ico=32935,,9879,45760
epg2.inf=17,epg.inf,9879,45760
wavetop.inf=17,,9879,45760
[Windows 98 Second Edition CD-ROM]
DCE:C:\WIN98\\WIN98_68.CAB=2
DCE:remaining=0
Daxctle.ocx=11,,9879,45760
hhopen.ocx=11,,9879,45760
[Windows 98 Second Edition CD-ROM]
DCE:C:\WIN98\\WIN98_69.CAB=2
DCE:remaining=0
TSHOOT.ocx=18,,9879,45760
services.txt=25,,9879,45760
[Windows 98 Second Edition CD-ROM]
DCE:C:\WIN98\\WIN98_70.CAB=3
DCE:remaining=0
chimes.wav=32923,,9879,45760
chord.wav=32923,,9879,45760
ding.wav=32923,,9879,45760
[Windows 98 Second Edition CD-ROM]
DCE:C:\WIN98\\WIN98_71.CAB=1
DCE:remaining=0
logoff.wav=32923,,9879,45760
[Windows 98 Second Edition CD-ROM]
DCE:C:\WIN98\\WIN98_72.CAB=2
DCE:remaining=0
notify.wav=32923,,9879,45760
recycle.wav=32923,,9879,45760
[Windows 98 Second Edition CD-ROM]
DCE:C:\WIN98\\WIN98_73.CAB=1
DCE:remaining=0
tada.wav=32923,,9879,45760
VcpClose:About to End
VcpClose:About to Terminate
FileCopy=Passed

[Dummy]
GDD::Required=:191266791 incl Pad=:245566791 no discount 191266818
DS(CheckDiskSpace):D=C:, Bpc=32768, F=8889744, TF=8889744, R=245566791, A=8889744, RP=69143904, AP=14843904, OF=0, SS=0

[Restart]
loading 'C:\WININST0.400\suexpand.dll' returned e871126
SrcLdid:(30)SYSTEM.NEW
SrcLdid:(30)COMMAND.NEW
SrcLdid:(30)COMMAND.NEW
SrcLdid:(30)COMMAND.NEW
SRCDUP:COMMAND.NEW
SrcLdid:(30)COMMAND.NEW
SrcLdid:(30)WINBOOT.NEW
SrcLdid:(30)WINBOOT.NEW
SrcLdid:(26)SETVER.WIN
SrcLdid:(30)SULOGO.SYS
SrcLdid:(30)USER.NEW
VcpClose:About to close
VcpClose:Delete 102
VcpClose:Copy 7
LDID is ffff failed CtlGetLdd 
CAB-No volume name for LDID ffff, local copy - path Absolute
COMMAND.NEW=30,command.com,9879,45760
COMMAND.NEW=26,command.com,9879,45760
SULOGO.SYS=31,LOGO.SYS,9879,45760
SYSTEM.NEW=28,SYSTEM.DAT,12562,34075
USER.NEW=10,user.dat,12562,34075
WINBOOT.NEW=30,IO.SYS,9879,45760
SETVER.WIN=26,SETVER.EXE,12562,34075
VcpClose:About to End
VcpClose:About to Terminate
RootFilesRenamed=PASSED
TPS_Flush() Informational log: Setup didn't rename old file :C:\WINDOWS\win.ini: to :C:\WINDOWS\win.---:
TPS_Flush() Informational log: Setup didn't rename old file :C:\WINDOWS\system.ini: to :C:\WINDOWS\system.---:
TPS_Flush() Informational log: Setup didn't rename old file :C:\WINDOWS\wininit.ini: to :C:\WINDOWS\wininit.---:
TPS_Flush() Informational log: Setup didn't rename old file :C:\WINDOWS\qtw.ini: to :C:\WINDOWS\qtw.---:
TPS_Flush() Informational log: Setup didn't rename old file :C:\WINDOWS\setup.ini: to :C:\WINDOWS\setup.---:
TPS_Flush() Informational log: Setup didn't rename old file :C:\WINDOWS\control.ini: to :C:\WINDOWS\control.---:
TPS_Flush() Informational log: Setup didn't rename old file :C:\WINDOWS\powerpnt.ini: to :C:\WINDOWS\powerpnt.---:
TPS_Flush() Informational log: Setup didn't rename old file :C:\WINDOWS\msoffice.ini: to :C:\WINDOWS\msoffice.---:
TPS_Flush() Informational log: Setup didn't rename old file :C:\WINDOWS\system.cb: to :C:\WINDOWS\system.---:
Providers begin (AfterProvider)
CallDll(C:\WININST0.400\netdi.dll,NDICLEANUPB4REBOOT), hlib=5326, ret=0
CallDll(C:\WININST0.400\setupx.dll,SURPLSETUP), hlib=3718, ret=0
Providers End (AfterProvider)
SUMB:Windows 98 Setup:Setup is now ready to restart your computer.  Remove all disks from floppy disk drives and click OK to restart.:OK
Restart=Passed

[Dummy]

[First Process Tree]
[Build Driver Index File]
Start
End

CL:Windows 98 Second Edition CD-ROM PRECOPY1.CAB
CL:Windows 98 Second Edition CD-ROM PRECOPY2.CAB
CL:Windows 98 Second Edition CD-ROM CATALOG3.CAB
CL:Windows 98 Second Edition CD-ROM BASE4.CAB
CL:Windows 98 Second Edition CD-ROM BASE5.CAB
CL:Windows 98 Second Edition CD-ROM BASE6.CAB
CL:Windows 98 Second Edition CD-ROM NET7.CAB
CL:Windows 98 Second Edition CD-ROM NET8.CAB
CL:Windows 98 Second Edition CD-ROM NET9.CAB
CL:Windows 98 Second Edition CD-ROM NET10.CAB
CL:Windows 98 Second Edition CD-ROM DRIVER11.CAB
CL:Windows 98 Second Edition CD-ROM DRIVER12.CAB
CL:Windows 98 Second Edition CD-ROM DRIVER13.CAB
CL:Windows 98 Second Edition CD-ROM DRIVER14.CAB
CL:Windows 98 Second Edition CD-ROM DRIVER15.CAB
CL:Windows 98 Second Edition CD-ROM DRIVER16.CAB
CL:Windows 98 Second Edition CD-ROM DRIVER17.CAB
CL:Windows 98 Second Edition CD-ROM DRIVER18.CAB
CL:Windows 98 Second Edition CD-ROM DRIVER19.CAB
CL:Windows 98 Second Edition CD-ROM DRIVER20.CAB
CL:Windows 98 Second Edition CD-ROM WIN98_21.CAB
CL:Windows 98 Second Edition CD-ROM WIN98_22.CAB
CL:Windows 98 Second Edition CD-ROM WIN98_23.CAB
CL:Windows 98 Second Edition CD-ROM WIN98_24.CAB
CL:Windows 98 Second Edition CD-ROM WIN98_25.CAB
CL:Windows 98 Second Edition CD-ROM WIN98_26.CAB
CL:Windows 98 Second Edition CD-ROM WIN98_27.CAB
CL:Windows 98 Second Edition CD-ROM WIN98_28.CAB
CL:Windows 98 Second Edition CD-ROM WIN98_29.CAB
CL:Windows 98 Second Edition CD-ROM WIN98_30.CAB
CL:Windows 98 Second Edition CD-ROM WIN98_31.CAB
CL:Windows 98 Second Edition CD-ROM WIN98_32.CAB
CL:Windows 98 Second Edition CD-ROM WIN98_33.CAB
CL:Windows 98 Second Edition CD-ROM WIN98_34.CAB
CL:Windows 98 Second Edition CD-ROM WIN98_35.CAB
CL:Windows 98 Second Edition CD-ROM WIN98_36.CAB
CL:Windows 98 Second Edition CD-ROM WIN98_37.CAB
CL:Windows 98 Second Edition CD-ROM WIN98_38.CAB
CL:Windows 98 Second Edition CD-ROM WIN98_39.CAB
CL:Windows 98 Second Edition CD-ROM WIN98_40.CAB
CL:Windows 98 Second Edition CD-ROM WIN98_41.CAB
CL:Windows 98 Second Edition CD-ROM WIN98_42.CAB
CL:Windows 98 Second Edition CD-ROM WIN98_43.CAB
CL:Windows 98 Second Edition CD-ROM WIN98_44.CAB
CL:Windows 98 Second Edition CD-ROM WIN98_45.CAB
CL:Windows 98 Second Edition CD-ROM WIN98_46.CAB
CL:Windows 98 Second Edition CD-ROM WIN98_47.CAB
CL:Windows 98 Second Edition CD-ROM WIN98_48.CAB
CL:Windows 98 Second Edition CD-ROM WIN98_49.CAB
CL:Windows 98 Second Edition CD-ROM WIN98_50.CAB
CL:Windows 98 Second Edition CD-ROM WIN98_51.CAB
CL:Windows 98 Second Edition CD-ROM WIN98_52.CAB
CL:Windows 98 Second Edition CD-ROM WIN98_53.CAB
CL:Windows 98 Second Edition CD-ROM WIN98_54.CAB
CL:Windows 98 Second Edition CD-ROM WIN98_55.CAB
CL:Windows 98 Second Edition CD-ROM WIN98_56.CAB
CL:Windows 98 Second Edition CD-ROM WIN98_57.CAB
CL:Windows 98 Second Edition CD-ROM WIN98_58.CAB
CL:Windows 98 Second Edition CD-ROM WIN98_59.CAB
CL:Windows 98 Second Edition CD-ROM WIN98_60.CAB
CL:Windows 98 Second Edition CD-ROM WIN98_61.CAB
CL:Windows 98 Second Edition CD-ROM WIN98_62.CAB
CL:Windows 98 Second Edition CD-ROM WIN98_63.CAB
CL:Windows 98 Second Edition CD-ROM WIN98_64.CAB
CL:Windows 98 Second Edition CD-ROM WIN98_65.CAB
CL:Windows 98 Second Edition CD-ROM WIN98_66.CAB
CL:Windows 98 Second Edition CD-ROM WIN98_67.CAB
CL:Windows 98 Second Edition CD-ROM WIN98_68.CAB
CL:Windows 98 Second Edition CD-ROM WIN98_69.CAB
CL:Windows 98 Second Edition CD-ROM WIN98_70.CAB
CL:Windows 98 Second Edition CD-ROM WIN98_71.CAB
CL:Windows 98 Second Edition CD-ROM WIN98_72.CAB
CL:Windows 98 Second Edition CD-ROM WIN98_73.CAB
CL:Windows 98 Second Edition CD-ROM WIN98_74.CAB
[Not configured]
Reg SubKey:Enum\ROOT\PROCESSOR_UPDATE\0000
VcpClose:About to close
VcpClose:Copy 1
[Windows 98 Second Edition CD-ROM]
DCE:C:\WIN98\\BASE5.CAB=1
DCE:remaining=0
VcpClose:Certify Catalog Files1
VcpClose:Certify 1
VcpClose:About to End
VcpClose:About to Terminate
COMPLETE

[Not configured]
Reg SubKey:Enum\ROOT\SWENUM\0000
VcpClose:About to close
VcpClose:Copy 3
DCE:C:\WIN98\\BASE5.CAB=3
DCE:remaining=0
VcpClose:About to End
VcpClose:About to Terminate
COMPLETE

[Not configured]
Reg SubKey:Enum\ROOT\*PNP0C00\0000
Description:Plug and Play BIOS
VcpClose:About to close
VcpClose:Copy 1
DCE:C:\WIN98\\BASE5.CAB=1
DCE:remaining=0
VcpClose:Certify Catalog Files1
VcpClose:Certify 1
VcpClose:Delete 1
VcpClose:About to End
VcpClose:About to Terminate
COMPLETE

[Not configured]
Reg SubKey:Enum\BIOS\*PNP0A03\00
VcpClose:About to close
VcpClose:Copy 2
DCE:C:\WIN98\\BASE5.CAB=1
DCE:remaining=0
[Windows 98 Second Edition CD-ROM]
DCE:C:\WIN98\\BASE6.CAB=1
DCE:remaining=0
VcpClose:Certify Catalog Files2
VcpClose:Certify 2
VcpClose:Delete 1
VcpClose:About to End
VcpClose:About to Terminate
COMPLETE

[Not configured]
Reg SubKey:Enum\BIOS\*PNP0C01\01
VcpClose:About to close
VcpClose:About to End
VcpClose:About to Terminate
COMPLETE

[Not configured]
Reg SubKey:Enum\BIOS\*PNP0C01\02
VcpClose:About to close
VcpClose:About to End
VcpClose:About to Terminate
COMPLETE

[Not configured]
Reg SubKey:Enum\BIOS\*PNP0000\03
VcpClose:About to close
VcpClose:About to End
VcpClose:About to Terminate
COMPLETE

[Not configured]
Reg SubKey:Enum\BIOS\*PNP0100\04
VcpClose:About to close
VcpClose:About to End
VcpClose:About to Terminate
COMPLETE

[Not configured]
Reg SubKey:Enum\BIOS\*PNP0200\05
VcpClose:About to close
VcpClose:About to End
VcpClose:About to Terminate
COMPLETE

[Not configured]
Reg SubKey:Enum\BIOS\*PNP0303\06
VcpClose:About to close
VcpClose:Copy 3
[Windows 98 Second Edition CD-ROM]
DCE:C:\WIN98\\BASE5.CAB=3
DCE:remaining=0
VcpClose:Certify Catalog Files3
VcpClose:Certify 3
VcpClose:Delete 4
VcpClose:About to End
VcpClose:About to Terminate
COMPLETE

[Not configured]
Reg SubKey:Enum\BIOS\*PNP0F13\07
VcpClose:About to close
VcpClose:Copy 2
DCE:C:\WIN98\\BASE5.CAB=1
DCE:remaining=0
[Windows 98 Second Edition CD-ROM]
DCE:C:\WIN98\\BASE6.CAB=1
DCE:remaining=0
VcpClose:Certify Catalog Files2
VcpClose:Certify 2
VcpClose:About to End
VcpClose:About to Terminate
COMPLETE

[Not configured]
Reg SubKey:Enum\BIOS\*PNP0800\08
VcpClose:About to close
VcpClose:About to End
VcpClose:About to Terminate
COMPLETE

[Not configured]
Reg SubKey:Enum\BIOS\*PNP0B00\09
VcpClose:About to close
VcpClose:About to End
VcpClose:About to Terminate
COMPLETE

[Not configured]
Reg SubKey:Enum\BIOS\*PNP0C04\0A
VcpClose:About to close
VcpClose:About to End
VcpClose:About to Terminate
COMPLETE

[Not configured]
Reg SubKey:Enum\BIOS\*PNP0700\0F
VcpClose:About to close
VcpClose:About to End
VcpClose:About to Terminate
COMPLETE

[Not configured]
Reg SubKey:Enum\PCI\VEN_8086&DEV_7191&SUBSYS_00000000&REV_03\BUS_00&DEV_01&FUNC_00
VcpClose:About to close
VcpClose:About to End
VcpClose:About to Terminate
COMPLETE

[Not configured]
Reg SubKey:Enum\PCI\VEN_104C&DEV_AC1C&SUBSYS_00000000&REV_01\BUS_00&DEV_03&FUNC_00
VcpClose:About to close
VcpClose:Copy 7
[Windows 98 Second Edition CD-ROM]
DCE:C:\WIN98\\BASE5.CAB=5
DCE:remaining=0
[Windows 98 Second Edition CD-ROM]
DCE:C:\WIN98\\BASE6.CAB=2
DCE:remaining=0
VcpClose:Certify Catalog Files7
VcpClose:Certify 7
VcpClose:About to End
VcpClose:About to Terminate
COMPLETE

[Not configured]
Reg SubKey:Enum\PCI\VEN_104C&DEV_AC1C&SUBSYS_00000000&REV_01\BUS_00&DEV_03&FUNC_01
VcpClose:About to close
VcpClose:About to End
VcpClose:About to Terminate
COMPLETE

[Not configured]
Reg SubKey:Enum\PCI\VEN_8086&DEV_7110&SUBSYS_00000000&REV_02\BUS_00&DEV_07&FUNC_00
VcpClose:About to close
VcpClose:About to End
VcpClose:About to Terminate
COMPLETE

[Not configured]
Reg SubKey:Enum\PCI\VEN_8086&DEV_7113&SUBSYS_00000000&REV_02\BUS_00&DEV_07&FUNC_03
VcpClose:About to close
VcpClose:About to End
VcpClose:About to Terminate
COMPLETE

[Not configured]
Reg SubKey:Enum\BIOS\*PNP0501\0C
VcpClose:About to close
VcpClose:Copy 2
[Windows 98 Second Edition CD-ROM]
DCE:C:\WIN98\\BASE5.CAB=1
DCE:remaining=0
[Windows 98 Second Edition CD-ROM]
DCE:C:\WIN98\\BASE6.CAB=1
DCE:remaining=0
VcpClose:Certify Catalog Files2
VcpClose:Certify 2
VcpClose:About to End
VcpClose:About to Terminate
COMPLETE

[Not configured]
Reg SubKey:Enum\BIOS\*PNP0401\0E
VcpClose:About to close
VcpClose:Copy 1
DCE:C:\WIN98\\BASE6.CAB=1
DCE:remaining=0
VcpClose:Certify Catalog Files1
VcpClose:Certify 1
VcpClose:About to End
VcpClose:About to Terminate
COMPLETE

[Need restart]
Reg SubKey:Enum\BIOS\*PNP0700\0F
Description:Standard Floppy Disk Controller
COMPLETE

[Not configured]
Reg SubKey:Enum\PCI\IRQHOLDER\60
VcpClose:About to close
VcpClose:About to End
VcpClose:About to Terminate
COMPLETE

[Not configured]
Reg SubKey:Enum\PCI\IRQHOLDER\61
VcpClose:About to close
VcpClose:About to End
VcpClose:About to Terminate
COMPLETE

[Disabled]
Reg SubKey:Enum\PCI\IRQHOLDER\62
VcpClose:About to close
VcpClose:About to End
VcpClose:About to Terminate
COMPLETE

[Not configured]
Reg SubKey:Enum\PCI\IRQHOLDER\63
VcpClose:About to close
VcpClose:About to End
VcpClose:About to Terminate
COMPLETE

[Not configured]
Reg SubKey:Enum\PCI\VEN_8086&DEV_7190&SUBSYS_00000000&REV_03\BUS_00&DEV_00&FUNC_00
VcpClose:About to close
VcpClose:About to End
VcpClose:About to Terminate
COMPLETE

[Not configured]
Reg SubKey:Enum\PCI\VEN_8086&DEV_7111&SUBSYS_00000000&REV_01\BUS_00&DEV_07&FUNC_01
VcpClose:About to close
VcpClose:About to End
VcpClose:About to Terminate
COMPLETE

E&nable Device
Reg SubKey:Enum\PCI\VEN_8086&DEV_7112&SUBSYS_00000000&REV_01\BUS_00&DEV_07&FUNC_02
VcpClose:About to close
VcpClose:Copy 4
[Windows 98 Second Edition CD-ROM]
DCE:C:\WIN98\\BASE5.CAB=4
DCE:remaining=0
VcpClose:Certify Catalog Files4
VcpClose:Certify 4
VcpClose:Delete 14
VcpClose:About to End
VcpClose:About to Terminate
COMPLETE

E&nable Device
Reg SubKey:Enum\PCI\VEN_10C8&DEV_0005&SUBSYS_00881028&REV_12\000800
Display_InstallDevice: GUI SETUP 640, 480, 4, 96
VcpClose:About to close
VcpClose:About to End
VcpClose:About to Terminate
Display_InstallDevice: Upgrading VGA mode to default (256 color) mode. ret:32769
VcpClose:About to close
VcpClose:About to End
VcpClose:About to Terminate
COMPLETE

E&nable Device
Reg SubKey:Enum\PCI\VEN_10C8&DEV_8005&SUBSYS_00881028&REV_12\010800
COMPLETE

[Not configured]
Reg SubKey:Enum\ROOT\*PNP0C01\0000
Description:System board
VcpClose:About to close
VcpClose:About to End
VcpClose:About to Terminate
COMPLETE

[Not configured]
Reg SubKey:Enum\ROOT\*PNP0C05\0000
Description:Advanced Power Management support
VcpClose:About to close
VcpClose:Copy 2
DCE:C:\WIN98\\BASE5.CAB=1
DCE:remaining=0
[Windows 98 Second Edition CD-ROM]
DCE:C:\WIN98\\BASE6.CAB=1
DCE:remaining=0
VcpClose:Certify Catalog Files2
VcpClose:Certify 2
VcpClose:About to End
VcpClose:About to Terminate
COMPLETE

[Not configured]
Reg SubKey:Enum\PCMCIA\PCCARD\HTREE&ROOT&0
Description:PCMCIA Card Services
VcpClose:About to close
VcpClose:About to End
VcpClose:About to Terminate
COMPLETE

[Need restart]
Reg SubKey:Enum\PCI\VEN_10C8&DEV_0005&SUBSYS_00881028&REV_12\000800
Description:Standard PCI Graphics Adapter (VGA)
COMPLETE

[Not configured]
Reg SubKey:Enum\MF\CHILD0000\PCI&VEN_8086&DEV_7111&SUBSYS_00000000&REV_01&BUS_00&DEV_07&FUNC_01
VcpClose:About to close
VcpClose:About to End
VcpClose:About to Terminate
COMPLETE

[Not configured]
Reg SubKey:Enum\MF\CHILD0001\PCI&VEN_8086&DEV_7111&SUBSYS_00000000&REV_01&BUS_00&DEV_07&FUNC_01
VcpClose:About to close
VcpClose:About to End
VcpClose:About to Terminate
COMPLETE

[Not configured]
Reg SubKey:Enum\PCMCIA\3COM-MEGAHERTZ_3CXM356-6D68\0
COMPLETE

[Need restart]
Reg SubKey:Enum\MF\CHILD0000\PCI&VEN_8086&DEV_7111&SUBSYS_00000000&REV_01&BUS_00&DEV_07&FUNC_01
Description:Primary IDE controller (dual fifo)
COMPLETE

[Need restart]
Reg SubKey:Enum\MF\CHILD0001\PCI&VEN_8086&DEV_7111&SUBSYS_00000000&REV_01&BUS_00&DEV_07&FUNC_01
Description:Secondary IDE controller (dual fifo)
COMPLETE

[Not configured]
Reg SubKey:Enum\USB\ROOT_HUB\PCI&VEN_8086&DEV_7112&SUBSYS_00000000&REV_01&BUS_00&DEV_07&FUNC_02
VcpClose:About to close
VcpClose:About to End
VcpClose:About to Terminate
COMPLETE

DMSetupDevnode:End FirstProcessTree
DMSetupDevnode:dwRestartFlags at end of FirstProcessTree:0x180

[DMFirstTimeSetup]
Sending DIF_FIRSTTIMESETUP to class:CXP
Sending DIF_FIRSTTIMESETUP to class:SBP2
Sending DIF_FIRSTTIMESETUP to class:Storage
Sending DIF_FIRSTTIMESETUP to class:DBC
Sending DIF_FIRSTTIMESETUP to class:Unknown
Sending DIF_FIRSTTIMESETUP to class:USB
Sending DIF_FIRSTTIMESETUP to class:SCSIAdapter
Sending DIF_FIRSTTIMESETUP to class:PCMCIA
Sending DIF_FIRSTTIMESETUP to class:nodriver
Sending DIF_FIRSTTIMESETUP to class:MTD
Sending DIF_FIRSTTIMESETUP to class:Ports
Sending DIF_FIRSTTIMESETUP to class:Mouse
Sending DIF_FIRSTTIMESETUP to class:hdc
Sending DIF_FIRSTTIMESETUP to class:fdc
Sending DIF_FIRSTTIMESETUP to class:3D Accelerators
Sending DIF_FIRSTTIMESETUP to class:Display
Sending DIF_FIRSTTIMESETUP to class:CDROM
Sending DIF_FIRSTTIMESETUP to class:Monitor
Sending DIF_FIRSTTIMESETUP to class:Modem
Sending DIF_FIRSTTIMESETUP to class:MultiFunction
Sending DIF_FIRSTTIMESETUP to class:System
Sending DIF_FIRSTTIMESETUP to class:Keyboard
Sending DIF_FIRSTTIMESETUP to class:Infrared
Sending DIF_FIRSTTIMESETUP to class:Image
Sending DIF_FIRSTTIMESETUP to class:Net
Sending DIF_FIRSTTIMESETUP to class:HID
Sending DIF_FIRSTTIMESETUP to class:GPS
Sending DIF_FIRSTTIMESETUP to class:DiskDrive
Sending DIF_FIRSTTIMESETUP to class:MEDIA
Sending DIF_FIRSTTIMESETUP to class:Printer
Sending DIF_FIRSTTIMESETUP to class:Adapter
Sending DIF_FIRSTTIMESETUP to class:1394
COMPLETE

