r/- * 0:	Documents and Settings/Mr. Evil/Local Settings/Temporary Internet Files/Content.IE5/PN0J7OQM/my16[1].gif
r/- * 0:	Documents and Settings/Default User/MPC7A4.tmp
r/- * 0:	Documents and Settings/Default User/MPC7A5.tmp
r/- * 6366:	Documents and Settings/Default User/MPC7A6.tmp
r/- * 6367:	Documents and Settings/Default User/MPC7A7.tmp
r/- * 6368:	Documents and Settings/Default User/MPC7A8.tmp
r/- * 6369:	Documents and Settings/Default User/MPC7A9.tmp
r/- * 6370:	Documents and Settings/Default User/MPC7AA.tmp
r/- * 6371:	Documents and Settings/Default User/MPC7AB.tmp
r/- * 6372:	Documents and Settings/Default User/MPC7AC.tmp
r/- * 0:	Documents and Settings/Default User/MPC7B8.tmp
r/- * 0:	Documents and Settings/Default User/MPC7B9.tmp
r/- * 6386:	Documents and Settings/Default User/MPC7BA.tmp
r/- * 6387:	Documents and Settings/Default User/MPC7BB.tmp
r/- * 6388:	Documents and Settings/Default User/MPC7BC.tmp
r/- * 6389:	Documents and Settings/Default User/MPC7BD.tmp
r/- * 6390:	Documents and Settings/Default User/MPC7BE.tmp
r/- * 6391:	Documents and Settings/Default User/MPC7BF.tmp
r/- * 6392:	Documents and Settings/Default User/MPC7C0.tmp
r/- * 0:	Documents and Settings/Default User/MPC7CC.tmp
r/- * 0:	Documents and Settings/Default User/MPC7CE.tmp
r/- * 6408:	Documents and Settings/Default User/MPC7CF.tmp
r/- * 6409:	Documents and Settings/Default User/MPC7D0.tmp
r/- * 6410:	Documents and Settings/Default User/MPC7D1.tmp
r/- * 6411:	Documents and Settings/Default User/MPC7D2.tmp
r/- * 6412:	Documents and Settings/Default User/MPC7D3.tmp
r/- * 6413:	Documents and Settings/Default User/MPC7D4.tmp
r/- * 0:	Documents and Settings/Default User/MPC7E0.tmp
r/- * 0:	Documents and Settings/Default User/MPC7E2.tmp
r/- * 6428:	Documents and Settings/Default User/MPC7E3.tmp
r/- * 6429:	Documents and Settings/Default User/MPC7E4.tmp
r/- * 6430:	Documents and Settings/Default User/MPC7E5.tmp
r/- * 6431:	Documents and Settings/Default User/MPC7E6.tmp
r/- * 6432:	Documents and Settings/Default User/MPC7E7.tmp
r/- * 6433:	Documents and Settings/Default User/MPC7E8.tmp
r/- * 0:	Documents and Settings/Default User/MPC7F4.tmp
r/- * 0:	Documents and Settings/Default User/MPC7F6.tmp
r/- * 6448:	Documents and Settings/Default User/MPC7F7.tmp
r/- * 6449:	Documents and Settings/Default User/MPC7F8.tmp
r/- * 6450:	Documents and Settings/Default User/MPC7F9.tmp
r/- * 6451:	Documents and Settings/Default User/MPC7FA.tmp
r/- * 6452:	Documents and Settings/Default User/MPC7FB.tmp
r/- * 6453:	Documents and Settings/Default User/MPC7FC.tmp
r/- * 0:	Documents and Settings/Default User/MPC808.tmp
r/- * 0:	Documents and Settings/Default User/MPC80A.tmp
r/- * 6468:	Documents and Settings/Default User/MPC80B.tmp
r/- * 6469:	Documents and Settings/Default User/MPC80C.tmp
r/- * 6470:	Documents and Settings/Default User/MPC80D.tmp
r/- * 6471:	Documents and Settings/Default User/MPC80E.tmp
r/- * 6472:	Documents and Settings/Default User/MPC80F.tmp
r/- * 6473:	Documents and Settings/Default User/MPC810.tmp
r/- * 0:	Documents and Settings/Default User/MPC81C.tmp
r/- * 0:	Documents and Settings/Default User/MPC81E.tmp
r/- * 6488:	Documents and Settings/Default User/MPC81F.tmp
r/- * 6489:	Documents and Settings/Default User/MPC820.tmp
r/- * 6490:	Documents and Settings/Default User/MPC821.tmp
r/- * 6491:	Documents and Settings/Default User/MPC822.tmp
r/- * 6492:	Documents and Settings/Default User/MPC823.tmp
r/- * 6493:	Documents and Settings/Default User/MPC824.tmp
r/- * 0:	Documents and Settings/Default User/MPC830.tmp
r/- * 0:	Documents and Settings/Default User/MPC832.tmp
r/- * 6508:	Documents and Settings/Default User/MPC833.tmp
r/- * 6509:	Documents and Settings/Default User/MPC834.tmp
r/- * 6510:	Documents and Settings/Default User/MPC835.tmp
r/- * 6511:	Documents and Settings/Default User/MPC836.tmp
r/- * 6512:	Documents and Settings/Default User/MPC837.tmp
r/- * 6513:	Documents and Settings/Default User/MPC838.tmp
r/- * 0:	Documents and Settings/Default User/MPC844.tmp
r/- * 0:	Documents and Settings/Default User/MPC846.tmp
r/- * 6528:	Documents and Settings/Default User/MPC847.tmp
r/- * 6529:	Documents and Settings/Default User/MPC848.tmp
r/- * 6530:	Documents and Settings/Default User/MPC849.tmp
r/- * 6531:	Documents and Settings/Default User/MPC84A.tmp
r/- * 6532:	Documents and Settings/Default User/MPC84B.tmp
r/- * 6533:	Documents and Settings/Default User/MPC84C.tmp
r/- * 0:	Documents and Settings/Default User/MPC858.tmp
r/- * 0:	Documents and Settings/Default User/MPC85A.tmp
r/- * 6548:	Documents and Settings/Default User/MPC85B.tmp
r/- * 6549:	Documents and Settings/Default User/MPC85C.tmp
r/- * 6550:	Documents and Settings/Default User/MPC85D.tmp
r/- * 6551:	Documents and Settings/Default User/MPC85E.tmp
r/- * 6552:	Documents and Settings/Default User/MPC85F.tmp
r/- * 6553:	Documents and Settings/Default User/MPC860.tmp
r/- * 0:	Documents and Settings/Default User/~DF45C5.tmp
r/- * 0:	Program Files/Common Files/SYSTEM/ADO/SET428.tmp
r/- * 0:	Program Files/Common Files/SYSTEM/MSADC/SET41A.tmp
r/- * 0:	Program Files/Common Files/Microsoft Shared/MSINFO/TXTVIEW.OCX
r/- * 0:	Program Files/Common Files/Microsoft Shared/Stationery/fieruled.gif
r/- * 0:	Program Files/Common Files/Microsoft Shared/Stationery/Network Blitz.htm
r/- * 0:	Program Files/Windows NT/Pinball/SOUND17.WAV
r/- * 0:	Program Files/Windows NT/Pinball/SOUND181.WAV
r/- * 0:	Program Files/Windows NT/Pinball/SOUND38.WAV
r/- * 0:	WINDOWS/Cursors/appstart.ani
r/- * 0:	WINDOWS/Cursors/cross_il.cur
r/- * 0:	WINDOWS/security/tmp.edb
r/- * 0:	WINDOWS/Temp/~DF992E.tmp
r/- * 0:	WINDOWS/Temp/~DF9936.tmp
r/- * 0:	WINDOWS/Temp/~DF99E3.tmp
r/- * 0:	WINDOWS/Temp/~DF99EB.tmp
r/- * 346:	WINDOWS/Temp/~DF99EB.tmp
r/- * 0:	WINDOWS/PCHEALTH/HELPCTR/OfflineCache/Professional_32#0409/00000016.query
r/- * 0:	WINDOWS/PCHEALTH/HELPCTR/OfflineCache/Professional_32#0409/00000017.query.new
r/- * 0:	WINDOWS/PCHEALTH/HELPCTR/OfflineCache/Professional_32#0409/0000002d.query
r/r * 6667-128-5(realloc):	WINDOWS/PCHEALTH/HELPCTR/OfflineCache/Professional_32#0409/00000039.query.new
r/- * 0:	WINDOWS/PCHEALTH/HELPCTR/OfflineCache/Professional_32#0409/00000046.query
r/r * 6685-128-5(realloc):	WINDOWS/PCHEALTH/HELPCTR/OfflineCache/Professional_32#0409/00000051.query.new
r/- * 0:	WINDOWS/PCHEALTH/HELPCTR/OfflineCache/Professional_32#0409/0000005e.query
r/r * 6703-128-5(realloc):	WINDOWS/PCHEALTH/HELPCTR/OfflineCache/Professional_32#0409/0000006a.query.new
r/- * 0:	WINDOWS/PCHEALTH/HELPCTR/OfflineCache/Professional_32#0409/00000075.query
r/- * 0:	WINDOWS/PCHEALTH/HELPCTR/OfflineCache/Professional_32#0409/0000008e.query
r/r * 6733-128-5(realloc):	WINDOWS/PCHEALTH/HELPCTR/OfflineCache/Professional_32#0409/00000092.query.new
r/- * 0:	WINDOWS/PCHEALTH/HELPCTR/OfflineCache/Professional_32#0409/000000a6.query
r/r * 6751-128-5(realloc):	WINDOWS/PCHEALTH/HELPCTR/OfflineCache/Professional_32#0409/000000aa.query.new
r/- * 0:	WINDOWS/PCHEALTH/HELPCTR/OfflineCache/Professional_32#0409/000000be.query
r/r * 6769-128-5(realloc):	WINDOWS/PCHEALTH/HELPCTR/OfflineCache/Professional_32#0409/000000c2.query.new
r/- * 0:	WINDOWS/PCHEALTH/HELPCTR/OfflineCache/Professional_32#0409/000000d6.query
r/r * 6787-128-5(realloc):	WINDOWS/PCHEALTH/HELPCTR/OfflineCache/Professional_32#0409/000000da.query.new
r/- * 0:	WINDOWS/PCHEALTH/HELPCTR/OfflineCache/Professional_32#0409/000000ee.query
r/r * 6805-128-5(realloc):	WINDOWS/PCHEALTH/HELPCTR/OfflineCache/Professional_32#0409/000000f1.query.new
r/r * 6820-128-1(realloc):	WINDOWS/PCHEALTH/HELPCTR/OfflineCache/Professional_32#0409/00000104.query.new
r/- * 0:	WINDOWS/PCHEALTH/HELPCTR/OfflineCache/Professional_32#0409/00000118.query
r/- * 0:	WINDOWS/PCHEALTH/HELPCTR/OfflineCache/Professional_32#0409/00000119.query.new
r/- * 0:	WINDOWS/PCHEALTH/HELPCTR/OfflineCache/Professional_32#0409/00000130.query
r/- * 0:	WINDOWS/PCHEALTH/HELPCTR/OfflineCache/Professional_32#0409/00000131.query.new
r/- * 0:	WINDOWS/PCHEALTH/HELPCTR/OfflineCache/Professional_32#0409/00000146.query
r/- * 0:	WINDOWS/PCHEALTH/HELPCTR/OfflineCache/Professional_32#0409/00000148.query.new
r/- * 0:	WINDOWS/PCHEALTH/HELPCTR/OfflineCache/Professional_32#0409/0000015e.query
r/- * 0:	WINDOWS/PCHEALTH/HELPCTR/OfflineCache/Professional_32#0409/0000015f.query.new
r/- * 0:	WINDOWS/PCHEALTH/HELPCTR/OfflineCache/Professional_32#0409/00000174.query
r/- * 0:	WINDOWS/PCHEALTH/HELPCTR/OfflineCache/Professional_32#0409/00000175.query.new
r/- * 0:	WINDOWS/PCHEALTH/HELPCTR/OfflineCache/Professional_32#0409/0000018b.query
r/r * 6932-128-1(realloc):	WINDOWS/PCHEALTH/HELPCTR/OfflineCache/Professional_32#0409/0000019c.query.new
r/- * 0:	WINDOWS/PCHEALTH/HELPCTR/OfflineCache/Professional_32#0409/000001a2.query
r/r * 6950-128-1(realloc):	WINDOWS/PCHEALTH/HELPCTR/OfflineCache/Professional_32#0409/000001b4.query.new
r/- * 0:	WINDOWS/PCHEALTH/HELPCTR/OfflineCache/Professional_32#0409/000001bb.query
r/r * 6968-128-1(realloc):	WINDOWS/PCHEALTH/HELPCTR/OfflineCache/Professional_32#0409/000001cc.query.new
r/- * 0:	WINDOWS/PCHEALTH/HELPCTR/OfflineCache/Professional_32#0409/000001d3.query
r/r * 6986-128-1(realloc):	WINDOWS/PCHEALTH/HELPCTR/OfflineCache/Professional_32#0409/000001e6.query.new
r/- * 0:	WINDOWS/PCHEALTH/HELPCTR/OfflineCache/Professional_32#0409/000001ec.query
r/r * 7004-128-1(realloc):	WINDOWS/PCHEALTH/HELPCTR/OfflineCache/Professional_32#0409/00000200.query.new
r/- * 0:	WINDOWS/PCHEALTH/HELPCTR/OfflineCache/Professional_32#0409/00000201.query
r/r * 7018-128-5(realloc):	WINDOWS/PCHEALTH/HELPCTR/OfflineCache/Professional_32#0409/00000211.query.new
r/- * 0:	WINDOWS/PCHEALTH/HELPCTR/OfflineCache/Professional_32#0409/00000218.query
r/r * 7036-128-5(realloc):	WINDOWS/PCHEALTH/HELPCTR/OfflineCache/Professional_32#0409/0000022a.query.new
r/- * 0:	WINDOWS/PCHEALTH/HELPCTR/OfflineCache/Professional_32#0409/00000230.query
r/r * 7054-128-5(realloc):	WINDOWS/PCHEALTH/HELPCTR/OfflineCache/Professional_32#0409/00000241.query.new
r/- * 0:	WINDOWS/PCHEALTH/HELPCTR/OfflineCache/Professional_32#0409/00000248.query
r/r * 7072-128-5(realloc):	WINDOWS/PCHEALTH/HELPCTR/OfflineCache/Professional_32#0409/00000259.query.new
r/- * 0:	WINDOWS/PCHEALTH/HELPCTR/OfflineCache/Professional_32#0409/00000260.query
r/r * 7090-128-5(realloc):	WINDOWS/PCHEALTH/HELPCTR/OfflineCache/Professional_32#0409/00000271.query.new
r/- * 0:	WINDOWS/PCHEALTH/HELPCTR/OfflineCache/Professional_32#0409/00000278.query
r/r * 7108-128-1(realloc):	WINDOWS/PCHEALTH/HELPCTR/OfflineCache/Professional_32#0409/00000288.query.new
r/- * 0:	WINDOWS/PCHEALTH/HELPCTR/PackageStore/SkuStore.bin
r/- * 0:	WINDOWS/PCHEALTH/HELPCTR/Database/newsgroups.cab
r/- * 0:	WINDOWS/PCHEALTH/HELPCTR/Database/pss.cab
r/- * 0:	WINDOWS/PCHEALTH/HELPCTR/Database/rcBuddy.cab
r/- * 0:	WINDOWS/PCHEALTH/HELPCTR/Vendors/CN=Microsoft Corporation,L=Redmond,S=Washington,C=US/Remote Assistance/Escalation/Common/logon_anim.gif
-/r * 12302-128-4:	$OrphanFiles/OBJECTS.MAP
-/r * 12303-128-1:	$OrphanFiles/INDEX.MAP
-/r * 12304-128-1:	$OrphanFiles/ROLL_FORWARD
