r/r 9851-128-4:	RUNDLL32.EXE-137CCEC6.pf	2004-08-19 23:04:56 (UTC)	2004-08-19 23:04:56 (UTC)	2004-08-19 23:04:56 (UTC)	2004-08-19 23:04:56 (UTC)	20576	0	0
r/r 12036-128-4:	RUNDLL32.EXE-16B6BC1C.pf	2004-08-27 15:31:27 (UTC)	2004-08-27 15:31:27 (UTC)	2004-08-27 15:31:27 (UTC)	2004-08-27 15:31:27 (UTC)	9434	0	0
r/r 9841-128-4:	RUNDLL32.EXE-18E3301D.pf	2004-08-19 23:04:32 (UTC)	2004-08-19 23:04:32 (UTC)	2004-08-19 23:04:32 (UTC)	2004-08-19 23:04:32 (UTC)	24904	0	0
r/r 9825-128-4:	RUNDLL32.EXE-19076CE2.pf	2004-08-19 23:04:37 (UTC)	2004-08-19 23:04:37 (UTC)	2004-08-19 23:04:37 (UTC)	2004-08-19 23:04:37 (UTC)	35728	0	0
r/r 11564-128-4:	RUNDLL32.EXE-268BFF96.pf	2004-08-26 15:05:06 (UTC)	2004-08-26 15:05:06 (UTC)	2004-08-26 15:05:06 (UTC)	2004-08-26 15:05:06 (UTC)	6926	0	0
r/r 229-128-4:	RUNDLL32.EXE-26DA8C9B.pf	2004-08-19 23:06:31 (UTC)	2004-08-19 23:06:31 (UTC)	2004-08-19 23:06:31 (UTC)	2004-08-19 23:06:31 (UTC)	20590	0	0
r/r 9886-128-4:	RUNDLL32.EXE-271001B4.pf	2004-08-19 23:05:13 (UTC)	2004-08-19 23:05:13 (UTC)	2004-08-19 23:05:13 (UTC)	2004-08-19 23:05:13 (UTC)	7508	0	0
r/r 10978-128-4:	RUNDLL32.EXE-28A04614.pf	2004-08-20 15:25:45 (UTC)	2004-08-20 15:25:45 (UTC)	2004-08-20 15:25:45 (UTC)	2004-08-20 15:25:45 (UTC)	17668	0	0
r/r 9818-128-4:	RUNDLL32.EXE-2F982821.pf	2004-08-19 23:04:18 (UTC)	2004-08-19 23:04:18 (UTC)	2004-08-19 23:04:18 (UTC)	2004-08-19 23:04:18 (UTC)	10348	0	0
-/r 417-128-4:	NTOSBOOT-B00DFAAD.pf	2004-08-27 15:09:46 (UTC)	2004-08-27 15:09:46 (UTC)	2004-08-27 15:09:46 (UTC)	2004-08-20 15:02:57 (UTC)	233452	0	0
-/r 433-128-4:	SPOOLSV.EXE-282F76A7.pf	2004-08-19 22:52:11 (UTC)	2004-08-19 22:52:11 (UTC)	2004-08-19 22:52:11 (UTC)	2004-08-19 22:52:11 (UTC)	2378	0	0
-/r 444-128-4:	RUNDLL32.EXE-451FC2C0.pf	2004-08-20 15:21:28 (UTC)	2004-08-20 15:21:28 (UTC)	2004-08-20 15:21:28 (UTC)	2004-08-20 15:04:37 (UTC)	7498	0	0
-/r 445-128-4:	LSASS.EXE-20DB6D1B.pf	2004-08-19 22:53:15 (UTC)	2004-08-19 22:53:15 (UTC)	2004-08-19 22:53:15 (UTC)	2004-08-19 22:53:15 (UTC)	12324	0	0
-/r 446-128-4:	SVCHOST.EXE-3530F672.pf	2004-08-19 22:53:15 (UTC)	2004-08-19 22:53:15 (UTC)	2004-08-19 22:53:15 (UTC)	2004-08-19 22:53:15 (UTC)	9424	0	0
-/r 447-128-4:	MSOOBE.EXE-30411B02.pf	2004-08-19 22:53:30 (UTC)	2004-08-19 22:53:30 (UTC)	2004-08-19 22:53:30 (UTC)	2004-08-19 22:53:30 (UTC)	19712	0	0
-/r 448-128-4:	AGENTSVR.EXE-002E45AB.pf	2004-08-25 16:20:35 (UTC)	2004-08-25 16:20:35 (UTC)	2004-08-25 16:20:35 (UTC)	2004-08-19 22:53:46 (UTC)	10960	0	0
-/r 453-128-4:	WMIPRVSE.EXE-28F301A9.pf	2004-08-26 15:51:55 (UTC)	2004-08-26 15:51:55 (UTC)	2004-08-26 15:51:55 (UTC)	2004-08-19 22:54:34 (UTC)	33000	0	0
-/r 455-128-4:	USERINIT.EXE-30B18140.pf	2004-08-19 23:04:21 (UTC)	2004-08-19 23:04:21 (UTC)	2004-08-19 23:04:21 (UTC)	2004-08-19 23:04:21 (UTC)	6800	0	0
-/r 462-128-4:	WMIADAP.EXE-2DF425B2.pf	2004-08-20 15:24:01 (UTC)	2004-08-20 15:24:01 (UTC)	2004-08-20 15:24:01 (UTC)	2004-08-19 22:55:05 (UTC)	13630	0	0
-/r 2919-128-4:	NOTEPAD.EXE-336351A9.pf	2004-08-20 15:50:50 (UTC)	2004-08-20 15:50:50 (UTC)	2004-08-20 15:50:50 (UTC)	2004-08-20 15:04:58 (UTC)	12124	0	0
-/r 4728-128-4:	ETHEREAL.EXE-1C148EEF.pf	2004-08-27 15:35:04 (UTC)	2004-08-27 15:35:04 (UTC)	2004-08-27 15:35:04 (UTC)	2004-08-27 15:35:04 (UTC)	54938	0	0
-/r 9809-128-4:	LOGONUI.EXE-0AF22957.pf	2004-08-27 15:46:27 (UTC)	2004-08-27 15:46:27 (UTC)	2004-08-27 15:46:27 (UTC)	2004-08-19 23:04:11 (UTC)	19184	0	0
-/r 9820-128-4:	IE4UINIT.EXE-169A5A39.pf	2004-08-19 23:04:18 (UTC)	2004-08-19 23:04:18 (UTC)	2004-08-19 23:04:18 (UTC)	2004-08-19 23:04:18 (UTC)	28516	0	0
-/r 9826-128-4:	EXPLORER.EXE-082F38A9.pf	2004-08-19 23:04:22 (UTC)	2004-08-19 23:04:22 (UTC)	2004-08-19 23:04:22 (UTC)	2004-08-19 23:04:22 (UTC)	16522	0	0
-/r 9830-128-4:	UNREGMP2.EXE-07CACB61.pf	2004-08-19 23:04:37 (UTC)	2004-08-19 23:04:37 (UTC)	2004-08-19 23:04:37 (UTC)	2004-08-19 23:04:24 (UTC)	22076	0	0
-/r 9831-128-4:	RUNDLL32.EXE-304A2AEA.pf	2004-08-19 23:04:24 (UTC)	2004-08-19 23:04:24 (UTC)	2004-08-19 23:04:24 (UTC)	2004-08-19 23:04:24 (UTC)	29088	0	0
-/r 9834-128-4:	REGSVR32.EXE-25EEFE2F.pf	2004-08-20 15:13:07 (UTC)	2004-08-20 15:13:07 (UTC)	2004-08-20 15:13:07 (UTC)	2004-08-19 23:04:30 (UTC)	44842	0	0
-/r 9839-128-4:	SETUP50.EXE-362FF7C9.pf	2004-08-19 23:04:37 (UTC)	2004-08-19 23:04:37 (UTC)	2004-08-19 23:04:37 (UTC)	2004-08-19 23:04:31 (UTC)	32704	0	0
-/r 9853-128-4:	MSIEXEC.EXE-2F8A8CAE.pf	2004-08-20 15:12:15 (UTC)	2004-08-20 15:12:15 (UTC)	2004-08-20 15:12:15 (UTC)	2004-08-19 23:04:48 (UTC)	21560	0	0
-/r 9869-128-4:	RUNDLL32.EXE-33D7466C.pf	2004-08-19 23:04:58 (UTC)	2004-08-19 23:04:58 (UTC)	2004-08-19 23:04:58 (UTC)	2004-08-19 23:04:58 (UTC)	18690	0	0
-/r 9872-128-4:	MSTINIT.EXE-39813B24.pf	2004-08-19 23:05:04 (UTC)	2004-08-19 23:05:04 (UTC)	2004-08-19 23:05:04 (UTC)	2004-08-19 23:05:04 (UTC)	6742	0	0
-/r 9890-128-4:	MSMSGS.EXE-2B6052DE.pf	2004-08-19 23:05:14 (UTC)	2004-08-19 23:05:14 (UTC)	2004-08-19 23:05:14 (UTC)	2004-08-19 23:05:14 (UTC)	8226	0	0
-/r 9901-128-4:	RUNDLL32.EXE-445649BB.pf	2004-08-20 15:23:26 (UTC)	2004-08-20 15:23:26 (UTC)	2004-08-20 15:23:26 (UTC)	2004-08-19 23:06:02 (UTC)	22300	0	0
-/r 9938-128-4:	SETUP.EXE-046E69FA.pf	2004-08-20 15:05:10 (UTC)	2004-08-20 15:05:10 (UTC)	2004-08-20 15:05:10 (UTC)	2004-08-20 15:05:10 (UTC)	11510	0	0
-/r 9941-128-4:	IEXPLORE.EXE-27122324.pf	2004-08-27 15:42:51 (UTC)	2004-08-27 15:42:51 (UTC)	2004-08-27 15:42:51 (UTC)	2004-08-20 15:05:20 (UTC)	64058	0	0
-/r 9945-128-4:	A32-19.EXE-311D8B04.pf	2004-08-20 15:08:12 (UTC)	2004-08-20 15:08:12 (UTC)	2004-08-20 15:08:12 (UTC)	2004-08-20 15:08:12 (UTC)	8042	0	0
-/r 9946-128-4:	FABERTOYS_FULLSETUP.EXE-316A62F8.pf	2004-08-20 15:06:55 (UTC)	2004-08-20 15:06:55 (UTC)	2004-08-20 15:06:55 (UTC)	2004-08-20 15:06:55 (UTC)	7948	0	0
-/r 9948-128-4:	INS6.TMP-22CFFAF5.pf	2004-08-20 15:06:56 (UTC)	2004-08-20 15:06:56 (UTC)	2004-08-20 15:06:56 (UTC)	2004-08-20 15:06:56 (UTC)	15232	0	0
-/r 9968-128-4:	CAIN25B45.EXE-056F3A6E.pf	2004-08-20 15:06:02 (UTC)	2004-08-20 15:06:02 (UTC)	2004-08-20 15:06:02 (UTC)	2004-08-20 15:06:02 (UTC)	9244	0	0
-/r 9987-128-4:	UNINSTALL.EXE-0D9C8DD2.pf	2004-08-27 15:14:58 (UTC)	2004-08-27 15:14:58 (UTC)	2004-08-27 15:14:58 (UTC)	2004-08-27 15:14:58 (UTC)	9038	0	0
-/r 9995-128-4:	NPF_MGM.EXE-189CE5D1.pf	2004-08-27 15:15:17 (UTC)	2004-08-27 15:15:17 (UTC)	2004-08-27 15:15:17 (UTC)	2004-08-20 15:06:27 (UTC)	3830	0	0
-/r 9996-128-4:	DAEMON_MGM.EXE-3B573ED8.pf	2004-08-27 15:15:19 (UTC)	2004-08-27 15:15:19 (UTC)	2004-08-27 15:15:19 (UTC)	2004-08-20 15:06:28 (UTC)	3860	0	0
-/r 9997-128-4:	WINPCA~1.EXE-054DDBB5.pf	2004-08-20 15:06:28 (UTC)	2004-08-20 15:06:28 (UTC)	2004-08-20 15:06:28 (UTC)	2004-08-20 15:06:28 (UTC)	22030	0	0
-/r 10006-128-4:	CUTE3032.EXE-1F409A25.pf	2004-08-20 15:08:47 (UTC)	2004-08-20 15:08:47 (UTC)	2004-08-20 15:08:47 (UTC)	2004-08-20 15:08:47 (UTC)	9578	0	0
-/r 10070-128-4:	WORDPAD.EXE-24533991.pf	2004-08-20 15:09:25 (UTC)	2004-08-20 15:09:25 (UTC)	2004-08-20 15:09:25 (UTC)	2004-08-20 15:09:25 (UTC)	12916	0	0
-/r 10090-128-4:	MIRC612.EXE-02791C37.pf	2004-08-20 15:09:56 (UTC)	2004-08-20 15:09:56 (UTC)	2004-08-20 15:09:56 (UTC)	2004-08-20 15:09:56 (UTC)	8138	0	0
-/r 10092-128-4:	30.EXE-02F7CFE8.pf	2004-08-20 15:08:54 (UTC)	2004-08-20 15:08:54 (UTC)	2004-08-20 15:08:54 (UTC)	2004-08-20 15:08:54 (UTC)	6954	0	0
-/r 10132-128-4:	WHOIS.EXE-3AFF2064.pf	2004-08-20 15:10:51 (UTC)	2004-08-20 15:10:51 (UTC)	2004-08-20 15:10:51 (UTC)	2004-08-20 15:10:51 (UTC)	8194	0	0
-/r 10148-128-4:	123WASP_SETUP.EXE-333BB1F4.pf	2004-08-20 15:13:04 (UTC)	2004-08-20 15:13:04 (UTC)	2004-08-20 15:13:04 (UTC)	2004-08-20 15:13:04 (UTC)	8030	0	0
-/r 10155-128-4:	POWERTOYSETUP.EXE-312B2326.pf	2004-08-20 15:12:06 (UTC)	2004-08-20 15:12:06 (UTC)	2004-08-20 15:12:06 (UTC)	2004-08-20 15:12:06 (UTC)	10172	0	0
-/r 10194-128-4:	GLJ15.TMP-2FFB7B2A.pf	2004-08-20 15:13:11 (UTC)	2004-08-20 15:13:11 (UTC)	2004-08-20 15:13:11 (UTC)	2004-08-20 15:13:09 (UTC)	11104	0	0
-/r 10289-128-4:	RUNDLL32.EXE-46215CAC.pf	2004-08-20 15:18:32 (UTC)	2004-08-20 15:18:32 (UTC)	2004-08-20 15:18:32 (UTC)	2004-08-20 15:18:32 (UTC)	9720	0	0
-/r 10981-128-4:	ICWCONN1.EXE-24884676.pf	2004-08-20 15:25:35 (UTC)	2004-08-20 15:25:35 (UTC)	2004-08-20 15:25:35 (UTC)	2004-08-20 15:25:35 (UTC)	19262	0	0
-/r 10983-128-4:	DWWIN.EXE-30875ADC.pf	2004-08-25 15:25:53 (UTC)	2004-08-25 15:25:53 (UTC)	2004-08-25 15:25:53 (UTC)	2004-08-20 15:25:44 (UTC)	22352	0	0
-/r 10984-128-4:	DRWTSN32.EXE-2B4B52AC.pf	2004-08-20 15:25:48 (UTC)	2004-08-20 15:25:48 (UTC)	2004-08-20 15:25:48 (UTC)	2004-08-20 15:25:48 (UTC)	18294	0	0
-/r 11071-128-4:	MIRC.EXE-0661EC22.pf	2004-08-25 16:20:44 (UTC)	2004-08-25 16:20:44 (UTC)	2004-08-25 16:20:44 (UTC)	2004-08-20 15:24:51 (UTC)	19754	0	0
-/r 11318-128-4:	LOGON.SCR-151EFAEA.pf	2004-08-26 15:25:13 (UTC)	2004-08-26 15:25:13 (UTC)	2004-08-26 15:25:13 (UTC)	2004-08-20 16:10:25 (UTC)	4358	0	0
-/r 11319-128-4:	CMD.EXE-087B4001.pf	2004-08-27 15:14:58 (UTC)	2004-08-27 15:14:58 (UTC)	2004-08-27 15:14:58 (UTC)	2004-08-25 15:23:54 (UTC)	4384	0	0
-/r 11320-128-4:	PING.EXE-31216D26.pf	2004-08-25 15:24:03 (UTC)	2004-08-25 15:24:03 (UTC)	2004-08-25 15:24:03 (UTC)	2004-08-25 15:24:03 (UTC)	13624	0	0
-/r 11413-128-4:	AGENT.EXE-07F13C20.pf	2004-08-25 15:55:46 (UTC)	2004-08-25 15:55:46 (UTC)	2004-08-25 15:55:46 (UTC)	2004-08-20 19:28:45 (UTC)	20130	0	0
-/r 11430-128-4:	MSIMN.EXE-38BA891D.pf	2004-08-20 21:13:33 (UTC)	2004-08-20 21:13:33 (UTC)	2004-08-20 21:13:33 (UTC)	2004-08-20 21:13:33 (UTC)	52064	0	0
-/r 11579-128-4:	DUMPREP.EXE-1B46F901.pf	2004-08-25 15:25:53 (UTC)	2004-08-25 15:25:53 (UTC)	2004-08-25 15:25:53 (UTC)	2004-08-25 15:25:53 (UTC)	22722	0	0
-/r 11600-128-4:	FABER TOYS.EXE-286A3C88.pf	2004-08-25 15:27:30 (UTC)	2004-08-25 15:27:30 (UTC)	2004-08-25 15:27:30 (UTC)	2004-08-25 15:27:04 (UTC)	24064	0	0
-/r 11601-128-4:	FTINIT.EXE-0441E9C9.pf	2004-08-25 15:27:05 (UTC)	2004-08-25 15:27:05 (UTC)	2004-08-25 15:27:05 (UTC)	2004-08-25 15:27:05 (UTC)	39714	0	0
-/r 11724-128-4:	LOOKATLAN.EXE-1F991DD9.pf	2004-08-26 15:06:24 (UTC)	2004-08-26 15:06:24 (UTC)	2004-08-26 15:06:24 (UTC)	2004-08-25 15:56:42 (UTC)	24110	0	0
-/r 11725-128-4:	LOOKATHOST.EXE-34BB6F8B.pf	2004-08-25 15:56:43 (UTC)	2004-08-25 15:56:43 (UTC)	2004-08-25 15:56:43 (UTC)	2004-08-25 15:56:43 (UTC)	12774	0	0
-/r 11733-128-4:	LALSETUP250.EXE-36C95679.pf	2004-08-25 15:55:32 (UTC)	2004-08-25 15:55:32 (UTC)	2004-08-25 15:55:32 (UTC)	2004-08-25 15:55:32 (UTC)	7090	0	0
-/r 11735-128-4:	IRSETUP.EXE-2E1C7790.pf	2004-08-25 15:55:42 (UTC)	2004-08-25 15:55:42 (UTC)	2004-08-25 15:55:42 (UTC)	2004-08-25 15:55:42 (UTC)	20366	0	0
-/r 11872-128-4:	CAIN.EXE-23D61279.pf	2004-08-27 15:33:13 (UTC)	2004-08-27 15:33:13 (UTC)	2004-08-27 15:33:13 (UTC)	2004-08-25 16:18:41 (UTC)	21952	0	0
-/r 11876-128-4:	WHOIS.EXE-38443FF6.pf	2004-08-26 15:14:07 (UTC)	2004-08-26 15:14:07 (UTC)	2004-08-26 15:14:07 (UTC)	2004-08-25 16:20:39 (UTC)	9060	0	0
-/r 11885-128-4:	TELNET.EXE-24182D40.pf	2004-08-26 15:05:25 (UTC)	2004-08-26 15:05:25 (UTC)	2004-08-26 15:05:25 (UTC)	2004-08-26 15:05:25 (UTC)	5516	0	0
-/r 11900-128-4:	TASKMGR.EXE-20256C55.pf	2004-08-27 15:16:25 (UTC)	2004-08-27 15:16:25 (UTC)	2004-08-27 15:16:25 (UTC)	2004-08-26 15:08:02 (UTC)	16000	0	0
-/r 11901-128-3:	Layout.ini	2004-08-26 15:46:17 (UTC)	2004-08-26 15:46:17 (UTC)	2004-08-26 15:46:17 (UTC)	2004-08-26 15:46:17 (UTC)	98594	0	0
-/r 11910-128-4:	DEFRAG.EXE-273F131E.pf	2004-08-26 15:46:28 (UTC)	2004-08-26 15:46:28 (UTC)	2004-08-26 15:46:28 (UTC)	2004-08-26 15:46:28 (UTC)	7754	0	0
-/r 11911-128-4:	DFRGNTFS.EXE-269967DF.pf	2004-08-26 15:46:28 (UTC)	2004-08-26 15:46:28 (UTC)	2004-08-26 15:46:28 (UTC)	2004-08-26 15:46:28 (UTC)	19790	0	0
-/r 11913-128-4:	HELPSVC.EXE-2878DDA2.pf	2004-08-26 15:51:53 (UTC)	2004-08-26 15:51:53 (UTC)	2004-08-26 15:51:53 (UTC)	2004-08-26 15:51:53 (UTC)	16560	0	0
-/r 12007-128-4:	RUNDLL32.EXE-35BB92D4.pf	2004-08-27 15:14:54 (UTC)	2004-08-27 15:14:54 (UTC)	2004-08-27 15:14:54 (UTC)	2004-08-27 15:14:54 (UTC)	25298	0	0
-/r 12009-128-4:	NETSTUMBLERINSTALLER_0_4_0.EX-0BD9920C.pf	2004-08-27 15:12:18 (UTC)	2004-08-27 15:12:18 (UTC)	2004-08-27 15:12:18 (UTC)	2004-08-27 15:12:18 (UTC)	15100	0	0
-/r 12010-128-4:	HH.EXE-2D1A70B3.pf	2004-08-27 15:12:27 (UTC)	2004-08-27 15:12:27 (UTC)	2004-08-27 15:12:27 (UTC)	2004-08-27 15:12:27 (UTC)	24566	0	0
-/r 12031-128-4:	NETSTUMBLER.EXE-0BFEE568.pf	2004-08-27 15:12:43 (UTC)	2004-08-27 15:12:43 (UTC)	2004-08-27 15:12:43 (UTC)	2004-08-27 15:12:43 (UTC)	19558	0	0
-/r 12040-128-4:	ETHEREAL-SETUP-0.10.6.EXE-1D932600.pf	2004-08-27 15:28:46 (UTC)	2004-08-27 15:28:46 (UTC)	2004-08-27 15:28:46 (UTC)	2004-08-27 15:28:46 (UTC)	36292	0	0
-/r 12057-128-4:	WINPCAP_3_01_A.EXE-1E3EDEDC.pf	2004-08-27 15:15:18 (UTC)	2004-08-27 15:15:18 (UTC)	2004-08-27 15:15:18 (UTC)	2004-08-27 15:15:18 (UTC)	21216	0	0
