MFT Entry Header Values:
Entry: 3663        Sequence: 3663
$LogFile Sequence Number: 9231379
Allocated File
Links: 1

$STANDARD_INFORMATION Attribute Values:
Flags: Read Only, Hidden, System, Archive
Owner ID: 0
Security ID: 0  ()
Version 6370040 of 468224
Created:	2001-08-23 18:00:00.000000000 (UTC)
File Modified:	2001-08-23 18:00:00.000000000 (UTC)
MFT Modified:	2004-08-19 17:02:11.008382400 (UTC)
Accessed:	2004-08-19 00:00:00.000000000 (UTC)

$FILE_NAME Attribute Values:
Flags: Read Only, Hidden, System, Archive
Name: ntdetect.com
Parent MFT Entry: 5 	Sequence: 5
Allocated Size: 45568   	Actual Size: 45124
Created:	2001-08-23 18:00:00.000000000 (UTC)
File Modified:	2001-08-23 18:00:00.000000000 (UTC)
MFT Modified:	2001-08-23 18:00:00.000000000 (UTC)
Accessed:	2004-08-19 00:00:00.000000000 (UTC)

Attributes: 
Type: $STANDARD_INFORMATION (16-0)   Name: N/A   Resident   size: 48
Type: $FILE_NAME (48-1)   Name: N/A   Resident   size: 90
Type: $SECURITY_DESCRIPTOR (80-2)   Name: N/A   Resident   size: 128
Type: $DATA (128-3)   Name: N/A   Non-Resident   size: 45124  init_size: 45124
1611726 1611727 1611728 1611729 1611730 1611731 1611732 1611733 
1611734 1611735 1611736 1611737 1611738 1611739 1611740 1611741 
1611742 1611743 1611744 1611745 1611746 1611747 1611748 1611749 
1611750 1611751 1611752 1611753 1611754 1611755 1611756 1611757 
1611758 1611759 1611760 1611761 1611762 1611763 1611764 1611765 
1611766 1611767 1611768 1611769 1611770 1611771 1611772 1611773 
1611774 1611775 1611776 1611777 1611778 1611779 1611780 1611781 
1611782 1611783 1611784 1611785 1611786 1611787 1611788 1611789 
1611790 1611791 1611792 1611793 1611794 1611795 1611796 1611797 
1611798 1611799 1611800 1611801 1611802 1611803 1611804 1611805 
1611806 1611807 1611808 1611809 1611810 1611811 1611812 1611813 
1611814 
