usage: mac_apt.py [-h] [-o OUTPUT_PATH] [-x] [-c] [-t] [-j] [-l LOG_LEVEL]
                  [-p PASSWORD] [-pf PASSWORD_FILE] [-d]
                  input_type input_path plugin [plugin ...]

mac_apt is a framework to process macOS forensic artifacts
You are running macOS Artifact Parsing Tool version 1.29.1 (20260308)

Note: The default output is now sqlite, no need to specify it now

positional arguments:
  input_type            Specify Input type as either AFF4, AXIOMZIP, DD, DMG, E01, MOUNTED, SPARSE, UAC, VMDK or VR
  input_path            Path to macOS image/volume
  plugin                Plugins to run (space separated). FAST will run most plugins

options:
  -h, --help            show this help message and exit
  -o OUTPUT_PATH, --output_path OUTPUT_PATH
                        Path where output files will be created
  -x, --xlsx            Save output in Excel spreadsheet
  -c, --csv             Save output as CSV files
  -t, --tsv             Save output as TSV files (tab separated)
  -j, --jsonl           Save output as JSONL files
  -l LOG_LEVEL, --log_level LOG_LEVEL
                        Log levels: INFO, DEBUG, WARNING, ERROR, CRITICAL (Default is INFO)
  -p PASSWORD, --password PASSWORD
                        Personal Recovery Key(PRK) or Password for any user (for decrypting encrypted volume).
  -pf PASSWORD_FILE, --password_file PASSWORD_FILE
                        Text file containing Personal Recovery Key(PRK) or Password
  -d, --dont_decrypt    Don't decrypt as image is already decrypted!

The following 52 plugins are available:
    APPLIST             Reads apps & printers installed and/or available for
                        each user from appList.dat
    ARD                 Reads ARD (Apple Remote Desktop) cached databases about
                        app usage
    ASL                 Reads macOS ASL (Apple System Log) from asl.log, asl.db,
                        and ".asl" files.
    AUTOSTART           Retrieves persistent and auto-start programs, daemons,
                        services
    BASICINFO           Gets basic system and OS configuration like SN,
                        timezone, device name, last logged in user, FS info,
                        etc..
    BLUETOOTH           Parses System Bluetooth Artifacts
    CALLHISTORY         Reads call history database at
                        /Users/<user>/Library/Application
                        Support/CallHistoryDB/CallHistory.storedata
    CFURLCACHE          Parses CFURL cache and extract date, URL, request,
                        response, and received data.
    CHROMIUM            Read Chromium browsers (Chrome, Edge, ..) History, Top
                        Sites, Downloads, Tabs/Sessions and Extension info
    COOKIES             Reads .binarycookies, .cookies files and HSTS.plist for
                        each user
    CRASHREPORTER       Reads crash reporter plists at
                        /Users/<user>/Library/Application
                        Support/Crashreporter/*.plist
    DOCKITEMS           Reads the Dock plist for every user
    DOCUMENTREVISIONS   Read DocumentRevisions data and extract stored versions
    DOMAINS             Get information about ActiveDirectory Domain(s) that
                        this mac is connected to
    FACETIME            Reads the database for FaceTime call information
    FILESHARING         Reads plist files under
                        /private/var/db/dslocal/nodes/Default/sharepoints/ and
                        extract shared folder and its display name.
    FIREFOX             Gets internet history, downloaded file information,
                        extension and more from Mozilla Firefox
    FSEVENTS            Reads file system event logs (from .fseventsd)
    ICLOUD              Extract items stored in iCloud Drive.
    IDEVICEBACKUPS      Reads and exports iPhone/iPad backup databases
    IDEVICEINFO         Reads and exports connected iDevice details
    IMESSAGE            Parses iMessage conversations, exports messages and
                        attachments
    INETACCOUNTS        Reads configured internet account (iCloud, Google,
                        Linkedin, facebook..) settings used by Mail, Contacts,
                        Calendar and other apps
    INSTALLHISTORY      Parses the InstallHistory.plist to get software
                        installation history
    KEYCHAINS           Reads the System keychain
    LAUNCHPAD           Reads the launchpad database for every user
    MSOFFICE            Reads Word, Excel, Powerpoint and other office
                        MRU/accessed file paths
    MSRDC               Parses Microsoft Remote Desktop settings and extracts
                        thumbnails
    NETUSAGE            Reads the NetUsage (network usage) database to get
                        program and other network usage data
    NETWORKING          Gets network related information - Interfaces, last IP
                        addresses, MAC address, etc..
    NOTES               Reads Notes databases
    NOTIFICATIONS       Reads notification databases
    PRINTJOBS           Parses CUPS spooled print jobs to get information about
                        files/commands sent to a printer
    QUARANTINE          Reads Quarantine V2 databases, and GateKeeper
                        .LastGKReject file
    QUICKLOOK           Parses QuickLook Thumbnail Cache data
    RECENTITEMS         Gets recently accessed Servers, Documents, Hosts,
                        Volumes & Applications from .plist and .sfl files. Also
                        gets recent searches and places for each user
    SAFARI              Gets internet history, downloaded file information,
                        cookies and more from Safari caches
    SAVEDSTATE          Gets window titles from Saved Application State info
    SCREENSHARING       Parses the Screen Sharing preferences and extracts
                        connection history (IP address, hostname, login
                        username, group name, and last connection date)
    SCREENTIME          Parses application Screen Time data
    SPOTLIGHT           Reads spotlight indexes (user, volume, iOS)
    SPOTLIGHTSHORTCUTS  Gets user typed data in the spotlight bar, used to
                        launch applications and documents
    SUDOLASTRUN         Gets last time sudo was used and a few other times
                        earlier (if available)
    TCC                 Parses TCC.db and extract date, service name, app bundle
                        id, and so on.
    TERMINALSTATE       Reads Terminal saved state files which includes full
                        text content of terminal windows
    TERMSESSIONS        Reads Terminal (bash & zsh) sessions & history for every
                        user
    UNIFIEDLOGEXPORT    Export all UnifiedLog files along with DSC files
                        required for extraction
    USERS               Gets local and domain user information like name, UID,
                        UUID, GID, homedir & Darwin paths. Also extracts auto-
                        login stored passwords and deleted user info
    UTMPX               Read utmpx entries
    WIFI                Gets wifi network information from the
                        com.apple.airport.preferences.plist file
    WIFI_INTELLIGENCE   Gets Wifi connect/disconnect information from Apple
                        Intelligence db
    XPROTECT            Parses XProtect diagnostic files and XProtect Behavior
                        Service database and extract timestamp, signature/rule
                        names, and so on.
    ----------------------------------------------------------------------------
    FAST                Runs all plugins except IDEVICEBACKUPS, SPOTLIGHT, UNIFIEDLOGEXPORT
    ALL                 Runs all plugins

It is now possible to disable certain plugins from FAST or ALL by appending - to the name
Eg: 'ALL IDEVICEBACKUPS- WIFI-' will run ALL plugins except IDEVICEBACKUPS and WIFI
